[1.682s] DEBUG:colcon:Command line arguments: ['/usr/bin/colcon', 'build', '--packages-select', 'c4_gps']
[1.683s] DEBUG:colcon:Parsed command line arguments: Namespace(log_base=None, log_level=None, verb_name='build', build_base='build', install_base='install', merge_install=False, symlink_install=False, test_result_base=None, continue_on_error=False, executor='parallel', parallel_workers=12, event_handlers=None, ignore_user_meta=False, metas=['./colcon.meta'], base_paths=['.'], packages_ignore=None, packages_ignore_regex=None, paths=None, packages_up_to=None, packages_up_to_regex=None, packages_above=None, packages_above_and_dependencies=None, packages_above_depth=None, packages_select_by_dep=None, packages_skip_by_dep=None, packages_skip_up_to=None, packages_select_build_failed=False, packages_skip_build_finished=False, packages_select_test_failures=False, packages_skip_test_passed=False, packages_select=['c4_gps'], packages_skip=None, packages_select_regex=None, packages_skip_regex=None, packages_start=None, packages_end=None, allow_overriding=[], cmake_args=None, cmake_target=None, cmake_target_skip_unavailable=False, cmake_clean_cache=False, cmake_clean_first=False, cmake_force_configure=False, ament_cmake_args=None, catkin_cmake_args=None, catkin_skip_building_tests=False, verb_parser=<colcon_defaults.argument_parser.defaults.DefaultArgumentsDecorator object at 0x7f4187a029b0>, verb_extension=<colcon_core.verb.build.BuildVerb object at 0x7f4187d7de10>, main=<bound method BuildVerb.main of <colcon_core.verb.build.BuildVerb object at 0x7f4187d7de10>>)
[1.758s] Level 1:colcon.colcon_core.package_discovery:discover_packages(colcon_meta) check parameters
[1.758s] Level 1:colcon.colcon_core.package_discovery:discover_packages(recursive) check parameters
[1.758s] Level 1:colcon.colcon_core.package_discovery:discover_packages(ignore) check parameters
[1.758s] Level 1:colcon.colcon_core.package_discovery:discover_packages(path) check parameters
[1.758s] Level 1:colcon.colcon_core.package_discovery:discover_packages(colcon_meta) discover
[1.758s] Level 1:colcon.colcon_core.package_discovery:discover_packages(recursive) discover
[1.758s] INFO:colcon.colcon_core.package_discovery:Crawling recursively for packages in '/home/maria/ros2_coche'
[1.758s] Level 1:colcon.colcon_core.package_identification:_identify(.) by extensions ['ignore', 'ignore_ament_install']
[1.759s] Level 1:colcon.colcon_core.package_identification:_identify(.) by extension 'ignore'
[1.759s] Level 1:colcon.colcon_core.package_identification:_identify(.) by extension 'ignore_ament_install'
[1.759s] Level 1:colcon.colcon_core.package_identification:_identify(.) by extensions ['colcon_pkg']
[1.759s] Level 1:colcon.colcon_core.package_identification:_identify(.) by extension 'colcon_pkg'
[1.759s] Level 1:colcon.colcon_core.package_identification:_identify(.) by extensions ['colcon_meta']
[1.759s] Level 1:colcon.colcon_core.package_identification:_identify(.) by extension 'colcon_meta'
[1.759s] Level 1:colcon.colcon_core.package_identification:_identify(.) by extensions ['ros']
[1.759s] Level 1:colcon.colcon_core.package_identification:_identify(.) by extension 'ros'
[1.777s] Level 1:colcon.colcon_core.package_identification:_identify(.) by extensions ['cmake', 'python']
[1.777s] Level 1:colcon.colcon_core.package_identification:_identify(.) by extension 'cmake'
[1.778s] Level 1:colcon.colcon_core.package_identification:_identify(.) by extension 'python'
[1.778s] Level 1:colcon.colcon_core.package_identification:_identify(.) by extensions ['python_setup_py']
[1.778s] Level 1:colcon.colcon_core.package_identification:_identify(.) by extension 'python_setup_py'
[1.778s] Level 1:colcon.colcon_core.package_identification:_identify(build) by extensions ['ignore', 'ignore_ament_install']
[1.778s] Level 1:colcon.colcon_core.package_identification:_identify(build) by extension 'ignore'
[1.778s] Level 1:colcon.colcon_core.package_identification:_identify(build) ignored
[1.778s] Level 1:colcon.colcon_core.package_identification:_identify(install) by extensions ['ignore', 'ignore_ament_install']
[1.778s] Level 1:colcon.colcon_core.package_identification:_identify(install) by extension 'ignore'
[1.779s] Level 1:colcon.colcon_core.package_identification:_identify(install) ignored
[1.779s] Level 1:colcon.colcon_core.package_identification:_identify(log) by extensions ['ignore', 'ignore_ament_install']
[1.779s] Level 1:colcon.colcon_core.package_identification:_identify(log) by extension 'ignore'
[1.779s] Level 1:colcon.colcon_core.package_identification:_identify(log) ignored
[1.779s] Level 1:colcon.colcon_core.package_identification:_identify(src) by extensions ['ignore', 'ignore_ament_install']
[1.779s] Level 1:colcon.colcon_core.package_identification:_identify(src) by extension 'ignore'
[1.779s] Level 1:colcon.colcon_core.package_identification:_identify(src) by extension 'ignore_ament_install'
[1.779s] Level 1:colcon.colcon_core.package_identification:_identify(src) by extensions ['colcon_pkg']
[1.780s] Level 1:colcon.colcon_core.package_identification:_identify(src) by extension 'colcon_pkg'
[1.780s] Level 1:colcon.colcon_core.package_identification:_identify(src) by extensions ['colcon_meta']
[1.780s] Level 1:colcon.colcon_core.package_identification:_identify(src) by extension 'colcon_meta'
[1.780s] Level 1:colcon.colcon_core.package_identification:_identify(src) by extensions ['ros']
[1.780s] Level 1:colcon.colcon_core.package_identification:_identify(src) by extension 'ros'
[1.780s] Level 1:colcon.colcon_core.package_identification:_identify(src) by extensions ['cmake', 'python']
[1.780s] Level 1:colcon.colcon_core.package_identification:_identify(src) by extension 'cmake'
[1.780s] Level 1:colcon.colcon_core.package_identification:_identify(src) by extension 'python'
[1.780s] Level 1:colcon.colcon_core.package_identification:_identify(src) by extensions ['python_setup_py']
[1.780s] Level 1:colcon.colcon_core.package_identification:_identify(src) by extension 'python_setup_py'
[1.780s] Level 1:colcon.colcon_core.package_identification:_identify(src/build) by extensions ['ignore', 'ignore_ament_install']
[1.780s] Level 1:colcon.colcon_core.package_identification:_identify(src/build) by extension 'ignore'
[1.781s] Level 1:colcon.colcon_core.package_identification:_identify(src/build) ignored
[1.781s] Level 1:colcon.colcon_core.package_identification:_identify(src/c4_gps) by extensions ['ignore', 'ignore_ament_install']
[1.781s] Level 1:colcon.colcon_core.package_identification:_identify(src/c4_gps) by extension 'ignore'
[1.781s] Level 1:colcon.colcon_core.package_identification:_identify(src/c4_gps) by extension 'ignore_ament_install'
[1.781s] Level 1:colcon.colcon_core.package_identification:_identify(src/c4_gps) by extensions ['colcon_pkg']
[1.781s] Level 1:colcon.colcon_core.package_identification:_identify(src/c4_gps) by extension 'colcon_pkg'
[1.781s] Level 1:colcon.colcon_core.package_identification:_identify(src/c4_gps) by extensions ['colcon_meta']
[1.781s] Level 1:colcon.colcon_core.package_identification:_identify(src/c4_gps) by extension 'colcon_meta'
[1.781s] Level 1:colcon.colcon_core.package_identification:_identify(src/c4_gps) by extensions ['ros']
[1.781s] Level 1:colcon.colcon_core.package_identification:_identify(src/c4_gps) by extension 'ros'
[1.786s] DEBUG:colcon.colcon_core.package_identification:Package 'src/c4_gps' with type 'ros.ament_cmake' and name 'c4_gps'
[1.786s] Level 1:colcon.colcon_core.package_identification:_identify(src/install) by extensions ['ignore', 'ignore_ament_install']
[1.786s] Level 1:colcon.colcon_core.package_identification:_identify(src/install) by extension 'ignore'
[1.786s] Level 1:colcon.colcon_core.package_identification:_identify(src/install) ignored
[1.786s] Level 1:colcon.colcon_core.package_identification:_identify(src/log) by extensions ['ignore', 'ignore_ament_install']
[1.786s] Level 1:colcon.colcon_core.package_identification:_identify(src/log) by extension 'ignore'
[1.786s] Level 1:colcon.colcon_core.package_identification:_identify(src/log) ignored
[1.787s] Level 1:colcon.colcon_core.package_identification:_identify(src/nmea_msgs) by extensions ['ignore', 'ignore_ament_install']
[1.787s] Level 1:colcon.colcon_core.package_identification:_identify(src/nmea_msgs) by extension 'ignore'
[1.787s] Level 1:colcon.colcon_core.package_identification:_identify(src/nmea_msgs) by extension 'ignore_ament_install'
[1.787s] Level 1:colcon.colcon_core.package_identification:_identify(src/nmea_msgs) by extensions ['colcon_pkg']
[1.787s] Level 1:colcon.colcon_core.package_identification:_identify(src/nmea_msgs) by extension 'colcon_pkg'
[1.787s] Level 1:colcon.colcon_core.package_identification:_identify(src/nmea_msgs) by extensions ['colcon_meta']
[1.787s] Level 1:colcon.colcon_core.package_identification:_identify(src/nmea_msgs) by extension 'colcon_meta'
[1.787s] Level 1:colcon.colcon_core.package_identification:_identify(src/nmea_msgs) by extensions ['ros']
[1.787s] Level 1:colcon.colcon_core.package_identification:_identify(src/nmea_msgs) by extension 'ros'
[1.788s] DEBUG:colcon.colcon_core.package_identification:Package 'src/nmea_msgs' with type 'ros.ament_cmake' and name 'nmea_msgs'
[1.788s] Level 1:colcon.colcon_core.package_discovery:discover_packages(recursive) using defaults
[1.788s] Level 1:colcon.colcon_core.package_discovery:discover_packages(ignore) discover
[1.788s] Level 1:colcon.colcon_core.package_discovery:discover_packages(ignore) using defaults
[1.788s] Level 1:colcon.colcon_core.package_discovery:discover_packages(path) discover
[1.789s] Level 1:colcon.colcon_core.package_discovery:discover_packages(path) using defaults
[1.892s] INFO:colcon.colcon_core.package_selection:Skipping not selected package 'nmea_msgs' in 'src/nmea_msgs'
[1.942s] Level 1:colcon.colcon_core.package_discovery:discover_packages(prefix_path) check parameters
[1.942s] Level 1:colcon.colcon_core.package_discovery:discover_packages(prefix_path) discover
[1.994s] DEBUG:colcon.colcon_installed_package_information.package_discovery:Found 284 installed packages in /opt/ros/humble
[1.996s] Level 1:colcon.colcon_core.package_discovery:discover_packages(prefix_path) using defaults
[2.164s] Level 5:colcon.colcon_core.verb:set package 'c4_gps' build argument 'cmake_args' from command line to 'None'
[2.164s] Level 5:colcon.colcon_core.verb:set package 'c4_gps' build argument 'cmake_target' from command line to 'None'
[2.164s] Level 5:colcon.colcon_core.verb:set package 'c4_gps' build argument 'cmake_target_skip_unavailable' from command line to 'False'
[2.164s] Level 5:colcon.colcon_core.verb:set package 'c4_gps' build argument 'cmake_clean_cache' from command line to 'False'
[2.164s] Level 5:colcon.colcon_core.verb:set package 'c4_gps' build argument 'cmake_clean_first' from command line to 'False'
[2.164s] Level 5:colcon.colcon_core.verb:set package 'c4_gps' build argument 'cmake_force_configure' from command line to 'False'
[2.164s] Level 5:colcon.colcon_core.verb:set package 'c4_gps' build argument 'ament_cmake_args' from command line to 'None'
[2.164s] Level 5:colcon.colcon_core.verb:set package 'c4_gps' build argument 'catkin_cmake_args' from command line to 'None'
[2.164s] Level 5:colcon.colcon_core.verb:set package 'c4_gps' build argument 'catkin_skip_building_tests' from command line to 'False'
[2.164s] DEBUG:colcon.colcon_core.verb:Building package 'c4_gps' with the following arguments: {'ament_cmake_args': None, 'build_base': '/home/maria/ros2_coche/build/c4_gps', 'catkin_cmake_args': None, 'catkin_skip_building_tests': False, 'cmake_args': None, 'cmake_clean_cache': False, 'cmake_clean_first': False, 'cmake_force_configure': False, 'cmake_target': None, 'cmake_target_skip_unavailable': False, 'install_base': '/home/maria/ros2_coche/install/c4_gps', 'merge_install': False, 'path': '/home/maria/ros2_coche/src/c4_gps', 'symlink_install': False, 'test_result_base': None}
[2.189s] INFO:colcon.colcon_core.executor:Executing jobs using 'parallel' executor
[2.215s] DEBUG:colcon.colcon_parallel_executor.executor.parallel:run_until_complete
[2.215s] INFO:colcon.colcon_ros.task.ament_cmake.build:Building ROS package in '/home/maria/ros2_coche/src/c4_gps' with build type 'ament_cmake'
[2.215s] INFO:colcon.colcon_cmake.task.cmake.build:Building CMake package in '/home/maria/ros2_coche/src/c4_gps'
[2.244s] INFO:colcon.colcon_core.plugin_system:Skipping extension 'colcon_core.shell.bat': Not used on non-Windows systems
[2.244s] INFO:colcon.colcon_core.shell:Skip shell extension 'powershell' for command environment: Not usable outside of PowerShell
[2.244s] DEBUG:colcon.colcon_core.shell:Skip shell extension 'dsv' for command environment
[2.309s] DEBUG:colcon.colcon_core.event_handler.log_command:Invoking command in '/home/maria/ros2_coche/build/c4_gps': AMENT_PREFIX_PATH=/home/maria/ros2_coche/install/nmea_msgs:${AMENT_PREFIX_PATH} CMAKE_PREFIX_PATH=/opt/ros/humble:/home/maria/ros2_coche/install/nmea_msgs LD_LIBRARY_PATH=/home/maria/ros2_coche/install/nmea_msgs/lib:${LD_LIBRARY_PATH} PYTHONPATH=/home/maria/ros2_coche/install/nmea_msgs/local/lib/python3.10/dist-packages:${PYTHONPATH} /usr/bin/cmake --build /home/maria/ros2_coche/build/c4_gps -- -j12 -l12
[7.625s] DEBUG:colcon.colcon_core.event_handler.log_command:Invoked command in '/home/maria/ros2_coche/build/c4_gps' returned '2': AMENT_PREFIX_PATH=/home/maria/ros2_coche/install/nmea_msgs:${AMENT_PREFIX_PATH} CMAKE_PREFIX_PATH=/opt/ros/humble:/home/maria/ros2_coche/install/nmea_msgs LD_LIBRARY_PATH=/home/maria/ros2_coche/install/nmea_msgs/lib:${LD_LIBRARY_PATH} PYTHONPATH=/home/maria/ros2_coche/install/nmea_msgs/local/lib/python3.10/dist-packages:${PYTHONPATH} /usr/bin/cmake --build /home/maria/ros2_coche/build/c4_gps -- -j12 -l12
[7.721s] Level 1:colcon.colcon_core.environment:create_environment_scripts_only(c4_gps)
[7.782s] Level 1:colcon.colcon_core.environment:checking '/home/maria/ros2_coche/install/c4_gps' for CMake module files
[7.784s] Level 1:colcon.colcon_core.environment:checking '/home/maria/ros2_coche/install/c4_gps' for CMake config files
[7.785s] Level 1:colcon.colcon_core.shell:create_environment_hook('c4_gps', 'cmake_prefix_path')
[7.838s] INFO:colcon.colcon_core.shell:Creating environment hook '/home/maria/ros2_coche/install/c4_gps/share/c4_gps/hook/cmake_prefix_path.ps1'
[7.840s] INFO:colcon.colcon_core.shell:Creating environment descriptor '/home/maria/ros2_coche/install/c4_gps/share/c4_gps/hook/cmake_prefix_path.dsv'
[7.841s] INFO:colcon.colcon_core.shell:Creating environment hook '/home/maria/ros2_coche/install/c4_gps/share/c4_gps/hook/cmake_prefix_path.sh'
[7.843s] Level 1:colcon.colcon_core.environment:checking '/home/maria/ros2_coche/install/c4_gps/lib'
[7.845s] Level 1:colcon.colcon_core.environment:checking '/home/maria/ros2_coche/install/c4_gps/bin'
[7.845s] Level 1:colcon.colcon_core.environment:checking '/home/maria/ros2_coche/install/c4_gps/lib/pkgconfig/c4_gps.pc'
[7.846s] Level 1:colcon.colcon_core.environment:checking '/home/maria/ros2_coche/install/c4_gps/lib/python3.10/site-packages'
[7.846s] Level 1:colcon.colcon_core.environment:checking '/home/maria/ros2_coche/install/c4_gps/bin'
[7.899s] INFO:colcon.colcon_core.shell:Creating package script '/home/maria/ros2_coche/install/c4_gps/share/c4_gps/package.ps1'
[7.902s] INFO:colcon.colcon_core.shell:Creating package descriptor '/home/maria/ros2_coche/install/c4_gps/share/c4_gps/package.dsv'
[7.904s] INFO:colcon.colcon_core.shell:Creating package script '/home/maria/ros2_coche/install/c4_gps/share/c4_gps/package.sh'
[7.906s] INFO:colcon.colcon_core.shell:Creating package script '/home/maria/ros2_coche/install/c4_gps/share/c4_gps/package.bash'
[7.908s] INFO:colcon.colcon_core.shell:Creating package script '/home/maria/ros2_coche/install/c4_gps/share/c4_gps/package.zsh'
[7.911s] Level 1:colcon.colcon_core.environment:create_file_with_runtime_dependencies(/home/maria/ros2_coche/install/c4_gps/share/colcon-core/packages/c4_gps)
[7.922s] DEBUG:colcon.colcon_parallel_executor.executor.parallel:closing loop
[7.922s] DEBUG:colcon.colcon_parallel_executor.executor.parallel:loop closed
[7.923s] DEBUG:colcon.colcon_parallel_executor.executor.parallel:run_until_complete finished with '2'
[7.923s] DEBUG:colcon.colcon_core.event_reactor:joining thread
[7.996s] INFO:colcon.colcon_core.plugin_system:Skipping extension 'colcon_notification.desktop_notification.notify_send': Could not find 'notify-send'
[7.996s] INFO:colcon.colcon_core.plugin_system:Skipping extension 'colcon_notification.desktop_notification.terminal_notifier': Not used on non-Darwin systems
[7.997s] INFO:colcon.colcon_core.plugin_system:Skipping extension 'colcon_notification.desktop_notification.win32': Not used on non-Windows systems
[7.997s] INFO:colcon.colcon_notification.desktop_notification:Sending desktop notification using 'notify2'
[8.086s] DEBUG:colcon.colcon_core.event_reactor:joined thread
[8.157s] INFO:colcon.colcon_core.shell:Creating prefix script '/home/maria/ros2_coche/install/local_setup.ps1'
[8.160s] INFO:colcon.colcon_core.shell:Creating prefix util module '/home/maria/ros2_coche/install/_local_setup_util_ps1.py'
[8.166s] INFO:colcon.colcon_core.shell:Creating prefix chain script '/home/maria/ros2_coche/install/setup.ps1'
[8.226s] INFO:colcon.colcon_core.shell:Creating prefix script '/home/maria/ros2_coche/install/local_setup.sh'
[8.227s] INFO:colcon.colcon_core.shell:Creating prefix util module '/home/maria/ros2_coche/install/_local_setup_util_sh.py'
[8.229s] INFO:colcon.colcon_core.shell:Creating prefix chain script '/home/maria/ros2_coche/install/setup.sh'
[8.284s] INFO:colcon.colcon_core.shell:Creating prefix script '/home/maria/ros2_coche/install/local_setup.bash'
[8.285s] INFO:colcon.colcon_core.shell:Creating prefix chain script '/home/maria/ros2_coche/install/setup.bash'
[8.331s] INFO:colcon.colcon_core.shell:Creating prefix script '/home/maria/ros2_coche/install/local_setup.zsh'
[8.331s] INFO:colcon.colcon_core.shell:Creating prefix chain script '/home/maria/ros2_coche/install/setup.zsh'
