[01m[K/home/maria/ros2_coche/src/c4_gps/src/gps_reader.cpp:[m[K In member function ‘[01m[Kvoid GpsReader::gpgga_callback()[m[K’:
[01m[K/home/maria/ros2_coche/src/c4_gps/src/gps_reader.cpp:54:33:[m[K [01;31m[Kerror: [m[Kcannot call member function ‘[01m[Kvoid rclcpp::Executor::cancel()[m[K’ without object
   54 |         [01;31m[Krclcpp::Executor::cancel()[m[K
      |         [01;31m[K~~~~~~~~~~~~~~~~~~~~~~~~^~[m[K
[01m[K/home/maria/ros2_coche/src/c4_gps/src/gps_reader.cpp:86:108:[m[K [01;31m[Kerror: [m[Kno matching function for call to ‘[01m[Kstd::__cxx11::basic_string<char>::basic_string(builtin_interfaces::msg::Time_<std::allocator<void> >::_sec_type&)[m[K’
   86 | tf(message_struct, 200, "Timestamp: %s, Latitude: %s", std::string(message.header.stamp.sec[01;31m[K)[m[K.c_str(), message.lat.c_str());
      |                                                                                            [01;31m[K^[m[K

In file included from [01m[K/usr/include/c++/11/string:55[m[K,
                 from [01m[K/home/maria/ros2_coche/src/c4_gps/src/gps_reader.cpp:3[m[K:
[01m[K/usr/include/c++/11/bits/basic_string.h:664:9:[m[K [01;36m[Knote: [m[Kcandidate: ‘[01m[Ktemplate<class _Tp, class> std::__cxx11::basic_string<_CharT, _Traits, _Alloc>::basic_string(const _Tp&, const _Alloc&) [with _Tp = _Tp; <template-parameter-2-2> = <template-parameter-1-2>; _CharT = char; _Traits = std::char_traits<char>; _Alloc = std::allocator<char>][m[K’
  664 |         [01;36m[Kbasic_string[m[K(const _Tp& __t, const _Alloc& __a = _Alloc())
      |         [01;36m[K^~~~~~~~~~~~[m[K
[01m[K/usr/include/c++/11/bits/basic_string.h:664:9:[m[K [01;36m[Knote: [m[K  template argument deduction/substitution failed:
In file included from [01m[K/usr/include/c++/11/ratio:39[m[K,
                 from [01m[K/usr/include/c++/11/chrono:39[m[K,
                 from [01m[K/home/maria/ros2_coche/src/c4_gps/src/gps_reader.cpp:1[m[K:
/usr/include/c++/11/type_traits: In substitution of ‘[01m[Ktemplate<bool _Cond, class _Tp> using enable_if_t = typename std::enable_if::type [with bool _Cond = false; _Tp = void][m[K’:
[01m[K/usr/include/c++/11/bits/basic_string.h:125:8:[m[K   required by substitution of ‘[01m[Ktemplate<class _CharT, class _Traits, class _Alloc> template<class _Tp, class _Res> using _If_sv = std::enable_if_t<std::__and_<std::is_convertible<const _Tp&, std::basic_string_view<_CharT, _Traits> >, std::__not_<std::is_convertible<const _Tp*, const std::__cxx11::basic_string<_CharT, _Traits, _Alloc>*> >, std::__not_<std::is_convertible<const _Tp&, const _CharT*> > >::value, _Res> [with _Tp = int; _Res = void; _CharT = char; _Traits = std::char_traits<char>; _Alloc = std::allocator<char>][m[K’
[01m[K/usr/include/c++/11/bits/basic_string.h:662:30:[m[K   required from here
[01m[K/usr/include/c++/11/type_traits:2579:11:[m[K [01;31m[Kerror: [m[Kno type named ‘[01m[Ktype[m[K’ in ‘[01m[Kstruct std::enable_if<false, void>[m[K’
 2579 |     using [01;31m[Kenable_if_t[m[K = typename enable_if<_Cond, _Tp>::type;
      |           [01;31m[K^~~~~~~~~~~[m[K
In file included from [01m[K/usr/include/c++/11/string:55[m[K,
                 from [01m[K/home/maria/ros2_coche/src/c4_gps/src/gps_reader.cpp:3[m[K:
[01m[K/usr/include/c++/11/bits/basic_string.h:653:9:[m[K [01;36m[Knote: [m[Kcandidate: ‘[01m[Ktemplate<class _Tp, class> std::__cxx11::basic_string<_CharT, _Traits, _Alloc>::basic_string(const _Tp&, std::__cxx11::basic_string<_CharT, _Traits, _Alloc>::size_type, std::__cxx11::basic_string<_CharT, _Traits, _Alloc>::size_type, const _Alloc&) [with _Tp = _Tp; <template-parameter-2-2> = <template-parameter-1-2>; _CharT = char; _Traits = std::char_traits<char>; _Alloc = std::allocator<char>][m[K’
  653 |         [01;36m[Kbasic_string[m[K(const _Tp& __t, size_type __pos, size_type __n,
      |         [01;36m[K^~~~~~~~~~~~[m[K
[01m[K/usr/include/c++/11/bits/basic_string.h:653:9:[m[K [01;36m[Knote: [m[K  template argument deduction/substitution failed:
[01m[K/home/maria/ros2_coche/src/c4_gps/src/gps_reader.cpp:86:108:[m[K [01;36m[Knote: [m[K  candidate expects 4 arguments, 1 provided
   86 | tf(message_struct, 200, "Timestamp: %s, Latitude: %s", std::string(message.header.stamp.sec[01;36m[K)[m[K.c_str(), message.lat.c_str());
      |                                                                                            [01;36m[K^[m[K

In file included from [01m[K/usr/include/c++/11/string:55[m[K,
                 from [01m[K/home/maria/ros2_coche/src/c4_gps/src/gps_reader.cpp:3[m[K:
[01m[K/usr/include/c++/11/bits/basic_string.h:638:9:[m[K [01;36m[Knote: [m[Kcandidate: ‘[01m[Ktemplate<class _InputIterator, class> std::__cxx11::basic_string<_CharT, _Traits, _Alloc>::basic_string(_InputIterator, _InputIterator, const _Alloc&) [with _InputIterator = _InputIterator; <template-parameter-2-2> = <template-parameter-1-2>; _CharT = char; _Traits = std::char_traits<char>; _Alloc = std::allocator<char>][m[K’
  638 |         [01;36m[Kbasic_string[m[K(_InputIterator __beg, _InputIterator __end,
      |         [01;36m[K^~~~~~~~~~~~[m[K
[01m[K/usr/include/c++/11/bits/basic_string.h:638:9:[m[K [01;36m[Knote: [m[K  template argument deduction/substitution failed:
[01m[K/home/maria/ros2_coche/src/c4_gps/src/gps_reader.cpp:86:108:[m[K [01;36m[Knote: [m[K  candidate expects 3 arguments, 1 provided
   86 | tf(message_struct, 200, "Timestamp: %s, Latitude: %s", std::string(message.header.stamp.sec[01;36m[K)[m[K.c_str(), message.lat.c_str());
      |                                                                                            [01;36m[K^[m[K

In file included from [01m[K/usr/include/c++/11/string:55[m[K,
                 from [01m[K/home/maria/ros2_coche/src/c4_gps/src/gps_reader.cpp:3[m[K:
[01m[K/usr/include/c++/11/bits/basic_string.h:553:7:[m[K [01;36m[Knote: [m[Kcandidate: ‘[01m[Ktemplate<class> std::__cxx11::basic_string<_CharT, _Traits, _Alloc>::basic_string(std::__cxx11::basic_string<_CharT, _Traits, _Alloc>::size_type, _CharT, const _Alloc&) [with <template-parameter-2-1> = <template-parameter-1-1>; _CharT = char; _Traits = std::char_traits<char>; _Alloc = std::allocator<char>][m[K’
  553 |       [01;36m[Kbasic_string[m[K(size_type __n, _CharT __c, const _Alloc& __a = _Alloc())
      |       [01;36m[K^~~~~~~~~~~~[m[K
[01m[K/usr/include/c++/11/bits/basic_string.h:553:7:[m[K [01;36m[Knote: [m[K  template argument deduction/substitution failed:
[01m[K/home/maria/ros2_coche/src/c4_gps/src/gps_reader.cpp:86:108:[m[K [01;36m[Knote: [m[K  candidate expects 3 arguments, 1 provided
   86 | tf(message_struct, 200, "Timestamp: %s, Latitude: %s", std::string(message.header.stamp.sec[01;36m[K)[m[K.c_str(), message.lat.c_str());
      |                                                                                            [01;36m[K^[m[K

In file included from [01m[K/usr/include/c++/11/string:55[m[K,
                 from [01m[K/home/maria/ros2_coche/src/c4_gps/src/gps_reader.cpp:3[m[K:
[01m[K/usr/include/c++/11/bits/basic_string.h:533:7:[m[K [01;36m[Knote: [m[Kcandidate: ‘[01m[Ktemplate<class> std::__cxx11::basic_string<_CharT, _Traits, _Alloc>::basic_string(const _CharT*, const _Alloc&) [with <template-parameter-2-1> = <template-parameter-1-1>; _CharT = char; _Traits = std::char_traits<char>; _Alloc = std::allocator<char>][m[K’
  533 |       [01;36m[Kbasic_string[m[K(const _CharT* __s, const _Alloc& __a = _Alloc())
      |       [01;36m[K^~~~~~~~~~~~[m[K
[01m[K/usr/include/c++/11/bits/basic_string.h:533:7:[m[K [01;36m[Knote: [m[K  template argument deduction/substitution failed:
[01m[K/home/maria/ros2_coche/src/c4_gps/src/gps_reader.cpp:86:105:[m[K [01;36m[Knote: [m[K  cannot convert ‘[01m[Kmessage.nmea_msgs::msg::Gpgga_<std::allocator<void> >::header.std_msgs::msg::Header_<std::allocator<void> >::stamp.builtin_interfaces::msg::Time_<std::allocator<void> >::sec[m[K’ (type ‘[01m[Kbuiltin_interfaces::msg::Time_<std::allocator<void> >::_sec_type[m[K’ {aka ‘[01m[Kint[m[K’}) to type ‘[01m[Kconst char*[m[K’
   86 | rintf(message_struct, 200, "Timestamp: %s, Latitude: %s", std::string([01;36m[Kmessage.header.stamp.sec[m[K).c_str(), message.lat.c_str());
      |                                                                       [01;36m[K~~~~~~~~~~~~~~~~~~~~~^~~[m[K

In file included from [01m[K/usr/include/c++/11/string:55[m[K,
                 from [01m[K/home/maria/ros2_coche/src/c4_gps/src/gps_reader.cpp:3[m[K:
[01m[K/usr/include/c++/11/bits/basic_string.h:600:7:[m[K [01;36m[Knote: [m[Kcandidate: ‘[01m[Kstd::__cxx11::basic_string<_CharT, _Traits, _Alloc>::basic_string(std::__cxx11::basic_string<_CharT, _Traits, _Alloc>&&, const _Alloc&) [with _CharT = char; _Traits = std::char_traits<char>; _Alloc = std::allocator<char>][m[K’
  600 |       [01;36m[Kbasic_string[m[K(basic_string&& __str, const _Alloc& __a)
      |       [01;36m[K^~~~~~~~~~~~[m[K
[01m[K/usr/include/c++/11/bits/basic_string.h:600:7:[m[K [01;36m[Knote: [m[K  candidate expects 2 arguments, 1 provided
[01m[K/usr/include/c++/11/bits/basic_string.h:596:7:[m[K [01;36m[Knote: [m[Kcandidate: ‘[01m[Kstd::__cxx11::basic_string<_CharT, _Traits, _Alloc>::basic_string(const std::__cxx11::basic_string<_CharT, _Traits, _Alloc>&, const _Alloc&) [with _CharT = char; _Traits = std::char_traits<char>; _Alloc = std::allocator<char>][m[K’
  596 |       [01;36m[Kbasic_string[m[K(const basic_string& __str, const _Alloc& __a)
      |       [01;36m[K^~~~~~~~~~~~[m[K
[01m[K/usr/include/c++/11/bits/basic_string.h:596:7:[m[K [01;36m[Knote: [m[K  candidate expects 2 arguments, 1 provided
[01m[K/usr/include/c++/11/bits/basic_string.h:592:7:[m[K [01;36m[Knote: [m[Kcandidate: ‘[01m[Kstd::__cxx11::basic_string<_CharT, _Traits, _Alloc>::basic_string(std::initializer_list<_Tp>, const _Alloc&) [with _CharT = char; _Traits = std::char_traits<char>; _Alloc = std::allocator<char>][m[K’
  592 |       [01;36m[Kbasic_string[m[K(initializer_list<_CharT> __l, const _Alloc& __a = _Alloc())
      |       [01;36m[K^~~~~~~~~~~~[m[K
[01m[K/usr/include/c++/11/bits/basic_string.h:592:45:[m[K [01;36m[Knote: [m[K  no known conversion for argument 1 from ‘[01m[Kbuiltin_interfaces::msg::Time_<std::allocator<void> >::_sec_type[m[K’ {aka ‘[01m[Kint[m[K’} to ‘[01m[Kstd::initializer_list<char>[m[K’
  592 |       basic_string([01;36m[Kinitializer_list<_CharT> __l[m[K, const _Alloc& __a = _Alloc())
      |                    [01;36m[K~~~~~~~~~~~~~~~~~~~~~~~~~^~~[m[K
[01m[K/usr/include/c++/11/bits/basic_string.h:565:7:[m[K [01;36m[Knote: [m[Kcandidate: ‘[01m[Kstd::__cxx11::basic_string<_CharT, _Traits, _Alloc>::basic_string(std::__cxx11::basic_string<_CharT, _Traits, _Alloc>&&) [with _CharT = char; _Traits = std::char_traits<char>; _Alloc = std::allocator<char>][m[K’
  565 |       [01;36m[Kbasic_string[m[K(basic_string&& __str) noexcept
      |       [01;36m[K^~~~~~~~~~~~[m[K
[01m[K/usr/include/c++/11/bits/basic_string.h:565:35:[m[K [01;36m[Knote: [m[K  no known conversion for argument 1 from ‘[01m[Kbuiltin_interfaces::msg::Time_<std::allocator<void> >::_sec_type[m[K’ {aka ‘[01m[Kint[m[K’} to ‘[01m[Kstd::__cxx11::basic_string<char>&&[m[K’
  565 |       basic_string([01;36m[Kbasic_string&& __str[m[K) noexcept
      |                    [01;36m[K~~~~~~~~~~~~~~~^~~~~[m[K
[01m[K/usr/include/c++/11/bits/basic_string.h:518:7:[m[K [01;36m[Knote: [m[Kcandidate: ‘[01m[Kstd::__cxx11::basic_string<_CharT, _Traits, _Alloc>::basic_string(const _CharT*, std::__cxx11::basic_string<_CharT, _Traits, _Alloc>::size_type, const _Alloc&) [with _CharT = char; _Traits = std::char_traits<char>; _Alloc = std::allocator<char>; std::__cxx11::basic_string<_CharT, _Traits, _Alloc>::size_type = long unsigned int][m[K’
  518 |       [01;36m[Kbasic_string[m[K(const _CharT* __s, size_type __n,
      |       [01;36m[K^~~~~~~~~~~~[m[K
[01m[K/usr/include/c++/11/bits/basic_string.h:518:7:[m[K [01;36m[Knote: [m[K  candidate expects 3 arguments, 1 provided
[01m[K/usr/include/c++/11/bits/basic_string.h:500:7:[m[K [01;36m[Knote: [m[Kcandidate: ‘[01m[Kstd::__cxx11::basic_string<_CharT, _Traits, _Alloc>::basic_string(const std::__cxx11::basic_string<_CharT, _Traits, _Alloc>&, std::__cxx11::basic_string<_CharT, _Traits, _Alloc>::size_type, std::__cxx11::basic_string<_CharT, _Traits, _Alloc>::size_type, const _Alloc&) [with _CharT = char; _Traits = std::char_traits<char>; _Alloc = std::allocator<char>; std::__cxx11::basic_string<_CharT, _Traits, _Alloc>::size_type = long unsigned int][m[K’
  500 |       [01;36m[Kbasic_string[m[K(const basic_string& __str, size_type __pos,
      |       [01;36m[K^~~~~~~~~~~~[m[K
[01m[K/usr/include/c++/11/bits/basic_string.h:500:7:[m[K [01;36m[Knote: [m[K  candidate expects 4 arguments, 1 provided
[01m[K/usr/include/c++/11/bits/basic_string.h:484:7:[m[K [01;36m[Knote: [m[Kcandidate: ‘[01m[Kstd::__cxx11::basic_string<_CharT, _Traits, _Alloc>::basic_string(const std::__cxx11::basic_string<_CharT, _Traits, _Alloc>&, std::__cxx11::basic_string<_CharT, _Traits, _Alloc>::size_type, std::__cxx11::basic_string<_CharT, _Traits, _Alloc>::size_type) [with _CharT = char; _Traits = std::char_traits<char>; _Alloc = std::allocator<char>; std::__cxx11::basic_string<_CharT, _Traits, _Alloc>::size_type = long unsigned int][m[K’
  484 |       [01;36m[Kbasic_string[m[K(const basic_string& __str, size_type __pos,
      |       [01;36m[K^~~~~~~~~~~~[m[K
[01m[K/usr/include/c++/11/bits/basic_string.h:484:7:[m[K [01;36m[Knote: [m[K  candidate expects 3 arguments, 1 provided
[01m[K/usr/include/c++/11/bits/basic_string.h:469:7:[m[K [01;36m[Knote: [m[Kcandidate: ‘[01m[Kstd::__cxx11::basic_string<_CharT, _Traits, _Alloc>::basic_string(const std::__cxx11::basic_string<_CharT, _Traits, _Alloc>&, std::__cxx11::basic_string<_CharT, _Traits, _Alloc>::size_type, const _Alloc&) [with _CharT = char; _Traits = std::char_traits<char>; _Alloc = std::allocator<char>; std::__cxx11::basic_string<_CharT, _Traits, _Alloc>::size_type = long unsigned int][m[K’
  469 |       [01;36m[Kbasic_string[m[K(const basic_string& __str, size_type __pos,
      |       [01;36m[K^~~~~~~~~~~~[m[K
[01m[K/usr/include/c++/11/bits/basic_string.h:469:7:[m[K [01;36m[Knote: [m[K  candidate expects 3 arguments, 1 provided
[01m[K/usr/include/c++/11/bits/basic_string.h:456:7:[m[K [01;36m[Knote: [m[Kcandidate: ‘[01m[Kstd::__cxx11::basic_string<_CharT, _Traits, _Alloc>::basic_string(const std::__cxx11::basic_string<_CharT, _Traits, _Alloc>&) [with _CharT = char; _Traits = std::char_traits<char>; _Alloc = std::allocator<char>][m[K’
  456 |       [01;36m[Kbasic_string[m[K(const basic_string& __str)
      |       [01;36m[K^~~~~~~~~~~~[m[K
[01m[K/usr/include/c++/11/bits/basic_string.h:456:40:[m[K [01;36m[Knote: [m[K  no known conversion for argument 1 from ‘[01m[Kbuiltin_interfaces::msg::Time_<std::allocator<void> >::_sec_type[m[K’ {aka ‘[01m[Kint[m[K’} to ‘[01m[Kconst std::__cxx11::basic_string<char>&[m[K’
  456 |       basic_string([01;36m[Kconst basic_string& __str[m[K)
      |                    [01;36m[K~~~~~~~~~~~~~~~~~~~~^~~~~[m[K
[01m[K/usr/include/c++/11/bits/basic_string.h:448:7:[m[K [01;36m[Knote: [m[Kcandidate: ‘[01m[Kstd::__cxx11::basic_string<_CharT, _Traits, _Alloc>::basic_string(const _Alloc&) [with _CharT = char; _Traits = std::char_traits<char>; _Alloc = std::allocator<char>][m[K’
  448 |       [01;36m[Kbasic_string[m[K(const _Alloc& __a) _GLIBCXX_NOEXCEPT
      |       [01;36m[K^~~~~~~~~~~~[m[K
[01m[K/usr/include/c++/11/bits/basic_string.h:448:34:[m[K [01;36m[Knote: [m[K  no known conversion for argument 1 from ‘[01m[Kbuiltin_interfaces::msg::Time_<std::allocator<void> >::_sec_type[m[K’ {aka ‘[01m[Kint[m[K’} to ‘[01m[Kconst std::allocator<char>&[m[K’
  448 |       basic_string([01;36m[Kconst _Alloc& __a[m[K) _GLIBCXX_NOEXCEPT
      |                    [01;36m[K~~~~~~~~~~~~~~^~~[m[K
[01m[K/usr/include/c++/11/bits/basic_string.h:439:7:[m[K [01;36m[Knote: [m[Kcandidate: ‘[01m[Kstd::__cxx11::basic_string<_CharT, _Traits, _Alloc>::basic_string() [with _CharT = char; _Traits = std::char_traits<char>; _Alloc = std::allocator<char>][m[K’
  439 |       [01;36m[Kbasic_string[m[K()
      |       [01;36m[K^~~~~~~~~~~~[m[K
[01m[K/usr/include/c++/11/bits/basic_string.h:439:7:[m[K [01;36m[Knote: [m[K  candidate expects 0 arguments, 1 provided
[01m[K/usr/include/c++/11/bits/basic_string.h:153:7:[m[K [01;36m[Knote: [m[Kcandidate: ‘[01m[Kstd::__cxx11::basic_string<_CharT, _Traits, _Alloc>::basic_string(std::__cxx11::basic_string<_CharT, _Traits, _Alloc>::__sv_wrapper, const _Alloc&) [with _CharT = char; _Traits = std::char_traits<char>; _Alloc = std::allocator<char>][m[K’
  153 |       [01;36m[Kbasic_string[m[K(__sv_wrapper __svw, const _Alloc& __a)
      |       [01;36m[K^~~~~~~~~~~~[m[K
[01m[K/usr/include/c++/11/bits/basic_string.h:153:7:[m[K [01;36m[Knote: [m[K  candidate expects 2 arguments, 1 provided
[01m[K/home/maria/ros2_coche/src/c4_gps/src/gps_reader.cpp:86:131:[m[K [01;31m[Kerror: [m[Krequest for member ‘[01m[Kc_str[m[K’ in ‘[01m[Kmessage.nmea_msgs::msg::Gpgga_<std::allocator<void> >::lat[m[K’, which is of non-class type ‘[01m[Knmea_msgs::msg::Gpgga_<std::allocator<void> >::_lat_type[m[K’ {aka ‘[01m[Kdouble[m[K’}
   86 | 0, "Timestamp: %s, Latitude: %s", std::string(message.header.stamp.sec).c_str(), message.lat.[01;31m[Kc_str[m[K());
      |                                                                                              [01;31m[K^~~~~[m[K

[01m[K/home/maria/ros2_coche/src/c4_gps/src/gps_reader.cpp:90:24:[m[K [01;31m[Kerror: [m[Kinvalid array assignment
   90 |             [01;31m[Kmessagegps = message_struct[m[K;
      |             [01;31m[K~~~~~~~~~~~^~~~~~~~~~~~~~~~[m[K
gmake[2]: *** [CMakeFiles/t_gps.dir/build.make:76: CMakeFiles/t_gps.dir/src/gps_reader.cpp.o] Error 1
gmake[1]: *** [CMakeFiles/Makefile2:137: CMakeFiles/t_gps.dir/all] Error 2
gmake: *** [Makefile:146: all] Error 2
