[2.030s] DEBUG:colcon:Command line arguments: ['/usr/bin/colcon', 'build']
[2.030s] DEBUG:colcon:Parsed command line arguments: Namespace(log_base=None, log_level=None, verb_name='build', build_base='build', install_base='install', merge_install=False, symlink_install=False, test_result_base=None, continue_on_error=False, executor='parallel', parallel_workers=12, event_handlers=None, ignore_user_meta=False, metas=['./colcon.meta'], base_paths=['.'], packages_ignore=None, packages_ignore_regex=None, paths=None, packages_up_to=None, packages_up_to_regex=None, packages_above=None, packages_above_and_dependencies=None, packages_above_depth=None, packages_select_by_dep=None, packages_skip_by_dep=None, packages_skip_up_to=None, packages_select_build_failed=False, packages_skip_build_finished=False, packages_select_test_failures=False, packages_skip_test_passed=False, packages_select=None, packages_skip=None, packages_select_regex=None, packages_skip_regex=None, packages_start=None, packages_end=None, allow_overriding=[], cmake_args=None, cmake_target=None, cmake_target_skip_unavailable=False, cmake_clean_cache=False, cmake_clean_first=False, cmake_force_configure=False, ament_cmake_args=None, catkin_cmake_args=None, catkin_skip_building_tests=False, verb_parser=<colcon_defaults.argument_parser.defaults.DefaultArgumentsDecorator object at 0x7fdd892a5d50>, verb_extension=<colcon_core.verb.build.BuildVerb object at 0x7fdd89616530>, main=<bound method BuildVerb.main of <colcon_core.verb.build.BuildVerb object at 0x7fdd89616530>>)
[2.235s] Level 1:colcon.colcon_core.package_discovery:discover_packages(colcon_meta) check parameters
[2.235s] Level 1:colcon.colcon_core.package_discovery:discover_packages(recursive) check parameters
[2.236s] Level 1:colcon.colcon_core.package_discovery:discover_packages(ignore) check parameters
[2.236s] Level 1:colcon.colcon_core.package_discovery:discover_packages(path) check parameters
[2.236s] Level 1:colcon.colcon_core.package_discovery:discover_packages(colcon_meta) discover
[2.236s] Level 1:colcon.colcon_core.package_discovery:discover_packages(recursive) discover
[2.236s] INFO:colcon.colcon_core.package_discovery:Crawling recursively for packages in '/home/maria/ros2_coche'
[2.237s] Level 1:colcon.colcon_core.package_identification:_identify(.) by extensions ['ignore', 'ignore_ament_install']
[2.237s] Level 1:colcon.colcon_core.package_identification:_identify(.) by extension 'ignore'
[2.237s] Level 1:colcon.colcon_core.package_identification:_identify(.) by extension 'ignore_ament_install'
[2.237s] Level 1:colcon.colcon_core.package_identification:_identify(.) by extensions ['colcon_pkg']
[2.237s] Level 1:colcon.colcon_core.package_identification:_identify(.) by extension 'colcon_pkg'
[2.238s] Level 1:colcon.colcon_core.package_identification:_identify(.) by extensions ['colcon_meta']
[2.238s] Level 1:colcon.colcon_core.package_identification:_identify(.) by extension 'colcon_meta'
[2.238s] Level 1:colcon.colcon_core.package_identification:_identify(.) by extensions ['ros']
[2.238s] Level 1:colcon.colcon_core.package_identification:_identify(.) by extension 'ros'
[2.276s] Level 1:colcon.colcon_core.package_identification:_identify(.) by extensions ['cmake', 'python']
[2.276s] Level 1:colcon.colcon_core.package_identification:_identify(.) by extension 'cmake'
[2.277s] Level 1:colcon.colcon_core.package_identification:_identify(.) by extension 'python'
[2.277s] Level 1:colcon.colcon_core.package_identification:_identify(.) by extensions ['python_setup_py']
[2.277s] Level 1:colcon.colcon_core.package_identification:_identify(.) by extension 'python_setup_py'
[2.277s] Level 1:colcon.colcon_core.package_identification:_identify(build) by extensions ['ignore', 'ignore_ament_install']
[2.278s] Level 1:colcon.colcon_core.package_identification:_identify(build) by extension 'ignore'
[2.278s] Level 1:colcon.colcon_core.package_identification:_identify(build) ignored
[2.278s] Level 1:colcon.colcon_core.package_identification:_identify(install) by extensions ['ignore', 'ignore_ament_install']
[2.279s] Level 1:colcon.colcon_core.package_identification:_identify(install) by extension 'ignore'
[2.279s] Level 1:colcon.colcon_core.package_identification:_identify(install) ignored
[2.279s] Level 1:colcon.colcon_core.package_identification:_identify(log) by extensions ['ignore', 'ignore_ament_install']
[2.280s] Level 1:colcon.colcon_core.package_identification:_identify(log) by extension 'ignore'
[2.280s] Level 1:colcon.colcon_core.package_identification:_identify(log) ignored
[2.280s] Level 1:colcon.colcon_core.package_identification:_identify(src) by extensions ['ignore', 'ignore_ament_install']
[2.280s] Level 1:colcon.colcon_core.package_identification:_identify(src) by extension 'ignore'
[2.281s] Level 1:colcon.colcon_core.package_identification:_identify(src) by extension 'ignore_ament_install'
[2.281s] Level 1:colcon.colcon_core.package_identification:_identify(src) by extensions ['colcon_pkg']
[2.281s] Level 1:colcon.colcon_core.package_identification:_identify(src) by extension 'colcon_pkg'
[2.281s] Level 1:colcon.colcon_core.package_identification:_identify(src) by extensions ['colcon_meta']
[2.281s] Level 1:colcon.colcon_core.package_identification:_identify(src) by extension 'colcon_meta'
[2.281s] Level 1:colcon.colcon_core.package_identification:_identify(src) by extensions ['ros']
[2.282s] Level 1:colcon.colcon_core.package_identification:_identify(src) by extension 'ros'
[2.282s] Level 1:colcon.colcon_core.package_identification:_identify(src) by extensions ['cmake', 'python']
[2.282s] Level 1:colcon.colcon_core.package_identification:_identify(src) by extension 'cmake'
[2.282s] Level 1:colcon.colcon_core.package_identification:_identify(src) by extension 'python'
[2.282s] Level 1:colcon.colcon_core.package_identification:_identify(src) by extensions ['python_setup_py']
[2.282s] Level 1:colcon.colcon_core.package_identification:_identify(src) by extension 'python_setup_py'
[2.283s] Level 1:colcon.colcon_core.package_identification:_identify(src/build) by extensions ['ignore', 'ignore_ament_install']
[2.283s] Level 1:colcon.colcon_core.package_identification:_identify(src/build) by extension 'ignore'
[2.283s] Level 1:colcon.colcon_core.package_identification:_identify(src/build) ignored
[2.284s] Level 1:colcon.colcon_core.package_identification:_identify(src/c4_gps) by extensions ['ignore', 'ignore_ament_install']
[2.284s] Level 1:colcon.colcon_core.package_identification:_identify(src/c4_gps) by extension 'ignore'
[2.284s] Level 1:colcon.colcon_core.package_identification:_identify(src/c4_gps) by extension 'ignore_ament_install'
[2.284s] Level 1:colcon.colcon_core.package_identification:_identify(src/c4_gps) by extensions ['colcon_pkg']
[2.284s] Level 1:colcon.colcon_core.package_identification:_identify(src/c4_gps) by extension 'colcon_pkg'
[2.285s] Level 1:colcon.colcon_core.package_identification:_identify(src/c4_gps) by extensions ['colcon_meta']
[2.285s] Level 1:colcon.colcon_core.package_identification:_identify(src/c4_gps) by extension 'colcon_meta'
[2.285s] Level 1:colcon.colcon_core.package_identification:_identify(src/c4_gps) by extensions ['ros']
[2.285s] Level 1:colcon.colcon_core.package_identification:_identify(src/c4_gps) by extension 'ros'
[2.293s] DEBUG:colcon.colcon_core.package_identification:Package 'src/c4_gps' with type 'ros.ament_cmake' and name 'c4_gps'
[2.294s] Level 1:colcon.colcon_core.package_identification:_identify(src/install) by extensions ['ignore', 'ignore_ament_install']
[2.294s] Level 1:colcon.colcon_core.package_identification:_identify(src/install) by extension 'ignore'
[2.294s] Level 1:colcon.colcon_core.package_identification:_identify(src/install) ignored
[2.295s] Level 1:colcon.colcon_core.package_identification:_identify(src/log) by extensions ['ignore', 'ignore_ament_install']
[2.295s] Level 1:colcon.colcon_core.package_identification:_identify(src/log) by extension 'ignore'
[2.295s] Level 1:colcon.colcon_core.package_identification:_identify(src/log) ignored
[2.295s] Level 1:colcon.colcon_core.package_identification:_identify(src/nmea_msgs) by extensions ['ignore', 'ignore_ament_install']
[2.296s] Level 1:colcon.colcon_core.package_identification:_identify(src/nmea_msgs) by extension 'ignore'
[2.296s] Level 1:colcon.colcon_core.package_identification:_identify(src/nmea_msgs) by extension 'ignore_ament_install'
[2.296s] Level 1:colcon.colcon_core.package_identification:_identify(src/nmea_msgs) by extensions ['colcon_pkg']
[2.296s] Level 1:colcon.colcon_core.package_identification:_identify(src/nmea_msgs) by extension 'colcon_pkg'
[2.297s] Level 1:colcon.colcon_core.package_identification:_identify(src/nmea_msgs) by extensions ['colcon_meta']
[2.297s] Level 1:colcon.colcon_core.package_identification:_identify(src/nmea_msgs) by extension 'colcon_meta'
[2.297s] Level 1:colcon.colcon_core.package_identification:_identify(src/nmea_msgs) by extensions ['ros']
[2.297s] Level 1:colcon.colcon_core.package_identification:_identify(src/nmea_msgs) by extension 'ros'
[2.299s] DEBUG:colcon.colcon_core.package_identification:Package 'src/nmea_msgs' with type 'ros.ament_cmake' and name 'nmea_msgs'
[2.299s] Level 1:colcon.colcon_core.package_discovery:discover_packages(recursive) using defaults
[2.299s] Level 1:colcon.colcon_core.package_discovery:discover_packages(ignore) discover
[2.299s] Level 1:colcon.colcon_core.package_discovery:discover_packages(ignore) using defaults
[2.300s] Level 1:colcon.colcon_core.package_discovery:discover_packages(path) discover
[2.300s] Level 1:colcon.colcon_core.package_discovery:discover_packages(path) using defaults
[2.553s] Level 1:colcon.colcon_core.package_discovery:discover_packages(prefix_path) check parameters
[2.553s] Level 1:colcon.colcon_core.package_discovery:discover_packages(prefix_path) discover
[2.604s] DEBUG:colcon.colcon_installed_package_information.package_discovery:Found 2 installed packages in /home/maria/ros2_coche/install
[2.630s] DEBUG:colcon.colcon_installed_package_information.package_discovery:Found 284 installed packages in /opt/ros/humble
[2.632s] Level 1:colcon.colcon_core.package_discovery:discover_packages(prefix_path) using defaults
[2.804s] Level 5:colcon.colcon_core.verb:set package 'nmea_msgs' build argument 'cmake_args' from command line to 'None'
[2.804s] Level 5:colcon.colcon_core.verb:set package 'nmea_msgs' build argument 'cmake_target' from command line to 'None'
[2.804s] Level 5:colcon.colcon_core.verb:set package 'nmea_msgs' build argument 'cmake_target_skip_unavailable' from command line to 'False'
[2.804s] Level 5:colcon.colcon_core.verb:set package 'nmea_msgs' build argument 'cmake_clean_cache' from command line to 'False'
[2.804s] Level 5:colcon.colcon_core.verb:set package 'nmea_msgs' build argument 'cmake_clean_first' from command line to 'False'
[2.804s] Level 5:colcon.colcon_core.verb:set package 'nmea_msgs' build argument 'cmake_force_configure' from command line to 'False'
[2.804s] Level 5:colcon.colcon_core.verb:set package 'nmea_msgs' build argument 'ament_cmake_args' from command line to 'None'
[2.804s] Level 5:colcon.colcon_core.verb:set package 'nmea_msgs' build argument 'catkin_cmake_args' from command line to 'None'
[2.804s] Level 5:colcon.colcon_core.verb:set package 'nmea_msgs' build argument 'catkin_skip_building_tests' from command line to 'False'
[2.804s] DEBUG:colcon.colcon_core.verb:Building package 'nmea_msgs' with the following arguments: {'ament_cmake_args': None, 'build_base': '/home/maria/ros2_coche/build/nmea_msgs', 'catkin_cmake_args': None, 'catkin_skip_building_tests': False, 'cmake_args': None, 'cmake_clean_cache': False, 'cmake_clean_first': False, 'cmake_force_configure': False, 'cmake_target': None, 'cmake_target_skip_unavailable': False, 'install_base': '/home/maria/ros2_coche/install/nmea_msgs', 'merge_install': False, 'path': '/home/maria/ros2_coche/src/nmea_msgs', 'symlink_install': False, 'test_result_base': None}
[2.830s] Level 5:colcon.colcon_core.verb:set package 'c4_gps' build argument 'cmake_args' from command line to 'None'
[2.830s] Level 5:colcon.colcon_core.verb:set package 'c4_gps' build argument 'cmake_target' from command line to 'None'
[2.830s] Level 5:colcon.colcon_core.verb:set package 'c4_gps' build argument 'cmake_target_skip_unavailable' from command line to 'False'
[2.830s] Level 5:colcon.colcon_core.verb:set package 'c4_gps' build argument 'cmake_clean_cache' from command line to 'False'
[2.830s] Level 5:colcon.colcon_core.verb:set package 'c4_gps' build argument 'cmake_clean_first' from command line to 'False'
[2.830s] Level 5:colcon.colcon_core.verb:set package 'c4_gps' build argument 'cmake_force_configure' from command line to 'False'
[2.830s] Level 5:colcon.colcon_core.verb:set package 'c4_gps' build argument 'ament_cmake_args' from command line to 'None'
[2.830s] Level 5:colcon.colcon_core.verb:set package 'c4_gps' build argument 'catkin_cmake_args' from command line to 'None'
[2.830s] Level 5:colcon.colcon_core.verb:set package 'c4_gps' build argument 'catkin_skip_building_tests' from command line to 'False'
[2.830s] DEBUG:colcon.colcon_core.verb:Building package 'c4_gps' with the following arguments: {'ament_cmake_args': None, 'build_base': '/home/maria/ros2_coche/build/c4_gps', 'catkin_cmake_args': None, 'catkin_skip_building_tests': False, 'cmake_args': None, 'cmake_clean_cache': False, 'cmake_clean_first': False, 'cmake_force_configure': False, 'cmake_target': None, 'cmake_target_skip_unavailable': False, 'install_base': '/home/maria/ros2_coche/install/c4_gps', 'merge_install': False, 'path': '/home/maria/ros2_coche/src/c4_gps', 'symlink_install': False, 'test_result_base': None}
[2.856s] INFO:colcon.colcon_core.executor:Executing jobs using 'parallel' executor
[2.882s] DEBUG:colcon.colcon_parallel_executor.executor.parallel:run_until_complete
[2.883s] INFO:colcon.colcon_ros.task.ament_cmake.build:Building ROS package in '/home/maria/ros2_coche/src/nmea_msgs' with build type 'ament_cmake'
[2.883s] INFO:colcon.colcon_cmake.task.cmake.build:Building CMake package in '/home/maria/ros2_coche/src/nmea_msgs'
[2.917s] INFO:colcon.colcon_core.plugin_system:Skipping extension 'colcon_core.shell.bat': Not used on non-Windows systems
[2.917s] INFO:colcon.colcon_core.shell:Skip shell extension 'powershell' for command environment: Not usable outside of PowerShell
[2.918s] DEBUG:colcon.colcon_core.shell:Skip shell extension 'dsv' for command environment
[3.002s] DEBUG:colcon.colcon_core.event_handler.log_command:Invoking command in '/home/maria/ros2_coche/build/nmea_msgs': CMAKE_PREFIX_PATH=/home/maria/ros2_coche/install/c4_gps:/opt/ros/humble:/home/maria/ros2_coche/install/nmea_msgs /usr/bin/cmake --build /home/maria/ros2_coche/build/nmea_msgs -- -j12 -l12
[16.327s] DEBUG:colcon.colcon_core.event_handler.log_command:Invoked command in '/home/maria/ros2_coche/build/nmea_msgs' returned '0': CMAKE_PREFIX_PATH=/home/maria/ros2_coche/install/c4_gps:/opt/ros/humble:/home/maria/ros2_coche/install/nmea_msgs /usr/bin/cmake --build /home/maria/ros2_coche/build/nmea_msgs -- -j12 -l12
[16.581s] DEBUG:colcon.colcon_core.event_handler.log_command:Invoking command in '/home/maria/ros2_coche/build/nmea_msgs': CMAKE_PREFIX_PATH=/home/maria/ros2_coche/install/c4_gps:/opt/ros/humble:/home/maria/ros2_coche/install/nmea_msgs /usr/bin/cmake --install /home/maria/ros2_coche/build/nmea_msgs
[16.760s] Level 1:colcon.colcon_core.environment:create_environment_scripts_only(nmea_msgs)
[16.761s] DEBUG:colcon.colcon_core.event_handler.log_command:Invoked command in '/home/maria/ros2_coche/build/nmea_msgs' returned '0': CMAKE_PREFIX_PATH=/home/maria/ros2_coche/install/c4_gps:/opt/ros/humble:/home/maria/ros2_coche/install/nmea_msgs /usr/bin/cmake --install /home/maria/ros2_coche/build/nmea_msgs
[16.792s] Level 1:colcon.colcon_core.environment:checking '/home/maria/ros2_coche/install/nmea_msgs' for CMake module files
[16.792s] Level 1:colcon.colcon_core.environment:checking '/home/maria/ros2_coche/install/nmea_msgs' for CMake config files
[16.794s] Level 1:colcon.colcon_core.shell:create_environment_hook('nmea_msgs', 'cmake_prefix_path')
[16.817s] INFO:colcon.colcon_core.shell:Creating environment hook '/home/maria/ros2_coche/install/nmea_msgs/share/nmea_msgs/hook/cmake_prefix_path.ps1'
[16.818s] INFO:colcon.colcon_core.shell:Creating environment descriptor '/home/maria/ros2_coche/install/nmea_msgs/share/nmea_msgs/hook/cmake_prefix_path.dsv'
[16.819s] INFO:colcon.colcon_core.shell:Creating environment hook '/home/maria/ros2_coche/install/nmea_msgs/share/nmea_msgs/hook/cmake_prefix_path.sh'
[16.821s] Level 1:colcon.colcon_core.environment:checking '/home/maria/ros2_coche/install/nmea_msgs/lib'
[16.821s] Level 1:colcon.colcon_core.shell:create_environment_hook('nmea_msgs', 'ld_library_path_lib')
[16.845s] INFO:colcon.colcon_core.shell:Creating environment hook '/home/maria/ros2_coche/install/nmea_msgs/share/nmea_msgs/hook/ld_library_path_lib.ps1'
[16.846s] INFO:colcon.colcon_core.shell:Creating environment descriptor '/home/maria/ros2_coche/install/nmea_msgs/share/nmea_msgs/hook/ld_library_path_lib.dsv'
[16.846s] INFO:colcon.colcon_core.shell:Creating environment hook '/home/maria/ros2_coche/install/nmea_msgs/share/nmea_msgs/hook/ld_library_path_lib.sh'
[16.847s] Level 1:colcon.colcon_core.environment:checking '/home/maria/ros2_coche/install/nmea_msgs/bin'
[16.847s] Level 1:colcon.colcon_core.environment:checking '/home/maria/ros2_coche/install/nmea_msgs/lib/pkgconfig/nmea_msgs.pc'
[16.847s] Level 1:colcon.colcon_core.environment:checking '/home/maria/ros2_coche/install/nmea_msgs/lib/python3.10/site-packages'
[16.848s] Level 1:colcon.colcon_core.environment:checking '/home/maria/ros2_coche/install/nmea_msgs/bin'
[16.873s] INFO:colcon.colcon_core.shell:Creating package script '/home/maria/ros2_coche/install/nmea_msgs/share/nmea_msgs/package.ps1'
[16.874s] INFO:colcon.colcon_core.shell:Creating package descriptor '/home/maria/ros2_coche/install/nmea_msgs/share/nmea_msgs/package.dsv'
[16.875s] INFO:colcon.colcon_core.shell:Creating package script '/home/maria/ros2_coche/install/nmea_msgs/share/nmea_msgs/package.sh'
[16.876s] INFO:colcon.colcon_core.shell:Creating package script '/home/maria/ros2_coche/install/nmea_msgs/share/nmea_msgs/package.bash'
[16.877s] INFO:colcon.colcon_core.shell:Creating package script '/home/maria/ros2_coche/install/nmea_msgs/share/nmea_msgs/package.zsh'
[16.879s] Level 1:colcon.colcon_core.environment:create_file_with_runtime_dependencies(/home/maria/ros2_coche/install/nmea_msgs/share/colcon-core/packages/nmea_msgs)
[17.142s] Level 1:colcon.colcon_core.environment:create_environment_scripts_only(nmea_msgs)
[17.170s] Level 1:colcon.colcon_core.environment:checking '/home/maria/ros2_coche/install/nmea_msgs' for CMake module files
[17.171s] Level 1:colcon.colcon_core.environment:checking '/home/maria/ros2_coche/install/nmea_msgs' for CMake config files
[17.173s] Level 1:colcon.colcon_core.shell:create_environment_hook('nmea_msgs', 'cmake_prefix_path')
[17.199s] INFO:colcon.colcon_core.shell:Creating environment hook '/home/maria/ros2_coche/install/nmea_msgs/share/nmea_msgs/hook/cmake_prefix_path.ps1'
[17.200s] INFO:colcon.colcon_core.shell:Creating environment descriptor '/home/maria/ros2_coche/install/nmea_msgs/share/nmea_msgs/hook/cmake_prefix_path.dsv'
[17.200s] INFO:colcon.colcon_core.shell:Creating environment hook '/home/maria/ros2_coche/install/nmea_msgs/share/nmea_msgs/hook/cmake_prefix_path.sh'
[17.201s] Level 1:colcon.colcon_core.environment:checking '/home/maria/ros2_coche/install/nmea_msgs/lib'
[17.201s] Level 1:colcon.colcon_core.shell:create_environment_hook('nmea_msgs', 'ld_library_path_lib')
[17.225s] INFO:colcon.colcon_core.shell:Creating environment hook '/home/maria/ros2_coche/install/nmea_msgs/share/nmea_msgs/hook/ld_library_path_lib.ps1'
[17.226s] INFO:colcon.colcon_core.shell:Creating environment descriptor '/home/maria/ros2_coche/install/nmea_msgs/share/nmea_msgs/hook/ld_library_path_lib.dsv'
[17.226s] INFO:colcon.colcon_core.shell:Creating environment hook '/home/maria/ros2_coche/install/nmea_msgs/share/nmea_msgs/hook/ld_library_path_lib.sh'
[17.227s] Level 1:colcon.colcon_core.environment:checking '/home/maria/ros2_coche/install/nmea_msgs/bin'
[17.227s] Level 1:colcon.colcon_core.environment:checking '/home/maria/ros2_coche/install/nmea_msgs/lib/pkgconfig/nmea_msgs.pc'
[17.227s] Level 1:colcon.colcon_core.environment:checking '/home/maria/ros2_coche/install/nmea_msgs/lib/python3.10/site-packages'
[17.228s] Level 1:colcon.colcon_core.environment:checking '/home/maria/ros2_coche/install/nmea_msgs/bin'
[17.255s] INFO:colcon.colcon_core.shell:Creating package script '/home/maria/ros2_coche/install/nmea_msgs/share/nmea_msgs/package.ps1'
[17.256s] INFO:colcon.colcon_core.shell:Creating package descriptor '/home/maria/ros2_coche/install/nmea_msgs/share/nmea_msgs/package.dsv'
[17.257s] INFO:colcon.colcon_core.shell:Creating package script '/home/maria/ros2_coche/install/nmea_msgs/share/nmea_msgs/package.sh'
[17.257s] INFO:colcon.colcon_core.shell:Creating package script '/home/maria/ros2_coche/install/nmea_msgs/share/nmea_msgs/package.bash'
[17.258s] INFO:colcon.colcon_core.shell:Creating package script '/home/maria/ros2_coche/install/nmea_msgs/share/nmea_msgs/package.zsh'
[17.259s] Level 1:colcon.colcon_core.environment:create_file_with_runtime_dependencies(/home/maria/ros2_coche/install/nmea_msgs/share/colcon-core/packages/nmea_msgs)
[17.260s] INFO:colcon.colcon_ros.task.ament_cmake.build:Building ROS package in '/home/maria/ros2_coche/src/c4_gps' with build type 'ament_cmake'
[17.260s] INFO:colcon.colcon_cmake.task.cmake.build:Building CMake package in '/home/maria/ros2_coche/src/c4_gps'
[17.292s] INFO:colcon.colcon_core.shell:Skip shell extension 'powershell' for command environment: Not usable outside of PowerShell
[17.292s] DEBUG:colcon.colcon_core.shell:Skip shell extension 'dsv' for command environment
[17.385s] DEBUG:colcon.colcon_core.event_handler.log_command:Invoking command in '/home/maria/ros2_coche/build/c4_gps': CMAKE_PREFIX_PATH=/opt/ros/humble:/home/maria/ros2_coche/install/nmea_msgs:/home/maria/ros2_coche/install/c4_gps /usr/bin/cmake --build /home/maria/ros2_coche/build/c4_gps -- -j12 -l12
[19.143s] DEBUG:colcon.colcon_core.event_handler.log_command:Invoked command in '/home/maria/ros2_coche/build/c4_gps' returned '2': CMAKE_PREFIX_PATH=/opt/ros/humble:/home/maria/ros2_coche/install/nmea_msgs:/home/maria/ros2_coche/install/c4_gps /usr/bin/cmake --build /home/maria/ros2_coche/build/c4_gps -- -j12 -l12
[19.203s] Level 1:colcon.colcon_core.environment:create_environment_scripts_only(c4_gps)
[19.227s] Level 1:colcon.colcon_core.environment:checking '/home/maria/ros2_coche/install/c4_gps' for CMake module files
[19.227s] Level 1:colcon.colcon_core.environment:checking '/home/maria/ros2_coche/install/c4_gps' for CMake config files
[19.228s] Level 1:colcon.colcon_core.shell:create_environment_hook('c4_gps', 'cmake_prefix_path')
[19.254s] INFO:colcon.colcon_core.shell:Creating environment hook '/home/maria/ros2_coche/install/c4_gps/share/c4_gps/hook/cmake_prefix_path.ps1'
[19.255s] INFO:colcon.colcon_core.shell:Creating environment descriptor '/home/maria/ros2_coche/install/c4_gps/share/c4_gps/hook/cmake_prefix_path.dsv'
[19.255s] INFO:colcon.colcon_core.shell:Creating environment hook '/home/maria/ros2_coche/install/c4_gps/share/c4_gps/hook/cmake_prefix_path.sh'
[19.256s] Level 1:colcon.colcon_core.environment:checking '/home/maria/ros2_coche/install/c4_gps/lib'
[19.256s] Level 1:colcon.colcon_core.environment:checking '/home/maria/ros2_coche/install/c4_gps/bin'
[19.256s] Level 1:colcon.colcon_core.environment:checking '/home/maria/ros2_coche/install/c4_gps/lib/pkgconfig/c4_gps.pc'
[19.257s] Level 1:colcon.colcon_core.environment:checking '/home/maria/ros2_coche/install/c4_gps/lib/python3.10/site-packages'
[19.257s] Level 1:colcon.colcon_core.environment:checking '/home/maria/ros2_coche/install/c4_gps/bin'
[19.284s] INFO:colcon.colcon_core.shell:Creating package script '/home/maria/ros2_coche/install/c4_gps/share/c4_gps/package.ps1'
[19.285s] INFO:colcon.colcon_core.shell:Creating package descriptor '/home/maria/ros2_coche/install/c4_gps/share/c4_gps/package.dsv'
[19.286s] INFO:colcon.colcon_core.shell:Creating package script '/home/maria/ros2_coche/install/c4_gps/share/c4_gps/package.sh'
[19.286s] INFO:colcon.colcon_core.shell:Creating package script '/home/maria/ros2_coche/install/c4_gps/share/c4_gps/package.bash'
[19.287s] INFO:colcon.colcon_core.shell:Creating package script '/home/maria/ros2_coche/install/c4_gps/share/c4_gps/package.zsh'
[19.287s] Level 1:colcon.colcon_core.environment:create_file_with_runtime_dependencies(/home/maria/ros2_coche/install/c4_gps/share/colcon-core/packages/c4_gps)
[19.298s] DEBUG:colcon.colcon_parallel_executor.executor.parallel:closing loop
[19.298s] DEBUG:colcon.colcon_parallel_executor.executor.parallel:loop closed
[19.298s] DEBUG:colcon.colcon_parallel_executor.executor.parallel:run_until_complete finished with '2'
[19.298s] DEBUG:colcon.colcon_core.event_reactor:joining thread
[19.335s] INFO:colcon.colcon_core.plugin_system:Skipping extension 'colcon_notification.desktop_notification.notify_send': Could not find 'notify-send'
[19.335s] INFO:colcon.colcon_core.plugin_system:Skipping extension 'colcon_notification.desktop_notification.terminal_notifier': Not used on non-Darwin systems
[19.335s] INFO:colcon.colcon_core.plugin_system:Skipping extension 'colcon_notification.desktop_notification.win32': Not used on non-Windows systems
[19.335s] INFO:colcon.colcon_notification.desktop_notification:Sending desktop notification using 'notify2'
[19.419s] DEBUG:colcon.colcon_core.event_reactor:joined thread
[19.450s] INFO:colcon.colcon_core.shell:Creating prefix script '/home/maria/ros2_coche/install/local_setup.ps1'
[19.451s] INFO:colcon.colcon_core.shell:Creating prefix util module '/home/maria/ros2_coche/install/_local_setup_util_ps1.py'
[19.454s] INFO:colcon.colcon_core.shell:Creating prefix chain script '/home/maria/ros2_coche/install/setup.ps1'
[19.484s] INFO:colcon.colcon_core.shell:Creating prefix script '/home/maria/ros2_coche/install/local_setup.sh'
[19.485s] INFO:colcon.colcon_core.shell:Creating prefix util module '/home/maria/ros2_coche/install/_local_setup_util_sh.py'
[19.486s] INFO:colcon.colcon_core.shell:Creating prefix chain script '/home/maria/ros2_coche/install/setup.sh'
[19.513s] INFO:colcon.colcon_core.shell:Creating prefix script '/home/maria/ros2_coche/install/local_setup.bash'
[19.513s] INFO:colcon.colcon_core.shell:Creating prefix chain script '/home/maria/ros2_coche/install/setup.bash'
[19.544s] INFO:colcon.colcon_core.shell:Creating prefix script '/home/maria/ros2_coche/install/local_setup.zsh'
[19.545s] INFO:colcon.colcon_core.shell:Creating prefix chain script '/home/maria/ros2_coche/install/setup.zsh'
