-- Found ament_cmake: 1.3.7 (/opt/ros/humble/share/ament_cmake/cmake)
-- Override CMake install command with custom implementation using symlinks instead of copying resources
-- Found rclcpp: 16.0.8 (/opt/ros/humble/share/rclcpp/cmake)
-- Found rosidl_generator_c: 3.1.5 (/opt/ros/humble/share/rosidl_generator_c/cmake)
-- Found rosidl_adapter: 3.1.5 (/opt/ros/humble/share/rosidl_adapter/cmake)
-- Found rosidl_generator_cpp: 3.1.5 (/opt/ros/humble/share/rosidl_generator_cpp/cmake)
-- Using all available rosidl_typesupport_c: rosidl_typesupport_fastrtps_c;rosidl_typesupport_introspection_c
-- Using all available rosidl_typesupport_cpp: rosidl_typesupport_fastrtps_cpp;rosidl_typesupport_introspection_cpp
-- Found rmw_implementation_cmake: 6.1.1 (/opt/ros/humble/share/rmw_implementation_cmake/cmake)
-- Found rmw_fastrtps_cpp: 6.2.6 (/opt/ros/humble/share/rmw_fastrtps_cpp/cmake)
-- Using RMW implementation 'rmw_fastrtps_cpp' as default
-- Found nmea_msgs: 1.1.0 (/home/maria/ros2_coche/install/nmea_msgs/share/nmea_msgs/cmake)
-- Found ament_lint_auto: 0.12.10 (/opt/ros/humble/share/ament_lint_auto/cmake)
-- Added test 'cppcheck' to perform static code analysis on C / C++ code
-- Configured cppcheck include dirs: 
-- Configured cppcheck exclude dirs and/or files: 
-- Added test 'lint_cmake' to check CMake code style
-- Added test 'uncrustify' to check C / C++ code style
-- Configured uncrustify additional arguments: 
-- Added test 'xmllint' to check XML markup files
-- Configuring done
-- Generating done
-- Build files have been written to: /home/maria/ros2_coche/build/c4_gps
[35m[1mConsolidate compiler generated dependencies of target t_gps[0m
[ 50%] [32mBuilding CXX object CMakeFiles/t_gps.dir/src/trimble_gps.cpp.o[0m
[01m[K/home/maria/ros2_coche/src/c4_gps/src/trimble_gps.cpp:[m[K In member function ‘[01m[Kvoid TrimbleGps::timer_callback()[m[K’:
[01m[K/home/maria/ros2_coche/src/c4_gps/src/trimble_gps.cpp:87:26:[m[K [01;31m[Kerror: [m[Kincompatible types in assignment of ‘[01m[Kstd::__cxx11::basic_string<char>[m[K’ to ‘[01m[Kchar [100][m[K’
   87 |           [01;31m[Kmessage_struct = "Timestamp: " + std::to_string(message.header.stamp.sec) + ", Latitude: " + std::to_string(message.lat)[m[K;
      |           [01;31m[K~~~~~~~~~~~~~~~^~~~~~~~~~~~~~~~~~~~~~~~~~~~~~~~~~~~~~~~~~~~~~~~~~~~~~~~~~~~~~~~~~~~~~~~~~~~~~~~~~~~~~~~~~~~~~~~~~~~~~~~~[m[K
[01m[K/home/maria/ros2_coche/src/c4_gps/src/trimble_gps.cpp:91:24:[m[K [01;31m[Kerror: [m[Kinvalid array assignment
   91 |             [01;31m[Kmessagegps = message_struct[m[K;
      |             [01;31m[K~~~~~~~~~~~^~~~~~~~~~~~~~~~[m[K
gmake[2]: *** [CMakeFiles/t_gps.dir/build.make:76: CMakeFiles/t_gps.dir/src/trimble_gps.cpp.o] Error 1
gmake[1]: *** [CMakeFiles/Makefile2:137: CMakeFiles/t_gps.dir/all] Error 2
gmake: *** [Makefile:146: all] Error 2
