[0.027s] Invoking command in '/home/maria/ros2_coche/build/c4_gps': CMAKE_PREFIX_PATH=/opt/ros/humble /usr/bin/cmake --build /home/maria/ros2_coche/build/c4_gps -- -j12 -l12
[0.096s] -- Found ament_cmake: 1.3.3 (/opt/ros/humble/share/ament_cmake/cmake)
[0.799s] -- Found rclcpp: 16.0.3 (/opt/ros/humble/share/rclcpp/cmake)
[0.952s] -- Found rosidl_generator_c: 3.1.4 (/opt/ros/humble/share/rosidl_generator_c/cmake)
[0.964s] -- Found rosidl_adapter: 3.1.4 (/opt/ros/humble/share/rosidl_adapter/cmake)
[0.997s] -- Found rosidl_generator_cpp: 3.1.4 (/opt/ros/humble/share/rosidl_generator_cpp/cmake)
[1.051s] -- Using all available rosidl_typesupport_c: rosidl_typesupport_fastrtps_c;rosidl_typesupport_introspection_c
[1.124s] -- Using all available rosidl_typesupport_cpp: rosidl_typesupport_fastrtps_cpp;rosidl_typesupport_introspection_cpp
[1.325s] -- Found rmw_implementation_cmake: 6.1.1 (/opt/ros/humble/share/rmw_implementation_cmake/cmake)
[1.328s] -- Found rmw_fastrtps_cpp: 6.2.2 (/opt/ros/humble/share/rmw_fastrtps_cpp/cmake)
[1.764s] -- Using RMW implementation 'rmw_fastrtps_cpp' as default
[2.137s] -- Found ament_lint_auto: 0.12.5 (/opt/ros/humble/share/ament_lint_auto/cmake)
[2.339s] -- Added test 'cppcheck' to perform static code analysis on C / C++ code
[2.340s] -- Configured cppcheck include dirs: 
[2.340s] -- Configured cppcheck exclude dirs and/or files: 
[2.342s] -- Added test 'lint_cmake' to check CMake code style
[2.346s] -- Added test 'uncrustify' to check C / C++ code style
[2.346s] -- Configured uncrustify additional arguments: 
[2.347s] -- Added test 'xmllint' to check XML markup files
[2.351s] -- Configuring done
[2.386s] -- Generating done
[2.390s] -- Build files have been written to: /home/maria/ros2_coche/build/c4_gps
[2.496s] [ 50%] [32mBuilding CXX object CMakeFiles/talker.dir/src/gps_publisher.cpp.o[0m
[6.822s] [01m[K/home/maria/ros2_coche/src/c4_gps/src/gps_publisher.cpp:[m[K In constructor ‘[01m[KMinimalPublisher::MinimalPublisher()[m[K’:
[6.822s] [01m[K/home/maria/ros2_coche/src/c4_gps/src/gps_publisher.cpp:39:9:[m[K [01;31m[Kerror: [m[Kunable to find numeric literal operator ‘[01m[Koperator""ms[m[K’
[6.823s]    39 |         [01;31m[K500ms[m[K, std::bind(&MinimalPublisher::timer_callback, this));
[6.823s]       |         [01;31m[K^~~~~[m[K
[6.867s] [01m[K/home/maria/ros2_coche/src/c4_gps/src/gps_publisher.cpp:[m[K In member function ‘[01m[Kvoid MinimalPublisher::timer_callback()[m[K’:
[6.867s] [01m[K/home/maria/ros2_coche/src/c4_gps/src/gps_publisher.cpp:55:9:[m[K [01;35m[Kwarning: [m[Kunused variable ‘[01m[KreturnValue[m[K’ [[01;35m[K]8;;https://gcc.gnu.org/onlinedocs/gcc/Warning-Options.html#index-Wunused-variable-Wunused-variable]8;;[m[K]
[6.868s]    55 |     int [01;35m[KreturnValue[m[K = 0;
[6.868s]       |         [01;35m[K^~~~~~~~~~~[m[K
[8.567s] gmake[2]: *** [CMakeFiles/talker.dir/build.make:76: CMakeFiles/talker.dir/src/gps_publisher.cpp.o] Error 1
[8.568s] gmake[1]: *** [CMakeFiles/Makefile2:137: CMakeFiles/talker.dir/all] Error 2
[8.568s] gmake: *** [Makefile:146: all] Error 2
[8.571s] Invoked command in '/home/maria/ros2_coche/build/c4_gps' returned '2': CMAKE_PREFIX_PATH=/opt/ros/humble /usr/bin/cmake --build /home/maria/ros2_coche/build/c4_gps -- -j12 -l12
