[  1%] Built target nmea_msgs__cpp
[ 12%] Built target nmea_msgs__rosidl_generator_c
[ 12%] Built target ament_cmake_python_copy_nmea_msgs
[ 24%] Built target nmea_msgs__rosidl_typesupport_c
[ 35%] Built target nmea_msgs__rosidl_typesupport_introspection_c
[ 46%] Built target nmea_msgs__rosidl_typesupport_cpp
[ 58%] Built target nmea_msgs__rosidl_typesupport_introspection_cpp
[ 69%] Built target nmea_msgs__rosidl_typesupport_fastrtps_cpp
[ 81%] Built target nmea_msgs__rosidl_typesupport_fastrtps_c
[ 81%] Built target nmea_msgs
[ 82%] Built target nmea_msgs__py
[ 92%] Built target nmea_msgs__rosidl_generator_py
[ 94%] Built target nmea_msgs__rosidl_typesupport_introspection_c__pyext
[100%] Built target nmea_msgs__rosidl_typesupport_fastrtps_c__pyext
[100%] Built target nmea_msgs__rosidl_typesupport_c__pyext
running egg_info
writing nmea_msgs.egg-info/PKG-INFO
writing dependency_links to nmea_msgs.egg-info/dependency_links.txt
writing top-level names to nmea_msgs.egg-info/top_level.txt
reading manifest file 'nmea_msgs.egg-info/SOURCES.txt'
writing manifest file 'nmea_msgs.egg-info/SOURCES.txt'
[100%] Built target ament_cmake_python_build_nmea_msgs_egg
