[0.023s] Invoking command in '/home/maria/ros2_coche/build/nmea_msgs': CMAKE_PREFIX_PATH=/opt/ros/humble:${CMAKE_PREFIX_PATH} /usr/bin/cmake --build /home/maria/ros2_coche/build/nmea_msgs -- -j12 -l12
[0.097s] [  1%] Built target nmea_msgs__cpp
[0.102s] [ 12%] Built target nmea_msgs__rosidl_generator_c
[0.115s] [ 12%] Built target ament_cmake_python_copy_nmea_msgs
[0.146s] [ 24%] Built target nmea_msgs__rosidl_typesupport_c
[0.148s] [ 35%] Built target nmea_msgs__rosidl_typesupport_introspection_c
[0.148s] [ 46%] Built target nmea_msgs__rosidl_typesupport_cpp
[0.153s] [ 58%] Built target nmea_msgs__rosidl_typesupport_introspection_cpp
[0.157s] [ 69%] Built target nmea_msgs__rosidl_typesupport_fastrtps_cpp
[0.162s] [ 81%] Built target nmea_msgs__rosidl_typesupport_fastrtps_c
[0.191s] [ 81%] Built target nmea_msgs
[0.222s] [ 82%] Built target nmea_msgs__py
[0.259s] [ 92%] Built target nmea_msgs__rosidl_generator_py
[0.291s] [ 94%] Built target nmea_msgs__rosidl_typesupport_introspection_c__pyext
[0.291s] [100%] Built target nmea_msgs__rosidl_typesupport_fastrtps_c__pyext
[0.291s] [100%] Built target nmea_msgs__rosidl_typesupport_c__pyext
[0.551s] running egg_info
[0.552s] writing nmea_msgs.egg-info/PKG-INFO
[0.552s] writing dependency_links to nmea_msgs.egg-info/dependency_links.txt
[0.552s] writing top-level names to nmea_msgs.egg-info/top_level.txt
[0.556s] reading manifest file 'nmea_msgs.egg-info/SOURCES.txt'
[0.557s] writing manifest file 'nmea_msgs.egg-info/SOURCES.txt'
[0.594s] [100%] Built target ament_cmake_python_build_nmea_msgs_egg
[0.615s] Invoked command in '/home/maria/ros2_coche/build/nmea_msgs' returned '0': CMAKE_PREFIX_PATH=/opt/ros/humble:${CMAKE_PREFIX_PATH} /usr/bin/cmake --build /home/maria/ros2_coche/build/nmea_msgs -- -j12 -l12
