[0.047s] Invoking command in '/home/maria/ros2_coche/src/build/nmea_msgs': /usr/bin/cmake /home/maria/ros2_coche/src/nmea_msgs-master -DCATKIN_INSTALL_INTO_PREFIX_ROOT=0 -DCMAKE_INSTALL_PREFIX=/home/maria/ros2_coche/src/install/nmea_msgs
[0.069s] [0mCMake Deprecation Warning at CMakeLists.txt:1 (cmake_minimum_required):
[0.070s]   Compatibility with CMake < 2.8.12 will be removed from a future version of
[0.070s]   CMake.
[0.070s] 
[0.070s]   Update the VERSION argument <min> value or use a ...<max> suffix to tell
[0.070s]   CMake that the project does not need compatibility with older versions.
[0.071s] 
[0.071s] [0m
[0.328s] -- The C compiler identification is GNU 11.3.0
[0.617s] -- The CXX compiler identification is GNU 11.3.0
[0.653s] -- Detecting C compiler ABI info
[0.819s] -- Detecting C compiler ABI info - done
[0.843s] -- Check for working C compiler: /usr/bin/cc - skipped
[0.844s] -- Detecting C compile features
[0.845s] -- Detecting C compile features - done
[0.854s] -- Detecting CXX compiler ABI info
[1.115s] -- Detecting CXX compiler ABI info - done
[1.154s] -- Check for working CXX compiler: /usr/bin/c++ - skipped
[1.155s] -- Detecting CXX compile features
[1.157s] -- Detecting CXX compile features - done
[1.202s] [31mCMake Error at CMakeLists.txt:4 (find_package):
[1.203s]   By not providing "Findcatkin.cmake" in CMAKE_MODULE_PATH this project has
[1.203s]   asked CMake to find a package configuration file provided by "catkin", but
[1.204s]   CMake did not find one.
[1.204s] 
[1.205s]   Could not find a package configuration file provided by "catkin" with any
[1.205s]   of the following names:
[1.206s] 
[1.207s]     catkinConfig.cmake
[1.208s]     catkin-config.cmake
[1.208s] 
[1.209s]   Add the installation prefix of "catkin" to CMAKE_PREFIX_PATH or set
[1.209s]   "catkin_DIR" to a directory containing one of the above files.  If "catkin"
[1.210s]   provides a separate development package or SDK, be sure it has been
[1.210s]   installed.
[1.210s] 
[1.211s] [0m
[1.211s] -- Configuring incomplete, errors occurred!
[1.212s] See also "/home/maria/ros2_coche/src/build/nmea_msgs/CMakeFiles/CMakeOutput.log".
[1.216s] Invoked command in '/home/maria/ros2_coche/src/build/nmea_msgs' returned '1': /usr/bin/cmake /home/maria/ros2_coche/src/nmea_msgs-master -DCATKIN_INSTALL_INTO_PREFIX_ROOT=0 -DCMAKE_INSTALL_PREFIX=/home/maria/ros2_coche/src/install/nmea_msgs
