[0.023s] Invoking command in '/home/maria/ros2_coche/build/nmea_msgs': CMAKE_PREFIX_PATH=/opt/ros/humble /usr/bin/cmake --build /home/maria/ros2_coche/build/nmea_msgs -- -j12 -l12
[0.065s] -- Found ament_cmake: 1.3.3 (/opt/ros/humble/share/ament_cmake/cmake)
[0.629s] -- Found std_msgs: 4.2.3 (/opt/ros/humble/share/std_msgs/cmake)
[0.724s] -- Found rosidl_generator_c: 3.1.4 (/opt/ros/humble/share/rosidl_generator_c/cmake)
[0.732s] -- Found rosidl_adapter: 3.1.4 (/opt/ros/humble/share/rosidl_adapter/cmake)
[0.754s] -- Found rosidl_generator_cpp: 3.1.4 (/opt/ros/humble/share/rosidl_generator_cpp/cmake)
[0.795s] -- Using all available rosidl_typesupport_c: rosidl_typesupport_fastrtps_c;rosidl_typesupport_introspection_c
[0.854s] -- Using all available rosidl_typesupport_cpp: rosidl_typesupport_fastrtps_cpp;rosidl_typesupport_introspection_cpp
[0.952s] -- Found rosidl_default_generators: 1.2.0 (/opt/ros/humble/share/rosidl_default_generators/cmake)
[1.826s] -- Found ament_cmake_ros: 0.10.0 (/opt/ros/humble/share/ament_cmake_ros/cmake)
[2.927s] -- Using all available rosidl_typesupport_c: rosidl_typesupport_fastrtps_c;rosidl_typesupport_introspection_c
[3.349s] -- Using all available rosidl_typesupport_cpp: rosidl_typesupport_fastrtps_cpp;rosidl_typesupport_introspection_cpp
[3.414s] -- Found python_cmake_module: 0.10.0 (/opt/ros/humble/share/python_cmake_module/cmake)
[3.476s] -- Using PYTHON_EXECUTABLE: /usr/bin/python3
[3.477s] -- Using PYTHON_INCLUDE_DIRS: /usr/include/python3.10
[3.477s] -- Using PYTHON_LIBRARIES: /usr/lib/x86_64-linux-gnu/libpython3.10.so
[3.578s] -- Configuring done
[3.714s] -- Generating done
[3.724s] -- Build files have been written to: /home/maria/ros2_coche/build/nmea_msgs
[3.766s] [  1%] [34m[1mGenerating C code for ROS interfaces[0m
[3.781s] [  2%] [34m[1mGenerating C++ code for ROS interfaces[0m
[3.793s] [  2%] Built target ament_cmake_python_copy_nmea_msgs
[4.240s] running egg_info
[4.242s] writing nmea_msgs.egg-info/PKG-INFO
[4.242s] writing dependency_links to nmea_msgs.egg-info/dependency_links.txt
[4.243s] writing top-level names to nmea_msgs.egg-info/top_level.txt
[4.247s] reading manifest file 'nmea_msgs.egg-info/SOURCES.txt'
[4.248s] writing manifest file 'nmea_msgs.egg-info/SOURCES.txt'
[4.288s] [  2%] Built target ament_cmake_python_build_nmea_msgs_egg
[5.093s] [  2%] Built target nmea_msgs__cpp
[5.106s] [  3%] [34m[1mGenerating C++ type support dispatch for ROS interfaces[0m
[5.107s] [  6%] [34m[1mGenerating C++ type support for eProsima Fast-RTPS[0m
[5.107s] [  5%] [34m[1mGenerating C++ introspection for ROS interfaces[0m
[5.237s] [35m[1mConsolidate compiler generated dependencies of target nmea_msgs__rosidl_generator_c[0m
[5.257s] [  7%] [32mBuilding C object CMakeFiles/nmea_msgs__rosidl_generator_c.dir/rosidl_generator_c/nmea_msgs/msg/detail/gpgga__functions.c.o[0m
[5.259s] [ 11%] [32mBuilding C object CMakeFiles/nmea_msgs__rosidl_generator_c.dir/rosidl_generator_c/nmea_msgs/msg/detail/gpgsv_satellite__functions.c.o[0m
[5.259s] [ 11%] [32mBuilding C object CMakeFiles/nmea_msgs__rosidl_generator_c.dir/rosidl_generator_c/nmea_msgs/msg/detail/gpgsv__functions.c.o[0m
[5.260s] [ 11%] [32mBuilding C object CMakeFiles/nmea_msgs__rosidl_generator_c.dir/rosidl_generator_c/nmea_msgs/msg/detail/gpgsa__functions.c.o[0m
[5.260s] [ 12%] [32mBuilding C object CMakeFiles/nmea_msgs__rosidl_generator_c.dir/rosidl_generator_c/nmea_msgs/msg/detail/gprmc__functions.c.o[0m
[5.262s] [ 13%] [32mBuilding C object CMakeFiles/nmea_msgs__rosidl_generator_c.dir/rosidl_generator_c/nmea_msgs/msg/detail/gpgst__functions.c.o[0m
[5.265s] [ 15%] [32mBuilding C object CMakeFiles/nmea_msgs__rosidl_generator_c.dir/rosidl_generator_c/nmea_msgs/msg/detail/sentence__functions.c.o[0m
[5.376s] [ 16%] [32m[1mLinking C shared library libnmea_msgs__rosidl_generator_c.so[0m
[5.433s] [ 16%] Built target nmea_msgs__rosidl_generator_c
[5.449s] [ 17%] [34m[1mGenerating C introspection for ROS interfaces[0m
[5.449s] [ 18%] [34m[1mGenerating C type support dispatch for ROS interfaces[0m
[5.453s] [ 20%] [34m[1mGenerating C type support for eProsima Fast-RTPS[0m
[6.205s] [35m[1mConsolidate compiler generated dependencies of target nmea_msgs__rosidl_typesupport_cpp[0m
[6.225s] [ 22%] [32mBuilding CXX object CMakeFiles/nmea_msgs__rosidl_typesupport_cpp.dir/rosidl_typesupport_cpp/nmea_msgs/msg/gpgga__type_support.cpp.o[0m
[6.225s] [ 24%] [32mBuilding CXX object CMakeFiles/nmea_msgs__rosidl_typesupport_cpp.dir/rosidl_typesupport_cpp/nmea_msgs/msg/gpgsa__type_support.cpp.o[0m
[6.226s] [ 25%] [32mBuilding CXX object CMakeFiles/nmea_msgs__rosidl_typesupport_cpp.dir/rosidl_typesupport_cpp/nmea_msgs/msg/gpgsv_satellite__type_support.cpp.o[0m
[6.229s] [ 25%] [32mBuilding CXX object CMakeFiles/nmea_msgs__rosidl_typesupport_cpp.dir/rosidl_typesupport_cpp/nmea_msgs/msg/gpgsv__type_support.cpp.o[0m
[6.229s] [ 26%] [32mBuilding CXX object CMakeFiles/nmea_msgs__rosidl_typesupport_cpp.dir/rosidl_typesupport_cpp/nmea_msgs/msg/gpgst__type_support.cpp.o[0m
[6.246s] [ 27%] [32mBuilding CXX object CMakeFiles/nmea_msgs__rosidl_typesupport_cpp.dir/rosidl_typesupport_cpp/nmea_msgs/msg/sentence__type_support.cpp.o[0m
[6.248s] [ 29%] [32mBuilding CXX object CMakeFiles/nmea_msgs__rosidl_typesupport_cpp.dir/rosidl_typesupport_cpp/nmea_msgs/msg/gprmc__type_support.cpp.o[0m
[6.947s] [35m[1mConsolidate compiler generated dependencies of target nmea_msgs__rosidl_typesupport_introspection_cpp[0m
[6.994s] [ 30%] [32mBuilding CXX object CMakeFiles/nmea_msgs__rosidl_typesupport_c.dir/rosidl_typesupport_c/nmea_msgs/msg/gpgga__type_support.cpp.o[0m
[6.995s] [ 31%] [32mBuilding CXX object CMakeFiles/nmea_msgs__rosidl_typesupport_introspection_cpp.dir/rosidl_typesupport_introspection_cpp/nmea_msgs/msg/detail/gpgga__type_support.cpp.o[0m
[7.036s] [ 32%] [32mBuilding CXX object CMakeFiles/nmea_msgs__rosidl_typesupport_c.dir/rosidl_typesupport_c/nmea_msgs/msg/gpgsa__type_support.cpp.o[0m
[7.071s] [ 34%] [32mBuilding CXX object CMakeFiles/nmea_msgs__rosidl_typesupport_introspection_cpp.dir/rosidl_typesupport_introspection_cpp/nmea_msgs/msg/detail/gpgsa__type_support.cpp.o[0m
[7.144s] [ 36%] [32mBuilding CXX object CMakeFiles/nmea_msgs__rosidl_typesupport_c.dir/rosidl_typesupport_c/nmea_msgs/msg/gpgsv__type_support.cpp.o[0m
[7.146s] [ 36%] [32mBuilding CXX object CMakeFiles/nmea_msgs__rosidl_typesupport_c.dir/rosidl_typesupport_c/nmea_msgs/msg/gpgsv_satellite__type_support.cpp.o[0m
[7.150s] [ 37%] [32mBuilding CXX object CMakeFiles/nmea_msgs__rosidl_typesupport_introspection_cpp.dir/rosidl_typesupport_introspection_cpp/nmea_msgs/msg/detail/gpgsv__type_support.cpp.o[0m
[7.156s] [ 39%] [32mBuilding CXX object CMakeFiles/nmea_msgs__rosidl_typesupport_c.dir/rosidl_typesupport_c/nmea_msgs/msg/gprmc__type_support.cpp.o[0m
[7.158s] [ 40%] [32mBuilding CXX object CMakeFiles/nmea_msgs__rosidl_typesupport_c.dir/rosidl_typesupport_c/nmea_msgs/msg/gpgst__type_support.cpp.o[0m
[7.164s] [ 41%] [32mBuilding CXX object CMakeFiles/nmea_msgs__rosidl_typesupport_c.dir/rosidl_typesupport_c/nmea_msgs/msg/sentence__type_support.cpp.o[0m
[7.180s] [ 43%] [32m[1mLinking CXX shared library libnmea_msgs__rosidl_typesupport_cpp.so[0m
[7.246s] [ 44%] [32mBuilding CXX object CMakeFiles/nmea_msgs__rosidl_typesupport_introspection_cpp.dir/rosidl_typesupport_introspection_cpp/nmea_msgs/msg/detail/gpgsv_satellite__type_support.cpp.o[0m
[7.264s] [ 45%] [32mBuilding CXX object CMakeFiles/nmea_msgs__rosidl_typesupport_introspection_cpp.dir/rosidl_typesupport_introspection_cpp/nmea_msgs/msg/detail/gprmc__type_support.cpp.o[0m
[7.270s] [ 46%] [32m[1mLinking CXX shared library libnmea_msgs__rosidl_typesupport_c.so[0m
[7.276s] [ 48%] [32mBuilding CXX object CMakeFiles/nmea_msgs__rosidl_typesupport_introspection_cpp.dir/rosidl_typesupport_introspection_cpp/nmea_msgs/msg/detail/gpgst__type_support.cpp.o[0m
[7.287s] [ 49%] [32mBuilding CXX object CMakeFiles/nmea_msgs__rosidl_typesupport_introspection_cpp.dir/rosidl_typesupport_introspection_cpp/nmea_msgs/msg/detail/sentence__type_support.cpp.o[0m
[7.331s] [ 49%] Built target nmea_msgs__rosidl_typesupport_cpp
[7.349s] [ 50%] [32mBuilding C object CMakeFiles/nmea_msgs__rosidl_typesupport_introspection_c.dir/rosidl_typesupport_introspection_c/nmea_msgs/msg/detail/gpgga__type_support.c.o[0m
[7.383s] [ 51%] [32mBuilding C object CMakeFiles/nmea_msgs__rosidl_typesupport_introspection_c.dir/rosidl_typesupport_introspection_c/nmea_msgs/msg/detail/gpgsa__type_support.c.o[0m
[7.439s] [ 51%] Built target nmea_msgs__rosidl_typesupport_c
[7.482s] [ 53%] [32mBuilding C object CMakeFiles/nmea_msgs__rosidl_typesupport_introspection_c.dir/rosidl_typesupport_introspection_c/nmea_msgs/msg/detail/gpgsv__type_support.c.o[0m
[7.515s] [ 54%] [32mBuilding C object CMakeFiles/nmea_msgs__rosidl_typesupport_introspection_c.dir/rosidl_typesupport_introspection_c/nmea_msgs/msg/detail/gpgsv_satellite__type_support.c.o[0m
[7.591s] [ 55%] [32mBuilding C object CMakeFiles/nmea_msgs__rosidl_typesupport_introspection_c.dir/rosidl_typesupport_introspection_c/nmea_msgs/msg/detail/gprmc__type_support.c.o[0m
[7.631s] [ 56%] [32mBuilding C object CMakeFiles/nmea_msgs__rosidl_typesupport_introspection_c.dir/rosidl_typesupport_introspection_c/nmea_msgs/msg/detail/sentence__type_support.c.o[0m
[7.639s] [ 58%] [32mBuilding C object CMakeFiles/nmea_msgs__rosidl_typesupport_introspection_c.dir/rosidl_typesupport_introspection_c/nmea_msgs/msg/detail/gpgst__type_support.c.o[0m
[7.735s] [35m[1mConsolidate compiler generated dependencies of target nmea_msgs__rosidl_typesupport_fastrtps_cpp[0m
[7.739s] [ 59%] [32m[1mLinking C shared library libnmea_msgs__rosidl_typesupport_introspection_c.so[0m
[7.772s] [ 60%] [32mBuilding CXX object CMakeFiles/nmea_msgs__rosidl_typesupport_fastrtps_cpp.dir/rosidl_typesupport_fastrtps_cpp/nmea_msgs/msg/detail/dds_fastrtps/gpgga__type_support.cpp.o[0m
[7.779s] [ 62%] [32mBuilding CXX object CMakeFiles/nmea_msgs__rosidl_typesupport_fastrtps_cpp.dir/rosidl_typesupport_fastrtps_cpp/nmea_msgs/msg/detail/dds_fastrtps/gpgsa__type_support.cpp.o[0m
[7.872s] [ 62%] Built target nmea_msgs__rosidl_typesupport_introspection_c
[7.904s] [ 63%] [32mBuilding CXX object CMakeFiles/nmea_msgs__rosidl_typesupport_fastrtps_cpp.dir/rosidl_typesupport_fastrtps_cpp/nmea_msgs/msg/detail/dds_fastrtps/gpgsv__type_support.cpp.o[0m
[7.938s] [ 64%] [32mBuilding CXX object CMakeFiles/nmea_msgs__rosidl_typesupport_fastrtps_cpp.dir/rosidl_typesupport_fastrtps_cpp/nmea_msgs/msg/detail/dds_fastrtps/gpgsv_satellite__type_support.cpp.o[0m
[7.980s] [ 65%] [32mBuilding CXX object CMakeFiles/nmea_msgs__rosidl_typesupport_fastrtps_c.dir/rosidl_typesupport_fastrtps_c/nmea_msgs/msg/detail/gpgga__type_support_c.cpp.o[0m
[8.261s] [ 67%] [32mBuilding CXX object CMakeFiles/nmea_msgs__rosidl_typesupport_fastrtps_c.dir/rosidl_typesupport_fastrtps_c/nmea_msgs/msg/detail/gpgsa__type_support_c.cpp.o[0m
[8.372s] [ 68%] [32mBuilding CXX object CMakeFiles/nmea_msgs__rosidl_typesupport_fastrtps_c.dir/rosidl_typesupport_fastrtps_c/nmea_msgs/msg/detail/gpgsv__type_support_c.cpp.o[0m
[8.450s] [ 69%] [32mBuilding CXX object CMakeFiles/nmea_msgs__rosidl_typesupport_fastrtps_c.dir/rosidl_typesupport_fastrtps_c/nmea_msgs/msg/detail/gpgsv_satellite__type_support_c.cpp.o[0m
[8.454s] [ 70%] [32mBuilding CXX object CMakeFiles/nmea_msgs__rosidl_typesupport_fastrtps_cpp.dir/rosidl_typesupport_fastrtps_cpp/nmea_msgs/msg/detail/dds_fastrtps/gprmc__type_support.cpp.o[0m
[8.454s] [ 72%] [32mBuilding CXX object CMakeFiles/nmea_msgs__rosidl_typesupport_fastrtps_cpp.dir/rosidl_typesupport_fastrtps_cpp/nmea_msgs/msg/detail/dds_fastrtps/gpgst__type_support.cpp.o[0m
[8.598s] [ 73%] [32mBuilding CXX object CMakeFiles/nmea_msgs__rosidl_typesupport_fastrtps_c.dir/rosidl_typesupport_fastrtps_c/nmea_msgs/msg/detail/gprmc__type_support_c.cpp.o[0m
[8.620s] [ 74%] [32m[1mLinking CXX shared library libnmea_msgs__rosidl_typesupport_introspection_cpp.so[0m
[9.044s] [ 74%] Built target nmea_msgs__rosidl_typesupport_introspection_cpp
[9.109s] [ 75%] [32mBuilding CXX object CMakeFiles/nmea_msgs__rosidl_typesupport_fastrtps_cpp.dir/rosidl_typesupport_fastrtps_cpp/nmea_msgs/msg/detail/dds_fastrtps/sentence__type_support.cpp.o[0m
[9.205s] [ 77%] [32mBuilding CXX object CMakeFiles/nmea_msgs__rosidl_typesupport_fastrtps_c.dir/rosidl_typesupport_fastrtps_c/nmea_msgs/msg/detail/gpgst__type_support_c.cpp.o[0m
[9.232s] [ 78%] [32mBuilding CXX object CMakeFiles/nmea_msgs__rosidl_typesupport_fastrtps_c.dir/rosidl_typesupport_fastrtps_c/nmea_msgs/msg/detail/sentence__type_support_c.cpp.o[0m
[10.030s] [ 81%] [32m[1mLinking CXX shared library libnmea_msgs__rosidl_typesupport_fastrtps_c.so[0m
[10.030s] [ 81%] [32m[1mLinking CXX shared library libnmea_msgs__rosidl_typesupport_fastrtps_cpp.so[0m
[10.186s] [ 81%] Built target nmea_msgs__rosidl_typesupport_fastrtps_c
[10.191s] [ 81%] Built target nmea_msgs__rosidl_typesupport_fastrtps_cpp
[10.219s] [ 81%] Built target nmea_msgs
[10.248s] [ 82%] [34m[1mGenerating Python code for ROS interfaces[0m
[12.470s] [ 82%] Built target nmea_msgs__py
[12.499s] [ 86%] [32mBuilding C object CMakeFiles/nmea_msgs__rosidl_generator_py.dir/rosidl_generator_py/nmea_msgs/msg/_gpgsa_s.c.o[0m
[12.499s] [ 86%] [32mBuilding C object CMakeFiles/nmea_msgs__rosidl_generator_py.dir/rosidl_generator_py/nmea_msgs/msg/_gpgga_s.c.o[0m
[12.499s] [ 86%] [32mBuilding C object CMakeFiles/nmea_msgs__rosidl_generator_py.dir/rosidl_generator_py/nmea_msgs/msg/_gpgsv_satellite_s.c.o[0m
[12.502s] [ 87%] [32mBuilding C object CMakeFiles/nmea_msgs__rosidl_generator_py.dir/rosidl_generator_py/nmea_msgs/msg/_gpgsv_s.c.o[0m
[12.504s] [ 88%] [32mBuilding C object CMakeFiles/nmea_msgs__rosidl_generator_py.dir/rosidl_generator_py/nmea_msgs/msg/_gprmc_s.c.o[0m
[12.505s] [ 91%] [32mBuilding C object CMakeFiles/nmea_msgs__rosidl_generator_py.dir/rosidl_generator_py/nmea_msgs/msg/_gpgst_s.c.o[0m
[12.505s] [ 91%] [32mBuilding C object CMakeFiles/nmea_msgs__rosidl_generator_py.dir/rosidl_generator_py/nmea_msgs/msg/_sentence_s.c.o[0m
[12.756s] [ 92%] [32m[1mLinking C shared library rosidl_generator_py/nmea_msgs/libnmea_msgs__rosidl_generator_py.so[0m
[12.819s] [ 92%] Built target nmea_msgs__rosidl_generator_py
[12.846s] [ 94%] [32mBuilding C object CMakeFiles/nmea_msgs__rosidl_typesupport_fastrtps_c__pyext.dir/rosidl_generator_py/nmea_msgs/_nmea_msgs_s.ep.rosidl_typesupport_fastrtps_c.c.o[0m
[12.846s] [ 94%] [32mBuilding C object CMakeFiles/nmea_msgs__rosidl_typesupport_introspection_c__pyext.dir/rosidl_generator_py/nmea_msgs/_nmea_msgs_s.ep.rosidl_typesupport_introspection_c.c.o[0m
[12.846s] [ 96%] [32mBuilding C object CMakeFiles/nmea_msgs__rosidl_typesupport_c__pyext.dir/rosidl_generator_py/nmea_msgs/_nmea_msgs_s.ep.rosidl_typesupport_c.c.o[0m
[13.075s] [100%] [32m[1mLinking C shared library rosidl_generator_py/nmea_msgs/nmea_msgs_s__rosidl_typesupport_fastrtps_c.cpython-310-x86_64-linux-gnu.so[0m
[13.076s] [100%] [32m[1mLinking C shared library rosidl_generator_py/nmea_msgs/nmea_msgs_s__rosidl_typesupport_introspection_c.cpython-310-x86_64-linux-gnu.so[0m
[13.076s] [100%] [32m[1mLinking C shared library rosidl_generator_py/nmea_msgs/nmea_msgs_s__rosidl_typesupport_c.cpython-310-x86_64-linux-gnu.so[0m
[13.141s] [100%] Built target nmea_msgs__rosidl_typesupport_introspection_c__pyext
[13.141s] [100%] Built target nmea_msgs__rosidl_typesupport_c__pyext
[13.142s] [100%] Built target nmea_msgs__rosidl_typesupport_fastrtps_c__pyext
[13.161s] Invoked command in '/home/maria/ros2_coche/build/nmea_msgs' returned '0': CMAKE_PREFIX_PATH=/opt/ros/humble /usr/bin/cmake --build /home/maria/ros2_coche/build/nmea_msgs -- -j12 -l12
[13.408s] Invoking command in '/home/maria/ros2_coche/build/nmea_msgs': CMAKE_PREFIX_PATH=/opt/ros/humble /usr/bin/cmake --install /home/maria/ros2_coche/build/nmea_msgs
[13.418s] -- Install configuration: ""
[13.418s] -- Installing: /home/maria/ros2_coche/install/nmea_msgs/share/ament_index/resource_index/rosidl_interfaces/nmea_msgs
[13.418s] -- Installing: /home/maria/ros2_coche/install/nmea_msgs/include/nmea_msgs/nmea_msgs
[13.419s] -- Installing: /home/maria/ros2_coche/install/nmea_msgs/include/nmea_msgs/nmea_msgs/msg
[13.419s] -- Installing: /home/maria/ros2_coche/install/nmea_msgs/include/nmea_msgs/nmea_msgs/msg/detail
[13.419s] -- Installing: /home/maria/ros2_coche/install/nmea_msgs/include/nmea_msgs/nmea_msgs/msg/detail/gprmc__functions.h
[13.419s] -- Installing: /home/maria/ros2_coche/install/nmea_msgs/include/nmea_msgs/nmea_msgs/msg/detail/gpgsv__type_support.h
[13.419s] -- Installing: /home/maria/ros2_coche/install/nmea_msgs/include/nmea_msgs/nmea_msgs/msg/detail/gprmc__struct.h
[13.420s] -- Installing: /home/maria/ros2_coche/install/nmea_msgs/include/nmea_msgs/nmea_msgs/msg/detail/gpgsa__type_support.h
[13.420s] -- Installing: /home/maria/ros2_coche/install/nmea_msgs/include/nmea_msgs/nmea_msgs/msg/detail/gpgst__struct.h
[13.420s] -- Installing: /home/maria/ros2_coche/install/nmea_msgs/include/nmea_msgs/nmea_msgs/msg/detail/gpgsv__struct.h
[13.420s] -- Installing: /home/maria/ros2_coche/install/nmea_msgs/include/nmea_msgs/nmea_msgs/msg/detail/gpgga__struct.h
[13.420s] -- Installing: /home/maria/ros2_coche/install/nmea_msgs/include/nmea_msgs/nmea_msgs/msg/detail/gpgga__functions.h
[13.420s] -- Installing: /home/maria/ros2_coche/install/nmea_msgs/include/nmea_msgs/nmea_msgs/msg/detail/sentence__struct.h
[13.420s] -- Installing: /home/maria/ros2_coche/install/nmea_msgs/include/nmea_msgs/nmea_msgs/msg/detail/gpgst__functions.c
[13.420s] -- Installing: /home/maria/ros2_coche/install/nmea_msgs/include/nmea_msgs/nmea_msgs/msg/detail/gpgsa__struct.h
[13.421s] -- Installing: /home/maria/ros2_coche/install/nmea_msgs/include/nmea_msgs/nmea_msgs/msg/detail/gprmc__type_support.h
[13.421s] -- Installing: /home/maria/ros2_coche/install/nmea_msgs/include/nmea_msgs/nmea_msgs/msg/detail/gpgsa__functions.c
[13.421s] -- Installing: /home/maria/ros2_coche/install/nmea_msgs/include/nmea_msgs/nmea_msgs/msg/detail/sentence__type_support.h
[13.421s] -- Installing: /home/maria/ros2_coche/install/nmea_msgs/include/nmea_msgs/nmea_msgs/msg/detail/gpgsa__functions.h
[13.421s] -- Installing: /home/maria/ros2_coche/install/nmea_msgs/include/nmea_msgs/nmea_msgs/msg/detail/gpgst__type_support.h
[13.421s] -- Installing: /home/maria/ros2_coche/install/nmea_msgs/include/nmea_msgs/nmea_msgs/msg/detail/gpgst__functions.h
[13.421s] -- Installing: /home/maria/ros2_coche/install/nmea_msgs/include/nmea_msgs/nmea_msgs/msg/detail/gpgsv__functions.c
[13.422s] -- Installing: /home/maria/ros2_coche/install/nmea_msgs/include/nmea_msgs/nmea_msgs/msg/detail/gpgsv__functions.h
[13.422s] -- Installing: /home/maria/ros2_coche/install/nmea_msgs/include/nmea_msgs/nmea_msgs/msg/detail/gpgga__type_support.h
[13.422s] -- Installing: /home/maria/ros2_coche/install/nmea_msgs/include/nmea_msgs/nmea_msgs/msg/detail/gpgsv_satellite__functions.c
[13.422s] -- Installing: /home/maria/ros2_coche/install/nmea_msgs/include/nmea_msgs/nmea_msgs/msg/detail/gpgsv_satellite__struct.h
[13.422s] -- Installing: /home/maria/ros2_coche/install/nmea_msgs/include/nmea_msgs/nmea_msgs/msg/detail/gprmc__functions.c
[13.423s] -- Installing: /home/maria/ros2_coche/install/nmea_msgs/include/nmea_msgs/nmea_msgs/msg/detail/gpgsv_satellite__functions.h
[13.423s] -- Installing: /home/maria/ros2_coche/install/nmea_msgs/include/nmea_msgs/nmea_msgs/msg/detail/sentence__functions.c
[13.423s] -- Installing: /home/maria/ros2_coche/install/nmea_msgs/include/nmea_msgs/nmea_msgs/msg/detail/sentence__functions.h
[13.423s] -- Installing: /home/maria/ros2_coche/install/nmea_msgs/include/nmea_msgs/nmea_msgs/msg/detail/gpgga__functions.c
[13.423s] -- Installing: /home/maria/ros2_coche/install/nmea_msgs/include/nmea_msgs/nmea_msgs/msg/detail/gpgsv_satellite__type_support.h
[13.423s] -- Installing: /home/maria/ros2_coche/install/nmea_msgs/include/nmea_msgs/nmea_msgs/msg/gpgga.h
[13.424s] -- Installing: /home/maria/ros2_coche/install/nmea_msgs/include/nmea_msgs/nmea_msgs/msg/gpgst.h
[13.424s] -- Installing: /home/maria/ros2_coche/install/nmea_msgs/include/nmea_msgs/nmea_msgs/msg/rosidl_generator_c__visibility_control.h
[13.424s] -- Installing: /home/maria/ros2_coche/install/nmea_msgs/include/nmea_msgs/nmea_msgs/msg/gpgsv.h
[13.424s] -- Installing: /home/maria/ros2_coche/install/nmea_msgs/include/nmea_msgs/nmea_msgs/msg/gpgsv_satellite.h
[13.424s] -- Installing: /home/maria/ros2_coche/install/nmea_msgs/include/nmea_msgs/nmea_msgs/msg/gpgsa.h
[13.424s] -- Installing: /home/maria/ros2_coche/install/nmea_msgs/include/nmea_msgs/nmea_msgs/msg/sentence.h
[13.425s] -- Installing: /home/maria/ros2_coche/install/nmea_msgs/include/nmea_msgs/nmea_msgs/msg/gprmc.h
[13.425s] -- Installing: /home/maria/ros2_coche/install/nmea_msgs/share/nmea_msgs/environment/library_path.sh
[13.425s] -- Installing: /home/maria/ros2_coche/install/nmea_msgs/share/nmea_msgs/environment/library_path.dsv
[13.425s] -- Installing: /home/maria/ros2_coche/install/nmea_msgs/lib/libnmea_msgs__rosidl_generator_c.so
[13.426s] -- Set runtime path of "/home/maria/ros2_coche/install/nmea_msgs/lib/libnmea_msgs__rosidl_generator_c.so" to ""
[13.426s] -- Up-to-date: /home/maria/ros2_coche/install/nmea_msgs/include/nmea_msgs/nmea_msgs
[13.427s] -- Up-to-date: /home/maria/ros2_coche/install/nmea_msgs/include/nmea_msgs/nmea_msgs/msg
[13.427s] -- Up-to-date: /home/maria/ros2_coche/install/nmea_msgs/include/nmea_msgs/nmea_msgs/msg/detail
[13.427s] -- Installing: /home/maria/ros2_coche/install/nmea_msgs/include/nmea_msgs/nmea_msgs/msg/detail/gpgsv__rosidl_typesupport_fastrtps_c.h
[13.427s] -- Installing: /home/maria/ros2_coche/install/nmea_msgs/include/nmea_msgs/nmea_msgs/msg/detail/gpgsv_satellite__rosidl_typesupport_fastrtps_c.h
[13.427s] -- Installing: /home/maria/ros2_coche/install/nmea_msgs/include/nmea_msgs/nmea_msgs/msg/detail/gpgst__rosidl_typesupport_fastrtps_c.h
[13.427s] -- Installing: /home/maria/ros2_coche/install/nmea_msgs/include/nmea_msgs/nmea_msgs/msg/detail/sentence__rosidl_typesupport_fastrtps_c.h
[13.427s] -- Installing: /home/maria/ros2_coche/install/nmea_msgs/include/nmea_msgs/nmea_msgs/msg/detail/gpgga__rosidl_typesupport_fastrtps_c.h
[13.427s] -- Installing: /home/maria/ros2_coche/install/nmea_msgs/include/nmea_msgs/nmea_msgs/msg/detail/gprmc__rosidl_typesupport_fastrtps_c.h
[13.428s] -- Installing: /home/maria/ros2_coche/install/nmea_msgs/include/nmea_msgs/nmea_msgs/msg/detail/gpgsa__rosidl_typesupport_fastrtps_c.h
[13.428s] -- Installing: /home/maria/ros2_coche/install/nmea_msgs/include/nmea_msgs/nmea_msgs/msg/rosidl_typesupport_fastrtps_c__visibility_control.h
[13.428s] -- Installing: /home/maria/ros2_coche/install/nmea_msgs/lib/libnmea_msgs__rosidl_typesupport_fastrtps_c.so
[13.428s] -- Set runtime path of "/home/maria/ros2_coche/install/nmea_msgs/lib/libnmea_msgs__rosidl_typesupport_fastrtps_c.so" to ""
[13.429s] -- Up-to-date: /home/maria/ros2_coche/install/nmea_msgs/include/nmea_msgs/nmea_msgs
[13.429s] -- Up-to-date: /home/maria/ros2_coche/install/nmea_msgs/include/nmea_msgs/nmea_msgs/msg
[13.429s] -- Up-to-date: /home/maria/ros2_coche/install/nmea_msgs/include/nmea_msgs/nmea_msgs/msg/detail
[13.429s] -- Installing: /home/maria/ros2_coche/install/nmea_msgs/include/nmea_msgs/nmea_msgs/msg/detail/gpgst__struct.hpp
[13.429s] -- Installing: /home/maria/ros2_coche/install/nmea_msgs/include/nmea_msgs/nmea_msgs/msg/detail/gpgsa__traits.hpp
[13.429s] -- Installing: /home/maria/ros2_coche/install/nmea_msgs/include/nmea_msgs/nmea_msgs/msg/detail/sentence__struct.hpp
[13.429s] -- Installing: /home/maria/ros2_coche/install/nmea_msgs/include/nmea_msgs/nmea_msgs/msg/detail/gpgsv_satellite__builder.hpp
[13.429s] -- Installing: /home/maria/ros2_coche/install/nmea_msgs/include/nmea_msgs/nmea_msgs/msg/detail/gpgsv_satellite__traits.hpp
[13.429s] -- Installing: /home/maria/ros2_coche/install/nmea_msgs/include/nmea_msgs/nmea_msgs/msg/detail/gpgga__traits.hpp
[13.430s] -- Installing: /home/maria/ros2_coche/install/nmea_msgs/include/nmea_msgs/nmea_msgs/msg/detail/gpgst__traits.hpp
[13.430s] -- Installing: /home/maria/ros2_coche/install/nmea_msgs/include/nmea_msgs/nmea_msgs/msg/detail/gpgsa__struct.hpp
[13.430s] -- Installing: /home/maria/ros2_coche/install/nmea_msgs/include/nmea_msgs/nmea_msgs/msg/detail/gpgst__builder.hpp
[13.430s] -- Installing: /home/maria/ros2_coche/install/nmea_msgs/include/nmea_msgs/nmea_msgs/msg/detail/gpgsv_satellite__struct.hpp
[13.430s] -- Installing: /home/maria/ros2_coche/install/nmea_msgs/include/nmea_msgs/nmea_msgs/msg/detail/gprmc__struct.hpp
[13.430s] -- Installing: /home/maria/ros2_coche/install/nmea_msgs/include/nmea_msgs/nmea_msgs/msg/detail/gpgsv__builder.hpp
[13.431s] -- Installing: /home/maria/ros2_coche/install/nmea_msgs/include/nmea_msgs/nmea_msgs/msg/detail/gpgsv__struct.hpp
[13.431s] -- Installing: /home/maria/ros2_coche/install/nmea_msgs/include/nmea_msgs/nmea_msgs/msg/detail/sentence__traits.hpp
[13.431s] -- Installing: /home/maria/ros2_coche/install/nmea_msgs/include/nmea_msgs/nmea_msgs/msg/detail/sentence__builder.hpp
[13.431s] -- Installing: /home/maria/ros2_coche/install/nmea_msgs/include/nmea_msgs/nmea_msgs/msg/detail/gpgga__struct.hpp
[13.431s] -- Installing: /home/maria/ros2_coche/install/nmea_msgs/include/nmea_msgs/nmea_msgs/msg/detail/gprmc__builder.hpp
[13.431s] -- Installing: /home/maria/ros2_coche/install/nmea_msgs/include/nmea_msgs/nmea_msgs/msg/detail/gpgsa__builder.hpp
[13.432s] -- Installing: /home/maria/ros2_coche/install/nmea_msgs/include/nmea_msgs/nmea_msgs/msg/detail/gpgga__builder.hpp
[13.432s] -- Installing: /home/maria/ros2_coche/install/nmea_msgs/include/nmea_msgs/nmea_msgs/msg/detail/gprmc__traits.hpp
[13.432s] -- Installing: /home/maria/ros2_coche/install/nmea_msgs/include/nmea_msgs/nmea_msgs/msg/detail/gpgsv__traits.hpp
[13.432s] -- Installing: /home/maria/ros2_coche/install/nmea_msgs/include/nmea_msgs/nmea_msgs/msg/gpgga.hpp
[13.432s] -- Installing: /home/maria/ros2_coche/install/nmea_msgs/include/nmea_msgs/nmea_msgs/msg/gpgsv_satellite.hpp
[13.433s] -- Installing: /home/maria/ros2_coche/install/nmea_msgs/include/nmea_msgs/nmea_msgs/msg/sentence.hpp
[13.433s] -- Installing: /home/maria/ros2_coche/install/nmea_msgs/include/nmea_msgs/nmea_msgs/msg/gprmc.hpp
[13.433s] -- Installing: /home/maria/ros2_coche/install/nmea_msgs/include/nmea_msgs/nmea_msgs/msg/gpgsv.hpp
[13.433s] -- Installing: /home/maria/ros2_coche/install/nmea_msgs/include/nmea_msgs/nmea_msgs/msg/gpgsa.hpp
[13.433s] -- Installing: /home/maria/ros2_coche/install/nmea_msgs/include/nmea_msgs/nmea_msgs/msg/gpgst.hpp
[13.433s] -- Up-to-date: /home/maria/ros2_coche/install/nmea_msgs/include/nmea_msgs/nmea_msgs
[13.434s] -- Up-to-date: /home/maria/ros2_coche/install/nmea_msgs/include/nmea_msgs/nmea_msgs/msg
[13.434s] -- Up-to-date: /home/maria/ros2_coche/install/nmea_msgs/include/nmea_msgs/nmea_msgs/msg/detail
[13.434s] -- Installing: /home/maria/ros2_coche/install/nmea_msgs/include/nmea_msgs/nmea_msgs/msg/detail/gpgsv_satellite__rosidl_typesupport_fastrtps_cpp.hpp
[13.434s] -- Installing: /home/maria/ros2_coche/install/nmea_msgs/include/nmea_msgs/nmea_msgs/msg/detail/sentence__rosidl_typesupport_fastrtps_cpp.hpp
[13.434s] -- Installing: /home/maria/ros2_coche/install/nmea_msgs/include/nmea_msgs/nmea_msgs/msg/detail/gpgsa__rosidl_typesupport_fastrtps_cpp.hpp
[13.434s] -- Installing: /home/maria/ros2_coche/install/nmea_msgs/include/nmea_msgs/nmea_msgs/msg/detail/gpgst__rosidl_typesupport_fastrtps_cpp.hpp
[13.434s] -- Installing: /home/maria/ros2_coche/install/nmea_msgs/include/nmea_msgs/nmea_msgs/msg/detail/gpgga__rosidl_typesupport_fastrtps_cpp.hpp
[13.434s] -- Installing: /home/maria/ros2_coche/install/nmea_msgs/include/nmea_msgs/nmea_msgs/msg/detail/gpgsv__rosidl_typesupport_fastrtps_cpp.hpp
[13.435s] -- Installing: /home/maria/ros2_coche/install/nmea_msgs/include/nmea_msgs/nmea_msgs/msg/detail/dds_fastrtps
[13.435s] -- Installing: /home/maria/ros2_coche/install/nmea_msgs/include/nmea_msgs/nmea_msgs/msg/detail/gprmc__rosidl_typesupport_fastrtps_cpp.hpp
[13.435s] -- Installing: /home/maria/ros2_coche/install/nmea_msgs/include/nmea_msgs/nmea_msgs/msg/rosidl_typesupport_fastrtps_cpp__visibility_control.h
[13.435s] -- Installing: /home/maria/ros2_coche/install/nmea_msgs/lib/libnmea_msgs__rosidl_typesupport_fastrtps_cpp.so
[13.436s] -- Set runtime path of "/home/maria/ros2_coche/install/nmea_msgs/lib/libnmea_msgs__rosidl_typesupport_fastrtps_cpp.so" to ""
[13.436s] -- Up-to-date: /home/maria/ros2_coche/install/nmea_msgs/include/nmea_msgs/nmea_msgs
[13.436s] -- Up-to-date: /home/maria/ros2_coche/install/nmea_msgs/include/nmea_msgs/nmea_msgs/msg
[13.436s] -- Installing: /home/maria/ros2_coche/install/nmea_msgs/include/nmea_msgs/nmea_msgs/msg/rosidl_typesupport_introspection_c__visibility_control.h
[13.436s] -- Up-to-date: /home/maria/ros2_coche/install/nmea_msgs/include/nmea_msgs/nmea_msgs/msg/detail
[13.437s] -- Installing: /home/maria/ros2_coche/install/nmea_msgs/include/nmea_msgs/nmea_msgs/msg/detail/gpgst__rosidl_typesupport_introspection_c.h
[13.437s] -- Installing: /home/maria/ros2_coche/install/nmea_msgs/include/nmea_msgs/nmea_msgs/msg/detail/gpgsv_satellite__rosidl_typesupport_introspection_c.h
[13.437s] -- Installing: /home/maria/ros2_coche/install/nmea_msgs/include/nmea_msgs/nmea_msgs/msg/detail/gpgsv__rosidl_typesupport_introspection_c.h
[13.437s] -- Installing: /home/maria/ros2_coche/install/nmea_msgs/include/nmea_msgs/nmea_msgs/msg/detail/sentence__type_support.c
[13.437s] -- Installing: /home/maria/ros2_coche/install/nmea_msgs/include/nmea_msgs/nmea_msgs/msg/detail/gpgga__rosidl_typesupport_introspection_c.h
[13.437s] -- Installing: /home/maria/ros2_coche/install/nmea_msgs/include/nmea_msgs/nmea_msgs/msg/detail/gpgsa__type_support.c
[13.437s] -- Installing: /home/maria/ros2_coche/install/nmea_msgs/include/nmea_msgs/nmea_msgs/msg/detail/gpgsv_satellite__type_support.c
[13.437s] -- Installing: /home/maria/ros2_coche/install/nmea_msgs/include/nmea_msgs/nmea_msgs/msg/detail/gpgsv__type_support.c
[13.438s] -- Installing: /home/maria/ros2_coche/install/nmea_msgs/include/nmea_msgs/nmea_msgs/msg/detail/gpgga__type_support.c
[13.438s] -- Installing: /home/maria/ros2_coche/install/nmea_msgs/include/nmea_msgs/nmea_msgs/msg/detail/gpgst__type_support.c
[13.438s] -- Installing: /home/maria/ros2_coche/install/nmea_msgs/include/nmea_msgs/nmea_msgs/msg/detail/gprmc__rosidl_typesupport_introspection_c.h
[13.438s] -- Installing: /home/maria/ros2_coche/install/nmea_msgs/include/nmea_msgs/nmea_msgs/msg/detail/gprmc__type_support.c
[13.438s] -- Installing: /home/maria/ros2_coche/install/nmea_msgs/include/nmea_msgs/nmea_msgs/msg/detail/sentence__rosidl_typesupport_introspection_c.h
[13.439s] -- Installing: /home/maria/ros2_coche/install/nmea_msgs/include/nmea_msgs/nmea_msgs/msg/detail/gpgsa__rosidl_typesupport_introspection_c.h
[13.439s] -- Installing: /home/maria/ros2_coche/install/nmea_msgs/lib/libnmea_msgs__rosidl_typesupport_introspection_c.so
[13.439s] -- Set runtime path of "/home/maria/ros2_coche/install/nmea_msgs/lib/libnmea_msgs__rosidl_typesupport_introspection_c.so" to ""
[13.440s] -- Installing: /home/maria/ros2_coche/install/nmea_msgs/lib/libnmea_msgs__rosidl_typesupport_c.so
[13.440s] -- Set runtime path of "/home/maria/ros2_coche/install/nmea_msgs/lib/libnmea_msgs__rosidl_typesupport_c.so" to ""
[13.440s] -- Up-to-date: /home/maria/ros2_coche/install/nmea_msgs/include/nmea_msgs/nmea_msgs
[13.440s] -- Up-to-date: /home/maria/ros2_coche/install/nmea_msgs/include/nmea_msgs/nmea_msgs/msg
[13.441s] -- Up-to-date: /home/maria/ros2_coche/install/nmea_msgs/include/nmea_msgs/nmea_msgs/msg/detail
[13.441s] -- Installing: /home/maria/ros2_coche/install/nmea_msgs/include/nmea_msgs/nmea_msgs/msg/detail/sentence__type_support.cpp
[13.441s] -- Installing: /home/maria/ros2_coche/install/nmea_msgs/include/nmea_msgs/nmea_msgs/msg/detail/gpgga__type_support.cpp
[13.441s] -- Installing: /home/maria/ros2_coche/install/nmea_msgs/include/nmea_msgs/nmea_msgs/msg/detail/sentence__rosidl_typesupport_introspection_cpp.hpp
[13.441s] -- Installing: /home/maria/ros2_coche/install/nmea_msgs/include/nmea_msgs/nmea_msgs/msg/detail/gpgsa__rosidl_typesupport_introspection_cpp.hpp
[13.441s] -- Installing: /home/maria/ros2_coche/install/nmea_msgs/include/nmea_msgs/nmea_msgs/msg/detail/gpgsv_satellite__rosidl_typesupport_introspection_cpp.hpp
[13.441s] -- Installing: /home/maria/ros2_coche/install/nmea_msgs/include/nmea_msgs/nmea_msgs/msg/detail/gpgst__type_support.cpp
[13.441s] -- Installing: /home/maria/ros2_coche/install/nmea_msgs/include/nmea_msgs/nmea_msgs/msg/detail/gpgsa__type_support.cpp
[13.442s] -- Installing: /home/maria/ros2_coche/install/nmea_msgs/include/nmea_msgs/nmea_msgs/msg/detail/gprmc__rosidl_typesupport_introspection_cpp.hpp
[13.442s] -- Installing: /home/maria/ros2_coche/install/nmea_msgs/include/nmea_msgs/nmea_msgs/msg/detail/gpgsv__rosidl_typesupport_introspection_cpp.hpp
[13.442s] -- Installing: /home/maria/ros2_coche/install/nmea_msgs/include/nmea_msgs/nmea_msgs/msg/detail/gprmc__type_support.cpp
[13.442s] -- Installing: /home/maria/ros2_coche/install/nmea_msgs/include/nmea_msgs/nmea_msgs/msg/detail/gpgsv__type_support.cpp
[13.442s] -- Installing: /home/maria/ros2_coche/install/nmea_msgs/include/nmea_msgs/nmea_msgs/msg/detail/gpgsv_satellite__type_support.cpp
[13.442s] -- Installing: /home/maria/ros2_coche/install/nmea_msgs/include/nmea_msgs/nmea_msgs/msg/detail/gpgst__rosidl_typesupport_introspection_cpp.hpp
[13.443s] -- Installing: /home/maria/ros2_coche/install/nmea_msgs/include/nmea_msgs/nmea_msgs/msg/detail/gpgga__rosidl_typesupport_introspection_cpp.hpp
[13.443s] -- Installing: /home/maria/ros2_coche/install/nmea_msgs/lib/libnmea_msgs__rosidl_typesupport_introspection_cpp.so
[13.444s] -- Set runtime path of "/home/maria/ros2_coche/install/nmea_msgs/lib/libnmea_msgs__rosidl_typesupport_introspection_cpp.so" to ""
[13.444s] -- Installing: /home/maria/ros2_coche/install/nmea_msgs/lib/libnmea_msgs__rosidl_typesupport_cpp.so
[13.445s] -- Set runtime path of "/home/maria/ros2_coche/install/nmea_msgs/lib/libnmea_msgs__rosidl_typesupport_cpp.so" to ""
[13.445s] -- Installing: /home/maria/ros2_coche/install/nmea_msgs/share/nmea_msgs/environment/pythonpath.sh
[13.445s] -- Installing: /home/maria/ros2_coche/install/nmea_msgs/share/nmea_msgs/environment/pythonpath.dsv
[13.445s] -- Installing: /home/maria/ros2_coche/install/nmea_msgs/local/lib/python3.10/dist-packages/nmea_msgs-1.1.0-py3.10.egg-info
[13.446s] -- Installing: /home/maria/ros2_coche/install/nmea_msgs/local/lib/python3.10/dist-packages/nmea_msgs-1.1.0-py3.10.egg-info/PKG-INFO
[13.446s] -- Installing: /home/maria/ros2_coche/install/nmea_msgs/local/lib/python3.10/dist-packages/nmea_msgs-1.1.0-py3.10.egg-info/top_level.txt
[13.446s] -- Installing: /home/maria/ros2_coche/install/nmea_msgs/local/lib/python3.10/dist-packages/nmea_msgs-1.1.0-py3.10.egg-info/SOURCES.txt
[13.446s] -- Installing: /home/maria/ros2_coche/install/nmea_msgs/local/lib/python3.10/dist-packages/nmea_msgs-1.1.0-py3.10.egg-info/dependency_links.txt
[13.446s] -- Installing: /home/maria/ros2_coche/install/nmea_msgs/local/lib/python3.10/dist-packages/nmea_msgs
[13.446s] -- Installing: /home/maria/ros2_coche/install/nmea_msgs/local/lib/python3.10/dist-packages/nmea_msgs/msg
[13.446s] -- Installing: /home/maria/ros2_coche/install/nmea_msgs/local/lib/python3.10/dist-packages/nmea_msgs/msg/_gpgga_s.c
[13.446s] -- Installing: /home/maria/ros2_coche/install/nmea_msgs/local/lib/python3.10/dist-packages/nmea_msgs/msg/_gpgsv_satellite_s.c
[13.447s] -- Installing: /home/maria/ros2_coche/install/nmea_msgs/local/lib/python3.10/dist-packages/nmea_msgs/msg/_gpgsv_s.c
[13.447s] -- Installing: /home/maria/ros2_coche/install/nmea_msgs/local/lib/python3.10/dist-packages/nmea_msgs/msg/_gpgsa_s.c
[13.447s] -- Installing: /home/maria/ros2_coche/install/nmea_msgs/local/lib/python3.10/dist-packages/nmea_msgs/msg/_gpgsv_satellite.py
[13.447s] -- Installing: /home/maria/ros2_coche/install/nmea_msgs/local/lib/python3.10/dist-packages/nmea_msgs/msg/_gpgga.py
[13.447s] -- Installing: /home/maria/ros2_coche/install/nmea_msgs/local/lib/python3.10/dist-packages/nmea_msgs/msg/_gpgsv.py
[13.447s] -- Installing: /home/maria/ros2_coche/install/nmea_msgs/local/lib/python3.10/dist-packages/nmea_msgs/msg/_gpgst.py
[13.448s] -- Installing: /home/maria/ros2_coche/install/nmea_msgs/local/lib/python3.10/dist-packages/nmea_msgs/msg/_sentence.py
[13.448s] -- Installing: /home/maria/ros2_coche/install/nmea_msgs/local/lib/python3.10/dist-packages/nmea_msgs/msg/_gpgst_s.c
[13.448s] -- Installing: /home/maria/ros2_coche/install/nmea_msgs/local/lib/python3.10/dist-packages/nmea_msgs/msg/_gprmc_s.c
[13.448s] -- Installing: /home/maria/ros2_coche/install/nmea_msgs/local/lib/python3.10/dist-packages/nmea_msgs/msg/__init__.py
[13.448s] -- Installing: /home/maria/ros2_coche/install/nmea_msgs/local/lib/python3.10/dist-packages/nmea_msgs/msg/_gprmc.py
[13.448s] -- Installing: /home/maria/ros2_coche/install/nmea_msgs/local/lib/python3.10/dist-packages/nmea_msgs/msg/_gpgsa.py
[13.449s] -- Installing: /home/maria/ros2_coche/install/nmea_msgs/local/lib/python3.10/dist-packages/nmea_msgs/msg/_sentence_s.c
[13.449s] -- Installing: /home/maria/ros2_coche/install/nmea_msgs/local/lib/python3.10/dist-packages/nmea_msgs/_nmea_msgs_s.ep.rosidl_typesupport_introspection_c.c
[13.449s] -- Installing: /home/maria/ros2_coche/install/nmea_msgs/local/lib/python3.10/dist-packages/nmea_msgs/_nmea_msgs_s.ep.rosidl_typesupport_fastrtps_c.c
[13.449s] -- Installing: /home/maria/ros2_coche/install/nmea_msgs/local/lib/python3.10/dist-packages/nmea_msgs/libnmea_msgs__rosidl_generator_py.so
[13.449s] -- Installing: /home/maria/ros2_coche/install/nmea_msgs/local/lib/python3.10/dist-packages/nmea_msgs/_nmea_msgs_s.ep.rosidl_typesupport_c.c
[13.450s] -- Installing: /home/maria/ros2_coche/install/nmea_msgs/local/lib/python3.10/dist-packages/nmea_msgs/nmea_msgs_s__rosidl_typesupport_c.cpython-310-x86_64-linux-gnu.so
[13.450s] -- Installing: /home/maria/ros2_coche/install/nmea_msgs/local/lib/python3.10/dist-packages/nmea_msgs/__init__.py
[13.450s] -- Installing: /home/maria/ros2_coche/install/nmea_msgs/local/lib/python3.10/dist-packages/nmea_msgs/nmea_msgs_s__rosidl_typesupport_introspection_c.cpython-310-x86_64-linux-gnu.so
[13.450s] -- Installing: /home/maria/ros2_coche/install/nmea_msgs/local/lib/python3.10/dist-packages/nmea_msgs/nmea_msgs_s__rosidl_typesupport_fastrtps_c.cpython-310-x86_64-linux-gnu.so
[13.515s] Listing '/home/maria/ros2_coche/install/nmea_msgs/local/lib/python3.10/dist-packages/nmea_msgs'...
[13.515s] Compiling '/home/maria/ros2_coche/install/nmea_msgs/local/lib/python3.10/dist-packages/nmea_msgs/__init__.py'...
[13.515s] Listing '/home/maria/ros2_coche/install/nmea_msgs/local/lib/python3.10/dist-packages/nmea_msgs/msg'...
[13.515s] Compiling '/home/maria/ros2_coche/install/nmea_msgs/local/lib/python3.10/dist-packages/nmea_msgs/msg/__init__.py'...
[13.515s] Compiling '/home/maria/ros2_coche/install/nmea_msgs/local/lib/python3.10/dist-packages/nmea_msgs/msg/_gpgga.py'...
[13.515s] Compiling '/home/maria/ros2_coche/install/nmea_msgs/local/lib/python3.10/dist-packages/nmea_msgs/msg/_gpgsa.py'...
[13.515s] Compiling '/home/maria/ros2_coche/install/nmea_msgs/local/lib/python3.10/dist-packages/nmea_msgs/msg/_gpgst.py'...
[13.515s] Compiling '/home/maria/ros2_coche/install/nmea_msgs/local/lib/python3.10/dist-packages/nmea_msgs/msg/_gpgsv.py'...
[13.516s] Compiling '/home/maria/ros2_coche/install/nmea_msgs/local/lib/python3.10/dist-packages/nmea_msgs/msg/_gpgsv_satellite.py'...
[13.516s] Compiling '/home/maria/ros2_coche/install/nmea_msgs/local/lib/python3.10/dist-packages/nmea_msgs/msg/_gprmc.py'...
[13.516s] Compiling '/home/maria/ros2_coche/install/nmea_msgs/local/lib/python3.10/dist-packages/nmea_msgs/msg/_sentence.py'...
[13.522s] -- Installing: /home/maria/ros2_coche/install/nmea_msgs/local/lib/python3.10/dist-packages/nmea_msgs/nmea_msgs_s__rosidl_typesupport_fastrtps_c.cpython-310-x86_64-linux-gnu.so
[13.522s] -- Set runtime path of "/home/maria/ros2_coche/install/nmea_msgs/local/lib/python3.10/dist-packages/nmea_msgs/nmea_msgs_s__rosidl_typesupport_fastrtps_c.cpython-310-x86_64-linux-gnu.so" to ""
[13.523s] -- Installing: /home/maria/ros2_coche/install/nmea_msgs/local/lib/python3.10/dist-packages/nmea_msgs/nmea_msgs_s__rosidl_typesupport_introspection_c.cpython-310-x86_64-linux-gnu.so
[13.523s] -- Set runtime path of "/home/maria/ros2_coche/install/nmea_msgs/local/lib/python3.10/dist-packages/nmea_msgs/nmea_msgs_s__rosidl_typesupport_introspection_c.cpython-310-x86_64-linux-gnu.so" to ""
[13.524s] -- Installing: /home/maria/ros2_coche/install/nmea_msgs/local/lib/python3.10/dist-packages/nmea_msgs/nmea_msgs_s__rosidl_typesupport_c.cpython-310-x86_64-linux-gnu.so
[13.524s] -- Set runtime path of "/home/maria/ros2_coche/install/nmea_msgs/local/lib/python3.10/dist-packages/nmea_msgs/nmea_msgs_s__rosidl_typesupport_c.cpython-310-x86_64-linux-gnu.so" to ""
[13.525s] -- Installing: /home/maria/ros2_coche/install/nmea_msgs/lib/libnmea_msgs__rosidl_generator_py.so
[13.525s] -- Set runtime path of "/home/maria/ros2_coche/install/nmea_msgs/lib/libnmea_msgs__rosidl_generator_py.so" to ""
[13.526s] -- Installing: /home/maria/ros2_coche/install/nmea_msgs/share/nmea_msgs/msg/Gpgga.idl
[13.526s] -- Installing: /home/maria/ros2_coche/install/nmea_msgs/share/nmea_msgs/msg/Gpgsa.idl
[13.526s] -- Installing: /home/maria/ros2_coche/install/nmea_msgs/share/nmea_msgs/msg/Gpgsv.idl
[13.526s] -- Installing: /home/maria/ros2_coche/install/nmea_msgs/share/nmea_msgs/msg/GpgsvSatellite.idl
[13.526s] -- Installing: /home/maria/ros2_coche/install/nmea_msgs/share/nmea_msgs/msg/Gprmc.idl
[13.527s] -- Installing: /home/maria/ros2_coche/install/nmea_msgs/share/nmea_msgs/msg/Gpgst.idl
[13.527s] -- Installing: /home/maria/ros2_coche/install/nmea_msgs/share/nmea_msgs/msg/Sentence.idl
[13.527s] -- Installing: /home/maria/ros2_coche/install/nmea_msgs/share/nmea_msgs/msg/Gpgga.msg
[13.527s] -- Installing: /home/maria/ros2_coche/install/nmea_msgs/share/nmea_msgs/msg/Gpgsa.msg
[13.527s] -- Installing: /home/maria/ros2_coche/install/nmea_msgs/share/nmea_msgs/msg/Gpgsv.msg
[13.528s] -- Installing: /home/maria/ros2_coche/install/nmea_msgs/share/nmea_msgs/msg/GpgsvSatellite.msg
[13.528s] -- Installing: /home/maria/ros2_coche/install/nmea_msgs/share/nmea_msgs/msg/Gprmc.msg
[13.528s] -- Installing: /home/maria/ros2_coche/install/nmea_msgs/share/nmea_msgs/msg/Gpgst.msg
[13.528s] -- Installing: /home/maria/ros2_coche/install/nmea_msgs/share/nmea_msgs/msg/Sentence.msg
[13.528s] -- Up-to-date: /home/maria/ros2_coche/install/nmea_msgs/share/nmea_msgs/msg
[13.528s] -- Up-to-date: /home/maria/ros2_coche/install/nmea_msgs/share/nmea_msgs/msg/Gpgsv.msg
[13.529s] -- Up-to-date: /home/maria/ros2_coche/install/nmea_msgs/share/nmea_msgs/msg/Gpgst.msg
[13.529s] -- Up-to-date: /home/maria/ros2_coche/install/nmea_msgs/share/nmea_msgs/msg/Gprmc.msg
[13.529s] -- Up-to-date: /home/maria/ros2_coche/install/nmea_msgs/share/nmea_msgs/msg/Gpgsa.msg
[13.529s] -- Up-to-date: /home/maria/ros2_coche/install/nmea_msgs/share/nmea_msgs/msg/Gpgga.msg
[13.529s] -- Up-to-date: /home/maria/ros2_coche/install/nmea_msgs/share/nmea_msgs/msg/Sentence.msg
[13.529s] -- Up-to-date: /home/maria/ros2_coche/install/nmea_msgs/share/nmea_msgs/msg/GpgsvSatellite.msg
[13.529s] -- Installing: /home/maria/ros2_coche/install/nmea_msgs/share/ament_index/resource_index/package_run_dependencies/nmea_msgs
[13.529s] -- Installing: /home/maria/ros2_coche/install/nmea_msgs/share/ament_index/resource_index/parent_prefix_path/nmea_msgs
[13.530s] -- Installing: /home/maria/ros2_coche/install/nmea_msgs/share/nmea_msgs/environment/ament_prefix_path.sh
[13.530s] -- Installing: /home/maria/ros2_coche/install/nmea_msgs/share/nmea_msgs/environment/ament_prefix_path.dsv
[13.530s] -- Installing: /home/maria/ros2_coche/install/nmea_msgs/share/nmea_msgs/environment/path.sh
[13.530s] -- Installing: /home/maria/ros2_coche/install/nmea_msgs/share/nmea_msgs/environment/path.dsv
[13.530s] -- Installing: /home/maria/ros2_coche/install/nmea_msgs/share/nmea_msgs/local_setup.bash
[13.531s] -- Installing: /home/maria/ros2_coche/install/nmea_msgs/share/nmea_msgs/local_setup.sh
[13.531s] -- Installing: /home/maria/ros2_coche/install/nmea_msgs/share/nmea_msgs/local_setup.zsh
[13.531s] -- Installing: /home/maria/ros2_coche/install/nmea_msgs/share/nmea_msgs/local_setup.dsv
[13.531s] -- Installing: /home/maria/ros2_coche/install/nmea_msgs/share/nmea_msgs/package.dsv
[13.531s] -- Installing: /home/maria/ros2_coche/install/nmea_msgs/share/ament_index/resource_index/packages/nmea_msgs
[13.532s] -- Installing: /home/maria/ros2_coche/install/nmea_msgs/share/nmea_msgs/cmake/export_nmea_msgs__rosidl_generator_cExport.cmake
[13.532s] -- Installing: /home/maria/ros2_coche/install/nmea_msgs/share/nmea_msgs/cmake/export_nmea_msgs__rosidl_generator_cExport-noconfig.cmake
[13.532s] -- Installing: /home/maria/ros2_coche/install/nmea_msgs/share/nmea_msgs/cmake/export_nmea_msgs__rosidl_typesupport_fastrtps_cExport.cmake
[13.532s] -- Installing: /home/maria/ros2_coche/install/nmea_msgs/share/nmea_msgs/cmake/export_nmea_msgs__rosidl_typesupport_fastrtps_cExport-noconfig.cmake
[13.532s] -- Installing: /home/maria/ros2_coche/install/nmea_msgs/share/nmea_msgs/cmake/export_nmea_msgs__rosidl_generator_cppExport.cmake
[13.532s] -- Installing: /home/maria/ros2_coche/install/nmea_msgs/share/nmea_msgs/cmake/export_nmea_msgs__rosidl_typesupport_fastrtps_cppExport.cmake
[13.533s] -- Installing: /home/maria/ros2_coche/install/nmea_msgs/share/nmea_msgs/cmake/export_nmea_msgs__rosidl_typesupport_fastrtps_cppExport-noconfig.cmake
[13.533s] -- Installing: /home/maria/ros2_coche/install/nmea_msgs/share/nmea_msgs/cmake/nmea_msgs__rosidl_typesupport_introspection_cExport.cmake
[13.533s] -- Installing: /home/maria/ros2_coche/install/nmea_msgs/share/nmea_msgs/cmake/nmea_msgs__rosidl_typesupport_introspection_cExport-noconfig.cmake
[13.533s] -- Installing: /home/maria/ros2_coche/install/nmea_msgs/share/nmea_msgs/cmake/nmea_msgs__rosidl_typesupport_cExport.cmake
[13.533s] -- Installing: /home/maria/ros2_coche/install/nmea_msgs/share/nmea_msgs/cmake/nmea_msgs__rosidl_typesupport_cExport-noconfig.cmake
[13.534s] -- Installing: /home/maria/ros2_coche/install/nmea_msgs/share/nmea_msgs/cmake/nmea_msgs__rosidl_typesupport_introspection_cppExport.cmake
[13.534s] -- Installing: /home/maria/ros2_coche/install/nmea_msgs/share/nmea_msgs/cmake/nmea_msgs__rosidl_typesupport_introspection_cppExport-noconfig.cmake
[13.534s] -- Installing: /home/maria/ros2_coche/install/nmea_msgs/share/nmea_msgs/cmake/nmea_msgs__rosidl_typesupport_cppExport.cmake
[13.534s] -- Installing: /home/maria/ros2_coche/install/nmea_msgs/share/nmea_msgs/cmake/nmea_msgs__rosidl_typesupport_cppExport-noconfig.cmake
[13.534s] -- Installing: /home/maria/ros2_coche/install/nmea_msgs/share/nmea_msgs/cmake/export_nmea_msgs__rosidl_generator_pyExport.cmake
[13.535s] -- Installing: /home/maria/ros2_coche/install/nmea_msgs/share/nmea_msgs/cmake/export_nmea_msgs__rosidl_generator_pyExport-noconfig.cmake
[13.535s] -- Installing: /home/maria/ros2_coche/install/nmea_msgs/share/nmea_msgs/cmake/rosidl_cmake-extras.cmake
[13.535s] -- Installing: /home/maria/ros2_coche/install/nmea_msgs/share/nmea_msgs/cmake/ament_cmake_export_dependencies-extras.cmake
[13.535s] -- Installing: /home/maria/ros2_coche/install/nmea_msgs/share/nmea_msgs/cmake/ament_cmake_export_include_directories-extras.cmake
[13.535s] -- Installing: /home/maria/ros2_coche/install/nmea_msgs/share/nmea_msgs/cmake/ament_cmake_export_libraries-extras.cmake
[13.536s] -- Installing: /home/maria/ros2_coche/install/nmea_msgs/share/nmea_msgs/cmake/ament_cmake_export_targets-extras.cmake
[13.536s] -- Installing: /home/maria/ros2_coche/install/nmea_msgs/share/nmea_msgs/cmake/rosidl_cmake_export_typesupport_targets-extras.cmake
[13.536s] -- Installing: /home/maria/ros2_coche/install/nmea_msgs/share/nmea_msgs/cmake/rosidl_cmake_export_typesupport_libraries-extras.cmake
[13.536s] -- Installing: /home/maria/ros2_coche/install/nmea_msgs/share/nmea_msgs/cmake/nmea_msgsConfig.cmake
[13.537s] -- Installing: /home/maria/ros2_coche/install/nmea_msgs/share/nmea_msgs/cmake/nmea_msgsConfig-version.cmake
[13.537s] -- Installing: /home/maria/ros2_coche/install/nmea_msgs/share/nmea_msgs/package.xml
[13.543s] Invoked command in '/home/maria/ros2_coche/build/nmea_msgs' returned '0': CMAKE_PREFIX_PATH=/opt/ros/humble /usr/bin/cmake --install /home/maria/ros2_coche/build/nmea_msgs
