[0.099s] Invoking command in '/home/maria/ros2_coche/build/c4_gps': AMENT_PREFIX_PATH=/home/maria/ros2_coche/install/nmea_msgs:${AMENT_PREFIX_PATH} CMAKE_PREFIX_PATH=/opt/ros/humble:/home/maria/ros2_coche/install/nmea_msgs LD_LIBRARY_PATH=/home/maria/ros2_coche/install/nmea_msgs/lib:${LD_LIBRARY_PATH} PYTHONPATH=/home/maria/ros2_coche/install/nmea_msgs/local/lib/python3.10/dist-packages:${PYTHONPATH} /usr/bin/cmake --build /home/maria/ros2_coche/build/c4_gps -- -j12 -l12
[0.172s] [35m[1mConsolidate compiler generated dependencies of target t_gps[0m
[0.212s] [ 50%] [32mBuilding CXX object CMakeFiles/t_gps.dir/src/gps_reader.cpp.o[0m
[6.781s] [100%] [32m[1mLinking CXX executable t_gps[0m
[7.181s] [100%] Built target t_gps
[7.212s] Invoked command in '/home/maria/ros2_coche/build/c4_gps' returned '0': AMENT_PREFIX_PATH=/home/maria/ros2_coche/install/nmea_msgs:${AMENT_PREFIX_PATH} CMAKE_PREFIX_PATH=/opt/ros/humble:/home/maria/ros2_coche/install/nmea_msgs LD_LIBRARY_PATH=/home/maria/ros2_coche/install/nmea_msgs/lib:${LD_LIBRARY_PATH} PYTHONPATH=/home/maria/ros2_coche/install/nmea_msgs/local/lib/python3.10/dist-packages:${PYTHONPATH} /usr/bin/cmake --build /home/maria/ros2_coche/build/c4_gps -- -j12 -l12
[7.320s] Invoking command in '/home/maria/ros2_coche/build/c4_gps': AMENT_PREFIX_PATH=/home/maria/ros2_coche/install/nmea_msgs:${AMENT_PREFIX_PATH} CMAKE_PREFIX_PATH=/opt/ros/humble:/home/maria/ros2_coche/install/nmea_msgs LD_LIBRARY_PATH=/home/maria/ros2_coche/install/nmea_msgs/lib:${LD_LIBRARY_PATH} PYTHONPATH=/home/maria/ros2_coche/install/nmea_msgs/local/lib/python3.10/dist-packages:${PYTHONPATH} /usr/bin/cmake --install /home/maria/ros2_coche/build/c4_gps
[7.341s] -- Install configuration: ""
[7.342s] -- Installing: /home/maria/ros2_coche/install/c4_gps/lib/c4_gps/t_gps
[7.349s] -- Set runtime path of "/home/maria/ros2_coche/install/c4_gps/lib/c4_gps/t_gps" to ""
[7.350s] -- Up-to-date: /home/maria/ros2_coche/install/c4_gps/share/ament_index/resource_index/package_run_dependencies/c4_gps
[7.350s] -- Up-to-date: /home/maria/ros2_coche/install/c4_gps/share/ament_index/resource_index/parent_prefix_path/c4_gps
[7.350s] -- Up-to-date: /home/maria/ros2_coche/install/c4_gps/share/c4_gps/environment/ament_prefix_path.sh
[7.351s] -- Up-to-date: /home/maria/ros2_coche/install/c4_gps/share/c4_gps/environment/ament_prefix_path.dsv
[7.351s] -- Up-to-date: /home/maria/ros2_coche/install/c4_gps/share/c4_gps/environment/path.sh
[7.351s] -- Up-to-date: /home/maria/ros2_coche/install/c4_gps/share/c4_gps/environment/path.dsv
[7.352s] -- Up-to-date: /home/maria/ros2_coche/install/c4_gps/share/c4_gps/local_setup.bash
[7.352s] -- Up-to-date: /home/maria/ros2_coche/install/c4_gps/share/c4_gps/local_setup.sh
[7.352s] -- Up-to-date: /home/maria/ros2_coche/install/c4_gps/share/c4_gps/local_setup.zsh
[7.352s] -- Up-to-date: /home/maria/ros2_coche/install/c4_gps/share/c4_gps/local_setup.dsv
[7.353s] -- Installing: /home/maria/ros2_coche/install/c4_gps/share/c4_gps/package.dsv
[7.353s] -- Up-to-date: /home/maria/ros2_coche/install/c4_gps/share/ament_index/resource_index/packages/c4_gps
[7.353s] -- Up-to-date: /home/maria/ros2_coche/install/c4_gps/share/c4_gps/cmake/c4_gpsConfig.cmake
[7.354s] -- Up-to-date: /home/maria/ros2_coche/install/c4_gps/share/c4_gps/cmake/c4_gpsConfig-version.cmake
[7.354s] -- Up-to-date: /home/maria/ros2_coche/install/c4_gps/share/c4_gps/package.xml
[7.359s] Invoked command in '/home/maria/ros2_coche/build/c4_gps' returned '0': AMENT_PREFIX_PATH=/home/maria/ros2_coche/install/nmea_msgs:${AMENT_PREFIX_PATH} CMAKE_PREFIX_PATH=/opt/ros/humble:/home/maria/ros2_coche/install/nmea_msgs LD_LIBRARY_PATH=/home/maria/ros2_coche/install/nmea_msgs/lib:${LD_LIBRARY_PATH} PYTHONPATH=/home/maria/ros2_coche/install/nmea_msgs/local/lib/python3.10/dist-packages:${PYTHONPATH} /usr/bin/cmake --install /home/maria/ros2_coche/build/c4_gps
