[0.032s] Invoking command in '/home/maria/ros2_coche/build/nmea_msgs': /usr/bin/cmake /home/maria/ros2_coche/src/nmea_msgs -DCMAKE_INSTALL_PREFIX=/home/maria/ros2_coche/install/nmea_msgs
[0.050s] -- Found ament_cmake: 1.3.3 (/opt/ros/humble/share/ament_cmake/cmake)
[0.598s] -- Found std_msgs: 4.2.3 (/opt/ros/humble/share/std_msgs/cmake)
[0.700s] -- Found rosidl_generator_c: 3.1.4 (/opt/ros/humble/share/rosidl_generator_c/cmake)
[0.711s] -- Found rosidl_adapter: 3.1.4 (/opt/ros/humble/share/rosidl_adapter/cmake)
[0.735s] -- Found rosidl_generator_cpp: 3.1.4 (/opt/ros/humble/share/rosidl_generator_cpp/cmake)
[0.781s] -- Using all available rosidl_typesupport_c: rosidl_typesupport_fastrtps_c;rosidl_typesupport_introspection_c
[0.831s] -- Using all available rosidl_typesupport_cpp: rosidl_typesupport_fastrtps_cpp;rosidl_typesupport_introspection_cpp
[0.927s] -- Found rosidl_default_generators: 1.2.0 (/opt/ros/humble/share/rosidl_default_generators/cmake)
[1.451s] Error parsing '/home/maria/ros2_coche/src/nmea_msgs/package.xml':
[1.543s] Traceback (most recent call last):
[1.543s]   File "/usr/lib/python3/dist-packages/catkin_pkg/package.py", line 610, in parse_package_string
[1.543s]     root = dom.parseString(data)
[1.544s]   File "/usr/lib/python3.10/xml/dom/minidom.py", line 1998, in parseString
[1.544s]     return expatbuilder.parseString(string)
[1.544s]   File "/usr/lib/python3.10/xml/dom/expatbuilder.py", line 925, in parseString
[1.544s]     return builder.parseString(string)
[1.544s]   File "/usr/lib/python3.10/xml/dom/expatbuilder.py", line 223, in parseString
[1.545s]     parser.Parse(string, True)
[1.545s] xml.parsers.expat.ExpatError: mismatched tag: line 23, column 2
[1.545s] 
[1.545s] During handling of the above exception, another exception occurred:
[1.545s] 
[1.545s] Traceback (most recent call last):
[1.545s]   File "/opt/ros/humble/share/ament_cmake_core/cmake/core/package_xml_2_cmake.py", line 150, in <module>
[1.545s]     main()
[1.545s]   File "/opt/ros/humble/share/ament_cmake_core/cmake/core/package_xml_2_cmake.py", line 53, in main
[1.546s]     raise e
[1.546s]   File "/opt/ros/humble/share/ament_cmake_core/cmake/core/package_xml_2_cmake.py", line 49, in main
[1.546s]     package = parse_package_string(
[1.546s]   File "/usr/lib/python3/dist-packages/catkin_pkg/package.py", line 612, in parse_package_string
[1.546s]     raise InvalidPackage('The manifest contains invalid XML:\n%s' % ex, filename)
[1.546s] catkin_pkg.package.InvalidPackage: Error(s) in package '/home/maria/ros2_coche/src/nmea_msgs/package.xml':
[1.546s] The manifest contains invalid XML:
[1.546s] mismatched tag: line 23, column 2
[1.564s] [31mCMake Error at /opt/ros/humble/share/ament_cmake_core/cmake/core/ament_package_xml.cmake:95 (message):
[1.565s]   execute_process(/usr/bin/python3.10
[1.565s]   /opt/ros/humble/share/ament_cmake_core/cmake/core/package_xml_2_cmake.py
[1.565s]   /home/maria/ros2_coche/src/nmea_msgs/package.xml
[1.565s]   /home/maria/ros2_coche/build/nmea_msgs/ament_cmake_core/package.cmake)
[1.565s]   returned error code 1
[1.565s] Call Stack (most recent call first):
[1.565s]   /opt/ros/humble/share/ament_cmake_core/cmake/core/ament_package_xml.cmake:49 (_ament_package_xml)
[1.565s]   /opt/ros/humble/share/rosidl_cmake/cmake/rosidl_generate_interfaces.cmake:226 (ament_package_xml)
[1.565s]   CMakeLists.txt:10 (rosidl_generate_interfaces)
[1.565s] 
[1.566s] [0m
[1.566s] -- Configuring incomplete, errors occurred!
[1.566s] See also "/home/maria/ros2_coche/build/nmea_msgs/CMakeFiles/CMakeOutput.log".
[1.574s] Invoked command in '/home/maria/ros2_coche/build/nmea_msgs' returned '1': /usr/bin/cmake /home/maria/ros2_coche/src/nmea_msgs -DCMAKE_INSTALL_PREFIX=/home/maria/ros2_coche/install/nmea_msgs
