[0.093s] Invoking command in '/home/maria/ros2_coche/build/c4_gps': AMENT_PREFIX_PATH=/home/maria/ros2_coche/install/nmea_msgs:${AMENT_PREFIX_PATH} CMAKE_PREFIX_PATH=/opt/ros/humble:/home/maria/ros2_coche/install/nmea_msgs LD_LIBRARY_PATH=/home/maria/ros2_coche/install/nmea_msgs/lib:${LD_LIBRARY_PATH} PYTHONPATH=/home/maria/ros2_coche/install/nmea_msgs/local/lib/python3.10/dist-packages:${PYTHONPATH} /usr/bin/cmake --build /home/maria/ros2_coche/build/c4_gps -- -j12 -l12
[0.170s] [35m[1mConsolidate compiler generated dependencies of target t_gps[0m
[0.242s] [ 50%] [32mBuilding CXX object CMakeFiles/t_gps.dir/src/trimble_gps.cpp.o[0m
[4.006s] [01m[K/home/maria/ros2_coche/src/c4_gps/src/trimble_gps.cpp:[m[K In member function ‘[01m[Kvoid TrimbleGps::gpgga_callback()[m[K’:
[4.006s] [01m[K/home/maria/ros2_coche/src/c4_gps/src/trimble_gps.cpp:83:37:[m[K [01;31m[Kerror: [m[Kcannot convert ‘[01m[Kstd::string[m[K’ {aka ‘[01m[Kstd::__cxx11::basic_string<char>[m[K’} to ‘[01m[Kvoid*[m[K’
[4.007s]    83 |         if ((msgSize = read(sockFd, [01;31m[Kmessagegps[m[K, sizeof(messagegps) - 1)) > 0)
[4.007s]       |                                     [01;31m[K^~~~~~~~~~[m[K
[4.007s]       |                                     [01;31m[K|[m[K
[4.007s]       |                                     [01;31m[Kstd::string {aka std::__cxx11::basic_string<char>}[m[K
[4.008s] In file included from [01m[K/home/maria/ros2_coche/src/c4_gps/src/trimble_gps.cpp:11[m[K:
[4.008s] [01m[K/usr/include/unistd.h:371:38:[m[K [01;36m[Knote: [m[K  initializing argument 2 of ‘[01m[Kssize_t read(int, void*, size_t)[m[K’
[4.009s]   371 | extern ssize_t read (int __fd, [01;36m[Kvoid *__buf[m[K, size_t __nbytes) __wur
[4.009s]       |                                [01;36m[K~~~~~~^~~~~[m[K
[4.010s] [01m[K/home/maria/ros2_coche/src/c4_gps/src/trimble_gps.cpp:87:26:[m[K [01;31m[Kerror: [m[Kno match for ‘[01m[Koperator<<[m[K’ (operand types are ‘[01m[Kstd::string[m[K’ {aka ‘[01m[Kstd::__cxx11::basic_string<char>[m[K’} and ‘[01m[Kconst char [12][m[K’)
[4.011s]    87 |           [32m[Kmessage_struct[m[K [01;31m[K<<[m[K [34m[K"Timestamp: "[m[K << message.header.stamp.sec << ", Latitude: " << message.lat;
[4.011s]       |           [32m[K~~~~~~~~~~~~~~[m[K [01;31m[K^~[m[K [34m[K~~~~~~~~~~~~~[m[K
[4.011s]       |           [32m[K|[m[K                 [34m[K|[m[K
[4.011s]       |           [32m[K|[m[K                 [34m[Kconst char [12][m[K
[4.011s]       |           [32m[Kstd::string {aka std::__cxx11::basic_string<char>}[m[K
[4.011s] In file included from [01m[K/usr/include/c++/11/memory:77[m[K,
[4.011s]                  from [01m[K/home/maria/ros2_coche/src/c4_gps/src/trimble_gps.cpp:3[m[K:
[4.012s] [01m[K/usr/include/c++/11/bits/shared_ptr.h:70:5:[m[K [01;36m[Knote: [m[Kcandidate: ‘[01m[Ktemplate<class _Ch, class _Tr, class _Tp, __gnu_cxx::_Lock_policy _Lp> std::basic_ostream<_Ch, _Tr>& std::operator<<(std::basic_ostream<_Ch, _Tr>&, const std::__shared_ptr<_Tp, _Lp>&)[m[K’
[4.012s]    70 |     [01;36m[Koperator[m[K<<(std::basic_ostream<_Ch, _Tr>& __os,
[4.012s]       |     [01;36m[K^~~~~~~~[m[K
[4.012s] [01m[K/usr/include/c++/11/bits/shared_ptr.h:70:5:[m[K [01;36m[Knote: [m[K  template argument deduction/substitution failed:
[4.012s] [01m[K/home/maria/ros2_coche/src/c4_gps/src/trimble_gps.cpp:87:29:[m[K [01;36m[Knote: [m[K  ‘[01m[Kstd::string[m[K’ {aka ‘[01m[Kstd::__cxx11::basic_string<char>[m[K’} is not derived from ‘[01m[Kstd::basic_ostream<_Ch, _Tr>[m[K’
[4.012s]    87 |           message_struct << [01;36m[K"Timestamp: "[m[K << message.header.stamp.sec << ", Latitude: " << message.lat;
[4.012s]       |                             [01;36m[K^~~~~~~~~~~~~[m[K
[4.012s] In file included from [01m[K/usr/include/c++/11/bits/basic_string.h:48[m[K,
[4.012s]                  from [01m[K/usr/include/c++/11/string:55[m[K,
[4.013s]                  from [01m[K/home/maria/ros2_coche/src/c4_gps/src/trimble_gps.cpp:4[m[K:
[4.013s] [01m[K/usr/include/c++/11/string_view:667:5:[m[K [01;36m[Knote: [m[Kcandidate: ‘[01m[Ktemplate<class _CharT, class _Traits> std::basic_ostream<_Ch, _Tr>& std::operator<<(std::basic_ostream<_Ch, _Tr>&, std::basic_string_view<_CharT, _Traits>)[m[K’
[4.013s]   667 |     [01;36m[Koperator[m[K<<(basic_ostream<_CharT, _Traits>& __os,
[4.013s]       |     [01;36m[K^~~~~~~~[m[K
[4.013s] [01m[K/usr/include/c++/11/string_view:667:5:[m[K [01;36m[Knote: [m[K  template argument deduction/substitution failed:
[4.013s] [01m[K/home/maria/ros2_coche/src/c4_gps/src/trimble_gps.cpp:87:29:[m[K [01;36m[Knote: [m[K  ‘[01m[Kstd::string[m[K’ {aka ‘[01m[Kstd::__cxx11::basic_string<char>[m[K’} is not derived from ‘[01m[Kstd::basic_ostream<_Ch, _Tr>[m[K’
[4.013s]    87 |           message_struct << [01;36m[K"Timestamp: "[m[K << message.header.stamp.sec << ", Latitude: " << message.lat;
[4.013s]       |                             [01;36m[K^~~~~~~~~~~~~[m[K
[4.013s] In file included from [01m[K/usr/include/c++/11/string:55[m[K,
[4.014s]                  from [01m[K/home/maria/ros2_coche/src/c4_gps/src/trimble_gps.cpp:4[m[K:
[4.014s] [01m[K/usr/include/c++/11/bits/basic_string.h:6531:5:[m[K [01;36m[Knote: [m[Kcandidate: ‘[01m[Ktemplate<class _CharT, class _Traits, class _Alloc> std::basic_ostream<_Ch, _Tr>& std::operator<<(std::basic_ostream<_Ch, _Tr>&, const std::__cxx11::basic_string<_CharT, _Traits, _Allocator>&)[m[K’
[4.014s]  6531 |     [01;36m[Koperator[m[K<<(basic_ostream<_CharT, _Traits>& __os,
[4.014s]       |     [01;36m[K^~~~~~~~[m[K
[4.014s] [01m[K/usr/include/c++/11/bits/basic_string.h:6531:5:[m[K [01;36m[Knote: [m[K  template argument deduction/substitution failed:
[4.014s] [01m[K/home/maria/ros2_coche/src/c4_gps/src/trimble_gps.cpp:87:29:[m[K [01;36m[Knote: [m[K  ‘[01m[Kstd::string[m[K’ {aka ‘[01m[Kstd::__cxx11::basic_string<char>[m[K’} is not derived from ‘[01m[Kstd::basic_ostream<_Ch, _Tr>[m[K’
[4.014s]    87 |           message_struct << [01;36m[K"Timestamp: "[m[K << message.header.stamp.sec << ", Latitude: " << message.lat;
[4.014s]       |                             [01;36m[K^~~~~~~~~~~~~[m[K
[4.014s] In file included from [01m[K/usr/include/c++/11/bits/ios_base.h:46[m[K,
[4.014s]                  from [01m[K/usr/include/c++/11/ios:42[m[K,
[4.015s]                  from [01m[K/usr/include/c++/11/ostream:38[m[K,
[4.015s]                  from [01m[K/usr/include/c++/11/iostream:39[m[K,
[4.015s]                  from [01m[K/home/maria/ros2_coche/src/c4_gps/src/trimble_gps.cpp:5[m[K:
[4.015s] [01m[K/usr/include/c++/11/system_error:279:5:[m[K [01;36m[Knote: [m[Kcandidate: ‘[01m[Ktemplate<class _CharT, class _Traits> std::basic_ostream<_Ch, _Tr>& std::operator<<(std::basic_ostream<_Ch, _Tr>&, const std::error_code&)[m[K’
[4.015s]   279 |     [01;36m[Koperator[m[K<<(basic_ostream<_CharT, _Traits>& __os, const error_code& __e)
[4.015s]       |     [01;36m[K^~~~~~~~[m[K
[4.015s] [01m[K/usr/include/c++/11/system_error:279:5:[m[K [01;36m[Knote: [m[K  template argument deduction/substitution failed:
[4.015s] [01m[K/home/maria/ros2_coche/src/c4_gps/src/trimble_gps.cpp:87:29:[m[K [01;36m[Knote: [m[K  ‘[01m[Kstd::string[m[K’ {aka ‘[01m[Kstd::__cxx11::basic_string<char>[m[K’} is not derived from ‘[01m[Kstd::basic_ostream<_Ch, _Tr>[m[K’
[4.015s]    87 |           message_struct << [01;36m[K"Timestamp: "[m[K << message.header.stamp.sec << ", Latitude: " << message.lat;
[4.015s]       |                             [01;36m[K^~~~~~~~~~~~~[m[K
[4.015s] In file included from [01m[K/usr/include/c++/11/iostream:39[m[K,
[4.016s]                  from [01m[K/home/maria/ros2_coche/src/c4_gps/src/trimble_gps.cpp:5[m[K:
[4.016s] [01m[K/usr/include/c++/11/ostream:513:5:[m[K [01;36m[Knote: [m[Kcandidate: ‘[01m[Ktemplate<class _CharT, class _Traits> std::basic_ostream<_Ch, _Tr>& std::operator<<(std::basic_ostream<_Ch, _Tr>&, _CharT)[m[K’
[4.016s]   513 |     [01;36m[Koperator[m[K<<(basic_ostream<_CharT, _Traits>& __out, _CharT __c)
[4.016s]       |     [01;36m[K^~~~~~~~[m[K
[4.016s] [01m[K/usr/include/c++/11/ostream:513:5:[m[K [01;36m[Knote: [m[K  template argument deduction/substitution failed:
[4.016s] [01m[K/home/maria/ros2_coche/src/c4_gps/src/trimble_gps.cpp:87:29:[m[K [01;36m[Knote: [m[K  ‘[01m[Kstd::string[m[K’ {aka ‘[01m[Kstd::__cxx11::basic_string<char>[m[K’} is not derived from ‘[01m[Kstd::basic_ostream<_Ch, _Tr>[m[K’
[4.016s]    87 |           message_struct << [01;36m[K"Timestamp: "[m[K << message.header.stamp.sec << ", Latitude: " << message.lat;
[4.016s]       |                             [01;36m[K^~~~~~~~~~~~~[m[K
[4.016s] In file included from [01m[K/usr/include/c++/11/iostream:39[m[K,
[4.016s]                  from [01m[K/home/maria/ros2_coche/src/c4_gps/src/trimble_gps.cpp:5[m[K:
[4.017s] [01m[K/usr/include/c++/11/ostream:518:5:[m[K [01;36m[Knote: [m[Kcandidate: ‘[01m[Ktemplate<class _CharT, class _Traits> std::basic_ostream<_Ch, _Tr>& std::operator<<(std::basic_ostream<_Ch, _Tr>&, char)[m[K’
[4.017s]   518 |     [01;36m[Koperator[m[K<<(basic_ostream<_CharT, _Traits>& __out, char __c)
[4.017s]       |     [01;36m[K^~~~~~~~[m[K
[4.017s] [01m[K/usr/include/c++/11/ostream:518:5:[m[K [01;36m[Knote: [m[K  template argument deduction/substitution failed:
[4.017s] [01m[K/home/maria/ros2_coche/src/c4_gps/src/trimble_gps.cpp:87:29:[m[K [01;36m[Knote: [m[K  ‘[01m[Kstd::string[m[K’ {aka ‘[01m[Kstd::__cxx11::basic_string<char>[m[K’} is not derived from ‘[01m[Kstd::basic_ostream<_Ch, _Tr>[m[K’
[4.017s]    87 |           message_struct << [01;36m[K"Timestamp: "[m[K << message.header.stamp.sec << ", Latitude: " << message.lat;
[4.017s]       |                             [01;36m[K^~~~~~~~~~~~~[m[K
[4.017s] In file included from [01m[K/usr/include/c++/11/iostream:39[m[K,
[4.017s]                  from [01m[K/home/maria/ros2_coche/src/c4_gps/src/trimble_gps.cpp:5[m[K:
[4.018s] [01m[K/usr/include/c++/11/ostream:524:5:[m[K [01;36m[Knote: [m[Kcandidate: ‘[01m[Ktemplate<class _Traits> std::basic_ostream<char, _Traits>& std::operator<<(std::basic_ostream<char, _Traits>&, char)[m[K’
[4.018s]   524 |     [01;36m[Koperator[m[K<<(basic_ostream<char, _Traits>& __out, char __c)
[4.018s]       |     [01;36m[K^~~~~~~~[m[K
[4.018s] [01m[K/usr/include/c++/11/ostream:524:5:[m[K [01;36m[Knote: [m[K  template argument deduction/substitution failed:
[4.018s] [01m[K/home/maria/ros2_coche/src/c4_gps/src/trimble_gps.cpp:87:29:[m[K [01;36m[Knote: [m[K  ‘[01m[Kstd::string[m[K’ {aka ‘[01m[Kstd::__cxx11::basic_string<char>[m[K’} is not derived from ‘[01m[Kstd::basic_ostream<char, _Traits>[m[K’
[4.018s]    87 |           message_struct << [01;36m[K"Timestamp: "[m[K << message.header.stamp.sec << ", Latitude: " << message.lat;
[4.018s]       |                             [01;36m[K^~~~~~~~~~~~~[m[K
[4.018s] In file included from [01m[K/usr/include/c++/11/iostream:39[m[K,
[4.018s]                  from [01m[K/home/maria/ros2_coche/src/c4_gps/src/trimble_gps.cpp:5[m[K:
[4.019s] [01m[K/usr/include/c++/11/ostream:530:5:[m[K [01;36m[Knote: [m[Kcandidate: ‘[01m[Ktemplate<class _Traits> std::basic_ostream<char, _Traits>& std::operator<<(std::basic_ostream<char, _Traits>&, signed char)[m[K’
[4.019s]   530 |     [01;36m[Koperator[m[K<<(basic_ostream<char, _Traits>& __out, signed char __c)
[4.019s]       |     [01;36m[K^~~~~~~~[m[K
[4.019s] [01m[K/usr/include/c++/11/ostream:530:5:[m[K [01;36m[Knote: [m[K  template argument deduction/substitution failed:
[4.019s] [01m[K/home/maria/ros2_coche/src/c4_gps/src/trimble_gps.cpp:87:29:[m[K [01;36m[Knote: [m[K  ‘[01m[Kstd::string[m[K’ {aka ‘[01m[Kstd::__cxx11::basic_string<char>[m[K’} is not derived from ‘[01m[Kstd::basic_ostream<char, _Traits>[m[K’
[4.019s]    87 |           message_struct << [01;36m[K"Timestamp: "[m[K << message.header.stamp.sec << ", Latitude: " << message.lat;
[4.019s]       |                             [01;36m[K^~~~~~~~~~~~~[m[K
[4.019s] In file included from [01m[K/usr/include/c++/11/iostream:39[m[K,
[4.019s]                  from [01m[K/home/maria/ros2_coche/src/c4_gps/src/trimble_gps.cpp:5[m[K:
[4.019s] [01m[K/usr/include/c++/11/ostream:535:5:[m[K [01;36m[Knote: [m[Kcandidate: ‘[01m[Ktemplate<class _Traits> std::basic_ostream<char, _Traits>& std::operator<<(std::basic_ostream<char, _Traits>&, unsigned char)[m[K’
[4.019s]   535 |     [01;36m[Koperator[m[K<<(basic_ostream<char, _Traits>& __out, unsigned char __c)
[4.020s]       |     [01;36m[K^~~~~~~~[m[K
[4.020s] [01m[K/usr/include/c++/11/ostream:535:5:[m[K [01;36m[Knote: [m[K  template argument deduction/substitution failed:
[4.020s] [01m[K/home/maria/ros2_coche/src/c4_gps/src/trimble_gps.cpp:87:29:[m[K [01;36m[Knote: [m[K  ‘[01m[Kstd::string[m[K’ {aka ‘[01m[Kstd::__cxx11::basic_string<char>[m[K’} is not derived from ‘[01m[Kstd::basic_ostream<char, _Traits>[m[K’
[4.020s]    87 |           message_struct << [01;36m[K"Timestamp: "[m[K << message.header.stamp.sec << ", Latitude: " << message.lat;
[4.020s]       |                             [01;36m[K^~~~~~~~~~~~~[m[K
[4.020s] In file included from [01m[K/usr/include/c++/11/iostream:39[m[K,
[4.020s]                  from [01m[K/home/maria/ros2_coche/src/c4_gps/src/trimble_gps.cpp:5[m[K:
[4.020s] [01m[K/usr/include/c++/11/ostream:594:5:[m[K [01;36m[Knote: [m[Kcandidate: ‘[01m[Ktemplate<class _CharT, class _Traits> std::basic_ostream<_Ch, _Tr>& std::operator<<(std::basic_ostream<_Ch, _Tr>&, const _CharT*)[m[K’
[4.020s]   594 |     [01;36m[Koperator[m[K<<(basic_ostream<_CharT, _Traits>& __out, const _CharT* __s)
[4.020s]       |     [01;36m[K^~~~~~~~[m[K
[4.021s] [01m[K/usr/include/c++/11/ostream:594:5:[m[K [01;36m[Knote: [m[K  template argument deduction/substitution failed:
[4.021s] [01m[K/home/maria/ros2_coche/src/c4_gps/src/trimble_gps.cpp:87:29:[m[K [01;36m[Knote: [m[K  ‘[01m[Kstd::string[m[K’ {aka ‘[01m[Kstd::__cxx11::basic_string<char>[m[K’} is not derived from ‘[01m[Kstd::basic_ostream<_Ch, _Tr>[m[K’
[4.021s]    87 |           message_struct << [01;36m[K"Timestamp: "[m[K << message.header.stamp.sec << ", Latitude: " << message.lat;
[4.021s]       |                             [01;36m[K^~~~~~~~~~~~~[m[K
[4.021s] In file included from [01m[K/usr/include/c++/11/ostream:829[m[K,
[4.021s]                  from [01m[K/usr/include/c++/11/iostream:39[m[K,
[4.021s]                  from [01m[K/home/maria/ros2_coche/src/c4_gps/src/trimble_gps.cpp:5[m[K:
[4.021s] [01m[K/usr/include/c++/11/bits/ostream.tcc:321:5:[m[K [01;36m[Knote: [m[Kcandidate: ‘[01m[Ktemplate<class _CharT, class _Traits> std::basic_ostream<_Ch, _Tr>& std::operator<<(std::basic_ostream<_Ch, _Tr>&, const char*)[m[K’
[4.021s]   321 |     [01;36m[Koperator[m[K<<(basic_ostream<_CharT, _Traits>& __out, const char* __s)
[4.021s]       |     [01;36m[K^~~~~~~~[m[K
[4.022s] [01m[K/usr/include/c++/11/bits/ostream.tcc:321:5:[m[K [01;36m[Knote: [m[K  template argument deduction/substitution failed:
[4.022s] [01m[K/home/maria/ros2_coche/src/c4_gps/src/trimble_gps.cpp:87:29:[m[K [01;36m[Knote: [m[K  ‘[01m[Kstd::string[m[K’ {aka ‘[01m[Kstd::__cxx11::basic_string<char>[m[K’} is not derived from ‘[01m[Kstd::basic_ostream<_Ch, _Tr>[m[K’
[4.022s]    87 |           message_struct << [01;36m[K"Timestamp: "[m[K << message.header.stamp.sec << ", Latitude: " << message.lat;
[4.022s]       |                             [01;36m[K^~~~~~~~~~~~~[m[K
[4.022s] In file included from [01m[K/usr/include/c++/11/iostream:39[m[K,
[4.022s]                  from [01m[K/home/maria/ros2_coche/src/c4_gps/src/trimble_gps.cpp:5[m[K:
[4.022s] [01m[K/usr/include/c++/11/ostream:611:5:[m[K [01;36m[Knote: [m[Kcandidate: ‘[01m[Ktemplate<class _Traits> std::basic_ostream<char, _Traits>& std::operator<<(std::basic_ostream<char, _Traits>&, const char*)[m[K’
[4.022s]   611 |     [01;36m[Koperator[m[K<<(basic_ostream<char, _Traits>& __out, const char* __s)
[4.023s]       |     [01;36m[K^~~~~~~~[m[K
[4.023s] [01m[K/usr/include/c++/11/ostream:611:5:[m[K [01;36m[Knote: [m[K  template argument deduction/substitution failed:
[4.023s] [01m[K/home/maria/ros2_coche/src/c4_gps/src/trimble_gps.cpp:87:29:[m[K [01;36m[Knote: [m[K  ‘[01m[Kstd::string[m[K’ {aka ‘[01m[Kstd::__cxx11::basic_string<char>[m[K’} is not derived from ‘[01m[Kstd::basic_ostream<char, _Traits>[m[K’
[4.023s]    87 |           message_struct << [01;36m[K"Timestamp: "[m[K << message.header.stamp.sec << ", Latitude: " << message.lat;
[4.023s]       |                             [01;36m[K^~~~~~~~~~~~~[m[K
[4.023s] In file included from [01m[K/usr/include/c++/11/iostream:39[m[K,
[4.023s]                  from [01m[K/home/maria/ros2_coche/src/c4_gps/src/trimble_gps.cpp:5[m[K:
[4.023s] [01m[K/usr/include/c++/11/ostream:624:5:[m[K [01;36m[Knote: [m[Kcandidate: ‘[01m[Ktemplate<class _Traits> std::basic_ostream<char, _Traits>& std::operator<<(std::basic_ostream<char, _Traits>&, const signed char*)[m[K’
[4.023s]   624 |     [01;36m[Koperator[m[K<<(basic_ostream<char, _Traits>& __out, const signed char* __s)
[4.024s]       |     [01;36m[K^~~~~~~~[m[K
[4.024s] [01m[K/usr/include/c++/11/ostream:624:5:[m[K [01;36m[Knote: [m[K  template argument deduction/substitution failed:
[4.024s] [01m[K/home/maria/ros2_coche/src/c4_gps/src/trimble_gps.cpp:87:29:[m[K [01;36m[Knote: [m[K  ‘[01m[Kstd::string[m[K’ {aka ‘[01m[Kstd::__cxx11::basic_string<char>[m[K’} is not derived from ‘[01m[Kstd::basic_ostream<char, _Traits>[m[K’
[4.024s]    87 |           message_struct << [01;36m[K"Timestamp: "[m[K << message.header.stamp.sec << ", Latitude: " << message.lat;
[4.024s]       |                             [01;36m[K^~~~~~~~~~~~~[m[K
[4.024s] In file included from [01m[K/usr/include/c++/11/iostream:39[m[K,
[4.024s]                  from [01m[K/home/maria/ros2_coche/src/c4_gps/src/trimble_gps.cpp:5[m[K:
[4.024s] [01m[K/usr/include/c++/11/ostream:629:5:[m[K [01;36m[Knote: [m[Kcandidate: ‘[01m[Ktemplate<class _Traits> std::basic_ostream<char, _Traits>& std::operator<<(std::basic_ostream<char, _Traits>&, const unsigned char*)[m[K’
[4.024s]   629 |     [01;36m[Koperator[m[K<<(basic_ostream<char, _Traits>& __out, const unsigned char* __s)
[4.024s]       |     [01;36m[K^~~~~~~~[m[K
[4.024s] [01m[K/usr/include/c++/11/ostream:629:5:[m[K [01;36m[Knote: [m[K  template argument deduction/substitution failed:
[4.025s] [01m[K/home/maria/ros2_coche/src/c4_gps/src/trimble_gps.cpp:87:29:[m[K [01;36m[Knote: [m[K  ‘[01m[Kstd::string[m[K’ {aka ‘[01m[Kstd::__cxx11::basic_string<char>[m[K’} is not derived from ‘[01m[Kstd::basic_ostream<char, _Traits>[m[K’
[4.025s]    87 |           message_struct << [01;36m[K"Timestamp: "[m[K << message.header.stamp.sec << ", Latitude: " << message.lat;
[4.025s]       |                             [01;36m[K^~~~~~~~~~~~~[m[K
[4.025s] In file included from [01m[K/usr/include/c++/11/iostream:39[m[K,
[4.025s]                  from [01m[K/home/maria/ros2_coche/src/c4_gps/src/trimble_gps.cpp:5[m[K:
[4.025s] [01m[K/usr/include/c++/11/ostream:750:5:[m[K [01;36m[Knote: [m[Kcandidate: ‘[01m[Ktemplate<class _Ostream, class _Tp> _Ostream&& std::operator<<(_Ostream&&, const _Tp&)[m[K’
[4.025s]   750 |     [01;36m[Koperator[m[K<<(_Ostream&& __os, const _Tp& __x)
[4.025s]       |     [01;36m[K^~~~~~~~[m[K
[4.025s] [01m[K/usr/include/c++/11/ostream:750:5:[m[K [01;36m[Knote: [m[K  template argument deduction/substitution failed:
[4.025s] /usr/include/c++/11/ostream: In substitution of ‘[01m[Ktemplate<class _Ostream, class _Tp> _Ostream&& std::operator<<(_Ostream&&, const _Tp&) [with _Ostream = std::__cxx11::basic_string<char>&; _Tp = char [12]][m[K’:
[4.026s] [01m[K/home/maria/ros2_coche/src/c4_gps/src/trimble_gps.cpp:87:29:[m[K   required from here
[4.026s] [01m[K/usr/include/c++/11/ostream:750:5:[m[K [01;31m[Kerror: [m[Kno type named ‘[01m[Ktype[m[K’ in ‘[01m[Kstruct std::enable_if<false, void>[m[K’
[4.026s] In file included from [01m[K/opt/ros/humble/include/rclcpp/rclcpp/executors/multi_threaded_executor.hpp:22[m[K,
[4.026s]                  from [01m[K/opt/ros/humble/include/rclcpp/rclcpp/executors.hpp:21[m[K,
[4.026s]                  from [01m[K/opt/ros/humble/include/rclcpp/rclcpp/rclcpp.hpp:155[m[K,
[4.026s]                  from [01m[K/home/maria/ros2_coche/src/c4_gps/src/trimble_gps.cpp:21[m[K:
[4.026s] [01m[K/usr/include/c++/11/thread:92:5:[m[K [01;36m[Knote: [m[Kcandidate: ‘[01m[Ktemplate<class _CharT, class _Traits> std::basic_ostream<_Ch, _Tr>& std::operator<<(std::basic_ostream<_Ch, _Tr>&, std::thread::id)[m[K’
[4.026s]    92 |     [01;36m[Koperator[m[K<<(basic_ostream<_CharT, _Traits>& __out, thread::id __id)
[4.026s]       |     [01;36m[K^~~~~~~~[m[K
[4.026s] [01m[K/usr/include/c++/11/thread:92:5:[m[K [01;36m[Knote: [m[K  template argument deduction/substitution failed:
[4.026s] [01m[K/home/maria/ros2_coche/src/c4_gps/src/trimble_gps.cpp:87:29:[m[K [01;36m[Knote: [m[K  ‘[01m[Kstd::string[m[K’ {aka ‘[01m[Kstd::__cxx11::basic_string<char>[m[K’} is not derived from ‘[01m[Kstd::basic_ostream<_Ch, _Tr>[m[K’
[4.027s]    87 |           message_struct << [01;36m[K"Timestamp: "[m[K << message.header.stamp.sec << ", Latitude: " << message.lat;
[4.027s]       |                             [01;36m[K^~~~~~~~~~~~~[m[K
[4.027s] In file included from [01m[K/opt/ros/humble/include/rosidl_runtime_cpp/rosidl_runtime_cpp/traits.hpp:19[m[K,
[4.027s]                  from [01m[K/opt/ros/humble/include/builtin_interfaces/builtin_interfaces/msg/detail/duration__traits.hpp:15[m[K,
[4.027s]                  from [01m[K/opt/ros/humble/include/builtin_interfaces/builtin_interfaces/msg/duration.hpp:9[m[K,
[4.027s]                  from [01m[K/opt/ros/humble/include/rclcpp/rclcpp/duration.hpp:20[m[K,
[4.027s]                  from [01m[K/opt/ros/humble/include/rclcpp/rclcpp/qos.hpp:20[m[K,
[4.027s]                  from [01m[K/opt/ros/humble/include/rclcpp/rclcpp/node_interfaces/node_graph_interface.hpp:32[m[K,
[4.027s]                  from [01m[K/opt/ros/humble/include/rclcpp/rclcpp/client.hpp:42[m[K,
[4.027s]                  from [01m[K/opt/ros/humble/include/rclcpp/rclcpp/callback_group.hpp:24[m[K,
[4.028s]                  from [01m[K/opt/ros/humble/include/rclcpp/rclcpp/any_executable.hpp:20[m[K,
[4.028s]                  from [01m[K/opt/ros/humble/include/rclcpp/rclcpp/memory_strategy.hpp:25[m[K,
[4.028s]                  from [01m[K/opt/ros/humble/include/rclcpp/rclcpp/memory_strategies.hpp:18[m[K,
[4.028s]                  from [01m[K/opt/ros/humble/include/rclcpp/rclcpp/executor_options.hpp:20[m[K,
[4.028s]                  from [01m[K/opt/ros/humble/include/rclcpp/rclcpp/executor.hpp:37[m[K,
[4.028s]                  from [01m[K/opt/ros/humble/include/rclcpp/rclcpp/executors/multi_threaded_executor.hpp:25[m[K,
[4.028s]                  from [01m[K/opt/ros/humble/include/rclcpp/rclcpp/executors.hpp:21[m[K,
[4.028s]                  from [01m[K/opt/ros/humble/include/rclcpp/rclcpp/rclcpp.hpp:155[m[K,
[4.028s]                  from [01m[K/home/maria/ros2_coche/src/c4_gps/src/trimble_gps.cpp:21[m[K:
[4.028s] [01m[K/usr/include/c++/11/iomanip:79:5:[m[K [01;36m[Knote: [m[Kcandidate: ‘[01m[Ktemplate<class _CharT, class _Traits> std::basic_ostream<_Ch, _Tr>& std::operator<<(std::basic_ostream<_Ch, _Tr>&, std::_Resetiosflags)[m[K’
[4.028s]    79 |     [01;36m[Koperator[m[K<<(basic_ostream<_CharT, _Traits>& __os, _Resetiosflags __f)
[4.029s]       |     [01;36m[K^~~~~~~~[m[K
[4.029s] [01m[K/usr/include/c++/11/iomanip:79:5:[m[K [01;36m[Knote: [m[K  template argument deduction/substitution failed:
[4.029s] [01m[K/home/maria/ros2_coche/src/c4_gps/src/trimble_gps.cpp:87:29:[m[K [01;36m[Knote: [m[K  ‘[01m[Kstd::string[m[K’ {aka ‘[01m[Kstd::__cxx11::basic_string<char>[m[K’} is not derived from ‘[01m[Kstd::basic_ostream<_Ch, _Tr>[m[K’
[4.029s]    87 |           message_struct << [01;36m[K"Timestamp: "[m[K << message.header.stamp.sec << ", Latitude: " << message.lat;
[4.029s]       |                             [01;36m[K^~~~~~~~~~~~~[m[K
[4.029s] In file included from [01m[K/opt/ros/humble/include/rosidl_runtime_cpp/rosidl_runtime_cpp/traits.hpp:19[m[K,
[4.029s]                  from [01m[K/opt/ros/humble/include/builtin_interfaces/builtin_interfaces/msg/detail/duration__traits.hpp:15[m[K,
[4.029s]                  from [01m[K/opt/ros/humble/include/builtin_interfaces/builtin_interfaces/msg/duration.hpp:9[m[K,
[4.029s]                  from [01m[K/opt/ros/humble/include/rclcpp/rclcpp/duration.hpp:20[m[K,
[4.029s]                  from [01m[K/opt/ros/humble/include/rclcpp/rclcpp/qos.hpp:20[m[K,
[4.030s]                  from [01m[K/opt/ros/humble/include/rclcpp/rclcpp/node_interfaces/node_graph_interface.hpp:32[m[K,
[4.030s]                  from [01m[K/opt/ros/humble/include/rclcpp/rclcpp/client.hpp:42[m[K,
[4.030s]                  from [01m[K/opt/ros/humble/include/rclcpp/rclcpp/callback_group.hpp:24[m[K,
[4.030s]                  from [01m[K/opt/ros/humble/include/rclcpp/rclcpp/any_executable.hpp:20[m[K,
[4.030s]                  from [01m[K/opt/ros/humble/include/rclcpp/rclcpp/memory_strategy.hpp:25[m[K,
[4.030s]                  from [01m[K/opt/ros/humble/include/rclcpp/rclcpp/memory_strategies.hpp:18[m[K,
[4.030s]                  from [01m[K/opt/ros/humble/include/rclcpp/rclcpp/executor_options.hpp:20[m[K,
[4.030s]                  from [01m[K/opt/ros/humble/include/rclcpp/rclcpp/executor.hpp:37[m[K,
[4.030s]                  from [01m[K/opt/ros/humble/include/rclcpp/rclcpp/executors/multi_threaded_executor.hpp:25[m[K,
[4.030s]                  from [01m[K/opt/ros/humble/include/rclcpp/rclcpp/executors.hpp:21[m[K,
[4.030s]                  from [01m[K/opt/ros/humble/include/rclcpp/rclcpp/rclcpp.hpp:155[m[K,
[4.031s]                  from [01m[K/home/maria/ros2_coche/src/c4_gps/src/trimble_gps.cpp:21[m[K:
[4.031s] [01m[K/usr/include/c++/11/iomanip:109:5:[m[K [01;36m[Knote: [m[Kcandidate: ‘[01m[Ktemplate<class _CharT, class _Traits> std::basic_ostream<_Ch, _Tr>& std::operator<<(std::basic_ostream<_Ch, _Tr>&, std::_Setiosflags)[m[K’
[4.031s]   109 |     [01;36m[Koperator[m[K<<(basic_ostream<_CharT, _Traits>& __os, _Setiosflags __f)
[4.031s]       |     [01;36m[K^~~~~~~~[m[K
[4.031s] [01m[K/usr/include/c++/11/iomanip:109:5:[m[K [01;36m[Knote: [m[K  template argument deduction/substitution failed:
[4.031s] [01m[K/home/maria/ros2_coche/src/c4_gps/src/trimble_gps.cpp:87:29:[m[K [01;36m[Knote: [m[K  ‘[01m[Kstd::string[m[K’ {aka ‘[01m[Kstd::__cxx11::basic_string<char>[m[K’} is not derived from ‘[01m[Kstd::basic_ostream<_Ch, _Tr>[m[K’
[4.031s]    87 |           message_struct << [01;36m[K"Timestamp: "[m[K << message.header.stamp.sec << ", Latitude: " << message.lat;
[4.031s]       |                             [01;36m[K^~~~~~~~~~~~~[m[K
[4.031s] In file included from [01m[K/opt/ros/humble/include/rosidl_runtime_cpp/rosidl_runtime_cpp/traits.hpp:19[m[K,
[4.032s]                  from [01m[K/opt/ros/humble/include/builtin_interfaces/builtin_interfaces/msg/detail/duration__traits.hpp:15[m[K,
[4.032s]                  from [01m[K/opt/ros/humble/include/builtin_interfaces/builtin_interfaces/msg/duration.hpp:9[m[K,
[4.032s]                  from [01m[K/opt/ros/humble/include/rclcpp/rclcpp/duration.hpp:20[m[K,
[4.032s]                  from [01m[K/opt/ros/humble/include/rclcpp/rclcpp/qos.hpp:20[m[K,
[4.032s]                  from [01m[K/opt/ros/humble/include/rclcpp/rclcpp/node_interfaces/node_graph_interface.hpp:32[m[K,
[4.032s]                  from [01m[K/opt/ros/humble/include/rclcpp/rclcpp/client.hpp:42[m[K,
[4.032s]                  from [01m[K/opt/ros/humble/include/rclcpp/rclcpp/callback_group.hpp:24[m[K,
[4.032s]                  from [01m[K/opt/ros/humble/include/rclcpp/rclcpp/any_executable.hpp:20[m[K,
[4.032s]                  from [01m[K/opt/ros/humble/include/rclcpp/rclcpp/memory_strategy.hpp:25[m[K,
[4.032s]                  from [01m[K/opt/ros/humble/include/rclcpp/rclcpp/memory_strategies.hpp:18[m[K,
[4.033s]                  from [01m[K/opt/ros/humble/include/rclcpp/rclcpp/executor_options.hpp:20[m[K,
[4.033s]                  from [01m[K/opt/ros/humble/include/rclcpp/rclcpp/executor.hpp:37[m[K,
[4.033s]                  from [01m[K/opt/ros/humble/include/rclcpp/rclcpp/executors/multi_threaded_executor.hpp:25[m[K,
[4.033s]                  from [01m[K/opt/ros/humble/include/rclcpp/rclcpp/executors.hpp:21[m[K,
[4.033s]                  from [01m[K/opt/ros/humble/include/rclcpp/rclcpp/rclcpp.hpp:155[m[K,
[4.033s]                  from [01m[K/home/maria/ros2_coche/src/c4_gps/src/trimble_gps.cpp:21[m[K:
[4.033s] [01m[K/usr/include/c++/11/iomanip:143:5:[m[K [01;36m[Knote: [m[Kcandidate: ‘[01m[Ktemplate<class _CharT, class _Traits> std::basic_ostream<_Ch, _Tr>& std::operator<<(std::basic_ostream<_Ch, _Tr>&, std::_Setbase)[m[K’
[4.033s]   143 |     [01;36m[Koperator[m[K<<(basic_ostream<_CharT, _Traits>& __os, _Setbase __f)
[4.033s]       |     [01;36m[K^~~~~~~~[m[K
[4.034s] [01m[K/usr/include/c++/11/iomanip:143:5:[m[K [01;36m[Knote: [m[K  template argument deduction/substitution failed:
[4.034s] [01m[K/home/maria/ros2_coche/src/c4_gps/src/trimble_gps.cpp:87:29:[m[K [01;36m[Knote: [m[K  ‘[01m[Kstd::string[m[K’ {aka ‘[01m[Kstd::__cxx11::basic_string<char>[m[K’} is not derived from ‘[01m[Kstd::basic_ostream<_Ch, _Tr>[m[K’
[4.034s]    87 |           message_struct << [01;36m[K"Timestamp: "[m[K << message.header.stamp.sec << ", Latitude: " << message.lat;
[4.034s]       |                             [01;36m[K^~~~~~~~~~~~~[m[K
[4.034s] In file included from [01m[K/opt/ros/humble/include/rosidl_runtime_cpp/rosidl_runtime_cpp/traits.hpp:19[m[K,
[4.034s]                  from [01m[K/opt/ros/humble/include/builtin_interfaces/builtin_interfaces/msg/detail/duration__traits.hpp:15[m[K,
[4.034s]                  from [01m[K/opt/ros/humble/include/builtin_interfaces/builtin_interfaces/msg/duration.hpp:9[m[K,
[4.034s]                  from [01m[K/opt/ros/humble/include/rclcpp/rclcpp/duration.hpp:20[m[K,
[4.034s]                  from [01m[K/opt/ros/humble/include/rclcpp/rclcpp/qos.hpp:20[m[K,
[4.034s]                  from [01m[K/opt/ros/humble/include/rclcpp/rclcpp/node_interfaces/node_graph_interface.hpp:32[m[K,
[4.035s]                  from [01m[K/opt/ros/humble/include/rclcpp/rclcpp/client.hpp:42[m[K,
[4.035s]                  from [01m[K/opt/ros/humble/include/rclcpp/rclcpp/callback_group.hpp:24[m[K,
[4.035s]                  from [01m[K/opt/ros/humble/include/rclcpp/rclcpp/any_executable.hpp:20[m[K,
[4.035s]                  from [01m[K/opt/ros/humble/include/rclcpp/rclcpp/memory_strategy.hpp:25[m[K,
[4.035s]                  from [01m[K/opt/ros/humble/include/rclcpp/rclcpp/memory_strategies.hpp:18[m[K,
[4.035s]                  from [01m[K/opt/ros/humble/include/rclcpp/rclcpp/executor_options.hpp:20[m[K,
[4.035s]                  from [01m[K/opt/ros/humble/include/rclcpp/rclcpp/executor.hpp:37[m[K,
[4.035s]                  from [01m[K/opt/ros/humble/include/rclcpp/rclcpp/executors/multi_threaded_executor.hpp:25[m[K,
[4.036s]                  from [01m[K/opt/ros/humble/include/rclcpp/rclcpp/executors.hpp:21[m[K,
[4.036s]                  from [01m[K/opt/ros/humble/include/rclcpp/rclcpp/rclcpp.hpp:155[m[K,
[4.036s]                  from [01m[K/home/maria/ros2_coche/src/c4_gps/src/trimble_gps.cpp:21[m[K:
[4.036s] [01m[K/usr/include/c++/11/iomanip:178:5:[m[K [01;36m[Knote: [m[Kcandidate: ‘[01m[Ktemplate<class _CharT, class _Traits> std::basic_ostream<_Ch, _Tr>& std::operator<<(std::basic_ostream<_Ch, _Tr>&, std::_Setfill<_CharT>)[m[K’
[4.036s]   178 |     [01;36m[Koperator[m[K<<(basic_ostream<_CharT, _Traits>& __os, _Setfill<_CharT> __f)
[4.036s]       |     [01;36m[K^~~~~~~~[m[K
[4.036s] [01m[K/usr/include/c++/11/iomanip:178:5:[m[K [01;36m[Knote: [m[K  template argument deduction/substitution failed:
[4.036s] [01m[K/home/maria/ros2_coche/src/c4_gps/src/trimble_gps.cpp:87:29:[m[K [01;36m[Knote: [m[K  ‘[01m[Kstd::string[m[K’ {aka ‘[01m[Kstd::__cxx11::basic_string<char>[m[K’} is not derived from ‘[01m[Kstd::basic_ostream<_Ch, _Tr>[m[K’
[4.036s]    87 |           message_struct << [01;36m[K"Timestamp: "[m[K << message.header.stamp.sec << ", Latitude: " << message.lat;
[4.036s]       |                             [01;36m[K^~~~~~~~~~~~~[m[K
[4.037s] In file included from [01m[K/opt/ros/humble/include/rosidl_runtime_cpp/rosidl_runtime_cpp/traits.hpp:19[m[K,
[4.037s]                  from [01m[K/opt/ros/humble/include/builtin_interfaces/builtin_interfaces/msg/detail/duration__traits.hpp:15[m[K,
[4.037s]                  from [01m[K/opt/ros/humble/include/builtin_interfaces/builtin_interfaces/msg/duration.hpp:9[m[K,
[4.037s]                  from [01m[K/opt/ros/humble/include/rclcpp/rclcpp/duration.hpp:20[m[K,
[4.037s]                  from [01m[K/opt/ros/humble/include/rclcpp/rclcpp/qos.hpp:20[m[K,
[4.037s]                  from [01m[K/opt/ros/humble/include/rclcpp/rclcpp/node_interfaces/node_graph_interface.hpp:32[m[K,
[4.037s]                  from [01m[K/opt/ros/humble/include/rclcpp/rclcpp/client.hpp:42[m[K,
[4.037s]                  from [01m[K/opt/ros/humble/include/rclcpp/rclcpp/callback_group.hpp:24[m[K,
[4.037s]                  from [01m[K/opt/ros/humble/include/rclcpp/rclcpp/any_executable.hpp:20[m[K,
[4.038s]                  from [01m[K/opt/ros/humble/include/rclcpp/rclcpp/memory_strategy.hpp:25[m[K,
[4.038s]                  from [01m[K/opt/ros/humble/include/rclcpp/rclcpp/memory_strategies.hpp:18[m[K,
[4.038s]                  from [01m[K/opt/ros/humble/include/rclcpp/rclcpp/executor_options.hpp:20[m[K,
[4.038s]                  from [01m[K/opt/ros/humble/include/rclcpp/rclcpp/executor.hpp:37[m[K,
[4.038s]                  from [01m[K/opt/ros/humble/include/rclcpp/rclcpp/executors/multi_threaded_executor.hpp:25[m[K,
[4.038s]                  from [01m[K/opt/ros/humble/include/rclcpp/rclcpp/executors.hpp:21[m[K,
[4.038s]                  from [01m[K/opt/ros/humble/include/rclcpp/rclcpp/rclcpp.hpp:155[m[K,
[4.038s]                  from [01m[K/home/maria/ros2_coche/src/c4_gps/src/trimble_gps.cpp:21[m[K:
[4.039s] [01m[K/usr/include/c++/11/iomanip:208:5:[m[K [01;36m[Knote: [m[Kcandidate: ‘[01m[Ktemplate<class _CharT, class _Traits> std::basic_ostream<_Ch, _Tr>& std::operator<<(std::basic_ostream<_Ch, _Tr>&, std::_Setprecision)[m[K’
[4.039s]   208 |     [01;36m[Koperator[m[K<<(basic_ostream<_CharT, _Traits>& __os, _Setprecision __f)
[4.039s]       |     [01;36m[K^~~~~~~~[m[K
[4.039s] [01m[K/usr/include/c++/11/iomanip:208:5:[m[K [01;36m[Knote: [m[K  template argument deduction/substitution failed:
[4.039s] [01m[K/home/maria/ros2_coche/src/c4_gps/src/trimble_gps.cpp:87:29:[m[K [01;36m[Knote: [m[K  ‘[01m[Kstd::string[m[K’ {aka ‘[01m[Kstd::__cxx11::basic_string<char>[m[K’} is not derived from ‘[01m[Kstd::basic_ostream<_Ch, _Tr>[m[K’
[4.039s]    87 |           message_struct << [01;36m[K"Timestamp: "[m[K << message.header.stamp.sec << ", Latitude: " << message.lat;
[4.039s]       |                             [01;36m[K^~~~~~~~~~~~~[m[K
[4.039s] In file included from [01m[K/opt/ros/humble/include/rosidl_runtime_cpp/rosidl_runtime_cpp/traits.hpp:19[m[K,
[4.039s]                  from [01m[K/opt/ros/humble/include/builtin_interfaces/builtin_interfaces/msg/detail/duration__traits.hpp:15[m[K,
[4.039s]                  from [01m[K/opt/ros/humble/include/builtin_interfaces/builtin_interfaces/msg/duration.hpp:9[m[K,
[4.040s]                  from [01m[K/opt/ros/humble/include/rclcpp/rclcpp/duration.hpp:20[m[K,
[4.040s]                  from [01m[K/opt/ros/humble/include/rclcpp/rclcpp/qos.hpp:20[m[K,
[4.040s]                  from [01m[K/opt/ros/humble/include/rclcpp/rclcpp/node_interfaces/node_graph_interface.hpp:32[m[K,
[4.040s]                  from [01m[K/opt/ros/humble/include/rclcpp/rclcpp/client.hpp:42[m[K,
[4.040s]                  from [01m[K/opt/ros/humble/include/rclcpp/rclcpp/callback_group.hpp:24[m[K,
[4.040s]                  from [01m[K/opt/ros/humble/include/rclcpp/rclcpp/any_executable.hpp:20[m[K,
[4.040s]                  from [01m[K/opt/ros/humble/include/rclcpp/rclcpp/memory_strategy.hpp:25[m[K,
[4.040s]                  from [01m[K/opt/ros/humble/include/rclcpp/rclcpp/memory_strategies.hpp:18[m[K,
[4.040s]                  from [01m[K/opt/ros/humble/include/rclcpp/rclcpp/executor_options.hpp:20[m[K,
[4.040s]                  from [01m[K/opt/ros/humble/include/rclcpp/rclcpp/executor.hpp:37[m[K,
[4.040s]                  from [01m[K/opt/ros/humble/include/rclcpp/rclcpp/executors/multi_threaded_executor.hpp:25[m[K,
[4.041s]                  from [01m[K/opt/ros/humble/include/rclcpp/rclcpp/executors.hpp:21[m[K,
[4.041s]                  from [01m[K/opt/ros/humble/include/rclcpp/rclcpp/rclcpp.hpp:155[m[K,
[4.041s]                  from [01m[K/home/maria/ros2_coche/src/c4_gps/src/trimble_gps.cpp:21[m[K:
[4.041s] [01m[K/usr/include/c++/11/iomanip:238:5:[m[K [01;36m[Knote: [m[Kcandidate: ‘[01m[Ktemplate<class _CharT, class _Traits> std::basic_ostream<_Ch, _Tr>& std::operator<<(std::basic_ostream<_Ch, _Tr>&, std::_Setw)[m[K’
[4.041s]   238 |     [01;36m[Koperator[m[K<<(basic_ostream<_CharT, _Traits>& __os, _Setw __f)
[4.041s]       |     [01;36m[K^~~~~~~~[m[K
[4.041s] [01m[K/usr/include/c++/11/iomanip:238:5:[m[K [01;36m[Knote: [m[K  template argument deduction/substitution failed:
[4.041s] [01m[K/home/maria/ros2_coche/src/c4_gps/src/trimble_gps.cpp:87:29:[m[K [01;36m[Knote: [m[K  ‘[01m[Kstd::string[m[K’ {aka ‘[01m[Kstd::__cxx11::basic_string<char>[m[K’} is not derived from ‘[01m[Kstd::basic_ostream<_Ch, _Tr>[m[K’
[4.041s]    87 |           message_struct << [01;36m[K"Timestamp: "[m[K << message.header.stamp.sec << ", Latitude: " << message.lat;
[4.041s]       |                             [01;36m[K^~~~~~~~~~~~~[m[K
[4.042s] In file included from [01m[K/opt/ros/humble/include/rosidl_runtime_cpp/rosidl_runtime_cpp/traits.hpp:19[m[K,
[4.042s]                  from [01m[K/opt/ros/humble/include/builtin_interfaces/builtin_interfaces/msg/detail/duration__traits.hpp:15[m[K,
[4.042s]                  from [01m[K/opt/ros/humble/include/builtin_interfaces/builtin_interfaces/msg/duration.hpp:9[m[K,
[4.042s]                  from [01m[K/opt/ros/humble/include/rclcpp/rclcpp/duration.hpp:20[m[K,
[4.042s]                  from [01m[K/opt/ros/humble/include/rclcpp/rclcpp/qos.hpp:20[m[K,
[4.042s]                  from [01m[K/opt/ros/humble/include/rclcpp/rclcpp/node_interfaces/node_graph_interface.hpp:32[m[K,
[4.042s]                  from [01m[K/opt/ros/humble/include/rclcpp/rclcpp/client.hpp:42[m[K,
[4.042s]                  from [01m[K/opt/ros/humble/include/rclcpp/rclcpp/callback_group.hpp:24[m[K,
[4.042s]                  from [01m[K/opt/ros/humble/include/rclcpp/rclcpp/any_executable.hpp:20[m[K,
[4.042s]                  from [01m[K/opt/ros/humble/include/rclcpp/rclcpp/memory_strategy.hpp:25[m[K,
[4.043s]                  from [01m[K/opt/ros/humble/include/rclcpp/rclcpp/memory_strategies.hpp:18[m[K,
[4.043s]                  from [01m[K/opt/ros/humble/include/rclcpp/rclcpp/executor_options.hpp:20[m[K,
[4.043s]                  from [01m[K/opt/ros/humble/include/rclcpp/rclcpp/executor.hpp:37[m[K,
[4.043s]                  from [01m[K/opt/ros/humble/include/rclcpp/rclcpp/executors/multi_threaded_executor.hpp:25[m[K,
[4.043s]                  from [01m[K/opt/ros/humble/include/rclcpp/rclcpp/executors.hpp:21[m[K,
[4.043s]                  from [01m[K/opt/ros/humble/include/rclcpp/rclcpp/rclcpp.hpp:155[m[K,
[4.043s]                  from [01m[K/home/maria/ros2_coche/src/c4_gps/src/trimble_gps.cpp:21[m[K:
[4.043s] [01m[K/usr/include/c++/11/iomanip:311:5:[m[K [01;36m[Knote: [m[Kcandidate: ‘[01m[Ktemplate<class _CharT, class _Traits, class _MoneyT> std::basic_ostream<_Ch, _Tr>& std::operator<<(std::basic_ostream<_Ch, _Tr>&, std::_Put_money<_MoneyT>)[m[K’
[4.043s]   311 |     [01;36m[Koperator[m[K<<(basic_ostream<_CharT, _Traits>& __os, _Put_money<_MoneyT> __f)
[4.043s]       |     [01;36m[K^~~~~~~~[m[K
[4.043s] [01m[K/usr/include/c++/11/iomanip:311:5:[m[K [01;36m[Knote: [m[K  template argument deduction/substitution failed:
[4.044s] [01m[K/home/maria/ros2_coche/src/c4_gps/src/trimble_gps.cpp:87:29:[m[K [01;36m[Knote: [m[K  ‘[01m[Kstd::string[m[K’ {aka ‘[01m[Kstd::__cxx11::basic_string<char>[m[K’} is not derived from ‘[01m[Kstd::basic_ostream<_Ch, _Tr>[m[K’
[4.044s]    87 |           message_struct << [01;36m[K"Timestamp: "[m[K << message.header.stamp.sec << ", Latitude: " << message.lat;
[4.044s]       |                             [01;36m[K^~~~~~~~~~~~~[m[K
[4.044s] In file included from [01m[K/opt/ros/humble/include/rosidl_runtime_cpp/rosidl_runtime_cpp/traits.hpp:19[m[K,
[4.044s]                  from [01m[K/opt/ros/humble/include/builtin_interfaces/builtin_interfaces/msg/detail/duration__traits.hpp:15[m[K,
[4.044s]                  from [01m[K/opt/ros/humble/include/builtin_interfaces/builtin_interfaces/msg/duration.hpp:9[m[K,
[4.044s]                  from [01m[K/opt/ros/humble/include/rclcpp/rclcpp/duration.hpp:20[m[K,
[4.044s]                  from [01m[K/opt/ros/humble/include/rclcpp/rclcpp/qos.hpp:20[m[K,
[4.044s]                  from [01m[K/opt/ros/humble/include/rclcpp/rclcpp/node_interfaces/node_graph_interface.hpp:32[m[K,
[4.044s]                  from [01m[K/opt/ros/humble/include/rclcpp/rclcpp/client.hpp:42[m[K,
[4.045s]                  from [01m[K/opt/ros/humble/include/rclcpp/rclcpp/callback_group.hpp:24[m[K,
[4.045s]                  from [01m[K/opt/ros/humble/include/rclcpp/rclcpp/any_executable.hpp:20[m[K,
[4.045s]                  from [01m[K/opt/ros/humble/include/rclcpp/rclcpp/memory_strategy.hpp:25[m[K,
[4.045s]                  from [01m[K/opt/ros/humble/include/rclcpp/rclcpp/memory_strategies.hpp:18[m[K,
[4.045s]                  from [01m[K/opt/ros/humble/include/rclcpp/rclcpp/executor_options.hpp:20[m[K,
[4.045s]                  from [01m[K/opt/ros/humble/include/rclcpp/rclcpp/executor.hpp:37[m[K,
[4.045s]                  from [01m[K/opt/ros/humble/include/rclcpp/rclcpp/executors/multi_threaded_executor.hpp:25[m[K,
[4.045s]                  from [01m[K/opt/ros/humble/include/rclcpp/rclcpp/executors.hpp:21[m[K,
[4.045s]                  from [01m[K/opt/ros/humble/include/rclcpp/rclcpp/rclcpp.hpp:155[m[K,
[4.045s]                  from [01m[K/home/maria/ros2_coche/src/c4_gps/src/trimble_gps.cpp:21[m[K:
[4.045s] [01m[K/usr/include/c++/11/iomanip:363:5:[m[K [01;36m[Knote: [m[Kcandidate: ‘[01m[Ktemplate<class _CharT, class _Traits> std::basic_ostream<_Ch, _Tr>& std::operator<<(std::basic_ostream<_Ch, _Tr>&, std::_Put_time<_CharT>)[m[K’
[4.046s]   363 |     [01;36m[Koperator[m[K<<(basic_ostream<_CharT, _Traits>& __os, _Put_time<_CharT> __f)
[4.046s]       |     [01;36m[K^~~~~~~~[m[K
[4.046s] [01m[K/usr/include/c++/11/iomanip:363:5:[m[K [01;36m[Knote: [m[K  template argument deduction/substitution failed:
[4.046s] [01m[K/home/maria/ros2_coche/src/c4_gps/src/trimble_gps.cpp:87:29:[m[K [01;36m[Knote: [m[K  ‘[01m[Kstd::string[m[K’ {aka ‘[01m[Kstd::__cxx11::basic_string<char>[m[K’} is not derived from ‘[01m[Kstd::basic_ostream<_Ch, _Tr>[m[K’
[4.046s]    87 |           message_struct << [01;36m[K"Timestamp: "[m[K << message.header.stamp.sec << ", Latitude: " << message.lat;
[4.046s]       |                             [01;36m[K^~~~~~~~~~~~~[m[K
[4.046s] [01m[K/home/maria/ros2_coche/src/c4_gps/src/trimble_gps.cpp:90:22:[m[K [01;35m[Kwarning: [m[Kformat ‘[01m[K%s[m[K’ expects argument of type ‘[01m[Kchar*[m[K’, but argument 2 has type ‘[01m[Kstd::string[m[K’ {aka ‘[01m[Kstd::__cxx11::basic_string<char>[m[K’} [[01;35m[K]8;;https://gcc.gnu.org/onlinedocs/gcc/Warning-Options.html#index-Wformat=-Wformat=]8;;[m[K]
[4.046s]    90 |             printf("[01;35m[K%s[m[K\n", message_struct);
[4.046s]       |                     [01;35m[K~^[m[K
[4.046s]       |                      [01;35m[K|[m[K
[4.047s]       |                      [01;35m[Kchar*[m[K
[5.391s] gmake[2]: *** [CMakeFiles/t_gps.dir/build.make:76: CMakeFiles/t_gps.dir/src/trimble_gps.cpp.o] Error 1
[5.391s] gmake[1]: *** [CMakeFiles/Makefile2:137: CMakeFiles/t_gps.dir/all] Error 2
[5.391s] gmake: *** [Makefile:146: all] Error 2
[5.394s] Invoked command in '/home/maria/ros2_coche/build/c4_gps' returned '2': AMENT_PREFIX_PATH=/home/maria/ros2_coche/install/nmea_msgs:${AMENT_PREFIX_PATH} CMAKE_PREFIX_PATH=/opt/ros/humble:/home/maria/ros2_coche/install/nmea_msgs LD_LIBRARY_PATH=/home/maria/ros2_coche/install/nmea_msgs/lib:${LD_LIBRARY_PATH} PYTHONPATH=/home/maria/ros2_coche/install/nmea_msgs/local/lib/python3.10/dist-packages:${PYTHONPATH} /usr/bin/cmake --build /home/maria/ros2_coche/build/c4_gps -- -j12 -l12
