[0.021s] Invoking command in '/home/maria/ros2_coche/build/nmea_msgs': CMAKE_PREFIX_PATH=/home/maria/ros2_coche/install/c4_gps:/opt/ros/humble:/home/maria/ros2_coche/install/nmea_msgs /usr/bin/cmake /home/maria/ros2_coche/src/nmea_msgs -DAMENT_CMAKE_SYMLINK_INSTALL=1 -DCMAKE_INSTALL_PREFIX=/home/maria/ros2_coche/install/nmea_msgs
[0.056s] -- Found ament_cmake: 1.3.3 (/opt/ros/humble/share/ament_cmake/cmake)
[0.525s] -- Override CMake install command with custom implementation using symlinks instead of copying resources
[0.539s] -- Found std_msgs: 4.2.3 (/opt/ros/humble/share/std_msgs/cmake)
[0.626s] -- Found rosidl_generator_c: 3.1.4 (/opt/ros/humble/share/rosidl_generator_c/cmake)
[0.637s] -- Found rosidl_adapter: 3.1.4 (/opt/ros/humble/share/rosidl_adapter/cmake)
[0.661s] -- Found rosidl_generator_cpp: 3.1.4 (/opt/ros/humble/share/rosidl_generator_cpp/cmake)
[0.712s] -- Using all available rosidl_typesupport_c: rosidl_typesupport_fastrtps_c;rosidl_typesupport_introspection_c
[0.780s] -- Using all available rosidl_typesupport_cpp: rosidl_typesupport_fastrtps_cpp;rosidl_typesupport_introspection_cpp
[0.905s] -- Found rosidl_default_generators: 1.2.0 (/opt/ros/humble/share/rosidl_default_generators/cmake)
[1.987s] -- Found ament_cmake_ros: 0.10.0 (/opt/ros/humble/share/ament_cmake_ros/cmake)
[3.187s] -- Using all available rosidl_typesupport_c: rosidl_typesupport_fastrtps_c;rosidl_typesupport_introspection_c
[3.634s] -- Using all available rosidl_typesupport_cpp: rosidl_typesupport_fastrtps_cpp;rosidl_typesupport_introspection_cpp
[3.707s] -- Found python_cmake_module: 0.10.0 (/opt/ros/humble/share/python_cmake_module/cmake)
[3.780s] -- Using PYTHON_EXECUTABLE: /usr/bin/python3
[3.780s] -- Using PYTHON_INCLUDE_DIRS: /usr/include/python3.10
[3.781s] -- Using PYTHON_LIBRARIES: /usr/lib/x86_64-linux-gnu/libpython3.10.so
[3.926s] -- Configuring done
[4.085s] -- Generating done
[4.091s] -- Build files have been written to: /home/maria/ros2_coche/build/nmea_msgs
[4.104s] Invoked command in '/home/maria/ros2_coche/build/nmea_msgs' returned '0': CMAKE_PREFIX_PATH=/home/maria/ros2_coche/install/c4_gps:/opt/ros/humble:/home/maria/ros2_coche/install/nmea_msgs /usr/bin/cmake /home/maria/ros2_coche/src/nmea_msgs -DAMENT_CMAKE_SYMLINK_INSTALL=1 -DCMAKE_INSTALL_PREFIX=/home/maria/ros2_coche/install/nmea_msgs
[4.106s] Invoking command in '/home/maria/ros2_coche/build/nmea_msgs': CMAKE_PREFIX_PATH=/home/maria/ros2_coche/install/c4_gps:/opt/ros/humble:/home/maria/ros2_coche/install/nmea_msgs /usr/bin/cmake --build /home/maria/ros2_coche/build/nmea_msgs -- -j12 -l12
[4.163s] [35m[1mConsolidate compiler generated dependencies of target nmea_msgs__rosidl_generator_c[0m
[4.177s] failed to create symbolic link '/home/maria/ros2_coche/build/nmea_msgs/ament_cmake_python/nmea_msgs/nmea_msgs' because existing path cannot be removed: Is a directory
[4.179s] gmake[2]: *** [CMakeFiles/ament_cmake_python_symlink_nmea_msgs.dir/build.make:70: CMakeFiles/ament_cmake_python_symlink_nmea_msgs] Error 1
[4.179s] gmake[1]: *** [CMakeFiles/Makefile2:421: CMakeFiles/ament_cmake_python_symlink_nmea_msgs.dir/all] Error 2
[4.179s] gmake[1]: *** Waiting for unfinished jobs....
[4.181s] [  1%] Built target nmea_msgs__cpp
[4.191s] [ 12%] Built target nmea_msgs__rosidl_generator_c
[4.193s] gmake: *** [Makefile:146: all] Error 2
[4.197s] Invoked command in '/home/maria/ros2_coche/build/nmea_msgs' returned '2': CMAKE_PREFIX_PATH=/home/maria/ros2_coche/install/c4_gps:/opt/ros/humble:/home/maria/ros2_coche/install/nmea_msgs /usr/bin/cmake --build /home/maria/ros2_coche/build/nmea_msgs -- -j12 -l12
