[0.096s] Invoking command in '/home/maria/ros2_coche/build/c4_gps': AMENT_PREFIX_PATH=/home/maria/ros2_coche/install/nmea_msgs:${AMENT_PREFIX_PATH} CMAKE_PREFIX_PATH=/opt/ros/humble:/home/maria/ros2_coche/install/nmea_msgs LD_LIBRARY_PATH=/home/maria/ros2_coche/install/nmea_msgs/lib:${LD_LIBRARY_PATH} PYTHONPATH=/home/maria/ros2_coche/install/nmea_msgs/local/lib/python3.10/dist-packages:${PYTHONPATH} /usr/bin/cmake --build /home/maria/ros2_coche/build/c4_gps -- -j12 -l12
[0.188s] [35m[1mConsolidate compiler generated dependencies of target t_gps[0m
[0.256s] [ 50%] [32mBuilding CXX object CMakeFiles/t_gps.dir/src/trimble_gps.cpp.o[0m
[4.015s] [01m[K/home/maria/ros2_coche/src/c4_gps/src/trimble_gps.cpp:[m[K In member function ‘[01m[Kvoid TrimbleGps::gpgga_callback()[m[K’:
[4.015s] [01m[K/home/maria/ros2_coche/src/c4_gps/src/trimble_gps.cpp:83:37:[m[K [01;31m[Kerror: [m[Kcannot convert ‘[01m[Kstd::string[m[K’ {aka ‘[01m[Kstd::__cxx11::basic_string<char>[m[K’} to ‘[01m[Kvoid*[m[K’
[4.015s]    83 |         if ((msgSize = read(sockFd, [01;31m[Kmessagegps[m[K, sizeof(messagegps) - 1)) > 0)
[4.015s]       |                                     [01;31m[K^~~~~~~~~~[m[K
[4.016s]       |                                     [01;31m[K|[m[K
[4.016s]       |                                     [01;31m[Kstd::string {aka std::__cxx11::basic_string<char>}[m[K
[4.016s] In file included from [01m[K/home/maria/ros2_coche/src/c4_gps/src/trimble_gps.cpp:11[m[K:
[4.016s] [01m[K/usr/include/unistd.h:371:38:[m[K [01;36m[Knote: [m[K  initializing argument 2 of ‘[01m[Kssize_t read(int, void*, size_t)[m[K’
[4.016s]   371 | extern ssize_t read (int __fd, [01;36m[Kvoid *__buf[m[K, size_t __nbytes) __wur
[4.017s]       |                                [01;36m[K~~~~~~^~~~~[m[K
[4.017s] [01m[K/home/maria/ros2_coche/src/c4_gps/src/trimble_gps.cpp:87:42:[m[K [01;31m[Kerror: [m[Kno match for ‘[01m[Koperator<<[m[K’ (operand types are ‘[01m[Kconst char [12][m[K’ and ‘[01m[Kstd::string[m[K’ {aka ‘[01m[Kstd::__cxx11::basic_string<char>[m[K’})
[4.017s]    87 |           message_struct = [32m[K"Timestamp: "[m[K [01;31m[K<<[m[K [34m[Kstd::to_string(message.header.stamp.sec)[m[K << ", Latitude: " << message.lat;
[4.017s]       |                            [32m[K~~~~~~~~~~~~~[m[K [01;31m[K^~[m[K [34m[K~~~~~~~~~~~~~~~~~~~~~~~~~~~~~~~~~~~~~~~~[m[K
[4.017s]       |                            [32m[K|[m[K                              [34m[K|[m[K
[4.017s]       |                            [32m[Kconst char [12][m[K                [34m[Kstd::string {aka std::__cxx11::basic_string<char>}[m[K
[4.042s] In file included from [01m[K/usr/include/c++/11/memory:77[m[K,
[4.042s]                  from [01m[K/home/maria/ros2_coche/src/c4_gps/src/trimble_gps.cpp:3[m[K:
[4.043s] [01m[K/usr/include/c++/11/bits/shared_ptr.h:70:5:[m[K [01;36m[Knote: [m[Kcandidate: ‘[01m[Ktemplate<class _Ch, class _Tr, class _Tp, __gnu_cxx::_Lock_policy _Lp> std::basic_ostream<_Ch, _Tr>& std::operator<<(std::basic_ostream<_Ch, _Tr>&, const std::__shared_ptr<_Tp, _Lp>&)[m[K’
[4.045s]    70 |     [01;36m[Koperator[m[K<<(std::basic_ostream<_Ch, _Tr>& __os,
[4.046s]       |     [01;36m[K^~~~~~~~[m[K
[4.046s] [01m[K/usr/include/c++/11/bits/shared_ptr.h:70:5:[m[K [01;36m[Knote: [m[K  template argument deduction/substitution failed:
[4.046s] [01m[K/home/maria/ros2_coche/src/c4_gps/src/trimble_gps.cpp:87:84:[m[K [01;36m[Knote: [m[K  mismatched types ‘[01m[Kstd::basic_ostream<_Ch, _Tr>[m[K’ and ‘[01m[Kconst char [12][m[K’
[4.046s]    87 |  = "Timestamp: " << std::to_string(message.header.stamp.sec[01;36m[K)[m[K << ", Latitude: " << message.lat;
[4.047s]       |                                                            [01;36m[K^[m[K
[4.047s] 
[4.047s] In file included from [01m[K/usr/include/c++/11/bits/basic_string.h:48[m[K,
[4.047s]                  from [01m[K/usr/include/c++/11/string:55[m[K,
[4.048s]                  from [01m[K/home/maria/ros2_coche/src/c4_gps/src/trimble_gps.cpp:4[m[K:
[4.048s] [01m[K/usr/include/c++/11/string_view:667:5:[m[K [01;36m[Knote: [m[Kcandidate: ‘[01m[Ktemplate<class _CharT, class _Traits> std::basic_ostream<_Ch, _Tr>& std::operator<<(std::basic_ostream<_Ch, _Tr>&, std::basic_string_view<_CharT, _Traits>)[m[K’
[4.048s]   667 |     [01;36m[Koperator[m[K<<(basic_ostream<_CharT, _Traits>& __os,
[4.048s]       |     [01;36m[K^~~~~~~~[m[K
[4.048s] [01m[K/usr/include/c++/11/string_view:667:5:[m[K [01;36m[Knote: [m[K  template argument deduction/substitution failed:
[4.048s] [01m[K/home/maria/ros2_coche/src/c4_gps/src/trimble_gps.cpp:87:84:[m[K [01;36m[Knote: [m[K  mismatched types ‘[01m[Kstd::basic_ostream<_Ch, _Tr>[m[K’ and ‘[01m[Kconst char [12][m[K’
[4.049s]    87 |  = "Timestamp: " << std::to_string(message.header.stamp.sec[01;36m[K)[m[K << ", Latitude: " << message.lat;
[4.049s]       |                                                            [01;36m[K^[m[K
[4.049s] 
[4.049s] In file included from [01m[K/usr/include/c++/11/string:55[m[K,
[4.049s]                  from [01m[K/home/maria/ros2_coche/src/c4_gps/src/trimble_gps.cpp:4[m[K:
[4.050s] [01m[K/usr/include/c++/11/bits/basic_string.h:6531:5:[m[K [01;36m[Knote: [m[Kcandidate: ‘[01m[Ktemplate<class _CharT, class _Traits, class _Alloc> std::basic_ostream<_Ch, _Tr>& std::operator<<(std::basic_ostream<_Ch, _Tr>&, const std::__cxx11::basic_string<_CharT, _Traits, _Allocator>&)[m[K’
[4.050s]  6531 |     [01;36m[Koperator[m[K<<(basic_ostream<_CharT, _Traits>& __os,
[4.050s]       |     [01;36m[K^~~~~~~~[m[K
[4.050s] [01m[K/usr/include/c++/11/bits/basic_string.h:6531:5:[m[K [01;36m[Knote: [m[K  template argument deduction/substitution failed:
[4.050s] [01m[K/home/maria/ros2_coche/src/c4_gps/src/trimble_gps.cpp:87:84:[m[K [01;36m[Knote: [m[K  mismatched types ‘[01m[Kstd::basic_ostream<_Ch, _Tr>[m[K’ and ‘[01m[Kconst char [12][m[K’
[4.050s]    87 |  = "Timestamp: " << std::to_string(message.header.stamp.sec[01;36m[K)[m[K << ", Latitude: " << message.lat;
[4.050s]       |                                                            [01;36m[K^[m[K
[4.050s] 
[4.051s] In file included from [01m[K/usr/include/c++/11/bits/ios_base.h:46[m[K,
[4.051s]                  from [01m[K/usr/include/c++/11/ios:42[m[K,
[4.051s]                  from [01m[K/usr/include/c++/11/ostream:38[m[K,
[4.051s]                  from [01m[K/usr/include/c++/11/iostream:39[m[K,
[4.051s]                  from [01m[K/home/maria/ros2_coche/src/c4_gps/src/trimble_gps.cpp:5[m[K:
[4.051s] [01m[K/usr/include/c++/11/system_error:279:5:[m[K [01;36m[Knote: [m[Kcandidate: ‘[01m[Ktemplate<class _CharT, class _Traits> std::basic_ostream<_Ch, _Tr>& std::operator<<(std::basic_ostream<_Ch, _Tr>&, const std::error_code&)[m[K’
[4.051s]   279 |     [01;36m[Koperator[m[K<<(basic_ostream<_CharT, _Traits>& __os, const error_code& __e)
[4.052s]       |     [01;36m[K^~~~~~~~[m[K
[4.052s] [01m[K/usr/include/c++/11/system_error:279:5:[m[K [01;36m[Knote: [m[K  template argument deduction/substitution failed:
[4.052s] [01m[K/home/maria/ros2_coche/src/c4_gps/src/trimble_gps.cpp:87:84:[m[K [01;36m[Knote: [m[K  mismatched types ‘[01m[Kstd::basic_ostream<_Ch, _Tr>[m[K’ and ‘[01m[Kconst char [12][m[K’
[4.052s]    87 |  = "Timestamp: " << std::to_string(message.header.stamp.sec[01;36m[K)[m[K << ", Latitude: " << message.lat;
[4.052s]       |                                                            [01;36m[K^[m[K
[4.052s] 
[4.052s] In file included from [01m[K/usr/include/c++/11/iostream:39[m[K,
[4.053s]                  from [01m[K/home/maria/ros2_coche/src/c4_gps/src/trimble_gps.cpp:5[m[K:
[4.053s] [01m[K/usr/include/c++/11/ostream:513:5:[m[K [01;36m[Knote: [m[Kcandidate: ‘[01m[Ktemplate<class _CharT, class _Traits> std::basic_ostream<_Ch, _Tr>& std::operator<<(std::basic_ostream<_Ch, _Tr>&, _CharT)[m[K’
[4.053s]   513 |     [01;36m[Koperator[m[K<<(basic_ostream<_CharT, _Traits>& __out, _CharT __c)
[4.053s]       |     [01;36m[K^~~~~~~~[m[K
[4.053s] [01m[K/usr/include/c++/11/ostream:513:5:[m[K [01;36m[Knote: [m[K  template argument deduction/substitution failed:
[4.053s] [01m[K/home/maria/ros2_coche/src/c4_gps/src/trimble_gps.cpp:87:84:[m[K [01;36m[Knote: [m[K  mismatched types ‘[01m[Kstd::basic_ostream<_Ch, _Tr>[m[K’ and ‘[01m[Kconst char [12][m[K’
[4.054s]    87 |  = "Timestamp: " << std::to_string(message.header.stamp.sec[01;36m[K)[m[K << ", Latitude: " << message.lat;
[4.054s]       |                                                            [01;36m[K^[m[K
[4.054s] 
[4.054s] In file included from [01m[K/usr/include/c++/11/iostream:39[m[K,
[4.054s]                  from [01m[K/home/maria/ros2_coche/src/c4_gps/src/trimble_gps.cpp:5[m[K:
[4.054s] [01m[K/usr/include/c++/11/ostream:518:5:[m[K [01;36m[Knote: [m[Kcandidate: ‘[01m[Ktemplate<class _CharT, class _Traits> std::basic_ostream<_Ch, _Tr>& std::operator<<(std::basic_ostream<_Ch, _Tr>&, char)[m[K’
[4.054s]   518 |     [01;36m[Koperator[m[K<<(basic_ostream<_CharT, _Traits>& __out, char __c)
[4.055s]       |     [01;36m[K^~~~~~~~[m[K
[4.055s] [01m[K/usr/include/c++/11/ostream:518:5:[m[K [01;36m[Knote: [m[K  template argument deduction/substitution failed:
[4.055s] [01m[K/home/maria/ros2_coche/src/c4_gps/src/trimble_gps.cpp:87:84:[m[K [01;36m[Knote: [m[K  mismatched types ‘[01m[Kstd::basic_ostream<_Ch, _Tr>[m[K’ and ‘[01m[Kconst char [12][m[K’
[4.055s]    87 |  = "Timestamp: " << std::to_string(message.header.stamp.sec[01;36m[K)[m[K << ", Latitude: " << message.lat;
[4.055s]       |                                                            [01;36m[K^[m[K
[4.055s] 
[4.055s] In file included from [01m[K/usr/include/c++/11/iostream:39[m[K,
[4.055s]                  from [01m[K/home/maria/ros2_coche/src/c4_gps/src/trimble_gps.cpp:5[m[K:
[4.056s] [01m[K/usr/include/c++/11/ostream:524:5:[m[K [01;36m[Knote: [m[Kcandidate: ‘[01m[Ktemplate<class _Traits> std::basic_ostream<char, _Traits>& std::operator<<(std::basic_ostream<char, _Traits>&, char)[m[K’
[4.056s]   524 |     [01;36m[Koperator[m[K<<(basic_ostream<char, _Traits>& __out, char __c)
[4.056s]       |     [01;36m[K^~~~~~~~[m[K
[4.056s] [01m[K/usr/include/c++/11/ostream:524:5:[m[K [01;36m[Knote: [m[K  template argument deduction/substitution failed:
[4.056s] [01m[K/home/maria/ros2_coche/src/c4_gps/src/trimble_gps.cpp:87:84:[m[K [01;36m[Knote: [m[K  mismatched types ‘[01m[Kstd::basic_ostream<char, _Traits>[m[K’ and ‘[01m[Kconst char [12][m[K’
[4.056s]    87 |  = "Timestamp: " << std::to_string(message.header.stamp.sec[01;36m[K)[m[K << ", Latitude: " << message.lat;
[4.056s]       |                                                            [01;36m[K^[m[K
[4.057s] 
[4.057s] In file included from [01m[K/usr/include/c++/11/iostream:39[m[K,
[4.057s]                  from [01m[K/home/maria/ros2_coche/src/c4_gps/src/trimble_gps.cpp:5[m[K:
[4.057s] [01m[K/usr/include/c++/11/ostream:530:5:[m[K [01;36m[Knote: [m[Kcandidate: ‘[01m[Ktemplate<class _Traits> std::basic_ostream<char, _Traits>& std::operator<<(std::basic_ostream<char, _Traits>&, signed char)[m[K’
[4.057s]   530 |     [01;36m[Koperator[m[K<<(basic_ostream<char, _Traits>& __out, signed char __c)
[4.057s]       |     [01;36m[K^~~~~~~~[m[K
[4.057s] [01m[K/usr/include/c++/11/ostream:530:5:[m[K [01;36m[Knote: [m[K  template argument deduction/substitution failed:
[4.058s] [01m[K/home/maria/ros2_coche/src/c4_gps/src/trimble_gps.cpp:87:84:[m[K [01;36m[Knote: [m[K  mismatched types ‘[01m[Kstd::basic_ostream<char, _Traits>[m[K’ and ‘[01m[Kconst char [12][m[K’
[4.058s]    87 |  = "Timestamp: " << std::to_string(message.header.stamp.sec[01;36m[K)[m[K << ", Latitude: " << message.lat;
[4.058s]       |                                                            [01;36m[K^[m[K
[4.058s] 
[4.058s] In file included from [01m[K/usr/include/c++/11/iostream:39[m[K,
[4.059s]                  from [01m[K/home/maria/ros2_coche/src/c4_gps/src/trimble_gps.cpp:5[m[K:
[4.059s] [01m[K/usr/include/c++/11/ostream:535:5:[m[K [01;36m[Knote: [m[Kcandidate: ‘[01m[Ktemplate<class _Traits> std::basic_ostream<char, _Traits>& std::operator<<(std::basic_ostream<char, _Traits>&, unsigned char)[m[K’
[4.059s]   535 |     [01;36m[Koperator[m[K<<(basic_ostream<char, _Traits>& __out, unsigned char __c)
[4.059s]       |     [01;36m[K^~~~~~~~[m[K
[4.059s] [01m[K/usr/include/c++/11/ostream:535:5:[m[K [01;36m[Knote: [m[K  template argument deduction/substitution failed:
[4.060s] [01m[K/home/maria/ros2_coche/src/c4_gps/src/trimble_gps.cpp:87:84:[m[K [01;36m[Knote: [m[K  mismatched types ‘[01m[Kstd::basic_ostream<char, _Traits>[m[K’ and ‘[01m[Kconst char [12][m[K’
[4.060s]    87 |  = "Timestamp: " << std::to_string(message.header.stamp.sec[01;36m[K)[m[K << ", Latitude: " << message.lat;
[4.060s]       |                                                            [01;36m[K^[m[K
[4.060s] 
[4.061s] In file included from [01m[K/usr/include/c++/11/iostream:39[m[K,
[4.061s]                  from [01m[K/home/maria/ros2_coche/src/c4_gps/src/trimble_gps.cpp:5[m[K:
[4.061s] [01m[K/usr/include/c++/11/ostream:594:5:[m[K [01;36m[Knote: [m[Kcandidate: ‘[01m[Ktemplate<class _CharT, class _Traits> std::basic_ostream<_Ch, _Tr>& std::operator<<(std::basic_ostream<_Ch, _Tr>&, const _CharT*)[m[K’
[4.061s]   594 |     [01;36m[Koperator[m[K<<(basic_ostream<_CharT, _Traits>& __out, const _CharT* __s)
[4.061s]       |     [01;36m[K^~~~~~~~[m[K
[4.062s] [01m[K/usr/include/c++/11/ostream:594:5:[m[K [01;36m[Knote: [m[K  template argument deduction/substitution failed:
[4.062s] [01m[K/home/maria/ros2_coche/src/c4_gps/src/trimble_gps.cpp:87:84:[m[K [01;36m[Knote: [m[K  mismatched types ‘[01m[Kstd::basic_ostream<_Ch, _Tr>[m[K’ and ‘[01m[Kconst char [12][m[K’
[4.062s]    87 |  = "Timestamp: " << std::to_string(message.header.stamp.sec[01;36m[K)[m[K << ", Latitude: " << message.lat;
[4.062s]       |                                                            [01;36m[K^[m[K
[4.063s] 
[4.063s] In file included from [01m[K/usr/include/c++/11/ostream:829[m[K,
[4.063s]                  from [01m[K/usr/include/c++/11/iostream:39[m[K,
[4.063s]                  from [01m[K/home/maria/ros2_coche/src/c4_gps/src/trimble_gps.cpp:5[m[K:
[4.063s] [01m[K/usr/include/c++/11/bits/ostream.tcc:321:5:[m[K [01;36m[Knote: [m[Kcandidate: ‘[01m[Ktemplate<class _CharT, class _Traits> std::basic_ostream<_Ch, _Tr>& std::operator<<(std::basic_ostream<_Ch, _Tr>&, const char*)[m[K’
[4.064s]   321 |     [01;36m[Koperator[m[K<<(basic_ostream<_CharT, _Traits>& __out, const char* __s)
[4.064s]       |     [01;36m[K^~~~~~~~[m[K
[4.064s] [01m[K/usr/include/c++/11/bits/ostream.tcc:321:5:[m[K [01;36m[Knote: [m[K  template argument deduction/substitution failed:
[4.064s] [01m[K/home/maria/ros2_coche/src/c4_gps/src/trimble_gps.cpp:87:84:[m[K [01;36m[Knote: [m[K  mismatched types ‘[01m[Kstd::basic_ostream<_Ch, _Tr>[m[K’ and ‘[01m[Kconst char [12][m[K’
[4.064s]    87 |  = "Timestamp: " << std::to_string(message.header.stamp.sec[01;36m[K)[m[K << ", Latitude: " << message.lat;
[4.065s]       |                                                            [01;36m[K^[m[K
[4.065s] 
[4.065s] In file included from [01m[K/usr/include/c++/11/iostream:39[m[K,
[4.066s]                  from [01m[K/home/maria/ros2_coche/src/c4_gps/src/trimble_gps.cpp:5[m[K:
[4.066s] [01m[K/usr/include/c++/11/ostream:611:5:[m[K [01;36m[Knote: [m[Kcandidate: ‘[01m[Ktemplate<class _Traits> std::basic_ostream<char, _Traits>& std::operator<<(std::basic_ostream<char, _Traits>&, const char*)[m[K’
[4.066s]   611 |     [01;36m[Koperator[m[K<<(basic_ostream<char, _Traits>& __out, const char* __s)
[4.066s]       |     [01;36m[K^~~~~~~~[m[K
[4.066s] [01m[K/usr/include/c++/11/ostream:611:5:[m[K [01;36m[Knote: [m[K  template argument deduction/substitution failed:
[4.066s] [01m[K/home/maria/ros2_coche/src/c4_gps/src/trimble_gps.cpp:87:84:[m[K [01;36m[Knote: [m[K  mismatched types ‘[01m[Kstd::basic_ostream<char, _Traits>[m[K’ and ‘[01m[Kconst char [12][m[K’
[4.067s]    87 |  = "Timestamp: " << std::to_string(message.header.stamp.sec[01;36m[K)[m[K << ", Latitude: " << message.lat;
[4.067s]       |                                                            [01;36m[K^[m[K
[4.067s] 
[4.067s] In file included from [01m[K/usr/include/c++/11/iostream:39[m[K,
[4.067s]                  from [01m[K/home/maria/ros2_coche/src/c4_gps/src/trimble_gps.cpp:5[m[K:
[4.068s] [01m[K/usr/include/c++/11/ostream:624:5:[m[K [01;36m[Knote: [m[Kcandidate: ‘[01m[Ktemplate<class _Traits> std::basic_ostream<char, _Traits>& std::operator<<(std::basic_ostream<char, _Traits>&, const signed char*)[m[K’
[4.068s]   624 |     [01;36m[Koperator[m[K<<(basic_ostream<char, _Traits>& __out, const signed char* __s)
[4.068s]       |     [01;36m[K^~~~~~~~[m[K
[4.068s] [01m[K/usr/include/c++/11/ostream:624:5:[m[K [01;36m[Knote: [m[K  template argument deduction/substitution failed:
[4.068s] [01m[K/home/maria/ros2_coche/src/c4_gps/src/trimble_gps.cpp:87:84:[m[K [01;36m[Knote: [m[K  mismatched types ‘[01m[Kstd::basic_ostream<char, _Traits>[m[K’ and ‘[01m[Kconst char [12][m[K’
[4.068s]    87 |  = "Timestamp: " << std::to_string(message.header.stamp.sec[01;36m[K)[m[K << ", Latitude: " << message.lat;
[4.069s]       |                                                            [01;36m[K^[m[K
[4.069s] 
[4.069s] In file included from [01m[K/usr/include/c++/11/iostream:39[m[K,
[4.069s]                  from [01m[K/home/maria/ros2_coche/src/c4_gps/src/trimble_gps.cpp:5[m[K:
[4.069s] [01m[K/usr/include/c++/11/ostream:629:5:[m[K [01;36m[Knote: [m[Kcandidate: ‘[01m[Ktemplate<class _Traits> std::basic_ostream<char, _Traits>& std::operator<<(std::basic_ostream<char, _Traits>&, const unsigned char*)[m[K’
[4.069s]   629 |     [01;36m[Koperator[m[K<<(basic_ostream<char, _Traits>& __out, const unsigned char* __s)
[4.070s]       |     [01;36m[K^~~~~~~~[m[K
[4.070s] [01m[K/usr/include/c++/11/ostream:629:5:[m[K [01;36m[Knote: [m[K  template argument deduction/substitution failed:
[4.070s] [01m[K/home/maria/ros2_coche/src/c4_gps/src/trimble_gps.cpp:87:84:[m[K [01;36m[Knote: [m[K  mismatched types ‘[01m[Kstd::basic_ostream<char, _Traits>[m[K’ and ‘[01m[Kconst char [12][m[K’
[4.070s]    87 |  = "Timestamp: " << std::to_string(message.header.stamp.sec[01;36m[K)[m[K << ", Latitude: " << message.lat;
[4.070s]       |                                                            [01;36m[K^[m[K
[4.070s] 
[4.071s] In file included from [01m[K/usr/include/c++/11/iostream:39[m[K,
[4.071s]                  from [01m[K/home/maria/ros2_coche/src/c4_gps/src/trimble_gps.cpp:5[m[K:
[4.071s] [01m[K/usr/include/c++/11/ostream:750:5:[m[K [01;36m[Knote: [m[Kcandidate: ‘[01m[Ktemplate<class _Ostream, class _Tp> _Ostream&& std::operator<<(_Ostream&&, const _Tp&)[m[K’
[4.071s]   750 |     [01;36m[Koperator[m[K<<(_Ostream&& __os, const _Tp& __x)
[4.071s]       |     [01;36m[K^~~~~~~~[m[K
[4.072s] [01m[K/usr/include/c++/11/ostream:750:5:[m[K [01;36m[Knote: [m[K  template argument deduction/substitution failed:
[4.072s] /usr/include/c++/11/ostream: In substitution of ‘[01m[Ktemplate<class _Ostream, class _Tp> _Ostream&& std::operator<<(_Ostream&&, const _Tp&) [with _Ostream = const char (&)[12]; _Tp = std::__cxx11::basic_string<char>][m[K’:
[4.072s] [01m[K/home/maria/ros2_coche/src/c4_gps/src/trimble_gps.cpp:87:84:[m[K   required from here
[4.072s] [01m[K/usr/include/c++/11/ostream:750:5:[m[K [01;31m[Kerror: [m[Kno type named ‘[01m[Ktype[m[K’ in ‘[01m[Kstruct std::enable_if<false, void>[m[K’
[4.072s] In file included from [01m[K/opt/ros/humble/include/rclcpp/rclcpp/executors/multi_threaded_executor.hpp:22[m[K,
[4.072s]                  from [01m[K/opt/ros/humble/include/rclcpp/rclcpp/executors.hpp:21[m[K,
[4.073s]                  from [01m[K/opt/ros/humble/include/rclcpp/rclcpp/rclcpp.hpp:155[m[K,
[4.073s]                  from [01m[K/home/maria/ros2_coche/src/c4_gps/src/trimble_gps.cpp:21[m[K:
[4.073s] [01m[K/usr/include/c++/11/thread:92:5:[m[K [01;36m[Knote: [m[Kcandidate: ‘[01m[Ktemplate<class _CharT, class _Traits> std::basic_ostream<_Ch, _Tr>& std::operator<<(std::basic_ostream<_Ch, _Tr>&, std::thread::id)[m[K’
[4.073s]    92 |     [01;36m[Koperator[m[K<<(basic_ostream<_CharT, _Traits>& __out, thread::id __id)
[4.073s]       |     [01;36m[K^~~~~~~~[m[K
[4.073s] [01m[K/usr/include/c++/11/thread:92:5:[m[K [01;36m[Knote: [m[K  template argument deduction/substitution failed:
[4.074s] [01m[K/home/maria/ros2_coche/src/c4_gps/src/trimble_gps.cpp:87:84:[m[K [01;36m[Knote: [m[K  mismatched types ‘[01m[Kstd::basic_ostream<_Ch, _Tr>[m[K’ and ‘[01m[Kconst char [12][m[K’
[4.074s]    87 |  = "Timestamp: " << std::to_string(message.header.stamp.sec[01;36m[K)[m[K << ", Latitude: " << message.lat;
[4.074s]       |                                                            [01;36m[K^[m[K
[4.074s] 
[4.074s] In file included from [01m[K/opt/ros/humble/include/rosidl_runtime_cpp/rosidl_runtime_cpp/traits.hpp:19[m[K,
[4.074s]                  from [01m[K/opt/ros/humble/include/builtin_interfaces/builtin_interfaces/msg/detail/duration__traits.hpp:15[m[K,
[4.075s]                  from [01m[K/opt/ros/humble/include/builtin_interfaces/builtin_interfaces/msg/duration.hpp:9[m[K,
[4.075s]                  from [01m[K/opt/ros/humble/include/rclcpp/rclcpp/duration.hpp:20[m[K,
[4.075s]                  from [01m[K/opt/ros/humble/include/rclcpp/rclcpp/qos.hpp:20[m[K,
[4.075s]                  from [01m[K/opt/ros/humble/include/rclcpp/rclcpp/node_interfaces/node_graph_interface.hpp:32[m[K,
[4.076s]                  from [01m[K/opt/ros/humble/include/rclcpp/rclcpp/client.hpp:42[m[K,
[4.076s]                  from [01m[K/opt/ros/humble/include/rclcpp/rclcpp/callback_group.hpp:24[m[K,
[4.076s]                  from [01m[K/opt/ros/humble/include/rclcpp/rclcpp/any_executable.hpp:20[m[K,
[4.076s]                  from [01m[K/opt/ros/humble/include/rclcpp/rclcpp/memory_strategy.hpp:25[m[K,
[4.077s]                  from [01m[K/opt/ros/humble/include/rclcpp/rclcpp/memory_strategies.hpp:18[m[K,
[4.077s]                  from [01m[K/opt/ros/humble/include/rclcpp/rclcpp/executor_options.hpp:20[m[K,
[4.077s]                  from [01m[K/opt/ros/humble/include/rclcpp/rclcpp/executor.hpp:37[m[K,
[4.077s]                  from [01m[K/opt/ros/humble/include/rclcpp/rclcpp/executors/multi_threaded_executor.hpp:25[m[K,
[4.077s]                  from [01m[K/opt/ros/humble/include/rclcpp/rclcpp/executors.hpp:21[m[K,
[4.078s]                  from [01m[K/opt/ros/humble/include/rclcpp/rclcpp/rclcpp.hpp:155[m[K,
[4.078s]                  from [01m[K/home/maria/ros2_coche/src/c4_gps/src/trimble_gps.cpp:21[m[K:
[4.078s] [01m[K/usr/include/c++/11/iomanip:79:5:[m[K [01;36m[Knote: [m[Kcandidate: ‘[01m[Ktemplate<class _CharT, class _Traits> std::basic_ostream<_Ch, _Tr>& std::operator<<(std::basic_ostream<_Ch, _Tr>&, std::_Resetiosflags)[m[K’
[4.078s]    79 |     [01;36m[Koperator[m[K<<(basic_ostream<_CharT, _Traits>& __os, _Resetiosflags __f)
[4.078s]       |     [01;36m[K^~~~~~~~[m[K
[4.078s] [01m[K/usr/include/c++/11/iomanip:79:5:[m[K [01;36m[Knote: [m[K  template argument deduction/substitution failed:
[4.079s] [01m[K/home/maria/ros2_coche/src/c4_gps/src/trimble_gps.cpp:87:84:[m[K [01;36m[Knote: [m[K  mismatched types ‘[01m[Kstd::basic_ostream<_Ch, _Tr>[m[K’ and ‘[01m[Kconst char [12][m[K’
[4.079s]    87 |  = "Timestamp: " << std::to_string(message.header.stamp.sec[01;36m[K)[m[K << ", Latitude: " << message.lat;
[4.079s]       |                                                            [01;36m[K^[m[K
[4.079s] 
[4.080s] In file included from [01m[K/opt/ros/humble/include/rosidl_runtime_cpp/rosidl_runtime_cpp/traits.hpp:19[m[K,
[4.080s]                  from [01m[K/opt/ros/humble/include/builtin_interfaces/builtin_interfaces/msg/detail/duration__traits.hpp:15[m[K,
[4.080s]                  from [01m[K/opt/ros/humble/include/builtin_interfaces/builtin_interfaces/msg/duration.hpp:9[m[K,
[4.080s]                  from [01m[K/opt/ros/humble/include/rclcpp/rclcpp/duration.hpp:20[m[K,
[4.080s]                  from [01m[K/opt/ros/humble/include/rclcpp/rclcpp/qos.hpp:20[m[K,
[4.081s]                  from [01m[K/opt/ros/humble/include/rclcpp/rclcpp/node_interfaces/node_graph_interface.hpp:32[m[K,
[4.081s]                  from [01m[K/opt/ros/humble/include/rclcpp/rclcpp/client.hpp:42[m[K,
[4.081s]                  from [01m[K/opt/ros/humble/include/rclcpp/rclcpp/callback_group.hpp:24[m[K,
[4.081s]                  from [01m[K/opt/ros/humble/include/rclcpp/rclcpp/any_executable.hpp:20[m[K,
[4.082s]                  from [01m[K/opt/ros/humble/include/rclcpp/rclcpp/memory_strategy.hpp:25[m[K,
[4.082s]                  from [01m[K/opt/ros/humble/include/rclcpp/rclcpp/memory_strategies.hpp:18[m[K,
[4.082s]                  from [01m[K/opt/ros/humble/include/rclcpp/rclcpp/executor_options.hpp:20[m[K,
[4.082s]                  from [01m[K/opt/ros/humble/include/rclcpp/rclcpp/executor.hpp:37[m[K,
[4.082s]                  from [01m[K/opt/ros/humble/include/rclcpp/rclcpp/executors/multi_threaded_executor.hpp:25[m[K,
[4.083s]                  from [01m[K/opt/ros/humble/include/rclcpp/rclcpp/executors.hpp:21[m[K,
[4.083s]                  from [01m[K/opt/ros/humble/include/rclcpp/rclcpp/rclcpp.hpp:155[m[K,
[4.083s]                  from [01m[K/home/maria/ros2_coche/src/c4_gps/src/trimble_gps.cpp:21[m[K:
[4.083s] [01m[K/usr/include/c++/11/iomanip:109:5:[m[K [01;36m[Knote: [m[Kcandidate: ‘[01m[Ktemplate<class _CharT, class _Traits> std::basic_ostream<_Ch, _Tr>& std::operator<<(std::basic_ostream<_Ch, _Tr>&, std::_Setiosflags)[m[K’
[4.083s]   109 |     [01;36m[Koperator[m[K<<(basic_ostream<_CharT, _Traits>& __os, _Setiosflags __f)
[4.084s]       |     [01;36m[K^~~~~~~~[m[K
[4.084s] [01m[K/usr/include/c++/11/iomanip:109:5:[m[K [01;36m[Knote: [m[K  template argument deduction/substitution failed:
[4.084s] [01m[K/home/maria/ros2_coche/src/c4_gps/src/trimble_gps.cpp:87:84:[m[K [01;36m[Knote: [m[K  mismatched types ‘[01m[Kstd::basic_ostream<_Ch, _Tr>[m[K’ and ‘[01m[Kconst char [12][m[K’
[4.084s]    87 |  = "Timestamp: " << std::to_string(message.header.stamp.sec[01;36m[K)[m[K << ", Latitude: " << message.lat;
[4.084s]       |                                                            [01;36m[K^[m[K
[4.084s] 
[4.085s] In file included from [01m[K/opt/ros/humble/include/rosidl_runtime_cpp/rosidl_runtime_cpp/traits.hpp:19[m[K,
[4.085s]                  from [01m[K/opt/ros/humble/include/builtin_interfaces/builtin_interfaces/msg/detail/duration__traits.hpp:15[m[K,
[4.085s]                  from [01m[K/opt/ros/humble/include/builtin_interfaces/builtin_interfaces/msg/duration.hpp:9[m[K,
[4.085s]                  from [01m[K/opt/ros/humble/include/rclcpp/rclcpp/duration.hpp:20[m[K,
[4.085s]                  from [01m[K/opt/ros/humble/include/rclcpp/rclcpp/qos.hpp:20[m[K,
[4.085s]                  from [01m[K/opt/ros/humble/include/rclcpp/rclcpp/node_interfaces/node_graph_interface.hpp:32[m[K,
[4.086s]                  from [01m[K/opt/ros/humble/include/rclcpp/rclcpp/client.hpp:42[m[K,
[4.086s]                  from [01m[K/opt/ros/humble/include/rclcpp/rclcpp/callback_group.hpp:24[m[K,
[4.086s]                  from [01m[K/opt/ros/humble/include/rclcpp/rclcpp/any_executable.hpp:20[m[K,
[4.086s]                  from [01m[K/opt/ros/humble/include/rclcpp/rclcpp/memory_strategy.hpp:25[m[K,
[4.086s]                  from [01m[K/opt/ros/humble/include/rclcpp/rclcpp/memory_strategies.hpp:18[m[K,
[4.087s]                  from [01m[K/opt/ros/humble/include/rclcpp/rclcpp/executor_options.hpp:20[m[K,
[4.087s]                  from [01m[K/opt/ros/humble/include/rclcpp/rclcpp/executor.hpp:37[m[K,
[4.087s]                  from [01m[K/opt/ros/humble/include/rclcpp/rclcpp/executors/multi_threaded_executor.hpp:25[m[K,
[4.087s]                  from [01m[K/opt/ros/humble/include/rclcpp/rclcpp/executors.hpp:21[m[K,
[4.087s]                  from [01m[K/opt/ros/humble/include/rclcpp/rclcpp/rclcpp.hpp:155[m[K,
[4.087s]                  from [01m[K/home/maria/ros2_coche/src/c4_gps/src/trimble_gps.cpp:21[m[K:
[4.088s] [01m[K/usr/include/c++/11/iomanip:143:5:[m[K [01;36m[Knote: [m[Kcandidate: ‘[01m[Ktemplate<class _CharT, class _Traits> std::basic_ostream<_Ch, _Tr>& std::operator<<(std::basic_ostream<_Ch, _Tr>&, std::_Setbase)[m[K’
[4.088s]   143 |     [01;36m[Koperator[m[K<<(basic_ostream<_CharT, _Traits>& __os, _Setbase __f)
[4.088s]       |     [01;36m[K^~~~~~~~[m[K
[4.088s] [01m[K/usr/include/c++/11/iomanip:143:5:[m[K [01;36m[Knote: [m[K  template argument deduction/substitution failed:
[4.088s] [01m[K/home/maria/ros2_coche/src/c4_gps/src/trimble_gps.cpp:87:84:[m[K [01;36m[Knote: [m[K  mismatched types ‘[01m[Kstd::basic_ostream<_Ch, _Tr>[m[K’ and ‘[01m[Kconst char [12][m[K’
[4.088s]    87 |  = "Timestamp: " << std::to_string(message.header.stamp.sec[01;36m[K)[m[K << ", Latitude: " << message.lat;
[4.089s]       |                                                            [01;36m[K^[m[K
[4.089s] 
[4.089s] In file included from [01m[K/opt/ros/humble/include/rosidl_runtime_cpp/rosidl_runtime_cpp/traits.hpp:19[m[K,
[4.089s]                  from [01m[K/opt/ros/humble/include/builtin_interfaces/builtin_interfaces/msg/detail/duration__traits.hpp:15[m[K,
[4.089s]                  from [01m[K/opt/ros/humble/include/builtin_interfaces/builtin_interfaces/msg/duration.hpp:9[m[K,
[4.089s]                  from [01m[K/opt/ros/humble/include/rclcpp/rclcpp/duration.hpp:20[m[K,
[4.090s]                  from [01m[K/opt/ros/humble/include/rclcpp/rclcpp/qos.hpp:20[m[K,
[4.090s]                  from [01m[K/opt/ros/humble/include/rclcpp/rclcpp/node_interfaces/node_graph_interface.hpp:32[m[K,
[4.090s]                  from [01m[K/opt/ros/humble/include/rclcpp/rclcpp/client.hpp:42[m[K,
[4.090s]                  from [01m[K/opt/ros/humble/include/rclcpp/rclcpp/callback_group.hpp:24[m[K,
[4.090s]                  from [01m[K/opt/ros/humble/include/rclcpp/rclcpp/any_executable.hpp:20[m[K,
[4.090s]                  from [01m[K/opt/ros/humble/include/rclcpp/rclcpp/memory_strategy.hpp:25[m[K,
[4.091s]                  from [01m[K/opt/ros/humble/include/rclcpp/rclcpp/memory_strategies.hpp:18[m[K,
[4.091s]                  from [01m[K/opt/ros/humble/include/rclcpp/rclcpp/executor_options.hpp:20[m[K,
[4.091s]                  from [01m[K/opt/ros/humble/include/rclcpp/rclcpp/executor.hpp:37[m[K,
[4.091s]                  from [01m[K/opt/ros/humble/include/rclcpp/rclcpp/executors/multi_threaded_executor.hpp:25[m[K,
[4.091s]                  from [01m[K/opt/ros/humble/include/rclcpp/rclcpp/executors.hpp:21[m[K,
[4.092s]                  from [01m[K/opt/ros/humble/include/rclcpp/rclcpp/rclcpp.hpp:155[m[K,
[4.092s]                  from [01m[K/home/maria/ros2_coche/src/c4_gps/src/trimble_gps.cpp:21[m[K:
[4.092s] [01m[K/usr/include/c++/11/iomanip:178:5:[m[K [01;36m[Knote: [m[Kcandidate: ‘[01m[Ktemplate<class _CharT, class _Traits> std::basic_ostream<_Ch, _Tr>& std::operator<<(std::basic_ostream<_Ch, _Tr>&, std::_Setfill<_CharT>)[m[K’
[4.092s]   178 |     [01;36m[Koperator[m[K<<(basic_ostream<_CharT, _Traits>& __os, _Setfill<_CharT> __f)
[4.092s]       |     [01;36m[K^~~~~~~~[m[K
[4.092s] [01m[K/usr/include/c++/11/iomanip:178:5:[m[K [01;36m[Knote: [m[K  template argument deduction/substitution failed:
[4.093s] [01m[K/home/maria/ros2_coche/src/c4_gps/src/trimble_gps.cpp:87:84:[m[K [01;36m[Knote: [m[K  mismatched types ‘[01m[Kstd::basic_ostream<_Ch, _Tr>[m[K’ and ‘[01m[Kconst char [12][m[K’
[4.093s]    87 |  = "Timestamp: " << std::to_string(message.header.stamp.sec[01;36m[K)[m[K << ", Latitude: " << message.lat;
[4.093s]       |                                                            [01;36m[K^[m[K
[4.093s] 
[4.093s] In file included from [01m[K/opt/ros/humble/include/rosidl_runtime_cpp/rosidl_runtime_cpp/traits.hpp:19[m[K,
[4.094s]                  from [01m[K/opt/ros/humble/include/builtin_interfaces/builtin_interfaces/msg/detail/duration__traits.hpp:15[m[K,
[4.094s]                  from [01m[K/opt/ros/humble/include/builtin_interfaces/builtin_interfaces/msg/duration.hpp:9[m[K,
[4.094s]                  from [01m[K/opt/ros/humble/include/rclcpp/rclcpp/duration.hpp:20[m[K,
[4.094s]                  from [01m[K/opt/ros/humble/include/rclcpp/rclcpp/qos.hpp:20[m[K,
[4.094s]                  from [01m[K/opt/ros/humble/include/rclcpp/rclcpp/node_interfaces/node_graph_interface.hpp:32[m[K,
[4.094s]                  from [01m[K/opt/ros/humble/include/rclcpp/rclcpp/client.hpp:42[m[K,
[4.095s]                  from [01m[K/opt/ros/humble/include/rclcpp/rclcpp/callback_group.hpp:24[m[K,
[4.095s]                  from [01m[K/opt/ros/humble/include/rclcpp/rclcpp/any_executable.hpp:20[m[K,
[4.095s]                  from [01m[K/opt/ros/humble/include/rclcpp/rclcpp/memory_strategy.hpp:25[m[K,
[4.095s]                  from [01m[K/opt/ros/humble/include/rclcpp/rclcpp/memory_strategies.hpp:18[m[K,
[4.095s]                  from [01m[K/opt/ros/humble/include/rclcpp/rclcpp/executor_options.hpp:20[m[K,
[4.095s]                  from [01m[K/opt/ros/humble/include/rclcpp/rclcpp/executor.hpp:37[m[K,
[4.096s]                  from [01m[K/opt/ros/humble/include/rclcpp/rclcpp/executors/multi_threaded_executor.hpp:25[m[K,
[4.096s]                  from [01m[K/opt/ros/humble/include/rclcpp/rclcpp/executors.hpp:21[m[K,
[4.096s]                  from [01m[K/opt/ros/humble/include/rclcpp/rclcpp/rclcpp.hpp:155[m[K,
[4.096s]                  from [01m[K/home/maria/ros2_coche/src/c4_gps/src/trimble_gps.cpp:21[m[K:
[4.096s] [01m[K/usr/include/c++/11/iomanip:208:5:[m[K [01;36m[Knote: [m[Kcandidate: ‘[01m[Ktemplate<class _CharT, class _Traits> std::basic_ostream<_Ch, _Tr>& std::operator<<(std::basic_ostream<_Ch, _Tr>&, std::_Setprecision)[m[K’
[4.096s]   208 |     [01;36m[Koperator[m[K<<(basic_ostream<_CharT, _Traits>& __os, _Setprecision __f)
[4.097s]       |     [01;36m[K^~~~~~~~[m[K
[4.097s] [01m[K/usr/include/c++/11/iomanip:208:5:[m[K [01;36m[Knote: [m[K  template argument deduction/substitution failed:
[4.097s] [01m[K/home/maria/ros2_coche/src/c4_gps/src/trimble_gps.cpp:87:84:[m[K [01;36m[Knote: [m[K  mismatched types ‘[01m[Kstd::basic_ostream<_Ch, _Tr>[m[K’ and ‘[01m[Kconst char [12][m[K’
[4.097s]    87 |  = "Timestamp: " << std::to_string(message.header.stamp.sec[01;36m[K)[m[K << ", Latitude: " << message.lat;
[4.097s]       |                                                            [01;36m[K^[m[K
[4.098s] 
[4.098s] In file included from [01m[K/opt/ros/humble/include/rosidl_runtime_cpp/rosidl_runtime_cpp/traits.hpp:19[m[K,
[4.098s]                  from [01m[K/opt/ros/humble/include/builtin_interfaces/builtin_interfaces/msg/detail/duration__traits.hpp:15[m[K,
[4.098s]                  from [01m[K/opt/ros/humble/include/builtin_interfaces/builtin_interfaces/msg/duration.hpp:9[m[K,
[4.098s]                  from [01m[K/opt/ros/humble/include/rclcpp/rclcpp/duration.hpp:20[m[K,
[4.098s]                  from [01m[K/opt/ros/humble/include/rclcpp/rclcpp/qos.hpp:20[m[K,
[4.099s]                  from [01m[K/opt/ros/humble/include/rclcpp/rclcpp/node_interfaces/node_graph_interface.hpp:32[m[K,
[4.099s]                  from [01m[K/opt/ros/humble/include/rclcpp/rclcpp/client.hpp:42[m[K,
[4.099s]                  from [01m[K/opt/ros/humble/include/rclcpp/rclcpp/callback_group.hpp:24[m[K,
[4.099s]                  from [01m[K/opt/ros/humble/include/rclcpp/rclcpp/any_executable.hpp:20[m[K,
[4.099s]                  from [01m[K/opt/ros/humble/include/rclcpp/rclcpp/memory_strategy.hpp:25[m[K,
[4.099s]                  from [01m[K/opt/ros/humble/include/rclcpp/rclcpp/memory_strategies.hpp:18[m[K,
[4.100s]                  from [01m[K/opt/ros/humble/include/rclcpp/rclcpp/executor_options.hpp:20[m[K,
[4.100s]                  from [01m[K/opt/ros/humble/include/rclcpp/rclcpp/executor.hpp:37[m[K,
[4.100s]                  from [01m[K/opt/ros/humble/include/rclcpp/rclcpp/executors/multi_threaded_executor.hpp:25[m[K,
[4.100s]                  from [01m[K/opt/ros/humble/include/rclcpp/rclcpp/executors.hpp:21[m[K,
[4.100s]                  from [01m[K/opt/ros/humble/include/rclcpp/rclcpp/rclcpp.hpp:155[m[K,
[4.100s]                  from [01m[K/home/maria/ros2_coche/src/c4_gps/src/trimble_gps.cpp:21[m[K:
[4.101s] [01m[K/usr/include/c++/11/iomanip:238:5:[m[K [01;36m[Knote: [m[Kcandidate: ‘[01m[Ktemplate<class _CharT, class _Traits> std::basic_ostream<_Ch, _Tr>& std::operator<<(std::basic_ostream<_Ch, _Tr>&, std::_Setw)[m[K’
[4.101s]   238 |     [01;36m[Koperator[m[K<<(basic_ostream<_CharT, _Traits>& __os, _Setw __f)
[4.101s]       |     [01;36m[K^~~~~~~~[m[K
[4.101s] [01m[K/usr/include/c++/11/iomanip:238:5:[m[K [01;36m[Knote: [m[K  template argument deduction/substitution failed:
[4.101s] [01m[K/home/maria/ros2_coche/src/c4_gps/src/trimble_gps.cpp:87:84:[m[K [01;36m[Knote: [m[K  mismatched types ‘[01m[Kstd::basic_ostream<_Ch, _Tr>[m[K’ and ‘[01m[Kconst char [12][m[K’
[4.101s]    87 |  = "Timestamp: " << std::to_string(message.header.stamp.sec[01;36m[K)[m[K << ", Latitude: " << message.lat;
[4.102s]       |                                                            [01;36m[K^[m[K
[4.102s] 
[4.102s] In file included from [01m[K/opt/ros/humble/include/rosidl_runtime_cpp/rosidl_runtime_cpp/traits.hpp:19[m[K,
[4.102s]                  from [01m[K/opt/ros/humble/include/builtin_interfaces/builtin_interfaces/msg/detail/duration__traits.hpp:15[m[K,
[4.102s]                  from [01m[K/opt/ros/humble/include/builtin_interfaces/builtin_interfaces/msg/duration.hpp:9[m[K,
[4.103s]                  from [01m[K/opt/ros/humble/include/rclcpp/rclcpp/duration.hpp:20[m[K,
[4.103s]                  from [01m[K/opt/ros/humble/include/rclcpp/rclcpp/qos.hpp:20[m[K,
[4.103s]                  from [01m[K/opt/ros/humble/include/rclcpp/rclcpp/node_interfaces/node_graph_interface.hpp:32[m[K,
[4.103s]                  from [01m[K/opt/ros/humble/include/rclcpp/rclcpp/client.hpp:42[m[K,
[4.103s]                  from [01m[K/opt/ros/humble/include/rclcpp/rclcpp/callback_group.hpp:24[m[K,
[4.103s]                  from [01m[K/opt/ros/humble/include/rclcpp/rclcpp/any_executable.hpp:20[m[K,
[4.104s]                  from [01m[K/opt/ros/humble/include/rclcpp/rclcpp/memory_strategy.hpp:25[m[K,
[4.104s]                  from [01m[K/opt/ros/humble/include/rclcpp/rclcpp/memory_strategies.hpp:18[m[K,
[4.104s]                  from [01m[K/opt/ros/humble/include/rclcpp/rclcpp/executor_options.hpp:20[m[K,
[4.104s]                  from [01m[K/opt/ros/humble/include/rclcpp/rclcpp/executor.hpp:37[m[K,
[4.104s]                  from [01m[K/opt/ros/humble/include/rclcpp/rclcpp/executors/multi_threaded_executor.hpp:25[m[K,
[4.104s]                  from [01m[K/opt/ros/humble/include/rclcpp/rclcpp/executors.hpp:21[m[K,
[4.105s]                  from [01m[K/opt/ros/humble/include/rclcpp/rclcpp/rclcpp.hpp:155[m[K,
[4.105s]                  from [01m[K/home/maria/ros2_coche/src/c4_gps/src/trimble_gps.cpp:21[m[K:
[4.105s] [01m[K/usr/include/c++/11/iomanip:311:5:[m[K [01;36m[Knote: [m[Kcandidate: ‘[01m[Ktemplate<class _CharT, class _Traits, class _MoneyT> std::basic_ostream<_Ch, _Tr>& std::operator<<(std::basic_ostream<_Ch, _Tr>&, std::_Put_money<_MoneyT>)[m[K’
[4.105s]   311 |     [01;36m[Koperator[m[K<<(basic_ostream<_CharT, _Traits>& __os, _Put_money<_MoneyT> __f)
[4.105s]       |     [01;36m[K^~~~~~~~[m[K
[4.105s] [01m[K/usr/include/c++/11/iomanip:311:5:[m[K [01;36m[Knote: [m[K  template argument deduction/substitution failed:
[4.106s] [01m[K/home/maria/ros2_coche/src/c4_gps/src/trimble_gps.cpp:87:84:[m[K [01;36m[Knote: [m[K  mismatched types ‘[01m[Kstd::basic_ostream<_Ch, _Tr>[m[K’ and ‘[01m[Kconst char [12][m[K’
[4.106s]    87 |  = "Timestamp: " << std::to_string(message.header.stamp.sec[01;36m[K)[m[K << ", Latitude: " << message.lat;
[4.106s]       |                                                            [01;36m[K^[m[K
[4.106s] 
[4.106s] In file included from [01m[K/opt/ros/humble/include/rosidl_runtime_cpp/rosidl_runtime_cpp/traits.hpp:19[m[K,
[4.106s]                  from [01m[K/opt/ros/humble/include/builtin_interfaces/builtin_interfaces/msg/detail/duration__traits.hpp:15[m[K,
[4.107s]                  from [01m[K/opt/ros/humble/include/builtin_interfaces/builtin_interfaces/msg/duration.hpp:9[m[K,
[4.107s]                  from [01m[K/opt/ros/humble/include/rclcpp/rclcpp/duration.hpp:20[m[K,
[4.107s]                  from [01m[K/opt/ros/humble/include/rclcpp/rclcpp/qos.hpp:20[m[K,
[4.107s]                  from [01m[K/opt/ros/humble/include/rclcpp/rclcpp/node_interfaces/node_graph_interface.hpp:32[m[K,
[4.107s]                  from [01m[K/opt/ros/humble/include/rclcpp/rclcpp/client.hpp:42[m[K,
[4.107s]                  from [01m[K/opt/ros/humble/include/rclcpp/rclcpp/callback_group.hpp:24[m[K,
[4.108s]                  from [01m[K/opt/ros/humble/include/rclcpp/rclcpp/any_executable.hpp:20[m[K,
[4.108s]                  from [01m[K/opt/ros/humble/include/rclcpp/rclcpp/memory_strategy.hpp:25[m[K,
[4.108s]                  from [01m[K/opt/ros/humble/include/rclcpp/rclcpp/memory_strategies.hpp:18[m[K,
[4.108s]                  from [01m[K/opt/ros/humble/include/rclcpp/rclcpp/executor_options.hpp:20[m[K,
[4.108s]                  from [01m[K/opt/ros/humble/include/rclcpp/rclcpp/executor.hpp:37[m[K,
[4.108s]                  from [01m[K/opt/ros/humble/include/rclcpp/rclcpp/executors/multi_threaded_executor.hpp:25[m[K,
[4.109s]                  from [01m[K/opt/ros/humble/include/rclcpp/rclcpp/executors.hpp:21[m[K,
[4.109s]                  from [01m[K/opt/ros/humble/include/rclcpp/rclcpp/rclcpp.hpp:155[m[K,
[4.109s]                  from [01m[K/home/maria/ros2_coche/src/c4_gps/src/trimble_gps.cpp:21[m[K:
[4.109s] [01m[K/usr/include/c++/11/iomanip:363:5:[m[K [01;36m[Knote: [m[Kcandidate: ‘[01m[Ktemplate<class _CharT, class _Traits> std::basic_ostream<_Ch, _Tr>& std::operator<<(std::basic_ostream<_Ch, _Tr>&, std::_Put_time<_CharT>)[m[K’
[4.109s]   363 |     [01;36m[Koperator[m[K<<(basic_ostream<_CharT, _Traits>& __os, _Put_time<_CharT> __f)
[4.110s]       |     [01;36m[K^~~~~~~~[m[K
[4.110s] [01m[K/usr/include/c++/11/iomanip:363:5:[m[K [01;36m[Knote: [m[K  template argument deduction/substitution failed:
[4.110s] [01m[K/home/maria/ros2_coche/src/c4_gps/src/trimble_gps.cpp:87:84:[m[K [01;36m[Knote: [m[K  mismatched types ‘[01m[Kstd::basic_ostream<_Ch, _Tr>[m[K’ and ‘[01m[Kconst char [12][m[K’
[4.110s]    87 |  = "Timestamp: " << std::to_string(message.header.stamp.sec[01;36m[K)[m[K << ", Latitude: " << message.lat;
[4.110s]       |                                                            [01;36m[K^[m[K
[4.110s] 
[4.111s] [01m[K/home/maria/ros2_coche/src/c4_gps/src/trimble_gps.cpp:90:22:[m[K [01;35m[Kwarning: [m[Kformat ‘[01m[K%s[m[K’ expects argument of type ‘[01m[Kchar*[m[K’, but argument 2 has type ‘[01m[Kstd::string[m[K’ {aka ‘[01m[Kstd::__cxx11::basic_string<char>[m[K’} [[01;35m[K]8;;https://gcc.gnu.org/onlinedocs/gcc/Warning-Options.html#index-Wformat=-Wformat=]8;;[m[K]
[4.111s]    90 |             printf("[01;35m[K%s[m[K\n", message_struct);
[4.111s]       |                     [01;35m[K~^[m[K
[4.111s]       |                      [01;35m[K|[m[K
[4.111s]       |                      [01;35m[Kchar*[m[K
[5.324s] gmake[2]: *** [CMakeFiles/t_gps.dir/build.make:76: CMakeFiles/t_gps.dir/src/trimble_gps.cpp.o] Error 1
[5.324s] gmake[1]: *** [CMakeFiles/Makefile2:137: CMakeFiles/t_gps.dir/all] Error 2
[5.324s] gmake: *** [Makefile:146: all] Error 2
[5.328s] Invoked command in '/home/maria/ros2_coche/build/c4_gps' returned '2': AMENT_PREFIX_PATH=/home/maria/ros2_coche/install/nmea_msgs:${AMENT_PREFIX_PATH} CMAKE_PREFIX_PATH=/opt/ros/humble:/home/maria/ros2_coche/install/nmea_msgs LD_LIBRARY_PATH=/home/maria/ros2_coche/install/nmea_msgs/lib:${LD_LIBRARY_PATH} PYTHONPATH=/home/maria/ros2_coche/install/nmea_msgs/local/lib/python3.10/dist-packages:${PYTHONPATH} /usr/bin/cmake --build /home/maria/ros2_coche/build/c4_gps -- -j12 -l12
