[0.031s] Invoking command in '/home/maria/ros2_coche/build/c4_gps': CMAKE_PREFIX_PATH=/opt/ros/humble /usr/bin/cmake --build /home/maria/ros2_coche/build/c4_gps -- -j12 -l12
[0.178s] [100%] Built target talker
[0.216s] Invoked command in '/home/maria/ros2_coche/build/c4_gps' returned '0': CMAKE_PREFIX_PATH=/opt/ros/humble /usr/bin/cmake --build /home/maria/ros2_coche/build/c4_gps -- -j12 -l12
[0.338s] Invoking command in '/home/maria/ros2_coche/build/c4_gps': CMAKE_PREFIX_PATH=/opt/ros/humble /usr/bin/cmake --install /home/maria/ros2_coche/build/c4_gps
[0.360s] -- Install configuration: ""
[0.361s] -- Up-to-date: /home/maria/ros2_coche/install/c4_gps/lib/c4_gps/talker
[0.362s] -- Up-to-date: /home/maria/ros2_coche/install/c4_gps/share/ament_index/resource_index/package_run_dependencies/c4_gps
[0.363s] -- Up-to-date: /home/maria/ros2_coche/install/c4_gps/share/ament_index/resource_index/parent_prefix_path/c4_gps
[0.364s] -- Up-to-date: /home/maria/ros2_coche/install/c4_gps/share/c4_gps/environment/ament_prefix_path.sh
[0.364s] -- Up-to-date: /home/maria/ros2_coche/install/c4_gps/share/c4_gps/environment/ament_prefix_path.dsv
[0.364s] -- Up-to-date: /home/maria/ros2_coche/install/c4_gps/share/c4_gps/environment/path.sh
[0.365s] -- Up-to-date: /home/maria/ros2_coche/install/c4_gps/share/c4_gps/environment/path.dsv
[0.365s] -- Up-to-date: /home/maria/ros2_coche/install/c4_gps/share/c4_gps/local_setup.bash
[0.365s] -- Up-to-date: /home/maria/ros2_coche/install/c4_gps/share/c4_gps/local_setup.sh
[0.366s] -- Up-to-date: /home/maria/ros2_coche/install/c4_gps/share/c4_gps/local_setup.zsh
[0.366s] -- Up-to-date: /home/maria/ros2_coche/install/c4_gps/share/c4_gps/local_setup.dsv
[0.366s] -- Installing: /home/maria/ros2_coche/install/c4_gps/share/c4_gps/package.dsv
[0.366s] -- Up-to-date: /home/maria/ros2_coche/install/c4_gps/share/ament_index/resource_index/packages/c4_gps
[0.366s] -- Up-to-date: /home/maria/ros2_coche/install/c4_gps/share/c4_gps/cmake/c4_gpsConfig.cmake
[0.367s] -- Up-to-date: /home/maria/ros2_coche/install/c4_gps/share/c4_gps/cmake/c4_gpsConfig-version.cmake
[0.367s] -- Up-to-date: /home/maria/ros2_coche/install/c4_gps/share/c4_gps/package.xml
[0.372s] Invoked command in '/home/maria/ros2_coche/build/c4_gps' returned '0': CMAKE_PREFIX_PATH=/opt/ros/humble /usr/bin/cmake --install /home/maria/ros2_coche/build/c4_gps
