[0.022s] Invoking command in '/home/maria/ros2_coche/build/c4_gps': CMAKE_PREFIX_PATH=/opt/ros/humble /usr/bin/cmake --build /home/maria/ros2_coche/build/c4_gps -- -j12 -l12
[0.057s] -- Found ament_cmake: 1.3.3 (/opt/ros/humble/share/ament_cmake/cmake)
[0.606s] -- Found rclcpp: 16.0.3 (/opt/ros/humble/share/rclcpp/cmake)
[0.785s] -- Found rosidl_generator_c: 3.1.4 (/opt/ros/humble/share/rosidl_generator_c/cmake)
[0.801s] -- Found rosidl_adapter: 3.1.4 (/opt/ros/humble/share/rosidl_adapter/cmake)
[0.835s] -- Found rosidl_generator_cpp: 3.1.4 (/opt/ros/humble/share/rosidl_generator_cpp/cmake)
[0.885s] -- Using all available rosidl_typesupport_c: rosidl_typesupport_fastrtps_c;rosidl_typesupport_introspection_c
[0.957s] -- Using all available rosidl_typesupport_cpp: rosidl_typesupport_fastrtps_cpp;rosidl_typesupport_introspection_cpp
[1.129s] -- Found rmw_implementation_cmake: 6.1.1 (/opt/ros/humble/share/rmw_implementation_cmake/cmake)
[1.134s] -- Found rmw_fastrtps_cpp: 6.2.2 (/opt/ros/humble/share/rmw_fastrtps_cpp/cmake)
[1.387s] -- Found OpenSSL: /usr/lib/x86_64-linux-gnu/libcrypto.so (found version "3.0.2")  
[1.517s] -- Found FastRTPS: /opt/ros/humble/include  
[1.714s] -- Using RMW implementation 'rmw_fastrtps_cpp' as default
[1.747s] -- Looking for pthread.h
[1.957s] -- Looking for pthread.h - found
[1.958s] -- Performing Test CMAKE_HAVE_LIBC_PTHREAD
[2.192s] -- Performing Test CMAKE_HAVE_LIBC_PTHREAD - Success
[2.197s] -- Found Threads: TRUE  
[2.590s] -- Found ament_lint_auto: 0.12.5 (/opt/ros/humble/share/ament_lint_auto/cmake)
[2.695s] -- Added test 'cppcheck' to perform static code analysis on C / C++ code
[2.696s] -- Configured cppcheck include dirs: 
[2.696s] -- Configured cppcheck exclude dirs and/or files: 
[2.696s] -- Added test 'lint_cmake' to check CMake code style
[2.697s] -- Added test 'uncrustify' to check C / C++ code style
[2.697s] -- Configured uncrustify additional arguments: 
[2.698s] -- Added test 'xmllint' to check XML markup files
[2.699s] -- Configuring done
[2.714s] -- Generating done
[2.717s] -- Build files have been written to: /home/maria/ros2_coche/build/c4_gps
[2.768s] [ 50%] [32mBuilding CXX object CMakeFiles/talker.dir/src/publisher_member_function.cpp.o[0m
[11.038s] [100%] [32m[1mLinking CXX executable talker[0m
[11.591s] [100%] Built target talker
[11.605s] Invoked command in '/home/maria/ros2_coche/build/c4_gps' returned '0': CMAKE_PREFIX_PATH=/opt/ros/humble /usr/bin/cmake --build /home/maria/ros2_coche/build/c4_gps -- -j12 -l12
[11.684s] Invoking command in '/home/maria/ros2_coche/build/c4_gps': CMAKE_PREFIX_PATH=/opt/ros/humble /usr/bin/cmake --install /home/maria/ros2_coche/build/c4_gps
[11.708s] -- Install configuration: ""
[11.709s] -- Installing: /home/maria/ros2_coche/install/c4_gps/lib/c4_gps/talker
[11.715s] -- Set runtime path of "/home/maria/ros2_coche/install/c4_gps/lib/c4_gps/talker" to ""
[11.716s] -- Installing: /home/maria/ros2_coche/install/c4_gps/share/ament_index/resource_index/package_run_dependencies/c4_gps
[11.717s] -- Up-to-date: /home/maria/ros2_coche/install/c4_gps/share/ament_index/resource_index/parent_prefix_path/c4_gps
[11.718s] -- Up-to-date: /home/maria/ros2_coche/install/c4_gps/share/c4_gps/environment/ament_prefix_path.sh
[11.719s] -- Installing: /home/maria/ros2_coche/install/c4_gps/share/c4_gps/environment/ament_prefix_path.dsv
[11.719s] -- Up-to-date: /home/maria/ros2_coche/install/c4_gps/share/c4_gps/environment/path.sh
[11.720s] -- Installing: /home/maria/ros2_coche/install/c4_gps/share/c4_gps/environment/path.dsv
[11.721s] -- Up-to-date: /home/maria/ros2_coche/install/c4_gps/share/c4_gps/local_setup.bash
[11.722s] -- Up-to-date: /home/maria/ros2_coche/install/c4_gps/share/c4_gps/local_setup.sh
[11.722s] -- Up-to-date: /home/maria/ros2_coche/install/c4_gps/share/c4_gps/local_setup.zsh
[11.723s] -- Installing: /home/maria/ros2_coche/install/c4_gps/share/c4_gps/local_setup.dsv
[11.724s] -- Installing: /home/maria/ros2_coche/install/c4_gps/share/c4_gps/package.dsv
[11.724s] -- Up-to-date: /home/maria/ros2_coche/install/c4_gps/share/ament_index/resource_index/packages/c4_gps
[11.725s] -- Up-to-date: /home/maria/ros2_coche/install/c4_gps/share/c4_gps/cmake/c4_gpsConfig.cmake
[11.725s] -- Up-to-date: /home/maria/ros2_coche/install/c4_gps/share/c4_gps/cmake/c4_gpsConfig-version.cmake
[11.726s] -- Installing: /home/maria/ros2_coche/install/c4_gps/share/c4_gps/package.xml
[11.733s] Invoked command in '/home/maria/ros2_coche/build/c4_gps' returned '0': CMAKE_PREFIX_PATH=/opt/ros/humble /usr/bin/cmake --install /home/maria/ros2_coche/build/c4_gps
