-- Found ament_cmake: 1.3.3 (/opt/ros/humble/share/ament_cmake/cmake)
-- Override CMake install command with custom implementation using symlinks instead of copying resources
-- Found std_msgs: 4.2.3 (/opt/ros/humble/share/std_msgs/cmake)
-- Found rosidl_generator_c: 3.1.4 (/opt/ros/humble/share/rosidl_generator_c/cmake)
-- Found rosidl_adapter: 3.1.4 (/opt/ros/humble/share/rosidl_adapter/cmake)
-- Found rosidl_generator_cpp: 3.1.4 (/opt/ros/humble/share/rosidl_generator_cpp/cmake)
-- Using all available rosidl_typesupport_c: rosidl_typesupport_fastrtps_c;rosidl_typesupport_introspection_c
-- Using all available rosidl_typesupport_cpp: rosidl_typesupport_fastrtps_cpp;rosidl_typesupport_introspection_cpp
-- Found rosidl_default_generators: 1.2.0 (/opt/ros/humble/share/rosidl_default_generators/cmake)
-- Found ament_cmake_ros: 0.10.0 (/opt/ros/humble/share/ament_cmake_ros/cmake)
-- Using all available rosidl_typesupport_c: rosidl_typesupport_fastrtps_c;rosidl_typesupport_introspection_c
-- Using all available rosidl_typesupport_cpp: rosidl_typesupport_fastrtps_cpp;rosidl_typesupport_introspection_cpp
-- Found python_cmake_module: 0.10.0 (/opt/ros/humble/share/python_cmake_module/cmake)
-- Using PYTHON_EXECUTABLE: /usr/bin/python3
-- Using PYTHON_INCLUDE_DIRS: /usr/include/python3.10
-- Using PYTHON_LIBRARIES: /usr/lib/x86_64-linux-gnu/libpython3.10.so
-- Configuring done
-- Generating done
-- Build files have been written to: /home/maria/ros2_coche/build/nmea_msgs
[35m[1mConsolidate compiler generated dependencies of target nmea_msgs__rosidl_generator_c[0m
[  1%] Built target nmea_msgs__cpp
[ 12%] Built target nmea_msgs__rosidl_generator_c
[ 12%] Built target ament_cmake_python_symlink_nmea_msgs
[35m[1mConsolidate compiler generated dependencies of target nmea_msgs__rosidl_typesupport_fastrtps_cpp[0m
[35m[1mConsolidate compiler generated dependencies of target nmea_msgs__rosidl_typesupport_cpp[0m
[35m[1mConsolidate compiler generated dependencies of target nmea_msgs__rosidl_typesupport_c[0m
[35m[1mConsolidate compiler generated dependencies of target nmea_msgs__rosidl_typesupport_introspection_cpp[0m
[35m[1mConsolidate compiler generated dependencies of target nmea_msgs__rosidl_typesupport_introspection_c[0m
[35m[1mConsolidate compiler generated dependencies of target nmea_msgs__rosidl_typesupport_fastrtps_c[0m
[ 24%] Built target nmea_msgs__rosidl_typesupport_c
[ 35%] Built target nmea_msgs__rosidl_typesupport_fastrtps_cpp
[ 46%] Built target nmea_msgs__rosidl_typesupport_cpp
[ 58%] Built target nmea_msgs__rosidl_typesupport_introspection_c
[ 69%] Built target nmea_msgs__rosidl_typesupport_introspection_cpp
[ 81%] Built target nmea_msgs__rosidl_typesupport_fastrtps_c
[ 81%] Built target nmea_msgs
[ 82%] Built target nmea_msgs__py
[35m[1mConsolidate compiler generated dependencies of target nmea_msgs__rosidl_generator_py[0m
[ 92%] Built target nmea_msgs__rosidl_generator_py
[35m[1mConsolidate compiler generated dependencies of target nmea_msgs__rosidl_typesupport_fastrtps_c__pyext[0m
[35m[1mConsolidate compiler generated dependencies of target nmea_msgs__rosidl_typesupport_c__pyext[0m
[35m[1mConsolidate compiler generated dependencies of target nmea_msgs__rosidl_typesupport_introspection_c__pyext[0m
[ 93%] [32m[1mLinking C shared library rosidl_generator_py/nmea_msgs/nmea_msgs_s__rosidl_typesupport_fastrtps_c.cpython-310-x86_64-linux-gnu.so[0m
[ 94%] [32m[1mLinking C shared library rosidl_generator_py/nmea_msgs/nmea_msgs_s__rosidl_typesupport_introspection_c.cpython-310-x86_64-linux-gnu.so[0m
[ 96%] [32m[1mLinking C shared library rosidl_generator_py/nmea_msgs/nmea_msgs_s__rosidl_typesupport_c.cpython-310-x86_64-linux-gnu.so[0m
[ 97%] Built target nmea_msgs__rosidl_typesupport_introspection_c__pyext
[ 98%] Built target nmea_msgs__rosidl_typesupport_fastrtps_c__pyext
[100%] Built target nmea_msgs__rosidl_typesupport_c__pyext
running egg_info
writing nmea_msgs.egg-info/PKG-INFO
writing dependency_links to nmea_msgs.egg-info/dependency_links.txt
writing top-level names to nmea_msgs.egg-info/top_level.txt
reading manifest file 'nmea_msgs.egg-info/SOURCES.txt'
writing manifest file 'nmea_msgs.egg-info/SOURCES.txt'
[100%] Built target ament_cmake_python_build_nmea_msgs_egg
-- Install configuration: ""
-- Execute custom install script
-- Symlinking: /home/maria/ros2_coche/install/nmea_msgs/share/ament_index/resource_index/rosidl_interfaces/nmea_msgs
-- Symlinking: /home/maria/ros2_coche/install/nmea_msgs/include/nmea_msgs/nmea_msgs/msg/detail/gpgga__functions.h
-- Symlinking: /home/maria/ros2_coche/install/nmea_msgs/include/nmea_msgs/nmea_msgs/msg/detail/gpgga__struct.h
-- Symlinking: /home/maria/ros2_coche/install/nmea_msgs/include/nmea_msgs/nmea_msgs/msg/detail/gpgga__type_support.h
-- Symlinking: /home/maria/ros2_coche/install/nmea_msgs/include/nmea_msgs/nmea_msgs/msg/detail/gpgsa__functions.h
-- Symlinking: /home/maria/ros2_coche/install/nmea_msgs/include/nmea_msgs/nmea_msgs/msg/detail/gpgsa__struct.h
-- Symlinking: /home/maria/ros2_coche/install/nmea_msgs/include/nmea_msgs/nmea_msgs/msg/detail/gpgsa__type_support.h
-- Symlinking: /home/maria/ros2_coche/install/nmea_msgs/include/nmea_msgs/nmea_msgs/msg/detail/gpgst__functions.h
-- Symlinking: /home/maria/ros2_coche/install/nmea_msgs/include/nmea_msgs/nmea_msgs/msg/detail/gpgst__struct.h
-- Symlinking: /home/maria/ros2_coche/install/nmea_msgs/include/nmea_msgs/nmea_msgs/msg/detail/gpgst__type_support.h
-- Symlinking: /home/maria/ros2_coche/install/nmea_msgs/include/nmea_msgs/nmea_msgs/msg/detail/gpgsv__functions.h
-- Symlinking: /home/maria/ros2_coche/install/nmea_msgs/include/nmea_msgs/nmea_msgs/msg/detail/gpgsv__struct.h
-- Symlinking: /home/maria/ros2_coche/install/nmea_msgs/include/nmea_msgs/nmea_msgs/msg/detail/gpgsv__type_support.h
-- Symlinking: /home/maria/ros2_coche/install/nmea_msgs/include/nmea_msgs/nmea_msgs/msg/detail/gpgsv_satellite__functions.h
-- Symlinking: /home/maria/ros2_coche/install/nmea_msgs/include/nmea_msgs/nmea_msgs/msg/detail/gpgsv_satellite__struct.h
-- Symlinking: /home/maria/ros2_coche/install/nmea_msgs/include/nmea_msgs/nmea_msgs/msg/detail/gpgsv_satellite__type_support.h
-- Symlinking: /home/maria/ros2_coche/install/nmea_msgs/include/nmea_msgs/nmea_msgs/msg/detail/gprmc__functions.h
-- Symlinking: /home/maria/ros2_coche/install/nmea_msgs/include/nmea_msgs/nmea_msgs/msg/detail/gprmc__struct.h
-- Symlinking: /home/maria/ros2_coche/install/nmea_msgs/include/nmea_msgs/nmea_msgs/msg/detail/gprmc__type_support.h
-- Symlinking: /home/maria/ros2_coche/install/nmea_msgs/include/nmea_msgs/nmea_msgs/msg/detail/sentence__functions.h
-- Symlinking: /home/maria/ros2_coche/install/nmea_msgs/include/nmea_msgs/nmea_msgs/msg/detail/sentence__struct.h
-- Symlinking: /home/maria/ros2_coche/install/nmea_msgs/include/nmea_msgs/nmea_msgs/msg/detail/sentence__type_support.h
-- Symlinking: /home/maria/ros2_coche/install/nmea_msgs/include/nmea_msgs/nmea_msgs/msg/gpgga.h
-- Symlinking: /home/maria/ros2_coche/install/nmea_msgs/include/nmea_msgs/nmea_msgs/msg/gpgsa.h
-- Symlinking: /home/maria/ros2_coche/install/nmea_msgs/include/nmea_msgs/nmea_msgs/msg/gpgst.h
-- Symlinking: /home/maria/ros2_coche/install/nmea_msgs/include/nmea_msgs/nmea_msgs/msg/gpgsv.h
-- Symlinking: /home/maria/ros2_coche/install/nmea_msgs/include/nmea_msgs/nmea_msgs/msg/gpgsv_satellite.h
-- Symlinking: /home/maria/ros2_coche/install/nmea_msgs/include/nmea_msgs/nmea_msgs/msg/gprmc.h
-- Symlinking: /home/maria/ros2_coche/install/nmea_msgs/include/nmea_msgs/nmea_msgs/msg/rosidl_generator_c__visibility_control.h
-- Symlinking: /home/maria/ros2_coche/install/nmea_msgs/include/nmea_msgs/nmea_msgs/msg/sentence.h
-- Symlinking: /home/maria/ros2_coche/install/nmea_msgs/share/nmea_msgs/environment/library_path.sh
-- Symlinking: /home/maria/ros2_coche/install/nmea_msgs/share/nmea_msgs/environment/library_path.dsv
-- Symlinking: /home/maria/ros2_coche/install/nmea_msgs/include/nmea_msgs/nmea_msgs/msg/detail/gpgga__rosidl_typesupport_fastrtps_c.h
-- Symlinking: /home/maria/ros2_coche/install/nmea_msgs/include/nmea_msgs/nmea_msgs/msg/detail/gpgsa__rosidl_typesupport_fastrtps_c.h
-- Symlinking: /home/maria/ros2_coche/install/nmea_msgs/include/nmea_msgs/nmea_msgs/msg/detail/gpgst__rosidl_typesupport_fastrtps_c.h
-- Symlinking: /home/maria/ros2_coche/install/nmea_msgs/include/nmea_msgs/nmea_msgs/msg/detail/gpgsv__rosidl_typesupport_fastrtps_c.h
-- Symlinking: /home/maria/ros2_coche/install/nmea_msgs/include/nmea_msgs/nmea_msgs/msg/detail/gpgsv_satellite__rosidl_typesupport_fastrtps_c.h
-- Symlinking: /home/maria/ros2_coche/install/nmea_msgs/include/nmea_msgs/nmea_msgs/msg/detail/gprmc__rosidl_typesupport_fastrtps_c.h
-- Symlinking: /home/maria/ros2_coche/install/nmea_msgs/include/nmea_msgs/nmea_msgs/msg/detail/sentence__rosidl_typesupport_fastrtps_c.h
-- Symlinking: /home/maria/ros2_coche/install/nmea_msgs/include/nmea_msgs/nmea_msgs/msg/rosidl_typesupport_fastrtps_c__visibility_control.h
-- Symlinking: /home/maria/ros2_coche/install/nmea_msgs/include/nmea_msgs/nmea_msgs/msg/detail/gpgga__builder.hpp
-- Symlinking: /home/maria/ros2_coche/install/nmea_msgs/include/nmea_msgs/nmea_msgs/msg/detail/gpgga__struct.hpp
-- Symlinking: /home/maria/ros2_coche/install/nmea_msgs/include/nmea_msgs/nmea_msgs/msg/detail/gpgga__traits.hpp
-- Symlinking: /home/maria/ros2_coche/install/nmea_msgs/include/nmea_msgs/nmea_msgs/msg/detail/gpgsa__builder.hpp
-- Symlinking: /home/maria/ros2_coche/install/nmea_msgs/include/nmea_msgs/nmea_msgs/msg/detail/gpgsa__struct.hpp
-- Symlinking: /home/maria/ros2_coche/install/nmea_msgs/include/nmea_msgs/nmea_msgs/msg/detail/gpgsa__traits.hpp
-- Symlinking: /home/maria/ros2_coche/install/nmea_msgs/include/nmea_msgs/nmea_msgs/msg/detail/gpgst__builder.hpp
-- Symlinking: /home/maria/ros2_coche/install/nmea_msgs/include/nmea_msgs/nmea_msgs/msg/detail/gpgst__struct.hpp
-- Symlinking: /home/maria/ros2_coche/install/nmea_msgs/include/nmea_msgs/nmea_msgs/msg/detail/gpgst__traits.hpp
-- Symlinking: /home/maria/ros2_coche/install/nmea_msgs/include/nmea_msgs/nmea_msgs/msg/detail/gpgsv__builder.hpp
-- Symlinking: /home/maria/ros2_coche/install/nmea_msgs/include/nmea_msgs/nmea_msgs/msg/detail/gpgsv__struct.hpp
-- Symlinking: /home/maria/ros2_coche/install/nmea_msgs/include/nmea_msgs/nmea_msgs/msg/detail/gpgsv__traits.hpp
-- Symlinking: /home/maria/ros2_coche/install/nmea_msgs/include/nmea_msgs/nmea_msgs/msg/detail/gpgsv_satellite__builder.hpp
-- Symlinking: /home/maria/ros2_coche/install/nmea_msgs/include/nmea_msgs/nmea_msgs/msg/detail/gpgsv_satellite__struct.hpp
-- Symlinking: /home/maria/ros2_coche/install/nmea_msgs/include/nmea_msgs/nmea_msgs/msg/detail/gpgsv_satellite__traits.hpp
-- Symlinking: /home/maria/ros2_coche/install/nmea_msgs/include/nmea_msgs/nmea_msgs/msg/detail/gprmc__builder.hpp
-- Symlinking: /home/maria/ros2_coche/install/nmea_msgs/include/nmea_msgs/nmea_msgs/msg/detail/gprmc__struct.hpp
-- Symlinking: /home/maria/ros2_coche/install/nmea_msgs/include/nmea_msgs/nmea_msgs/msg/detail/gprmc__traits.hpp
-- Symlinking: /home/maria/ros2_coche/install/nmea_msgs/include/nmea_msgs/nmea_msgs/msg/detail/sentence__builder.hpp
-- Symlinking: /home/maria/ros2_coche/install/nmea_msgs/include/nmea_msgs/nmea_msgs/msg/detail/sentence__struct.hpp
-- Symlinking: /home/maria/ros2_coche/install/nmea_msgs/include/nmea_msgs/nmea_msgs/msg/detail/sentence__traits.hpp
-- Symlinking: /home/maria/ros2_coche/install/nmea_msgs/include/nmea_msgs/nmea_msgs/msg/gpgga.hpp
-- Symlinking: /home/maria/ros2_coche/install/nmea_msgs/include/nmea_msgs/nmea_msgs/msg/gpgsa.hpp
-- Symlinking: /home/maria/ros2_coche/install/nmea_msgs/include/nmea_msgs/nmea_msgs/msg/gpgst.hpp
-- Symlinking: /home/maria/ros2_coche/install/nmea_msgs/include/nmea_msgs/nmea_msgs/msg/gpgsv.hpp
-- Symlinking: /home/maria/ros2_coche/install/nmea_msgs/include/nmea_msgs/nmea_msgs/msg/gpgsv_satellite.hpp
-- Symlinking: /home/maria/ros2_coche/install/nmea_msgs/include/nmea_msgs/nmea_msgs/msg/gprmc.hpp
-- Symlinking: /home/maria/ros2_coche/install/nmea_msgs/include/nmea_msgs/nmea_msgs/msg/sentence.hpp
-- Symlinking: /home/maria/ros2_coche/install/nmea_msgs/include/nmea_msgs/nmea_msgs/msg/detail/gpgga__rosidl_typesupport_fastrtps_cpp.hpp
-- Symlinking: /home/maria/ros2_coche/install/nmea_msgs/include/nmea_msgs/nmea_msgs/msg/detail/gpgsa__rosidl_typesupport_fastrtps_cpp.hpp
-- Symlinking: /home/maria/ros2_coche/install/nmea_msgs/include/nmea_msgs/nmea_msgs/msg/detail/gpgst__rosidl_typesupport_fastrtps_cpp.hpp
-- Symlinking: /home/maria/ros2_coche/install/nmea_msgs/include/nmea_msgs/nmea_msgs/msg/detail/gpgsv__rosidl_typesupport_fastrtps_cpp.hpp
-- Symlinking: /home/maria/ros2_coche/install/nmea_msgs/include/nmea_msgs/nmea_msgs/msg/detail/gpgsv_satellite__rosidl_typesupport_fastrtps_cpp.hpp
-- Symlinking: /home/maria/ros2_coche/install/nmea_msgs/include/nmea_msgs/nmea_msgs/msg/detail/gprmc__rosidl_typesupport_fastrtps_cpp.hpp
-- Symlinking: /home/maria/ros2_coche/install/nmea_msgs/include/nmea_msgs/nmea_msgs/msg/detail/sentence__rosidl_typesupport_fastrtps_cpp.hpp
-- Symlinking: /home/maria/ros2_coche/install/nmea_msgs/include/nmea_msgs/nmea_msgs/msg/rosidl_typesupport_fastrtps_cpp__visibility_control.h
-- Symlinking: /home/maria/ros2_coche/install/nmea_msgs/include/nmea_msgs/nmea_msgs/msg/detail/gpgga__rosidl_typesupport_introspection_c.h
-- Symlinking: /home/maria/ros2_coche/install/nmea_msgs/include/nmea_msgs/nmea_msgs/msg/detail/gpgsa__rosidl_typesupport_introspection_c.h
-- Symlinking: /home/maria/ros2_coche/install/nmea_msgs/include/nmea_msgs/nmea_msgs/msg/detail/gpgst__rosidl_typesupport_introspection_c.h
-- Symlinking: /home/maria/ros2_coche/install/nmea_msgs/include/nmea_msgs/nmea_msgs/msg/detail/gpgsv__rosidl_typesupport_introspection_c.h
-- Symlinking: /home/maria/ros2_coche/install/nmea_msgs/include/nmea_msgs/nmea_msgs/msg/detail/gpgsv_satellite__rosidl_typesupport_introspection_c.h
-- Symlinking: /home/maria/ros2_coche/install/nmea_msgs/include/nmea_msgs/nmea_msgs/msg/detail/gprmc__rosidl_typesupport_introspection_c.h
-- Symlinking: /home/maria/ros2_coche/install/nmea_msgs/include/nmea_msgs/nmea_msgs/msg/detail/sentence__rosidl_typesupport_introspection_c.h
-- Symlinking: /home/maria/ros2_coche/install/nmea_msgs/include/nmea_msgs/nmea_msgs/msg/rosidl_typesupport_introspection_c__visibility_control.h
-- Symlinking: /home/maria/ros2_coche/install/nmea_msgs/include/nmea_msgs/nmea_msgs/msg/detail/gpgga__rosidl_typesupport_introspection_cpp.hpp
-- Symlinking: /home/maria/ros2_coche/install/nmea_msgs/include/nmea_msgs/nmea_msgs/msg/detail/gpgsa__rosidl_typesupport_introspection_cpp.hpp
-- Symlinking: /home/maria/ros2_coche/install/nmea_msgs/include/nmea_msgs/nmea_msgs/msg/detail/gpgst__rosidl_typesupport_introspection_cpp.hpp
-- Symlinking: /home/maria/ros2_coche/install/nmea_msgs/include/nmea_msgs/nmea_msgs/msg/detail/gpgsv__rosidl_typesupport_introspection_cpp.hpp
-- Symlinking: /home/maria/ros2_coche/install/nmea_msgs/include/nmea_msgs/nmea_msgs/msg/detail/gpgsv_satellite__rosidl_typesupport_introspection_cpp.hpp
-- Symlinking: /home/maria/ros2_coche/install/nmea_msgs/include/nmea_msgs/nmea_msgs/msg/detail/gprmc__rosidl_typesupport_introspection_cpp.hpp
-- Symlinking: /home/maria/ros2_coche/install/nmea_msgs/include/nmea_msgs/nmea_msgs/msg/detail/sentence__rosidl_typesupport_introspection_cpp.hpp
-- Symlinking: /home/maria/ros2_coche/install/nmea_msgs/share/nmea_msgs/environment/pythonpath.sh
-- Symlinking: /home/maria/ros2_coche/install/nmea_msgs/share/nmea_msgs/environment/pythonpath.dsv
-- Symlinking: /home/maria/ros2_coche/install/nmea_msgs/local/lib/python3.10/dist-packages/nmea_msgs-1.1.0-py3.10.egg-info/PKG-INFO
-- Symlinking: /home/maria/ros2_coche/install/nmea_msgs/local/lib/python3.10/dist-packages/nmea_msgs-1.1.0-py3.10.egg-info/SOURCES.txt
-- Symlinking: /home/maria/ros2_coche/install/nmea_msgs/local/lib/python3.10/dist-packages/nmea_msgs-1.1.0-py3.10.egg-info/dependency_links.txt
-- Symlinking: /home/maria/ros2_coche/install/nmea_msgs/local/lib/python3.10/dist-packages/nmea_msgs-1.1.0-py3.10.egg-info/top_level.txt
-- Symlinking: /home/maria/ros2_coche/install/nmea_msgs/local/lib/python3.10/dist-packages/nmea_msgs/__init__.py
-- Symlinking: /home/maria/ros2_coche/install/nmea_msgs/local/lib/python3.10/dist-packages/nmea_msgs/_nmea_msgs_s.ep.rosidl_typesupport_c.c
-- Symlinking: /home/maria/ros2_coche/install/nmea_msgs/local/lib/python3.10/dist-packages/nmea_msgs/_nmea_msgs_s.ep.rosidl_typesupport_fastrtps_c.c
-- Symlinking: /home/maria/ros2_coche/install/nmea_msgs/local/lib/python3.10/dist-packages/nmea_msgs/_nmea_msgs_s.ep.rosidl_typesupport_introspection_c.c
-- Symlinking: /home/maria/ros2_coche/install/nmea_msgs/local/lib/python3.10/dist-packages/nmea_msgs/libnmea_msgs__rosidl_generator_py.so
-- Symlinking: /home/maria/ros2_coche/install/nmea_msgs/local/lib/python3.10/dist-packages/nmea_msgs/msg/__init__.py
-- Symlinking: /home/maria/ros2_coche/install/nmea_msgs/local/lib/python3.10/dist-packages/nmea_msgs/msg/_gpgga.py
-- Symlinking: /home/maria/ros2_coche/install/nmea_msgs/local/lib/python3.10/dist-packages/nmea_msgs/msg/_gpgga_s.c
-- Symlinking: /home/maria/ros2_coche/install/nmea_msgs/local/lib/python3.10/dist-packages/nmea_msgs/msg/_gpgsa.py
-- Symlinking: /home/maria/ros2_coche/install/nmea_msgs/local/lib/python3.10/dist-packages/nmea_msgs/msg/_gpgsa_s.c
-- Symlinking: /home/maria/ros2_coche/install/nmea_msgs/local/lib/python3.10/dist-packages/nmea_msgs/msg/_gpgst.py
-- Symlinking: /home/maria/ros2_coche/install/nmea_msgs/local/lib/python3.10/dist-packages/nmea_msgs/msg/_gpgst_s.c
-- Symlinking: /home/maria/ros2_coche/install/nmea_msgs/local/lib/python3.10/dist-packages/nmea_msgs/msg/_gpgsv.py
-- Symlinking: /home/maria/ros2_coche/install/nmea_msgs/local/lib/python3.10/dist-packages/nmea_msgs/msg/_gpgsv_s.c
-- Symlinking: /home/maria/ros2_coche/install/nmea_msgs/local/lib/python3.10/dist-packages/nmea_msgs/msg/_gpgsv_satellite.py
-- Symlinking: /home/maria/ros2_coche/install/nmea_msgs/local/lib/python3.10/dist-packages/nmea_msgs/msg/_gpgsv_satellite_s.c
-- Symlinking: /home/maria/ros2_coche/install/nmea_msgs/local/lib/python3.10/dist-packages/nmea_msgs/msg/_gprmc.py
-- Symlinking: /home/maria/ros2_coche/install/nmea_msgs/local/lib/python3.10/dist-packages/nmea_msgs/msg/_gprmc_s.c
-- Symlinking: /home/maria/ros2_coche/install/nmea_msgs/local/lib/python3.10/dist-packages/nmea_msgs/msg/_sentence.py
-- Symlinking: /home/maria/ros2_coche/install/nmea_msgs/local/lib/python3.10/dist-packages/nmea_msgs/msg/_sentence_s.c
-- Symlinking: /home/maria/ros2_coche/install/nmea_msgs/local/lib/python3.10/dist-packages/nmea_msgs/nmea_msgs_s__rosidl_typesupport_c.cpython-310-x86_64-linux-gnu.so
-- Symlinking: /home/maria/ros2_coche/install/nmea_msgs/local/lib/python3.10/dist-packages/nmea_msgs/nmea_msgs_s__rosidl_typesupport_fastrtps_c.cpython-310-x86_64-linux-gnu.so
-- Symlinking: /home/maria/ros2_coche/install/nmea_msgs/local/lib/python3.10/dist-packages/nmea_msgs/nmea_msgs_s__rosidl_typesupport_introspection_c.cpython-310-x86_64-linux-gnu.so
-- Up-to-date symlink: /home/maria/ros2_coche/install/nmea_msgs/local/lib/python3.10/dist-packages/nmea_msgs/nmea_msgs_s__rosidl_typesupport_fastrtps_c.cpython-310-x86_64-linux-gnu.so
-- Up-to-date symlink: /home/maria/ros2_coche/install/nmea_msgs/local/lib/python3.10/dist-packages/nmea_msgs/nmea_msgs_s__rosidl_typesupport_introspection_c.cpython-310-x86_64-linux-gnu.so
-- Up-to-date symlink: /home/maria/ros2_coche/install/nmea_msgs/local/lib/python3.10/dist-packages/nmea_msgs/nmea_msgs_s__rosidl_typesupport_c.cpython-310-x86_64-linux-gnu.so
-- Symlinking: /home/maria/ros2_coche/install/nmea_msgs/share/nmea_msgs/msg/Gpgga.idl
-- Symlinking: /home/maria/ros2_coche/install/nmea_msgs/share/nmea_msgs/msg/Gpgsa.idl
-- Symlinking: /home/maria/ros2_coche/install/nmea_msgs/share/nmea_msgs/msg/Gpgsv.idl
-- Symlinking: /home/maria/ros2_coche/install/nmea_msgs/share/nmea_msgs/msg/GpgsvSatellite.idl
-- Symlinking: /home/maria/ros2_coche/install/nmea_msgs/share/nmea_msgs/msg/Gprmc.idl
-- Symlinking: /home/maria/ros2_coche/install/nmea_msgs/share/nmea_msgs/msg/Gpgst.idl
-- Symlinking: /home/maria/ros2_coche/install/nmea_msgs/share/nmea_msgs/msg/Sentence.idl
-- Symlinking: /home/maria/ros2_coche/install/nmea_msgs/share/nmea_msgs/msg/Gpgga.msg
-- Symlinking: /home/maria/ros2_coche/install/nmea_msgs/share/nmea_msgs/msg/Gpgsa.msg
-- Symlinking: /home/maria/ros2_coche/install/nmea_msgs/share/nmea_msgs/msg/Gpgsv.msg
-- Symlinking: /home/maria/ros2_coche/install/nmea_msgs/share/nmea_msgs/msg/GpgsvSatellite.msg
-- Symlinking: /home/maria/ros2_coche/install/nmea_msgs/share/nmea_msgs/msg/Gprmc.msg
-- Symlinking: /home/maria/ros2_coche/install/nmea_msgs/share/nmea_msgs/msg/Gpgst.msg
-- Symlinking: /home/maria/ros2_coche/install/nmea_msgs/share/nmea_msgs/msg/Sentence.msg
-- Up-to-date symlink: /home/maria/ros2_coche/install/nmea_msgs/share/nmea_msgs/msg/Gpgga.msg
-- Up-to-date symlink: /home/maria/ros2_coche/install/nmea_msgs/share/nmea_msgs/msg/Gpgsa.msg
-- Up-to-date symlink: /home/maria/ros2_coche/install/nmea_msgs/share/nmea_msgs/msg/Gpgst.msg
-- Up-to-date symlink: /home/maria/ros2_coche/install/nmea_msgs/share/nmea_msgs/msg/Gpgsv.msg
-- Up-to-date symlink: /home/maria/ros2_coche/install/nmea_msgs/share/nmea_msgs/msg/GpgsvSatellite.msg
-- Up-to-date symlink: /home/maria/ros2_coche/install/nmea_msgs/share/nmea_msgs/msg/Gprmc.msg
-- Up-to-date symlink: /home/maria/ros2_coche/install/nmea_msgs/share/nmea_msgs/msg/Sentence.msg
-- Symlinking: /home/maria/ros2_coche/install/nmea_msgs/share/ament_index/resource_index/package_run_dependencies/nmea_msgs
-- Symlinking: /home/maria/ros2_coche/install/nmea_msgs/share/ament_index/resource_index/parent_prefix_path/nmea_msgs
-- Symlinking: /home/maria/ros2_coche/install/nmea_msgs/share/nmea_msgs/environment/ament_prefix_path.sh
-- Symlinking: /home/maria/ros2_coche/install/nmea_msgs/share/nmea_msgs/environment/ament_prefix_path.dsv
-- Symlinking: /home/maria/ros2_coche/install/nmea_msgs/share/nmea_msgs/environment/path.sh
-- Symlinking: /home/maria/ros2_coche/install/nmea_msgs/share/nmea_msgs/environment/path.dsv
-- Symlinking: /home/maria/ros2_coche/install/nmea_msgs/share/nmea_msgs/local_setup.bash
-- Symlinking: /home/maria/ros2_coche/install/nmea_msgs/share/nmea_msgs/local_setup.sh
-- Symlinking: /home/maria/ros2_coche/install/nmea_msgs/share/nmea_msgs/local_setup.zsh
-- Symlinking: /home/maria/ros2_coche/install/nmea_msgs/share/nmea_msgs/local_setup.dsv
-- Symlinking: /home/maria/ros2_coche/install/nmea_msgs/share/nmea_msgs/package.dsv
-- Symlinking: /home/maria/ros2_coche/install/nmea_msgs/share/ament_index/resource_index/packages/nmea_msgs
-- Symlinking: /home/maria/ros2_coche/install/nmea_msgs/share/nmea_msgs/cmake/rosidl_cmake-extras.cmake
-- Symlinking: /home/maria/ros2_coche/install/nmea_msgs/share/nmea_msgs/cmake/ament_cmake_export_dependencies-extras.cmake
-- Symlinking: /home/maria/ros2_coche/install/nmea_msgs/share/nmea_msgs/cmake/ament_cmake_export_include_directories-extras.cmake
-- Symlinking: /home/maria/ros2_coche/install/nmea_msgs/share/nmea_msgs/cmake/ament_cmake_export_libraries-extras.cmake
-- Symlinking: /home/maria/ros2_coche/install/nmea_msgs/share/nmea_msgs/cmake/ament_cmake_export_targets-extras.cmake
-- Symlinking: /home/maria/ros2_coche/install/nmea_msgs/share/nmea_msgs/cmake/rosidl_cmake_export_typesupport_targets-extras.cmake
-- Symlinking: /home/maria/ros2_coche/install/nmea_msgs/share/nmea_msgs/cmake/rosidl_cmake_export_typesupport_libraries-extras.cmake
-- Symlinking: /home/maria/ros2_coche/install/nmea_msgs/share/nmea_msgs/cmake/nmea_msgsConfig.cmake
-- Symlinking: /home/maria/ros2_coche/install/nmea_msgs/share/nmea_msgs/cmake/nmea_msgsConfig-version.cmake
-- Symlinking: /home/maria/ros2_coche/install/nmea_msgs/share/nmea_msgs/package.xml
-- Up-to-date: /home/maria/ros2_coche/install/nmea_msgs/lib/libnmea_msgs__rosidl_generator_c.so
-- Up-to-date: /home/maria/ros2_coche/install/nmea_msgs/lib/libnmea_msgs__rosidl_typesupport_fastrtps_c.so
-- Up-to-date: /home/maria/ros2_coche/install/nmea_msgs/lib/libnmea_msgs__rosidl_typesupport_fastrtps_cpp.so
-- Up-to-date: /home/maria/ros2_coche/install/nmea_msgs/lib/libnmea_msgs__rosidl_typesupport_introspection_c.so
-- Up-to-date: /home/maria/ros2_coche/install/nmea_msgs/lib/libnmea_msgs__rosidl_typesupport_c.so
-- Up-to-date: /home/maria/ros2_coche/install/nmea_msgs/lib/libnmea_msgs__rosidl_typesupport_introspection_cpp.so
-- Up-to-date: /home/maria/ros2_coche/install/nmea_msgs/lib/libnmea_msgs__rosidl_typesupport_cpp.so
Listing '/home/maria/ros2_coche/install/nmea_msgs/local/lib/python3.10/dist-packages/nmea_msgs'...
Compiling '/home/maria/ros2_coche/install/nmea_msgs/local/lib/python3.10/dist-packages/nmea_msgs/__init__.py'...
Listing '/home/maria/ros2_coche/install/nmea_msgs/local/lib/python3.10/dist-packages/nmea_msgs/msg'...
-- Up-to-date: /home/maria/ros2_coche/install/nmea_msgs/lib/libnmea_msgs__rosidl_generator_py.so
-- Up-to-date: /home/maria/ros2_coche/install/nmea_msgs/share/nmea_msgs/cmake/export_nmea_msgs__rosidl_generator_cExport.cmake
-- Up-to-date: /home/maria/ros2_coche/install/nmea_msgs/share/nmea_msgs/cmake/export_nmea_msgs__rosidl_generator_cExport-noconfig.cmake
-- Up-to-date: /home/maria/ros2_coche/install/nmea_msgs/share/nmea_msgs/cmake/export_nmea_msgs__rosidl_typesupport_fastrtps_cExport.cmake
-- Up-to-date: /home/maria/ros2_coche/install/nmea_msgs/share/nmea_msgs/cmake/export_nmea_msgs__rosidl_typesupport_fastrtps_cExport-noconfig.cmake
-- Up-to-date: /home/maria/ros2_coche/install/nmea_msgs/share/nmea_msgs/cmake/export_nmea_msgs__rosidl_generator_cppExport.cmake
-- Up-to-date: /home/maria/ros2_coche/install/nmea_msgs/share/nmea_msgs/cmake/export_nmea_msgs__rosidl_typesupport_fastrtps_cppExport.cmake
-- Up-to-date: /home/maria/ros2_coche/install/nmea_msgs/share/nmea_msgs/cmake/export_nmea_msgs__rosidl_typesupport_fastrtps_cppExport-noconfig.cmake
-- Up-to-date: /home/maria/ros2_coche/install/nmea_msgs/share/nmea_msgs/cmake/nmea_msgs__rosidl_typesupport_introspection_cExport.cmake
-- Up-to-date: /home/maria/ros2_coche/install/nmea_msgs/share/nmea_msgs/cmake/nmea_msgs__rosidl_typesupport_introspection_cExport-noconfig.cmake
-- Up-to-date: /home/maria/ros2_coche/install/nmea_msgs/share/nmea_msgs/cmake/nmea_msgs__rosidl_typesupport_cExport.cmake
-- Up-to-date: /home/maria/ros2_coche/install/nmea_msgs/share/nmea_msgs/cmake/nmea_msgs__rosidl_typesupport_cExport-noconfig.cmake
-- Up-to-date: /home/maria/ros2_coche/install/nmea_msgs/share/nmea_msgs/cmake/nmea_msgs__rosidl_typesupport_introspection_cppExport.cmake
-- Up-to-date: /home/maria/ros2_coche/install/nmea_msgs/share/nmea_msgs/cmake/nmea_msgs__rosidl_typesupport_introspection_cppExport-noconfig.cmake
-- Up-to-date: /home/maria/ros2_coche/install/nmea_msgs/share/nmea_msgs/cmake/nmea_msgs__rosidl_typesupport_cppExport.cmake
-- Up-to-date: /home/maria/ros2_coche/install/nmea_msgs/share/nmea_msgs/cmake/nmea_msgs__rosidl_typesupport_cppExport-noconfig.cmake
-- Up-to-date: /home/maria/ros2_coche/install/nmea_msgs/share/nmea_msgs/cmake/export_nmea_msgs__rosidl_generator_pyExport.cmake
-- Up-to-date: /home/maria/ros2_coche/install/nmea_msgs/share/nmea_msgs/cmake/export_nmea_msgs__rosidl_generator_pyExport-noconfig.cmake
