[0.123s] Invoking command in '/home/maria/ros2_coche/build/c4_gps': CMAKE_PREFIX_PATH=/opt/ros/humble:/home/maria/ros2_coche/install/nmea_msgs:/home/maria/ros2_coche/install/c4_gps /usr/bin/cmake --build /home/maria/ros2_coche/build/c4_gps -- -j12 -l12
[0.223s] [35m[1mConsolidate compiler generated dependencies of target t_gps[0m
[0.293s] [ 50%] [32mBuilding CXX object CMakeFiles/t_gps.dir/src/trimble_gps.cpp.o[0m
[4.385s] [01m[K/home/maria/ros2_coche/src/c4_gps/src/trimble_gps.cpp:[m[K In member function ‘[01m[Kvoid TrimbleGps::timer_callback()[m[K’:
[4.385s] [01m[K/home/maria/ros2_coche/src/c4_gps/src/trimble_gps.cpp:86:114:[m[K [01;31m[Kerror: [m[Kno match for ‘[01m[Koperator+[m[K’ (operand types are ‘[01m[Kstd::__cxx11::basic_string<char>[m[K’ and ‘[01m[Knmea_msgs::msg::Gpgga_<std::allocator<void> >::_lat_type[m[K’ {aka ‘[01m[Kdouble[m[K’})
[4.385s]    86 | [32m[K std::to_string(message.header.stamp.sec) + ", Latitude: "[m[K [01;31m[K+[m[K [34m[Kmessage.lat[m[K
[4.385s]       |  [32m[K~~~~~~~~~~~~~~~~~~~~~~~~~~~~~~~~~~~~~~~~~~~~~~~~~~~~~~~~~[m[K [01;31m[K^[m[K [34m[K~~~~~~~~~~~[m[K
[4.385s]       |                                           [32m[K|[m[K                          [34m[K|[m[K
[4.386s]       |                                           [32m[K|[m[K                          [34m[Knmea_msgs::msg::Gpgga_<std::allocator<void> >::_lat_type {aka double}[m[K
[4.386s]       |                                           [32m[Kstd::__cxx11::basic_string<char>[m[K
[4.386s] 
[4.387s] In file included from [01m[K/usr/include/c++/11/bits/stl_algobase.h:67[m[K,
[4.387s]                  from [01m[K/usr/include/c++/11/array:40[m[K,
[4.387s]                  from [01m[K/usr/include/c++/11/tuple:39[m[K,
[4.387s]                  from [01m[K/usr/include/c++/11/functional:54[m[K,
[4.388s]                  from [01m[K/home/maria/ros2_coche/src/c4_gps/src/trimble_gps.cpp:2[m[K:
[4.388s] [01m[K/usr/include/c++/11/bits/stl_iterator.h:1276:5:[m[K [01;36m[Knote: [m[Kcandidate: ‘[01m[Ktemplate<class _Iterator, class _Container> __gnu_cxx::__normal_iterator<_Iterator, _Container> __gnu_cxx::operator+(typename __gnu_cxx::__normal_iterator<_Iterator, _Container>::difference_type, const __gnu_cxx::__normal_iterator<_Iterator, _Container>&)[m[K’
[4.388s]  1276 |     [01;36m[Koperator[m[K+(typename __normal_iterator<_Iterator, _Container>::difference_type
[4.388s]       |     [01;36m[K^~~~~~~~[m[K
[4.388s] [01m[K/usr/include/c++/11/bits/stl_iterator.h:1276:5:[m[K [01;36m[Knote: [m[K  template argument deduction/substitution failed:
[4.388s] [01m[K/home/maria/ros2_coche/src/c4_gps/src/trimble_gps.cpp:86:124:[m[K [01;36m[Knote: [m[K  mismatched types ‘[01m[Kconst __gnu_cxx::__normal_iterator<_Iterator, _Container>[m[K’ and ‘[01m[Knmea_msgs::msg::Gpgga_<std::allocator<void> >::_lat_type[m[K’ {aka ‘[01m[Kdouble[m[K’}
[4.388s]    86 | td::to_string(message.header.stamp.sec) + ", Latitude: " + message.[01;36m[Klat[m[K
[4.388s]       |                                                                    [01;36m[K^~~[m[K
[4.388s] 
[4.389s] In file included from [01m[K/usr/include/c++/11/bits/stl_algobase.h:67[m[K,
[4.389s]                  from [01m[K/usr/include/c++/11/array:40[m[K,
[4.389s]                  from [01m[K/usr/include/c++/11/tuple:39[m[K,
[4.389s]                  from [01m[K/usr/include/c++/11/functional:54[m[K,
[4.389s]                  from [01m[K/home/maria/ros2_coche/src/c4_gps/src/trimble_gps.cpp:2[m[K:
[4.389s] [01m[K/usr/include/c++/11/bits/stl_iterator.h:585:5:[m[K [01;36m[Knote: [m[Kcandidate: ‘[01m[Ktemplate<class _Iterator> constexpr std::reverse_iterator<_Iterator> std::operator+(typename std::reverse_iterator<_Iterator>::difference_type, const std::reverse_iterator<_Iterator>&)[m[K’
[4.389s]   585 |     [01;36m[Koperator[m[K+(typename reverse_iterator<_Iterator>::difference_type __n,
[4.389s]       |     [01;36m[K^~~~~~~~[m[K
[4.389s] [01m[K/usr/include/c++/11/bits/stl_iterator.h:585:5:[m[K [01;36m[Knote: [m[K  template argument deduction/substitution failed:
[4.389s] [01m[K/home/maria/ros2_coche/src/c4_gps/src/trimble_gps.cpp:86:124:[m[K [01;36m[Knote: [m[K  mismatched types ‘[01m[Kconst std::reverse_iterator<_Iterator>[m[K’ and ‘[01m[Knmea_msgs::msg::Gpgga_<std::allocator<void> >::_lat_type[m[K’ {aka ‘[01m[Kdouble[m[K’}
[4.390s]    86 | td::to_string(message.header.stamp.sec) + ", Latitude: " + message.[01;36m[Klat[m[K
[4.390s]       |                                                                    [01;36m[K^~~[m[K
[4.390s] 
[4.390s] In file included from [01m[K/usr/include/c++/11/bits/stl_algobase.h:67[m[K,
[4.390s]                  from [01m[K/usr/include/c++/11/array:40[m[K,
[4.390s]                  from [01m[K/usr/include/c++/11/tuple:39[m[K,
[4.390s]                  from [01m[K/usr/include/c++/11/functional:54[m[K,
[4.390s]                  from [01m[K/home/maria/ros2_coche/src/c4_gps/src/trimble_gps.cpp:2[m[K:
[4.390s] [01m[K/usr/include/c++/11/bits/stl_iterator.h:1700:5:[m[K [01;36m[Knote: [m[Kcandidate: ‘[01m[Ktemplate<class _Iterator> constexpr std::move_iterator<_IteratorL> std::operator+(typename std::move_iterator<_IteratorL>::difference_type, const std::move_iterator<_IteratorL>&)[m[K’
[4.391s]  1700 |     [01;36m[Koperator[m[K+(typename move_iterator<_Iterator>::difference_type __n,
[4.391s]       |     [01;36m[K^~~~~~~~[m[K
[4.391s] [01m[K/usr/include/c++/11/bits/stl_iterator.h:1700:5:[m[K [01;36m[Knote: [m[K  template argument deduction/substitution failed:
[4.391s] [01m[K/home/maria/ros2_coche/src/c4_gps/src/trimble_gps.cpp:86:124:[m[K [01;36m[Knote: [m[K  mismatched types ‘[01m[Kconst std::move_iterator<_IteratorL>[m[K’ and ‘[01m[Knmea_msgs::msg::Gpgga_<std::allocator<void> >::_lat_type[m[K’ {aka ‘[01m[Kdouble[m[K’}
[4.391s]    86 | td::to_string(message.header.stamp.sec) + ", Latitude: " + message.[01;36m[Klat[m[K
[4.391s]       |                                                                    [01;36m[K^~~[m[K
[4.391s] 
[4.391s] In file included from [01m[K/usr/include/c++/11/string:55[m[K,
[4.391s]                  from [01m[K/home/maria/ros2_coche/src/c4_gps/src/trimble_gps.cpp:4[m[K:
[4.391s] [01m[K/usr/include/c++/11/bits/basic_string.h:6095:5:[m[K [01;36m[Knote: [m[Kcandidate: ‘[01m[Ktemplate<class _CharT, class _Traits, class _Alloc> std::__cxx11::basic_string<_CharT, _Traits, _Allocator> std::operator+(const std::__cxx11::basic_string<_CharT, _Traits, _Allocator>&, const std::__cxx11::basic_string<_CharT, _Traits, _Allocator>&)[m[K’
[4.392s]  6095 |     [01;36m[Koperator[m[K+(const basic_string<_CharT, _Traits, _Alloc>& __lhs,
[4.392s]       |     [01;36m[K^~~~~~~~[m[K
[4.392s] [01m[K/usr/include/c++/11/bits/basic_string.h:6095:5:[m[K [01;36m[Knote: [m[K  template argument deduction/substitution failed:
[4.392s] [01m[K/home/maria/ros2_coche/src/c4_gps/src/trimble_gps.cpp:86:124:[m[K [01;36m[Knote: [m[K  mismatched types ‘[01m[Kconst std::__cxx11::basic_string<_CharT, _Traits, _Allocator>[m[K’ and ‘[01m[Knmea_msgs::msg::Gpgga_<std::allocator<void> >::_lat_type[m[K’ {aka ‘[01m[Kdouble[m[K’}
[4.392s]    86 | td::to_string(message.header.stamp.sec) + ", Latitude: " + message.[01;36m[Klat[m[K
[4.392s]       |                                                                    [01;36m[K^~~[m[K
[4.392s] 
[4.392s] In file included from [01m[K/usr/include/c++/11/string:56[m[K,
[4.392s]                  from [01m[K/home/maria/ros2_coche/src/c4_gps/src/trimble_gps.cpp:4[m[K:
[4.393s] [01m[K/usr/include/c++/11/bits/basic_string.tcc:1169:5:[m[K [01;36m[Knote: [m[Kcandidate: ‘[01m[Ktemplate<class _CharT, class _Traits, class _Alloc> std::__cxx11::basic_string<_CharT, _Traits, _Allocator> std::operator+(const _CharT*, const std::__cxx11::basic_string<_CharT, _Traits, _Allocator>&)[m[K’
[4.393s]  1169 |     [01;36m[Koperator[m[K+(const _CharT* __lhs,
[4.393s]       |     [01;36m[K^~~~~~~~[m[K
[4.393s] [01m[K/usr/include/c++/11/bits/basic_string.tcc:1169:5:[m[K [01;36m[Knote: [m[K  template argument deduction/substitution failed:
[4.393s] [01m[K/home/maria/ros2_coche/src/c4_gps/src/trimble_gps.cpp:86:124:[m[K [01;36m[Knote: [m[K  mismatched types ‘[01m[Kconst _CharT*[m[K’ and ‘[01m[Kstd::__cxx11::basic_string<char>[m[K’
[4.393s]    86 | td::to_string(message.header.stamp.sec) + ", Latitude: " + message.[01;36m[Klat[m[K
[4.393s]       |                                                                    [01;36m[K^~~[m[K
[4.393s] 
[4.393s] In file included from [01m[K/usr/include/c++/11/string:56[m[K,
[4.393s]                  from [01m[K/home/maria/ros2_coche/src/c4_gps/src/trimble_gps.cpp:4[m[K:
[4.394s] [01m[K/usr/include/c++/11/bits/basic_string.tcc:1189:5:[m[K [01;36m[Knote: [m[Kcandidate: ‘[01m[Ktemplate<class _CharT, class _Traits, class _Alloc> std::__cxx11::basic_string<_CharT, _Traits, _Allocator> std::operator+(_CharT, const std::__cxx11::basic_string<_CharT, _Traits, _Allocator>&)[m[K’
[4.394s]  1189 |     [01;36m[Koperator[m[K+(_CharT __lhs, const basic_string<_CharT, _Traits, _Alloc>& __rhs)
[4.394s]       |     [01;36m[K^~~~~~~~[m[K
[4.394s] [01m[K/usr/include/c++/11/bits/basic_string.tcc:1189:5:[m[K [01;36m[Knote: [m[K  template argument deduction/substitution failed:
[4.394s] [01m[K/home/maria/ros2_coche/src/c4_gps/src/trimble_gps.cpp:86:124:[m[K [01;36m[Knote: [m[K  mismatched types ‘[01m[Kconst std::__cxx11::basic_string<_CharT, _Traits, _Allocator>[m[K’ and ‘[01m[Knmea_msgs::msg::Gpgga_<std::allocator<void> >::_lat_type[m[K’ {aka ‘[01m[Kdouble[m[K’}
[4.394s]    86 | td::to_string(message.header.stamp.sec) + ", Latitude: " + message.[01;36m[Klat[m[K
[4.394s]       |                                                                    [01;36m[K^~~[m[K
[4.394s] 
[4.394s] In file included from [01m[K/usr/include/c++/11/string:55[m[K,
[4.395s]                  from [01m[K/home/maria/ros2_coche/src/c4_gps/src/trimble_gps.cpp:4[m[K:
[4.395s] [01m[K/usr/include/c++/11/bits/basic_string.h:6132:5:[m[K [01;36m[Knote: [m[Kcandidate: ‘[01m[Ktemplate<class _CharT, class _Traits, class _Alloc> std::__cxx11::basic_string<_CharT, _Traits, _Allocator> std::operator+(const std::__cxx11::basic_string<_CharT, _Traits, _Allocator>&, const _CharT*)[m[K’
[4.395s]  6132 |     [01;36m[Koperator[m[K+(const basic_string<_CharT, _Traits, _Alloc>& __lhs,
[4.395s]       |     [01;36m[K^~~~~~~~[m[K
[4.395s] [01m[K/usr/include/c++/11/bits/basic_string.h:6132:5:[m[K [01;36m[Knote: [m[K  template argument deduction/substitution failed:
[4.395s] [01m[K/home/maria/ros2_coche/src/c4_gps/src/trimble_gps.cpp:86:124:[m[K [01;36m[Knote: [m[K  mismatched types ‘[01m[Kconst _CharT*[m[K’ and ‘[01m[Kdouble[m[K’
[4.395s]    86 | td::to_string(message.header.stamp.sec) + ", Latitude: " + message.[01;36m[Klat[m[K
[4.395s]       |                                                                    [01;36m[K^~~[m[K
[4.395s] 
[4.395s] In file included from [01m[K/usr/include/c++/11/string:55[m[K,
[4.396s]                  from [01m[K/home/maria/ros2_coche/src/c4_gps/src/trimble_gps.cpp:4[m[K:
[4.396s] [01m[K/usr/include/c++/11/bits/basic_string.h:6148:5:[m[K [01;36m[Knote: [m[Kcandidate: ‘[01m[Ktemplate<class _CharT, class _Traits, class _Alloc> std::__cxx11::basic_string<_CharT, _Traits, _Allocator> std::operator+(const std::__cxx11::basic_string<_CharT, _Traits, _Allocator>&, _CharT)[m[K’
[4.396s]  6148 |     [01;36m[Koperator[m[K+(const basic_string<_CharT, _Traits, _Alloc>& __lhs, _CharT __rhs)
[4.396s]       |     [01;36m[K^~~~~~~~[m[K
[4.396s] [01m[K/usr/include/c++/11/bits/basic_string.h:6148:5:[m[K [01;36m[Knote: [m[K  template argument deduction/substitution failed:
[4.396s] [01m[K/home/maria/ros2_coche/src/c4_gps/src/trimble_gps.cpp:86:124:[m[K [01;36m[Knote: [m[K  deduced conflicting types for parameter ‘[01m[K_CharT[m[K’ (‘[01m[Kchar[m[K’ and ‘[01m[Kdouble[m[K’)
[4.396s]    86 | td::to_string(message.header.stamp.sec) + ", Latitude: " + message.[01;36m[Klat[m[K
[4.396s]       |                                                                    [01;36m[K^~~[m[K
[4.396s] 
[4.396s] In file included from [01m[K/usr/include/c++/11/string:55[m[K,
[4.397s]                  from [01m[K/home/maria/ros2_coche/src/c4_gps/src/trimble_gps.cpp:4[m[K:
[4.397s] [01m[K/usr/include/c++/11/bits/basic_string.h:6160:5:[m[K [01;36m[Knote: [m[Kcandidate: ‘[01m[Ktemplate<class _CharT, class _Traits, class _Alloc> std::__cxx11::basic_string<_CharT, _Traits, _Allocator> std::operator+(std::__cxx11::basic_string<_CharT, _Traits, _Allocator>&&, const std::__cxx11::basic_string<_CharT, _Traits, _Allocator>&)[m[K’
[4.397s]  6160 |     [01;36m[Koperator[m[K+(basic_string<_CharT, _Traits, _Alloc>&& __lhs,
[4.397s]       |     [01;36m[K^~~~~~~~[m[K
[4.397s] [01m[K/usr/include/c++/11/bits/basic_string.h:6160:5:[m[K [01;36m[Knote: [m[K  template argument deduction/substitution failed:
[4.397s] [01m[K/home/maria/ros2_coche/src/c4_gps/src/trimble_gps.cpp:86:124:[m[K [01;36m[Knote: [m[K  mismatched types ‘[01m[Kconst std::__cxx11::basic_string<_CharT, _Traits, _Allocator>[m[K’ and ‘[01m[Knmea_msgs::msg::Gpgga_<std::allocator<void> >::_lat_type[m[K’ {aka ‘[01m[Kdouble[m[K’}
[4.397s]    86 | td::to_string(message.header.stamp.sec) + ", Latitude: " + message.[01;36m[Klat[m[K
[4.397s]       |                                                                    [01;36m[K^~~[m[K
[4.397s] 
[4.397s] In file included from [01m[K/usr/include/c++/11/string:55[m[K,
[4.398s]                  from [01m[K/home/maria/ros2_coche/src/c4_gps/src/trimble_gps.cpp:4[m[K:
[4.398s] [01m[K/usr/include/c++/11/bits/basic_string.h:6166:5:[m[K [01;36m[Knote: [m[Kcandidate: ‘[01m[Ktemplate<class _CharT, class _Traits, class _Alloc> std::__cxx11::basic_string<_CharT, _Traits, _Allocator> std::operator+(const std::__cxx11::basic_string<_CharT, _Traits, _Allocator>&, std::__cxx11::basic_string<_CharT, _Traits, _Allocator>&&)[m[K’
[4.398s]  6166 |     [01;36m[Koperator[m[K+(const basic_string<_CharT, _Traits, _Alloc>& __lhs,
[4.398s]       |     [01;36m[K^~~~~~~~[m[K
[4.398s] [01m[K/usr/include/c++/11/bits/basic_string.h:6166:5:[m[K [01;36m[Knote: [m[K  template argument deduction/substitution failed:
[4.398s] [01m[K/home/maria/ros2_coche/src/c4_gps/src/trimble_gps.cpp:86:124:[m[K [01;36m[Knote: [m[K  mismatched types ‘[01m[Kstd::__cxx11::basic_string<_CharT, _Traits, _Allocator>[m[K’ and ‘[01m[Knmea_msgs::msg::Gpgga_<std::allocator<void> >::_lat_type[m[K’ {aka ‘[01m[Kdouble[m[K’}
[4.398s]    86 | td::to_string(message.header.stamp.sec) + ", Latitude: " + message.[01;36m[Klat[m[K
[4.398s]       |                                                                    [01;36m[K^~~[m[K
[4.398s] 
[4.398s] In file included from [01m[K/usr/include/c++/11/string:55[m[K,
[4.399s]                  from [01m[K/home/maria/ros2_coche/src/c4_gps/src/trimble_gps.cpp:4[m[K:
[4.399s] [01m[K/usr/include/c++/11/bits/basic_string.h:6172:5:[m[K [01;36m[Knote: [m[Kcandidate: ‘[01m[Ktemplate<class _CharT, class _Traits, class _Alloc> std::__cxx11::basic_string<_CharT, _Traits, _Allocator> std::operator+(std::__cxx11::basic_string<_CharT, _Traits, _Allocator>&&, std::__cxx11::basic_string<_CharT, _Traits, _Allocator>&&)[m[K’
[4.399s]  6172 |     [01;36m[Koperator[m[K+(basic_string<_CharT, _Traits, _Alloc>&& __lhs,
[4.399s]       |     [01;36m[K^~~~~~~~[m[K
[4.399s] [01m[K/usr/include/c++/11/bits/basic_string.h:6172:5:[m[K [01;36m[Knote: [m[K  template argument deduction/substitution failed:
[4.399s] [01m[K/home/maria/ros2_coche/src/c4_gps/src/trimble_gps.cpp:86:124:[m[K [01;36m[Knote: [m[K  mismatched types ‘[01m[Kstd::__cxx11::basic_string<_CharT, _Traits, _Allocator>[m[K’ and ‘[01m[Knmea_msgs::msg::Gpgga_<std::allocator<void> >::_lat_type[m[K’ {aka ‘[01m[Kdouble[m[K’}
[4.399s]    86 | td::to_string(message.header.stamp.sec) + ", Latitude: " + message.[01;36m[Klat[m[K
[4.399s]       |                                                                    [01;36m[K^~~[m[K
[4.399s] 
[4.399s] In file included from [01m[K/usr/include/c++/11/string:55[m[K,
[4.400s]                  from [01m[K/home/maria/ros2_coche/src/c4_gps/src/trimble_gps.cpp:4[m[K:
[4.400s] [01m[K/usr/include/c++/11/bits/basic_string.h:6194:5:[m[K [01;36m[Knote: [m[Kcandidate: ‘[01m[Ktemplate<class _CharT, class _Traits, class _Alloc> std::__cxx11::basic_string<_CharT, _Traits, _Allocator> std::operator+(const _CharT*, std::__cxx11::basic_string<_CharT, _Traits, _Allocator>&&)[m[K’
[4.400s]  6194 |     [01;36m[Koperator[m[K+(const _CharT* __lhs,
[4.400s]       |     [01;36m[K^~~~~~~~[m[K
[4.400s] [01m[K/usr/include/c++/11/bits/basic_string.h:6194:5:[m[K [01;36m[Knote: [m[K  template argument deduction/substitution failed:
[4.400s] [01m[K/home/maria/ros2_coche/src/c4_gps/src/trimble_gps.cpp:86:124:[m[K [01;36m[Knote: [m[K  mismatched types ‘[01m[Kconst _CharT*[m[K’ and ‘[01m[Kstd::__cxx11::basic_string<char>[m[K’
[4.400s]    86 | td::to_string(message.header.stamp.sec) + ", Latitude: " + message.[01;36m[Klat[m[K
[4.400s]       |                                                                    [01;36m[K^~~[m[K
[4.400s] 
[4.400s] In file included from [01m[K/usr/include/c++/11/string:55[m[K,
[4.400s]                  from [01m[K/home/maria/ros2_coche/src/c4_gps/src/trimble_gps.cpp:4[m[K:
[4.401s] [01m[K/usr/include/c++/11/bits/basic_string.h:6200:5:[m[K [01;36m[Knote: [m[Kcandidate: ‘[01m[Ktemplate<class _CharT, class _Traits, class _Alloc> std::__cxx11::basic_string<_CharT, _Traits, _Allocator> std::operator+(_CharT, std::__cxx11::basic_string<_CharT, _Traits, _Allocator>&&)[m[K’
[4.401s]  6200 |     [01;36m[Koperator[m[K+(_CharT __lhs,
[4.401s]       |     [01;36m[K^~~~~~~~[m[K
[4.401s] [01m[K/usr/include/c++/11/bits/basic_string.h:6200:5:[m[K [01;36m[Knote: [m[K  template argument deduction/substitution failed:
[4.401s] [01m[K/home/maria/ros2_coche/src/c4_gps/src/trimble_gps.cpp:86:124:[m[K [01;36m[Knote: [m[K  mismatched types ‘[01m[Kstd::__cxx11::basic_string<_CharT, _Traits, _Allocator>[m[K’ and ‘[01m[Knmea_msgs::msg::Gpgga_<std::allocator<void> >::_lat_type[m[K’ {aka ‘[01m[Kdouble[m[K’}
[4.401s]    86 | td::to_string(message.header.stamp.sec) + ", Latitude: " + message.[01;36m[Klat[m[K
[4.401s]       |                                                                    [01;36m[K^~~[m[K
[4.401s] 
[4.401s] In file included from [01m[K/usr/include/c++/11/string:55[m[K,
[4.401s]                  from [01m[K/home/maria/ros2_coche/src/c4_gps/src/trimble_gps.cpp:4[m[K:
[4.402s] [01m[K/usr/include/c++/11/bits/basic_string.h:6206:5:[m[K [01;36m[Knote: [m[Kcandidate: ‘[01m[Ktemplate<class _CharT, class _Traits, class _Alloc> std::__cxx11::basic_string<_CharT, _Traits, _Allocator> std::operator+(std::__cxx11::basic_string<_CharT, _Traits, _Allocator>&&, const _CharT*)[m[K’
[4.402s]  6206 |     [01;36m[Koperator[m[K+(basic_string<_CharT, _Traits, _Alloc>&& __lhs,
[4.402s]       |     [01;36m[K^~~~~~~~[m[K
[4.402s] [01m[K/usr/include/c++/11/bits/basic_string.h:6206:5:[m[K [01;36m[Knote: [m[K  template argument deduction/substitution failed:
[4.402s] [01m[K/home/maria/ros2_coche/src/c4_gps/src/trimble_gps.cpp:86:124:[m[K [01;36m[Knote: [m[K  mismatched types ‘[01m[Kconst _CharT*[m[K’ and ‘[01m[Kdouble[m[K’
[4.402s]    86 | td::to_string(message.header.stamp.sec) + ", Latitude: " + message.[01;36m[Klat[m[K
[4.402s]       |                                                                    [01;36m[K^~~[m[K
[4.402s] 
[4.402s] In file included from [01m[K/usr/include/c++/11/string:55[m[K,
[4.402s]                  from [01m[K/home/maria/ros2_coche/src/c4_gps/src/trimble_gps.cpp:4[m[K:
[4.403s] [01m[K/usr/include/c++/11/bits/basic_string.h:6212:5:[m[K [01;36m[Knote: [m[Kcandidate: ‘[01m[Ktemplate<class _CharT, class _Traits, class _Alloc> std::__cxx11::basic_string<_CharT, _Traits, _Allocator> std::operator+(std::__cxx11::basic_string<_CharT, _Traits, _Allocator>&&, _CharT)[m[K’
[4.403s]  6212 |     [01;36m[Koperator[m[K+(basic_string<_CharT, _Traits, _Alloc>&& __lhs,
[4.403s]       |     [01;36m[K^~~~~~~~[m[K
[4.403s] [01m[K/usr/include/c++/11/bits/basic_string.h:6212:5:[m[K [01;36m[Knote: [m[K  template argument deduction/substitution failed:
[4.403s] [01m[K/home/maria/ros2_coche/src/c4_gps/src/trimble_gps.cpp:86:124:[m[K [01;36m[Knote: [m[K  deduced conflicting types for parameter ‘[01m[K_CharT[m[K’ (‘[01m[Kchar[m[K’ and ‘[01m[Kdouble[m[K’)
[4.403s]    86 | td::to_string(message.header.stamp.sec) + ", Latitude: " + message.[01;36m[Klat[m[K
[4.403s]       |                                                                    [01;36m[K^~~[m[K
[4.403s] 
[4.403s] [01m[K/home/maria/ros2_coche/src/c4_gps/src/trimble_gps.cpp:93:9:[m[K [01;31m[Kerror: [m[Kexpected ‘[01m[K,[m[K’ or ‘[01m[K;[m[K’ before ‘[01m[K}[m[K’ token
[4.403s]    93 |         [01;31m[K}[m[K
[4.404s]       |         [01;31m[K^[m[K
[5.645s] gmake[2]: *** [CMakeFiles/t_gps.dir/build.make:76: CMakeFiles/t_gps.dir/src/trimble_gps.cpp.o] Error 1
[5.646s] gmake[1]: *** [CMakeFiles/Makefile2:137: CMakeFiles/t_gps.dir/all] Error 2
[5.646s] gmake: *** [Makefile:146: all] Error 2
[5.650s] Invoked command in '/home/maria/ros2_coche/build/c4_gps' returned '2': CMAKE_PREFIX_PATH=/opt/ros/humble:/home/maria/ros2_coche/install/nmea_msgs:/home/maria/ros2_coche/install/c4_gps /usr/bin/cmake --build /home/maria/ros2_coche/build/c4_gps -- -j12 -l12
