[0.020s] Invoking command in '/home/maria/ros2_coche/build/c4_gps': CMAKE_PREFIX_PATH=/opt/ros/humble /usr/bin/cmake /home/maria/ros2_coche/src/c4_gps -DCMAKE_INSTALL_PREFIX=/home/maria/ros2_coche/install/c4_gps
[0.175s] -- The C compiler identification is GNU 11.3.0
[0.392s] -- The CXX compiler identification is GNU 11.3.0
[0.422s] -- Detecting C compiler ABI info
[0.687s] -- Detecting C compiler ABI info - done
[0.716s] -- Check for working C compiler: /usr/bin/cc - skipped
[0.717s] -- Detecting C compile features
[0.719s] -- Detecting C compile features - done
[0.731s] -- Detecting CXX compiler ABI info
[1.026s] -- Detecting CXX compiler ABI info - done
[1.064s] -- Check for working CXX compiler: /usr/bin/c++ - skipped
[1.065s] -- Detecting CXX compile features
[1.067s] -- Detecting CXX compile features - done
[1.074s] -- Found ament_cmake: 1.3.3 (/opt/ros/humble/share/ament_cmake/cmake)
[1.697s] -- Found Python3: /usr/bin/python3.10 (found version "3.10.6") found components: Interpreter 
[1.929s] -- Found rclcpp: 16.0.3 (/opt/ros/humble/share/rclcpp/cmake)
[2.071s] -- Found rosidl_generator_c: 3.1.4 (/opt/ros/humble/share/rosidl_generator_c/cmake)
[2.088s] -- Found rosidl_adapter: 3.1.4 (/opt/ros/humble/share/rosidl_adapter/cmake)
[2.114s] -- Found rosidl_generator_cpp: 3.1.4 (/opt/ros/humble/share/rosidl_generator_cpp/cmake)
[2.157s] -- Using all available rosidl_typesupport_c: rosidl_typesupport_fastrtps_c;rosidl_typesupport_introspection_c
[2.190s] -- Using all available rosidl_typesupport_cpp: rosidl_typesupport_fastrtps_cpp;rosidl_typesupport_introspection_cpp
[2.307s] -- Found rmw_implementation_cmake: 6.1.1 (/opt/ros/humble/share/rmw_implementation_cmake/cmake)
[2.311s] -- Found rmw_fastrtps_cpp: 6.2.2 (/opt/ros/humble/share/rmw_fastrtps_cpp/cmake)
[2.479s] -- Found OpenSSL: /usr/lib/x86_64-linux-gnu/libcrypto.so (found version "3.0.2")  
[2.581s] -- Found FastRTPS: /opt/ros/humble/include  
[2.746s] -- Using RMW implementation 'rmw_fastrtps_cpp' as default
[2.773s] -- Looking for pthread.h
[3.005s] -- Looking for pthread.h - found
[3.007s] -- Performing Test CMAKE_HAVE_LIBC_PTHREAD
[3.265s] -- Performing Test CMAKE_HAVE_LIBC_PTHREAD - Success
[3.270s] -- Found Threads: TRUE  
[3.570s] -- Found ament_lint_auto: 0.12.5 (/opt/ros/humble/share/ament_lint_auto/cmake)
[3.689s] -- Added test 'cppcheck' to perform static code analysis on C / C++ code
[3.689s] -- Configured cppcheck include dirs: 
[3.689s] -- Configured cppcheck exclude dirs and/or files: 
[3.690s] -- Added test 'lint_cmake' to check CMake code style
[3.691s] -- Added test 'uncrustify' to check C / C++ code style
[3.691s] -- Configured uncrustify additional arguments: 
[3.692s] -- Added test 'xmllint' to check XML markup files
[3.693s] -- Configuring done
[3.707s] -- Generating done
[3.710s] -- Build files have been written to: /home/maria/ros2_coche/build/c4_gps
[3.727s] Invoked command in '/home/maria/ros2_coche/build/c4_gps' returned '0': CMAKE_PREFIX_PATH=/opt/ros/humble /usr/bin/cmake /home/maria/ros2_coche/src/c4_gps -DCMAKE_INSTALL_PREFIX=/home/maria/ros2_coche/install/c4_gps
[3.732s] Invoking command in '/home/maria/ros2_coche/build/c4_gps': CMAKE_PREFIX_PATH=/opt/ros/humble /usr/bin/cmake --build /home/maria/ros2_coche/build/c4_gps -- -j12 -l12
[3.815s] [ 50%] [32mBuilding CXX object CMakeFiles/talker.dir/src/trimble_gps.cpp.o[0m
[7.687s] [01m[K/home/maria/ros2_coche/src/c4_gps/src/trimble_gps.cpp:[m[K In member function ‘[01m[Kvoid TrimbleGps::timer_callback()[m[K’:
[7.687s] [01m[K/home/maria/ros2_coche/src/c4_gps/src/trimble_gps.cpp:48:10:[m[K [01;35m[Kwarning: [m[Kvariable ‘[01m[KisGPSOpen[m[K’ set but not used [[01;35m[K]8;;https://gcc.gnu.org/onlinedocs/gcc/Warning-Options.html#index-Wunused-but-set-variable-Wunused-but-set-variable]8;;[m[K]
[7.687s]    48 |     bool [01;35m[KisGPSOpen[m[K = false;
[7.687s]       |          [01;35m[K^~~~~~~~~[m[K
[11.214s] [100%] [32m[1mLinking CXX executable talker[0m
[11.675s] [100%] Built target talker
[11.706s] Invoked command in '/home/maria/ros2_coche/build/c4_gps' returned '0': CMAKE_PREFIX_PATH=/opt/ros/humble /usr/bin/cmake --build /home/maria/ros2_coche/build/c4_gps -- -j12 -l12
[11.794s] Invoking command in '/home/maria/ros2_coche/build/c4_gps': CMAKE_PREFIX_PATH=/opt/ros/humble /usr/bin/cmake --install /home/maria/ros2_coche/build/c4_gps
[11.814s] -- Install configuration: ""
[11.815s] -- Installing: /home/maria/ros2_coche/install/c4_gps/lib/c4_gps/talker
[11.821s] -- Set runtime path of "/home/maria/ros2_coche/install/c4_gps/lib/c4_gps/talker" to ""
[11.821s] -- Up-to-date: /home/maria/ros2_coche/install/c4_gps/share/ament_index/resource_index/package_run_dependencies/c4_gps
[11.822s] -- Up-to-date: /home/maria/ros2_coche/install/c4_gps/share/ament_index/resource_index/parent_prefix_path/c4_gps
[11.822s] -- Up-to-date: /home/maria/ros2_coche/install/c4_gps/share/c4_gps/environment/ament_prefix_path.sh
[11.822s] -- Installing: /home/maria/ros2_coche/install/c4_gps/share/c4_gps/environment/ament_prefix_path.dsv
[11.823s] -- Up-to-date: /home/maria/ros2_coche/install/c4_gps/share/c4_gps/environment/path.sh
[11.823s] -- Installing: /home/maria/ros2_coche/install/c4_gps/share/c4_gps/environment/path.dsv
[11.823s] -- Up-to-date: /home/maria/ros2_coche/install/c4_gps/share/c4_gps/local_setup.bash
[11.823s] -- Up-to-date: /home/maria/ros2_coche/install/c4_gps/share/c4_gps/local_setup.sh
[11.824s] -- Up-to-date: /home/maria/ros2_coche/install/c4_gps/share/c4_gps/local_setup.zsh
[11.824s] -- Installing: /home/maria/ros2_coche/install/c4_gps/share/c4_gps/local_setup.dsv
[11.824s] -- Installing: /home/maria/ros2_coche/install/c4_gps/share/c4_gps/package.dsv
[11.825s] -- Up-to-date: /home/maria/ros2_coche/install/c4_gps/share/ament_index/resource_index/packages/c4_gps
[11.825s] -- Up-to-date: /home/maria/ros2_coche/install/c4_gps/share/c4_gps/cmake/c4_gpsConfig.cmake
[11.825s] -- Up-to-date: /home/maria/ros2_coche/install/c4_gps/share/c4_gps/cmake/c4_gpsConfig-version.cmake
[11.825s] -- Up-to-date: /home/maria/ros2_coche/install/c4_gps/share/c4_gps/package.xml
[11.831s] Invoked command in '/home/maria/ros2_coche/build/c4_gps' returned '0': CMAKE_PREFIX_PATH=/opt/ros/humble /usr/bin/cmake --install /home/maria/ros2_coche/build/c4_gps
