[0.017s] Invoking command in '/home/maria/ros2_coche/build/c4_gps': AMENT_PREFIX_PATH=/home/maria/ros2_coche/install/nmea_msgs:${AMENT_PREFIX_PATH} CMAKE_PREFIX_PATH=/opt/ros/humble:/home/maria/ros2_coche/install/nmea_msgs LD_LIBRARY_PATH=/home/maria/ros2_coche/install/nmea_msgs/lib:${LD_LIBRARY_PATH} PYTHONPATH=/home/maria/ros2_coche/install/nmea_msgs/local/lib/python3.10/dist-packages:${PYTHONPATH} /usr/bin/cmake --build /home/maria/ros2_coche/build/c4_gps -- -j12 -l12
[0.073s] -- Found ament_cmake: 1.3.3 (/opt/ros/humble/share/ament_cmake/cmake)
[0.609s] -- Found rclcpp: 16.0.3 (/opt/ros/humble/share/rclcpp/cmake)
[0.798s] -- Found rosidl_generator_c: 3.1.4 (/opt/ros/humble/share/rosidl_generator_c/cmake)
[0.813s] -- Found rosidl_adapter: 3.1.4 (/opt/ros/humble/share/rosidl_adapter/cmake)
[0.861s] -- Found rosidl_generator_cpp: 3.1.4 (/opt/ros/humble/share/rosidl_generator_cpp/cmake)
[0.920s] -- Using all available rosidl_typesupport_c: rosidl_typesupport_fastrtps_c;rosidl_typesupport_introspection_c
[0.994s] -- Using all available rosidl_typesupport_cpp: rosidl_typesupport_fastrtps_cpp;rosidl_typesupport_introspection_cpp
[1.212s] -- Found rmw_implementation_cmake: 6.1.1 (/opt/ros/humble/share/rmw_implementation_cmake/cmake)
[1.215s] -- Found rmw_fastrtps_cpp: 6.2.2 (/opt/ros/humble/share/rmw_fastrtps_cpp/cmake)
[1.462s] -- Using RMW implementation 'rmw_fastrtps_cpp' as default
[1.811s] -- Found nmea_msgs: 1.1.0 (/home/maria/ros2_coche/install/nmea_msgs/share/nmea_msgs/cmake)
[1.886s] -- Found ament_lint_auto: 0.12.5 (/opt/ros/humble/share/ament_lint_auto/cmake)
[2.085s] -- Added test 'cppcheck' to perform static code analysis on C / C++ code
[2.085s] -- Configured cppcheck include dirs: 
[2.086s] -- Configured cppcheck exclude dirs and/or files: 
[2.087s] -- Added test 'lint_cmake' to check CMake code style
[2.090s] -- Added test 'uncrustify' to check C / C++ code style
[2.090s] -- Configured uncrustify additional arguments: 
[2.092s] -- Added test 'xmllint' to check XML markup files
[2.094s] -- Configuring done
[2.135s] -- Generating done
[2.142s] -- Build files have been written to: /home/maria/ros2_coche/build/c4_gps
[2.260s] [ 50%] [32mBuilding CXX object CMakeFiles/t_gps.dir/src/trimble_gps.cpp.o[0m
[3.065s] [01m[K/home/maria/ros2_coche/src/c4_gps/src/trimble_gps.cpp:22:10:[m[K [01;31m[Kfatal error: [m[Knmea_msgs/msg/gpgga.msg: No such file or directory
[3.065s]    22 | #include [01;31m[K"nmea_msgs/msg/gpgga.msg"[m[K
[3.065s]       |          [01;31m[K^~~~~~~~~~~~~~~~~~~~~~~~~[m[K
[3.065s] compilation terminated.
[3.095s] gmake[2]: *** [CMakeFiles/t_gps.dir/build.make:76: CMakeFiles/t_gps.dir/src/trimble_gps.cpp.o] Error 1
[3.095s] gmake[1]: *** [CMakeFiles/Makefile2:137: CMakeFiles/t_gps.dir/all] Error 2
[3.096s] gmake: *** [Makefile:146: all] Error 2
[3.099s] Invoked command in '/home/maria/ros2_coche/build/c4_gps' returned '2': AMENT_PREFIX_PATH=/home/maria/ros2_coche/install/nmea_msgs:${AMENT_PREFIX_PATH} CMAKE_PREFIX_PATH=/opt/ros/humble:/home/maria/ros2_coche/install/nmea_msgs LD_LIBRARY_PATH=/home/maria/ros2_coche/install/nmea_msgs/lib:${LD_LIBRARY_PATH} PYTHONPATH=/home/maria/ros2_coche/install/nmea_msgs/local/lib/python3.10/dist-packages:${PYTHONPATH} /usr/bin/cmake --build /home/maria/ros2_coche/build/c4_gps -- -j12 -l12
