[0.188s] Invoking command in '/home/maria/ros2_coche/build/c4_gps': AMENT_PREFIX_PATH=/home/maria/ros2_coche/install/nmea_msgs:${AMENT_PREFIX_PATH} CMAKE_PREFIX_PATH=/opt/ros/humble:/home/maria/ros2_coche/install/nmea_msgs LD_LIBRARY_PATH=/home/maria/ros2_coche/install/nmea_msgs/lib:${LD_LIBRARY_PATH} PYTHONPATH=/home/maria/ros2_coche/install/nmea_msgs/local/lib/python3.10/dist-packages:${PYTHONPATH} /usr/bin/cmake --build /home/maria/ros2_coche/build/c4_gps -- -j12 -l12
[0.277s] -- Found ament_cmake: 1.3.7 (/opt/ros/humble/share/ament_cmake/cmake)
[0.750s] -- Override CMake install command with custom implementation using symlinks instead of copying resources
[0.785s] -- Found rclcpp: 16.0.8 (/opt/ros/humble/share/rclcpp/cmake)
[0.910s] -- Found rosidl_generator_c: 3.1.5 (/opt/ros/humble/share/rosidl_generator_c/cmake)
[0.920s] -- Found rosidl_adapter: 3.1.5 (/opt/ros/humble/share/rosidl_adapter/cmake)
[0.943s] -- Found rosidl_generator_cpp: 3.1.5 (/opt/ros/humble/share/rosidl_generator_cpp/cmake)
[0.982s] -- Using all available rosidl_typesupport_c: rosidl_typesupport_fastrtps_c;rosidl_typesupport_introspection_c
[1.037s] -- Using all available rosidl_typesupport_cpp: rosidl_typesupport_fastrtps_cpp;rosidl_typesupport_introspection_cpp
[1.246s] -- Found rmw_implementation_cmake: 6.1.1 (/opt/ros/humble/share/rmw_implementation_cmake/cmake)
[1.249s] -- Found rmw_fastrtps_cpp: 6.2.6 (/opt/ros/humble/share/rmw_fastrtps_cpp/cmake)
[1.455s] -- Using RMW implementation 'rmw_fastrtps_cpp' as default
[1.750s] -- Found nmea_msgs: 1.1.0 (/home/maria/ros2_coche/install/nmea_msgs/share/nmea_msgs/cmake)
[1.826s] -- Found ament_lint_auto: 0.12.10 (/opt/ros/humble/share/ament_lint_auto/cmake)
[2.003s] -- Added test 'cppcheck' to perform static code analysis on C / C++ code
[2.003s] -- Configured cppcheck include dirs: 
[2.003s] -- Configured cppcheck exclude dirs and/or files: 
[2.005s] -- Added test 'lint_cmake' to check CMake code style
[2.007s] -- Added test 'uncrustify' to check C / C++ code style
[2.007s] -- Configured uncrustify additional arguments: 
[2.008s] -- Added test 'xmllint' to check XML markup files
[2.011s] -- Configuring done
[2.047s] -- Generating done
[2.051s] -- Build files have been written to: /home/maria/ros2_coche/build/c4_gps
[2.150s] [ 50%] [32mBuilding CXX object CMakeFiles/t_gps.dir/src/gps_reader.cpp.o[0m
[5.799s] [01m[K/home/maria/ros2_coche/src/c4_gps/src/gps_reader.cpp:[m[K In member function ‘[01m[Kvoid GpsReader::gpgga_callback()[m[K’:
[5.800s] [01m[K/home/maria/ros2_coche/src/c4_gps/src/gps_reader.cpp:82:37:[m[K [01;31m[Kerror: [m[Kcannot convert ‘[01m[Kstd::string[m[K’ {aka ‘[01m[Kstd::__cxx11::basic_string<char>[m[K’} to ‘[01m[Kvoid*[m[K’
[5.800s]    82 |         if ((msgSize = read(sockFd, [01;31m[Kmessagegps[m[K, sizeof(messagegps) - 1)) > 0)
[5.800s]       |                                     [01;31m[K^~~~~~~~~~[m[K
[5.800s]       |                                     [01;31m[K|[m[K
[5.800s]       |                                     [01;31m[Kstd::string {aka std::__cxx11::basic_string<char>}[m[K
[5.801s] In file included from [01m[K/home/maria/ros2_coche/src/c4_gps/src/gps_reader.cpp:10[m[K:
[5.801s] [01m[K/usr/include/unistd.h:371:38:[m[K [01;36m[Knote: [m[K  initializing argument 2 of ‘[01m[Kssize_t read(int, void*, size_t)[m[K’
[5.802s]   371 | extern ssize_t read (int __fd, [01;36m[Kvoid *__buf[m[K, size_t __nbytes) __wur
[5.803s]       |                                [01;36m[K~~~~~~^~~~~[m[K
[5.803s] [01m[K/home/maria/ros2_coche/src/c4_gps/src/gps_reader.cpp:86:26:[m[K [01;31m[Kerror: [m[Kno match for ‘[01m[Koperator<<[m[K’ (operand types are ‘[01m[Kstd::string[m[K’ {aka ‘[01m[Kstd::__cxx11::basic_string<char>[m[K’} and ‘[01m[Kconst char [12][m[K’)
[5.803s]    86 |           [32m[Kmessage_struct[m[K [01;31m[K<<[m[K [34m[K"Timestamp: "[m[K << message.header.stamp.sec << ", Latitude: " << message.lat;
[5.803s]       |           [32m[K~~~~~~~~~~~~~~[m[K [01;31m[K^~[m[K [34m[K~~~~~~~~~~~~~[m[K
[5.803s]       |           [32m[K|[m[K                 [34m[K|[m[K
[5.804s]       |           [32m[K|[m[K                 [34m[Kconst char [12][m[K
[5.804s]       |           [32m[Kstd::string {aka std::__cxx11::basic_string<char>}[m[K
[5.804s] In file included from [01m[K/usr/include/c++/11/memory:77[m[K,
[5.804s]                  from [01m[K/home/maria/ros2_coche/src/c4_gps/src/gps_reader.cpp:2[m[K:
[5.804s] [01m[K/usr/include/c++/11/bits/shared_ptr.h:70:5:[m[K [01;36m[Knote: [m[Kcandidate: ‘[01m[Ktemplate<class _Ch, class _Tr, class _Tp, __gnu_cxx::_Lock_policy _Lp> std::basic_ostream<_Ch, _Tr>& std::operator<<(std::basic_ostream<_Ch, _Tr>&, const std::__shared_ptr<_Tp, _Lp>&)[m[K’
[5.804s]    70 |     [01;36m[Koperator[m[K<<(std::basic_ostream<_Ch, _Tr>& __os,
[5.804s]       |     [01;36m[K^~~~~~~~[m[K
[5.804s] [01m[K/usr/include/c++/11/bits/shared_ptr.h:70:5:[m[K [01;36m[Knote: [m[K  template argument deduction/substitution failed:
[5.805s] [01m[K/home/maria/ros2_coche/src/c4_gps/src/gps_reader.cpp:86:29:[m[K [01;36m[Knote: [m[K  ‘[01m[Kstd::string[m[K’ {aka ‘[01m[Kstd::__cxx11::basic_string<char>[m[K’} is not derived from ‘[01m[Kstd::basic_ostream<_Ch, _Tr>[m[K’
[5.805s]    86 |           message_struct << [01;36m[K"Timestamp: "[m[K << message.header.stamp.sec << ", Latitude: " << message.lat;
[5.805s]       |                             [01;36m[K^~~~~~~~~~~~~[m[K
[5.805s] In file included from [01m[K/usr/include/c++/11/bits/basic_string.h:48[m[K,
[5.805s]                  from [01m[K/usr/include/c++/11/string:55[m[K,
[5.805s]                  from [01m[K/home/maria/ros2_coche/src/c4_gps/src/gps_reader.cpp:3[m[K:
[5.805s] [01m[K/usr/include/c++/11/string_view:667:5:[m[K [01;36m[Knote: [m[Kcandidate: ‘[01m[Ktemplate<class _CharT, class _Traits> std::basic_ostream<_Ch, _Tr>& std::operator<<(std::basic_ostream<_Ch, _Tr>&, std::basic_string_view<_CharT, _Traits>)[m[K’
[5.805s]   667 |     [01;36m[Koperator[m[K<<(basic_ostream<_CharT, _Traits>& __os,
[5.805s]       |     [01;36m[K^~~~~~~~[m[K
[5.805s] [01m[K/usr/include/c++/11/string_view:667:5:[m[K [01;36m[Knote: [m[K  template argument deduction/substitution failed:
[5.806s] [01m[K/home/maria/ros2_coche/src/c4_gps/src/gps_reader.cpp:86:29:[m[K [01;36m[Knote: [m[K  ‘[01m[Kstd::string[m[K’ {aka ‘[01m[Kstd::__cxx11::basic_string<char>[m[K’} is not derived from ‘[01m[Kstd::basic_ostream<_Ch, _Tr>[m[K’
[5.806s]    86 |           message_struct << [01;36m[K"Timestamp: "[m[K << message.header.stamp.sec << ", Latitude: " << message.lat;
[5.806s]       |                             [01;36m[K^~~~~~~~~~~~~[m[K
[5.806s] In file included from [01m[K/usr/include/c++/11/string:55[m[K,
[5.806s]                  from [01m[K/home/maria/ros2_coche/src/c4_gps/src/gps_reader.cpp:3[m[K:
[5.806s] [01m[K/usr/include/c++/11/bits/basic_string.h:6531:5:[m[K [01;36m[Knote: [m[Kcandidate: ‘[01m[Ktemplate<class _CharT, class _Traits, class _Alloc> std::basic_ostream<_Ch, _Tr>& std::operator<<(std::basic_ostream<_Ch, _Tr>&, const std::__cxx11::basic_string<_CharT, _Traits, _Allocator>&)[m[K’
[5.806s]  6531 |     [01;36m[Koperator[m[K<<(basic_ostream<_CharT, _Traits>& __os,
[5.806s]       |     [01;36m[K^~~~~~~~[m[K
[5.806s] [01m[K/usr/include/c++/11/bits/basic_string.h:6531:5:[m[K [01;36m[Knote: [m[K  template argument deduction/substitution failed:
[5.806s] [01m[K/home/maria/ros2_coche/src/c4_gps/src/gps_reader.cpp:86:29:[m[K [01;36m[Knote: [m[K  ‘[01m[Kstd::string[m[K’ {aka ‘[01m[Kstd::__cxx11::basic_string<char>[m[K’} is not derived from ‘[01m[Kstd::basic_ostream<_Ch, _Tr>[m[K’
[5.807s]    86 |           message_struct << [01;36m[K"Timestamp: "[m[K << message.header.stamp.sec << ", Latitude: " << message.lat;
[5.807s]       |                             [01;36m[K^~~~~~~~~~~~~[m[K
[5.807s] In file included from [01m[K/usr/include/c++/11/bits/ios_base.h:46[m[K,
[5.807s]                  from [01m[K/usr/include/c++/11/ios:42[m[K,
[5.807s]                  from [01m[K/usr/include/c++/11/ostream:38[m[K,
[5.807s]                  from [01m[K/usr/include/c++/11/iostream:39[m[K,
[5.807s]                  from [01m[K/home/maria/ros2_coche/src/c4_gps/src/gps_reader.cpp:4[m[K:
[5.807s] [01m[K/usr/include/c++/11/system_error:279:5:[m[K [01;36m[Knote: [m[Kcandidate: ‘[01m[Ktemplate<class _CharT, class _Traits> std::basic_ostream<_Ch, _Tr>& std::operator<<(std::basic_ostream<_Ch, _Tr>&, const std::error_code&)[m[K’
[5.807s]   279 |     [01;36m[Koperator[m[K<<(basic_ostream<_CharT, _Traits>& __os, const error_code& __e)
[5.807s]       |     [01;36m[K^~~~~~~~[m[K
[5.808s] [01m[K/usr/include/c++/11/system_error:279:5:[m[K [01;36m[Knote: [m[K  template argument deduction/substitution failed:
[5.808s] [01m[K/home/maria/ros2_coche/src/c4_gps/src/gps_reader.cpp:86:29:[m[K [01;36m[Knote: [m[K  ‘[01m[Kstd::string[m[K’ {aka ‘[01m[Kstd::__cxx11::basic_string<char>[m[K’} is not derived from ‘[01m[Kstd::basic_ostream<_Ch, _Tr>[m[K’
[5.808s]    86 |           message_struct << [01;36m[K"Timestamp: "[m[K << message.header.stamp.sec << ", Latitude: " << message.lat;
[5.808s]       |                             [01;36m[K^~~~~~~~~~~~~[m[K
[5.808s] In file included from [01m[K/usr/include/c++/11/iostream:39[m[K,
[5.808s]                  from [01m[K/home/maria/ros2_coche/src/c4_gps/src/gps_reader.cpp:4[m[K:
[5.808s] [01m[K/usr/include/c++/11/ostream:513:5:[m[K [01;36m[Knote: [m[Kcandidate: ‘[01m[Ktemplate<class _CharT, class _Traits> std::basic_ostream<_Ch, _Tr>& std::operator<<(std::basic_ostream<_Ch, _Tr>&, _CharT)[m[K’
[5.808s]   513 |     [01;36m[Koperator[m[K<<(basic_ostream<_CharT, _Traits>& __out, _CharT __c)
[5.808s]       |     [01;36m[K^~~~~~~~[m[K
[5.808s] [01m[K/usr/include/c++/11/ostream:513:5:[m[K [01;36m[Knote: [m[K  template argument deduction/substitution failed:
[5.809s] [01m[K/home/maria/ros2_coche/src/c4_gps/src/gps_reader.cpp:86:29:[m[K [01;36m[Knote: [m[K  ‘[01m[Kstd::string[m[K’ {aka ‘[01m[Kstd::__cxx11::basic_string<char>[m[K’} is not derived from ‘[01m[Kstd::basic_ostream<_Ch, _Tr>[m[K’
[5.809s]    86 |           message_struct << [01;36m[K"Timestamp: "[m[K << message.header.stamp.sec << ", Latitude: " << message.lat;
[5.809s]       |                             [01;36m[K^~~~~~~~~~~~~[m[K
[5.809s] In file included from [01m[K/usr/include/c++/11/iostream:39[m[K,
[5.809s]                  from [01m[K/home/maria/ros2_coche/src/c4_gps/src/gps_reader.cpp:4[m[K:
[5.809s] [01m[K/usr/include/c++/11/ostream:518:5:[m[K [01;36m[Knote: [m[Kcandidate: ‘[01m[Ktemplate<class _CharT, class _Traits> std::basic_ostream<_Ch, _Tr>& std::operator<<(std::basic_ostream<_Ch, _Tr>&, char)[m[K’
[5.809s]   518 |     [01;36m[Koperator[m[K<<(basic_ostream<_CharT, _Traits>& __out, char __c)
[5.809s]       |     [01;36m[K^~~~~~~~[m[K
[5.809s] [01m[K/usr/include/c++/11/ostream:518:5:[m[K [01;36m[Knote: [m[K  template argument deduction/substitution failed:
[5.809s] [01m[K/home/maria/ros2_coche/src/c4_gps/src/gps_reader.cpp:86:29:[m[K [01;36m[Knote: [m[K  ‘[01m[Kstd::string[m[K’ {aka ‘[01m[Kstd::__cxx11::basic_string<char>[m[K’} is not derived from ‘[01m[Kstd::basic_ostream<_Ch, _Tr>[m[K’
[5.810s]    86 |           message_struct << [01;36m[K"Timestamp: "[m[K << message.header.stamp.sec << ", Latitude: " << message.lat;
[5.810s]       |                             [01;36m[K^~~~~~~~~~~~~[m[K
[5.810s] In file included from [01m[K/usr/include/c++/11/iostream:39[m[K,
[5.810s]                  from [01m[K/home/maria/ros2_coche/src/c4_gps/src/gps_reader.cpp:4[m[K:
[5.810s] [01m[K/usr/include/c++/11/ostream:524:5:[m[K [01;36m[Knote: [m[Kcandidate: ‘[01m[Ktemplate<class _Traits> std::basic_ostream<char, _Traits>& std::operator<<(std::basic_ostream<char, _Traits>&, char)[m[K’
[5.810s]   524 |     [01;36m[Koperator[m[K<<(basic_ostream<char, _Traits>& __out, char __c)
[5.810s]       |     [01;36m[K^~~~~~~~[m[K
[5.810s] [01m[K/usr/include/c++/11/ostream:524:5:[m[K [01;36m[Knote: [m[K  template argument deduction/substitution failed:
[5.810s] [01m[K/home/maria/ros2_coche/src/c4_gps/src/gps_reader.cpp:86:29:[m[K [01;36m[Knote: [m[K  ‘[01m[Kstd::string[m[K’ {aka ‘[01m[Kstd::__cxx11::basic_string<char>[m[K’} is not derived from ‘[01m[Kstd::basic_ostream<char, _Traits>[m[K’
[5.810s]    86 |           message_struct << [01;36m[K"Timestamp: "[m[K << message.header.stamp.sec << ", Latitude: " << message.lat;
[5.811s]       |                             [01;36m[K^~~~~~~~~~~~~[m[K
[5.811s] In file included from [01m[K/usr/include/c++/11/iostream:39[m[K,
[5.811s]                  from [01m[K/home/maria/ros2_coche/src/c4_gps/src/gps_reader.cpp:4[m[K:
[5.811s] [01m[K/usr/include/c++/11/ostream:530:5:[m[K [01;36m[Knote: [m[Kcandidate: ‘[01m[Ktemplate<class _Traits> std::basic_ostream<char, _Traits>& std::operator<<(std::basic_ostream<char, _Traits>&, signed char)[m[K’
[5.811s]   530 |     [01;36m[Koperator[m[K<<(basic_ostream<char, _Traits>& __out, signed char __c)
[5.811s]       |     [01;36m[K^~~~~~~~[m[K
[5.811s] [01m[K/usr/include/c++/11/ostream:530:5:[m[K [01;36m[Knote: [m[K  template argument deduction/substitution failed:
[5.811s] [01m[K/home/maria/ros2_coche/src/c4_gps/src/gps_reader.cpp:86:29:[m[K [01;36m[Knote: [m[K  ‘[01m[Kstd::string[m[K’ {aka ‘[01m[Kstd::__cxx11::basic_string<char>[m[K’} is not derived from ‘[01m[Kstd::basic_ostream<char, _Traits>[m[K’
[5.811s]    86 |           message_struct << [01;36m[K"Timestamp: "[m[K << message.header.stamp.sec << ", Latitude: " << message.lat;
[5.811s]       |                             [01;36m[K^~~~~~~~~~~~~[m[K
[5.812s] In file included from [01m[K/usr/include/c++/11/iostream:39[m[K,
[5.812s]                  from [01m[K/home/maria/ros2_coche/src/c4_gps/src/gps_reader.cpp:4[m[K:
[5.812s] [01m[K/usr/include/c++/11/ostream:535:5:[m[K [01;36m[Knote: [m[Kcandidate: ‘[01m[Ktemplate<class _Traits> std::basic_ostream<char, _Traits>& std::operator<<(std::basic_ostream<char, _Traits>&, unsigned char)[m[K’
[5.812s]   535 |     [01;36m[Koperator[m[K<<(basic_ostream<char, _Traits>& __out, unsigned char __c)
[5.812s]       |     [01;36m[K^~~~~~~~[m[K
[5.812s] [01m[K/usr/include/c++/11/ostream:535:5:[m[K [01;36m[Knote: [m[K  template argument deduction/substitution failed:
[5.812s] [01m[K/home/maria/ros2_coche/src/c4_gps/src/gps_reader.cpp:86:29:[m[K [01;36m[Knote: [m[K  ‘[01m[Kstd::string[m[K’ {aka ‘[01m[Kstd::__cxx11::basic_string<char>[m[K’} is not derived from ‘[01m[Kstd::basic_ostream<char, _Traits>[m[K’
[5.812s]    86 |           message_struct << [01;36m[K"Timestamp: "[m[K << message.header.stamp.sec << ", Latitude: " << message.lat;
[5.812s]       |                             [01;36m[K^~~~~~~~~~~~~[m[K
[5.812s] In file included from [01m[K/usr/include/c++/11/iostream:39[m[K,
[5.813s]                  from [01m[K/home/maria/ros2_coche/src/c4_gps/src/gps_reader.cpp:4[m[K:
[5.813s] [01m[K/usr/include/c++/11/ostream:594:5:[m[K [01;36m[Knote: [m[Kcandidate: ‘[01m[Ktemplate<class _CharT, class _Traits> std::basic_ostream<_Ch, _Tr>& std::operator<<(std::basic_ostream<_Ch, _Tr>&, const _CharT*)[m[K’
[5.813s]   594 |     [01;36m[Koperator[m[K<<(basic_ostream<_CharT, _Traits>& __out, const _CharT* __s)
[5.813s]       |     [01;36m[K^~~~~~~~[m[K
[5.813s] [01m[K/usr/include/c++/11/ostream:594:5:[m[K [01;36m[Knote: [m[K  template argument deduction/substitution failed:
[5.813s] [01m[K/home/maria/ros2_coche/src/c4_gps/src/gps_reader.cpp:86:29:[m[K [01;36m[Knote: [m[K  ‘[01m[Kstd::string[m[K’ {aka ‘[01m[Kstd::__cxx11::basic_string<char>[m[K’} is not derived from ‘[01m[Kstd::basic_ostream<_Ch, _Tr>[m[K’
[5.813s]    86 |           message_struct << [01;36m[K"Timestamp: "[m[K << message.header.stamp.sec << ", Latitude: " << message.lat;
[5.813s]       |                             [01;36m[K^~~~~~~~~~~~~[m[K
[5.813s] In file included from [01m[K/usr/include/c++/11/ostream:829[m[K,
[5.813s]                  from [01m[K/usr/include/c++/11/iostream:39[m[K,
[5.814s]                  from [01m[K/home/maria/ros2_coche/src/c4_gps/src/gps_reader.cpp:4[m[K:
[5.814s] [01m[K/usr/include/c++/11/bits/ostream.tcc:321:5:[m[K [01;36m[Knote: [m[Kcandidate: ‘[01m[Ktemplate<class _CharT, class _Traits> std::basic_ostream<_Ch, _Tr>& std::operator<<(std::basic_ostream<_Ch, _Tr>&, const char*)[m[K’
[5.814s]   321 |     [01;36m[Koperator[m[K<<(basic_ostream<_CharT, _Traits>& __out, const char* __s)
[5.814s]       |     [01;36m[K^~~~~~~~[m[K
[5.814s] [01m[K/usr/include/c++/11/bits/ostream.tcc:321:5:[m[K [01;36m[Knote: [m[K  template argument deduction/substitution failed:
[5.814s] [01m[K/home/maria/ros2_coche/src/c4_gps/src/gps_reader.cpp:86:29:[m[K [01;36m[Knote: [m[K  ‘[01m[Kstd::string[m[K’ {aka ‘[01m[Kstd::__cxx11::basic_string<char>[m[K’} is not derived from ‘[01m[Kstd::basic_ostream<_Ch, _Tr>[m[K’
[5.814s]    86 |           message_struct << [01;36m[K"Timestamp: "[m[K << message.header.stamp.sec << ", Latitude: " << message.lat;
[5.814s]       |                             [01;36m[K^~~~~~~~~~~~~[m[K
[5.814s] In file included from [01m[K/usr/include/c++/11/iostream:39[m[K,
[5.814s]                  from [01m[K/home/maria/ros2_coche/src/c4_gps/src/gps_reader.cpp:4[m[K:
[5.815s] [01m[K/usr/include/c++/11/ostream:611:5:[m[K [01;36m[Knote: [m[Kcandidate: ‘[01m[Ktemplate<class _Traits> std::basic_ostream<char, _Traits>& std::operator<<(std::basic_ostream<char, _Traits>&, const char*)[m[K’
[5.815s]   611 |     [01;36m[Koperator[m[K<<(basic_ostream<char, _Traits>& __out, const char* __s)
[5.815s]       |     [01;36m[K^~~~~~~~[m[K
[5.815s] [01m[K/usr/include/c++/11/ostream:611:5:[m[K [01;36m[Knote: [m[K  template argument deduction/substitution failed:
[5.815s] [01m[K/home/maria/ros2_coche/src/c4_gps/src/gps_reader.cpp:86:29:[m[K [01;36m[Knote: [m[K  ‘[01m[Kstd::string[m[K’ {aka ‘[01m[Kstd::__cxx11::basic_string<char>[m[K’} is not derived from ‘[01m[Kstd::basic_ostream<char, _Traits>[m[K’
[5.815s]    86 |           message_struct << [01;36m[K"Timestamp: "[m[K << message.header.stamp.sec << ", Latitude: " << message.lat;
[5.815s]       |                             [01;36m[K^~~~~~~~~~~~~[m[K
[5.815s] In file included from [01m[K/usr/include/c++/11/iostream:39[m[K,
[5.815s]                  from [01m[K/home/maria/ros2_coche/src/c4_gps/src/gps_reader.cpp:4[m[K:
[5.815s] [01m[K/usr/include/c++/11/ostream:624:5:[m[K [01;36m[Knote: [m[Kcandidate: ‘[01m[Ktemplate<class _Traits> std::basic_ostream<char, _Traits>& std::operator<<(std::basic_ostream<char, _Traits>&, const signed char*)[m[K’
[5.816s]   624 |     [01;36m[Koperator[m[K<<(basic_ostream<char, _Traits>& __out, const signed char* __s)
[5.816s]       |     [01;36m[K^~~~~~~~[m[K
[5.816s] [01m[K/usr/include/c++/11/ostream:624:5:[m[K [01;36m[Knote: [m[K  template argument deduction/substitution failed:
[5.816s] [01m[K/home/maria/ros2_coche/src/c4_gps/src/gps_reader.cpp:86:29:[m[K [01;36m[Knote: [m[K  ‘[01m[Kstd::string[m[K’ {aka ‘[01m[Kstd::__cxx11::basic_string<char>[m[K’} is not derived from ‘[01m[Kstd::basic_ostream<char, _Traits>[m[K’
[5.816s]    86 |           message_struct << [01;36m[K"Timestamp: "[m[K << message.header.stamp.sec << ", Latitude: " << message.lat;
[5.816s]       |                             [01;36m[K^~~~~~~~~~~~~[m[K
[5.816s] In file included from [01m[K/usr/include/c++/11/iostream:39[m[K,
[5.816s]                  from [01m[K/home/maria/ros2_coche/src/c4_gps/src/gps_reader.cpp:4[m[K:
[5.816s] [01m[K/usr/include/c++/11/ostream:629:5:[m[K [01;36m[Knote: [m[Kcandidate: ‘[01m[Ktemplate<class _Traits> std::basic_ostream<char, _Traits>& std::operator<<(std::basic_ostream<char, _Traits>&, const unsigned char*)[m[K’
[5.816s]   629 |     [01;36m[Koperator[m[K<<(basic_ostream<char, _Traits>& __out, const unsigned char* __s)
[5.817s]       |     [01;36m[K^~~~~~~~[m[K
[5.817s] [01m[K/usr/include/c++/11/ostream:629:5:[m[K [01;36m[Knote: [m[K  template argument deduction/substitution failed:
[5.817s] [01m[K/home/maria/ros2_coche/src/c4_gps/src/gps_reader.cpp:86:29:[m[K [01;36m[Knote: [m[K  ‘[01m[Kstd::string[m[K’ {aka ‘[01m[Kstd::__cxx11::basic_string<char>[m[K’} is not derived from ‘[01m[Kstd::basic_ostream<char, _Traits>[m[K’
[5.817s]    86 |           message_struct << [01;36m[K"Timestamp: "[m[K << message.header.stamp.sec << ", Latitude: " << message.lat;
[5.817s]       |                             [01;36m[K^~~~~~~~~~~~~[m[K
[5.817s] In file included from [01m[K/usr/include/c++/11/iostream:39[m[K,
[5.817s]                  from [01m[K/home/maria/ros2_coche/src/c4_gps/src/gps_reader.cpp:4[m[K:
[5.817s] [01m[K/usr/include/c++/11/ostream:750:5:[m[K [01;36m[Knote: [m[Kcandidate: ‘[01m[Ktemplate<class _Ostream, class _Tp> _Ostream&& std::operator<<(_Ostream&&, const _Tp&)[m[K’
[5.818s]   750 |     [01;36m[Koperator[m[K<<(_Ostream&& __os, const _Tp& __x)
[5.818s]       |     [01;36m[K^~~~~~~~[m[K
[5.818s] [01m[K/usr/include/c++/11/ostream:750:5:[m[K [01;36m[Knote: [m[K  template argument deduction/substitution failed:
[5.818s] /usr/include/c++/11/ostream: In substitution of ‘[01m[Ktemplate<class _Ostream, class _Tp> _Ostream&& std::operator<<(_Ostream&&, const _Tp&) [with _Ostream = std::__cxx11::basic_string<char>&; _Tp = char [12]][m[K’:
[5.818s] [01m[K/home/maria/ros2_coche/src/c4_gps/src/gps_reader.cpp:86:29:[m[K   required from here
[5.818s] [01m[K/usr/include/c++/11/ostream:750:5:[m[K [01;31m[Kerror: [m[Kno type named ‘[01m[Ktype[m[K’ in ‘[01m[Kstruct std::enable_if<false, void>[m[K’
[5.818s] In file included from [01m[K/opt/ros/humble/include/rclcpp/rclcpp/executors/multi_threaded_executor.hpp:22[m[K,
[5.818s]                  from [01m[K/opt/ros/humble/include/rclcpp/rclcpp/executors.hpp:21[m[K,
[5.818s]                  from [01m[K/opt/ros/humble/include/rclcpp/rclcpp/rclcpp.hpp:155[m[K,
[5.818s]                  from [01m[K/home/maria/ros2_coche/src/c4_gps/src/gps_reader.cpp:20[m[K:
[5.819s] [01m[K/usr/include/c++/11/thread:92:5:[m[K [01;36m[Knote: [m[Kcandidate: ‘[01m[Ktemplate<class _CharT, class _Traits> std::basic_ostream<_Ch, _Tr>& std::operator<<(std::basic_ostream<_Ch, _Tr>&, std::thread::id)[m[K’
[5.819s]    92 |     [01;36m[Koperator[m[K<<(basic_ostream<_CharT, _Traits>& __out, thread::id __id)
[5.819s]       |     [01;36m[K^~~~~~~~[m[K
[5.819s] [01m[K/usr/include/c++/11/thread:92:5:[m[K [01;36m[Knote: [m[K  template argument deduction/substitution failed:
[5.819s] [01m[K/home/maria/ros2_coche/src/c4_gps/src/gps_reader.cpp:86:29:[m[K [01;36m[Knote: [m[K  ‘[01m[Kstd::string[m[K’ {aka ‘[01m[Kstd::__cxx11::basic_string<char>[m[K’} is not derived from ‘[01m[Kstd::basic_ostream<_Ch, _Tr>[m[K’
[5.819s]    86 |           message_struct << [01;36m[K"Timestamp: "[m[K << message.header.stamp.sec << ", Latitude: " << message.lat;
[5.819s]       |                             [01;36m[K^~~~~~~~~~~~~[m[K
[5.819s] In file included from [01m[K/opt/ros/humble/include/rosidl_runtime_cpp/rosidl_runtime_cpp/traits.hpp:19[m[K,
[5.819s]                  from [01m[K/opt/ros/humble/include/builtin_interfaces/builtin_interfaces/msg/detail/duration__traits.hpp:15[m[K,
[5.819s]                  from [01m[K/opt/ros/humble/include/builtin_interfaces/builtin_interfaces/msg/duration.hpp:9[m[K,
[5.819s]                  from [01m[K/opt/ros/humble/include/rclcpp/rclcpp/duration.hpp:20[m[K,
[5.820s]                  from [01m[K/opt/ros/humble/include/rclcpp/rclcpp/qos.hpp:20[m[K,
[5.820s]                  from [01m[K/opt/ros/humble/include/rclcpp/rclcpp/node_interfaces/node_graph_interface.hpp:32[m[K,
[5.820s]                  from [01m[K/opt/ros/humble/include/rclcpp/rclcpp/client.hpp:42[m[K,
[5.820s]                  from [01m[K/opt/ros/humble/include/rclcpp/rclcpp/callback_group.hpp:24[m[K,
[5.820s]                  from [01m[K/opt/ros/humble/include/rclcpp/rclcpp/any_executable.hpp:20[m[K,
[5.820s]                  from [01m[K/opt/ros/humble/include/rclcpp/rclcpp/memory_strategy.hpp:25[m[K,
[5.820s]                  from [01m[K/opt/ros/humble/include/rclcpp/rclcpp/memory_strategies.hpp:18[m[K,
[5.820s]                  from [01m[K/opt/ros/humble/include/rclcpp/rclcpp/executor_options.hpp:20[m[K,
[5.821s]                  from [01m[K/opt/ros/humble/include/rclcpp/rclcpp/executor.hpp:37[m[K,
[5.821s]                  from [01m[K/opt/ros/humble/include/rclcpp/rclcpp/executors/multi_threaded_executor.hpp:25[m[K,
[5.821s]                  from [01m[K/opt/ros/humble/include/rclcpp/rclcpp/executors.hpp:21[m[K,
[5.821s]                  from [01m[K/opt/ros/humble/include/rclcpp/rclcpp/rclcpp.hpp:155[m[K,
[5.821s]                  from [01m[K/home/maria/ros2_coche/src/c4_gps/src/gps_reader.cpp:20[m[K:
[5.821s] [01m[K/usr/include/c++/11/iomanip:79:5:[m[K [01;36m[Knote: [m[Kcandidate: ‘[01m[Ktemplate<class _CharT, class _Traits> std::basic_ostream<_Ch, _Tr>& std::operator<<(std::basic_ostream<_Ch, _Tr>&, std::_Resetiosflags)[m[K’
[5.821s]    79 |     [01;36m[Koperator[m[K<<(basic_ostream<_CharT, _Traits>& __os, _Resetiosflags __f)
[5.821s]       |     [01;36m[K^~~~~~~~[m[K
[5.821s] [01m[K/usr/include/c++/11/iomanip:79:5:[m[K [01;36m[Knote: [m[K  template argument deduction/substitution failed:
[5.821s] [01m[K/home/maria/ros2_coche/src/c4_gps/src/gps_reader.cpp:86:29:[m[K [01;36m[Knote: [m[K  ‘[01m[Kstd::string[m[K’ {aka ‘[01m[Kstd::__cxx11::basic_string<char>[m[K’} is not derived from ‘[01m[Kstd::basic_ostream<_Ch, _Tr>[m[K’
[5.822s]    86 |           message_struct << [01;36m[K"Timestamp: "[m[K << message.header.stamp.sec << ", Latitude: " << message.lat;
[5.822s]       |                             [01;36m[K^~~~~~~~~~~~~[m[K
[5.822s] In file included from [01m[K/opt/ros/humble/include/rosidl_runtime_cpp/rosidl_runtime_cpp/traits.hpp:19[m[K,
[5.822s]                  from [01m[K/opt/ros/humble/include/builtin_interfaces/builtin_interfaces/msg/detail/duration__traits.hpp:15[m[K,
[5.822s]                  from [01m[K/opt/ros/humble/include/builtin_interfaces/builtin_interfaces/msg/duration.hpp:9[m[K,
[5.822s]                  from [01m[K/opt/ros/humble/include/rclcpp/rclcpp/duration.hpp:20[m[K,
[5.822s]                  from [01m[K/opt/ros/humble/include/rclcpp/rclcpp/qos.hpp:20[m[K,
[5.822s]                  from [01m[K/opt/ros/humble/include/rclcpp/rclcpp/node_interfaces/node_graph_interface.hpp:32[m[K,
[5.822s]                  from [01m[K/opt/ros/humble/include/rclcpp/rclcpp/client.hpp:42[m[K,
[5.822s]                  from [01m[K/opt/ros/humble/include/rclcpp/rclcpp/callback_group.hpp:24[m[K,
[5.823s]                  from [01m[K/opt/ros/humble/include/rclcpp/rclcpp/any_executable.hpp:20[m[K,
[5.823s]                  from [01m[K/opt/ros/humble/include/rclcpp/rclcpp/memory_strategy.hpp:25[m[K,
[5.823s]                  from [01m[K/opt/ros/humble/include/rclcpp/rclcpp/memory_strategies.hpp:18[m[K,
[5.823s]                  from [01m[K/opt/ros/humble/include/rclcpp/rclcpp/executor_options.hpp:20[m[K,
[5.823s]                  from [01m[K/opt/ros/humble/include/rclcpp/rclcpp/executor.hpp:37[m[K,
[5.823s]                  from [01m[K/opt/ros/humble/include/rclcpp/rclcpp/executors/multi_threaded_executor.hpp:25[m[K,
[5.823s]                  from [01m[K/opt/ros/humble/include/rclcpp/rclcpp/executors.hpp:21[m[K,
[5.823s]                  from [01m[K/opt/ros/humble/include/rclcpp/rclcpp/rclcpp.hpp:155[m[K,
[5.823s]                  from [01m[K/home/maria/ros2_coche/src/c4_gps/src/gps_reader.cpp:20[m[K:
[5.823s] [01m[K/usr/include/c++/11/iomanip:109:5:[m[K [01;36m[Knote: [m[Kcandidate: ‘[01m[Ktemplate<class _CharT, class _Traits> std::basic_ostream<_Ch, _Tr>& std::operator<<(std::basic_ostream<_Ch, _Tr>&, std::_Setiosflags)[m[K’
[5.824s]   109 |     [01;36m[Koperator[m[K<<(basic_ostream<_CharT, _Traits>& __os, _Setiosflags __f)
[5.824s]       |     [01;36m[K^~~~~~~~[m[K
[5.824s] [01m[K/usr/include/c++/11/iomanip:109:5:[m[K [01;36m[Knote: [m[K  template argument deduction/substitution failed:
[5.824s] [01m[K/home/maria/ros2_coche/src/c4_gps/src/gps_reader.cpp:86:29:[m[K [01;36m[Knote: [m[K  ‘[01m[Kstd::string[m[K’ {aka ‘[01m[Kstd::__cxx11::basic_string<char>[m[K’} is not derived from ‘[01m[Kstd::basic_ostream<_Ch, _Tr>[m[K’
[5.824s]    86 |           message_struct << [01;36m[K"Timestamp: "[m[K << message.header.stamp.sec << ", Latitude: " << message.lat;
[5.824s]       |                             [01;36m[K^~~~~~~~~~~~~[m[K
[5.824s] In file included from [01m[K/opt/ros/humble/include/rosidl_runtime_cpp/rosidl_runtime_cpp/traits.hpp:19[m[K,
[5.824s]                  from [01m[K/opt/ros/humble/include/builtin_interfaces/builtin_interfaces/msg/detail/duration__traits.hpp:15[m[K,
[5.824s]                  from [01m[K/opt/ros/humble/include/builtin_interfaces/builtin_interfaces/msg/duration.hpp:9[m[K,
[5.824s]                  from [01m[K/opt/ros/humble/include/rclcpp/rclcpp/duration.hpp:20[m[K,
[5.825s]                  from [01m[K/opt/ros/humble/include/rclcpp/rclcpp/qos.hpp:20[m[K,
[5.825s]                  from [01m[K/opt/ros/humble/include/rclcpp/rclcpp/node_interfaces/node_graph_interface.hpp:32[m[K,
[5.825s]                  from [01m[K/opt/ros/humble/include/rclcpp/rclcpp/client.hpp:42[m[K,
[5.825s]                  from [01m[K/opt/ros/humble/include/rclcpp/rclcpp/callback_group.hpp:24[m[K,
[5.825s]                  from [01m[K/opt/ros/humble/include/rclcpp/rclcpp/any_executable.hpp:20[m[K,
[5.825s]                  from [01m[K/opt/ros/humble/include/rclcpp/rclcpp/memory_strategy.hpp:25[m[K,
[5.825s]                  from [01m[K/opt/ros/humble/include/rclcpp/rclcpp/memory_strategies.hpp:18[m[K,
[5.825s]                  from [01m[K/opt/ros/humble/include/rclcpp/rclcpp/executor_options.hpp:20[m[K,
[5.825s]                  from [01m[K/opt/ros/humble/include/rclcpp/rclcpp/executor.hpp:37[m[K,
[5.825s]                  from [01m[K/opt/ros/humble/include/rclcpp/rclcpp/executors/multi_threaded_executor.hpp:25[m[K,
[5.826s]                  from [01m[K/opt/ros/humble/include/rclcpp/rclcpp/executors.hpp:21[m[K,
[5.826s]                  from [01m[K/opt/ros/humble/include/rclcpp/rclcpp/rclcpp.hpp:155[m[K,
[5.826s]                  from [01m[K/home/maria/ros2_coche/src/c4_gps/src/gps_reader.cpp:20[m[K:
[5.826s] [01m[K/usr/include/c++/11/iomanip:143:5:[m[K [01;36m[Knote: [m[Kcandidate: ‘[01m[Ktemplate<class _CharT, class _Traits> std::basic_ostream<_Ch, _Tr>& std::operator<<(std::basic_ostream<_Ch, _Tr>&, std::_Setbase)[m[K’
[5.826s]   143 |     [01;36m[Koperator[m[K<<(basic_ostream<_CharT, _Traits>& __os, _Setbase __f)
[5.826s]       |     [01;36m[K^~~~~~~~[m[K
[5.826s] [01m[K/usr/include/c++/11/iomanip:143:5:[m[K [01;36m[Knote: [m[K  template argument deduction/substitution failed:
[5.826s] [01m[K/home/maria/ros2_coche/src/c4_gps/src/gps_reader.cpp:86:29:[m[K [01;36m[Knote: [m[K  ‘[01m[Kstd::string[m[K’ {aka ‘[01m[Kstd::__cxx11::basic_string<char>[m[K’} is not derived from ‘[01m[Kstd::basic_ostream<_Ch, _Tr>[m[K’
[5.826s]    86 |           message_struct << [01;36m[K"Timestamp: "[m[K << message.header.stamp.sec << ", Latitude: " << message.lat;
[5.826s]       |                             [01;36m[K^~~~~~~~~~~~~[m[K
[5.827s] In file included from [01m[K/opt/ros/humble/include/rosidl_runtime_cpp/rosidl_runtime_cpp/traits.hpp:19[m[K,
[5.827s]                  from [01m[K/opt/ros/humble/include/builtin_interfaces/builtin_interfaces/msg/detail/duration__traits.hpp:15[m[K,
[5.827s]                  from [01m[K/opt/ros/humble/include/builtin_interfaces/builtin_interfaces/msg/duration.hpp:9[m[K,
[5.827s]                  from [01m[K/opt/ros/humble/include/rclcpp/rclcpp/duration.hpp:20[m[K,
[5.827s]                  from [01m[K/opt/ros/humble/include/rclcpp/rclcpp/qos.hpp:20[m[K,
[5.827s]                  from [01m[K/opt/ros/humble/include/rclcpp/rclcpp/node_interfaces/node_graph_interface.hpp:32[m[K,
[5.827s]                  from [01m[K/opt/ros/humble/include/rclcpp/rclcpp/client.hpp:42[m[K,
[5.827s]                  from [01m[K/opt/ros/humble/include/rclcpp/rclcpp/callback_group.hpp:24[m[K,
[5.827s]                  from [01m[K/opt/ros/humble/include/rclcpp/rclcpp/any_executable.hpp:20[m[K,
[5.827s]                  from [01m[K/opt/ros/humble/include/rclcpp/rclcpp/memory_strategy.hpp:25[m[K,
[5.828s]                  from [01m[K/opt/ros/humble/include/rclcpp/rclcpp/memory_strategies.hpp:18[m[K,
[5.828s]                  from [01m[K/opt/ros/humble/include/rclcpp/rclcpp/executor_options.hpp:20[m[K,
[5.828s]                  from [01m[K/opt/ros/humble/include/rclcpp/rclcpp/executor.hpp:37[m[K,
[5.828s]                  from [01m[K/opt/ros/humble/include/rclcpp/rclcpp/executors/multi_threaded_executor.hpp:25[m[K,
[5.828s]                  from [01m[K/opt/ros/humble/include/rclcpp/rclcpp/executors.hpp:21[m[K,
[5.828s]                  from [01m[K/opt/ros/humble/include/rclcpp/rclcpp/rclcpp.hpp:155[m[K,
[5.828s]                  from [01m[K/home/maria/ros2_coche/src/c4_gps/src/gps_reader.cpp:20[m[K:
[5.828s] [01m[K/usr/include/c++/11/iomanip:178:5:[m[K [01;36m[Knote: [m[Kcandidate: ‘[01m[Ktemplate<class _CharT, class _Traits> std::basic_ostream<_Ch, _Tr>& std::operator<<(std::basic_ostream<_Ch, _Tr>&, std::_Setfill<_CharT>)[m[K’
[5.828s]   178 |     [01;36m[Koperator[m[K<<(basic_ostream<_CharT, _Traits>& __os, _Setfill<_CharT> __f)
[5.828s]       |     [01;36m[K^~~~~~~~[m[K
[5.829s] [01m[K/usr/include/c++/11/iomanip:178:5:[m[K [01;36m[Knote: [m[K  template argument deduction/substitution failed:
[5.829s] [01m[K/home/maria/ros2_coche/src/c4_gps/src/gps_reader.cpp:86:29:[m[K [01;36m[Knote: [m[K  ‘[01m[Kstd::string[m[K’ {aka ‘[01m[Kstd::__cxx11::basic_string<char>[m[K’} is not derived from ‘[01m[Kstd::basic_ostream<_Ch, _Tr>[m[K’
[5.829s]    86 |           message_struct << [01;36m[K"Timestamp: "[m[K << message.header.stamp.sec << ", Latitude: " << message.lat;
[5.829s]       |                             [01;36m[K^~~~~~~~~~~~~[m[K
[5.829s] In file included from [01m[K/opt/ros/humble/include/rosidl_runtime_cpp/rosidl_runtime_cpp/traits.hpp:19[m[K,
[5.829s]                  from [01m[K/opt/ros/humble/include/builtin_interfaces/builtin_interfaces/msg/detail/duration__traits.hpp:15[m[K,
[5.829s]                  from [01m[K/opt/ros/humble/include/builtin_interfaces/builtin_interfaces/msg/duration.hpp:9[m[K,
[5.829s]                  from [01m[K/opt/ros/humble/include/rclcpp/rclcpp/duration.hpp:20[m[K,
[5.829s]                  from [01m[K/opt/ros/humble/include/rclcpp/rclcpp/qos.hpp:20[m[K,
[5.829s]                  from [01m[K/opt/ros/humble/include/rclcpp/rclcpp/node_interfaces/node_graph_interface.hpp:32[m[K,
[5.830s]                  from [01m[K/opt/ros/humble/include/rclcpp/rclcpp/client.hpp:42[m[K,
[5.830s]                  from [01m[K/opt/ros/humble/include/rclcpp/rclcpp/callback_group.hpp:24[m[K,
[5.830s]                  from [01m[K/opt/ros/humble/include/rclcpp/rclcpp/any_executable.hpp:20[m[K,
[5.830s]                  from [01m[K/opt/ros/humble/include/rclcpp/rclcpp/memory_strategy.hpp:25[m[K,
[5.830s]                  from [01m[K/opt/ros/humble/include/rclcpp/rclcpp/memory_strategies.hpp:18[m[K,
[5.830s]                  from [01m[K/opt/ros/humble/include/rclcpp/rclcpp/executor_options.hpp:20[m[K,
[5.830s]                  from [01m[K/opt/ros/humble/include/rclcpp/rclcpp/executor.hpp:37[m[K,
[5.830s]                  from [01m[K/opt/ros/humble/include/rclcpp/rclcpp/executors/multi_threaded_executor.hpp:25[m[K,
[5.830s]                  from [01m[K/opt/ros/humble/include/rclcpp/rclcpp/executors.hpp:21[m[K,
[5.830s]                  from [01m[K/opt/ros/humble/include/rclcpp/rclcpp/rclcpp.hpp:155[m[K,
[5.831s]                  from [01m[K/home/maria/ros2_coche/src/c4_gps/src/gps_reader.cpp:20[m[K:
[5.831s] [01m[K/usr/include/c++/11/iomanip:208:5:[m[K [01;36m[Knote: [m[Kcandidate: ‘[01m[Ktemplate<class _CharT, class _Traits> std::basic_ostream<_Ch, _Tr>& std::operator<<(std::basic_ostream<_Ch, _Tr>&, std::_Setprecision)[m[K’
[5.831s]   208 |     [01;36m[Koperator[m[K<<(basic_ostream<_CharT, _Traits>& __os, _Setprecision __f)
[5.831s]       |     [01;36m[K^~~~~~~~[m[K
[5.831s] [01m[K/usr/include/c++/11/iomanip:208:5:[m[K [01;36m[Knote: [m[K  template argument deduction/substitution failed:
[5.831s] [01m[K/home/maria/ros2_coche/src/c4_gps/src/gps_reader.cpp:86:29:[m[K [01;36m[Knote: [m[K  ‘[01m[Kstd::string[m[K’ {aka ‘[01m[Kstd::__cxx11::basic_string<char>[m[K’} is not derived from ‘[01m[Kstd::basic_ostream<_Ch, _Tr>[m[K’
[5.831s]    86 |           message_struct << [01;36m[K"Timestamp: "[m[K << message.header.stamp.sec << ", Latitude: " << message.lat;
[5.831s]       |                             [01;36m[K^~~~~~~~~~~~~[m[K
[5.831s] In file included from [01m[K/opt/ros/humble/include/rosidl_runtime_cpp/rosidl_runtime_cpp/traits.hpp:19[m[K,
[5.831s]                  from [01m[K/opt/ros/humble/include/builtin_interfaces/builtin_interfaces/msg/detail/duration__traits.hpp:15[m[K,
[5.832s]                  from [01m[K/opt/ros/humble/include/builtin_interfaces/builtin_interfaces/msg/duration.hpp:9[m[K,
[5.832s]                  from [01m[K/opt/ros/humble/include/rclcpp/rclcpp/duration.hpp:20[m[K,
[5.832s]                  from [01m[K/opt/ros/humble/include/rclcpp/rclcpp/qos.hpp:20[m[K,
[5.832s]                  from [01m[K/opt/ros/humble/include/rclcpp/rclcpp/node_interfaces/node_graph_interface.hpp:32[m[K,
[5.832s]                  from [01m[K/opt/ros/humble/include/rclcpp/rclcpp/client.hpp:42[m[K,
[5.832s]                  from [01m[K/opt/ros/humble/include/rclcpp/rclcpp/callback_group.hpp:24[m[K,
[5.832s]                  from [01m[K/opt/ros/humble/include/rclcpp/rclcpp/any_executable.hpp:20[m[K,
[5.832s]                  from [01m[K/opt/ros/humble/include/rclcpp/rclcpp/memory_strategy.hpp:25[m[K,
[5.832s]                  from [01m[K/opt/ros/humble/include/rclcpp/rclcpp/memory_strategies.hpp:18[m[K,
[5.832s]                  from [01m[K/opt/ros/humble/include/rclcpp/rclcpp/executor_options.hpp:20[m[K,
[5.833s]                  from [01m[K/opt/ros/humble/include/rclcpp/rclcpp/executor.hpp:37[m[K,
[5.833s]                  from [01m[K/opt/ros/humble/include/rclcpp/rclcpp/executors/multi_threaded_executor.hpp:25[m[K,
[5.833s]                  from [01m[K/opt/ros/humble/include/rclcpp/rclcpp/executors.hpp:21[m[K,
[5.833s]                  from [01m[K/opt/ros/humble/include/rclcpp/rclcpp/rclcpp.hpp:155[m[K,
[5.833s]                  from [01m[K/home/maria/ros2_coche/src/c4_gps/src/gps_reader.cpp:20[m[K:
[5.833s] [01m[K/usr/include/c++/11/iomanip:238:5:[m[K [01;36m[Knote: [m[Kcandidate: ‘[01m[Ktemplate<class _CharT, class _Traits> std::basic_ostream<_Ch, _Tr>& std::operator<<(std::basic_ostream<_Ch, _Tr>&, std::_Setw)[m[K’
[5.833s]   238 |     [01;36m[Koperator[m[K<<(basic_ostream<_CharT, _Traits>& __os, _Setw __f)
[5.833s]       |     [01;36m[K^~~~~~~~[m[K
[5.833s] [01m[K/usr/include/c++/11/iomanip:238:5:[m[K [01;36m[Knote: [m[K  template argument deduction/substitution failed:
[5.833s] [01m[K/home/maria/ros2_coche/src/c4_gps/src/gps_reader.cpp:86:29:[m[K [01;36m[Knote: [m[K  ‘[01m[Kstd::string[m[K’ {aka ‘[01m[Kstd::__cxx11::basic_string<char>[m[K’} is not derived from ‘[01m[Kstd::basic_ostream<_Ch, _Tr>[m[K’
[5.834s]    86 |           message_struct << [01;36m[K"Timestamp: "[m[K << message.header.stamp.sec << ", Latitude: " << message.lat;
[5.834s]       |                             [01;36m[K^~~~~~~~~~~~~[m[K
[5.834s] In file included from [01m[K/opt/ros/humble/include/rosidl_runtime_cpp/rosidl_runtime_cpp/traits.hpp:19[m[K,
[5.834s]                  from [01m[K/opt/ros/humble/include/builtin_interfaces/builtin_interfaces/msg/detail/duration__traits.hpp:15[m[K,
[5.834s]                  from [01m[K/opt/ros/humble/include/builtin_interfaces/builtin_interfaces/msg/duration.hpp:9[m[K,
[5.834s]                  from [01m[K/opt/ros/humble/include/rclcpp/rclcpp/duration.hpp:20[m[K,
[5.834s]                  from [01m[K/opt/ros/humble/include/rclcpp/rclcpp/qos.hpp:20[m[K,
[5.834s]                  from [01m[K/opt/ros/humble/include/rclcpp/rclcpp/node_interfaces/node_graph_interface.hpp:32[m[K,
[5.835s]                  from [01m[K/opt/ros/humble/include/rclcpp/rclcpp/client.hpp:42[m[K,
[5.835s]                  from [01m[K/opt/ros/humble/include/rclcpp/rclcpp/callback_group.hpp:24[m[K,
[5.835s]                  from [01m[K/opt/ros/humble/include/rclcpp/rclcpp/any_executable.hpp:20[m[K,
[5.835s]                  from [01m[K/opt/ros/humble/include/rclcpp/rclcpp/memory_strategy.hpp:25[m[K,
[5.835s]                  from [01m[K/opt/ros/humble/include/rclcpp/rclcpp/memory_strategies.hpp:18[m[K,
[5.835s]                  from [01m[K/opt/ros/humble/include/rclcpp/rclcpp/executor_options.hpp:20[m[K,
[5.835s]                  from [01m[K/opt/ros/humble/include/rclcpp/rclcpp/executor.hpp:37[m[K,
[5.835s]                  from [01m[K/opt/ros/humble/include/rclcpp/rclcpp/executors/multi_threaded_executor.hpp:25[m[K,
[5.835s]                  from [01m[K/opt/ros/humble/include/rclcpp/rclcpp/executors.hpp:21[m[K,
[5.835s]                  from [01m[K/opt/ros/humble/include/rclcpp/rclcpp/rclcpp.hpp:155[m[K,
[5.836s]                  from [01m[K/home/maria/ros2_coche/src/c4_gps/src/gps_reader.cpp:20[m[K:
[5.836s] [01m[K/usr/include/c++/11/iomanip:311:5:[m[K [01;36m[Knote: [m[Kcandidate: ‘[01m[Ktemplate<class _CharT, class _Traits, class _MoneyT> std::basic_ostream<_Ch, _Tr>& std::operator<<(std::basic_ostream<_Ch, _Tr>&, std::_Put_money<_MoneyT>)[m[K’
[5.836s]   311 |     [01;36m[Koperator[m[K<<(basic_ostream<_CharT, _Traits>& __os, _Put_money<_MoneyT> __f)
[5.836s]       |     [01;36m[K^~~~~~~~[m[K
[5.836s] [01m[K/usr/include/c++/11/iomanip:311:5:[m[K [01;36m[Knote: [m[K  template argument deduction/substitution failed:
[5.836s] [01m[K/home/maria/ros2_coche/src/c4_gps/src/gps_reader.cpp:86:29:[m[K [01;36m[Knote: [m[K  ‘[01m[Kstd::string[m[K’ {aka ‘[01m[Kstd::__cxx11::basic_string<char>[m[K’} is not derived from ‘[01m[Kstd::basic_ostream<_Ch, _Tr>[m[K’
[5.836s]    86 |           message_struct << [01;36m[K"Timestamp: "[m[K << message.header.stamp.sec << ", Latitude: " << message.lat;
[5.837s]       |                             [01;36m[K^~~~~~~~~~~~~[m[K
[5.837s] In file included from [01m[K/opt/ros/humble/include/rosidl_runtime_cpp/rosidl_runtime_cpp/traits.hpp:19[m[K,
[5.837s]                  from [01m[K/opt/ros/humble/include/builtin_interfaces/builtin_interfaces/msg/detail/duration__traits.hpp:15[m[K,
[5.837s]                  from [01m[K/opt/ros/humble/include/builtin_interfaces/builtin_interfaces/msg/duration.hpp:9[m[K,
[5.837s]                  from [01m[K/opt/ros/humble/include/rclcpp/rclcpp/duration.hpp:20[m[K,
[5.837s]                  from [01m[K/opt/ros/humble/include/rclcpp/rclcpp/qos.hpp:20[m[K,
[5.837s]                  from [01m[K/opt/ros/humble/include/rclcpp/rclcpp/node_interfaces/node_graph_interface.hpp:32[m[K,
[5.837s]                  from [01m[K/opt/ros/humble/include/rclcpp/rclcpp/client.hpp:42[m[K,
[5.837s]                  from [01m[K/opt/ros/humble/include/rclcpp/rclcpp/callback_group.hpp:24[m[K,
[5.837s]                  from [01m[K/opt/ros/humble/include/rclcpp/rclcpp/any_executable.hpp:20[m[K,
[5.838s]                  from [01m[K/opt/ros/humble/include/rclcpp/rclcpp/memory_strategy.hpp:25[m[K,
[5.838s]                  from [01m[K/opt/ros/humble/include/rclcpp/rclcpp/memory_strategies.hpp:18[m[K,
[5.838s]                  from [01m[K/opt/ros/humble/include/rclcpp/rclcpp/executor_options.hpp:20[m[K,
[5.838s]                  from [01m[K/opt/ros/humble/include/rclcpp/rclcpp/executor.hpp:37[m[K,
[5.838s]                  from [01m[K/opt/ros/humble/include/rclcpp/rclcpp/executors/multi_threaded_executor.hpp:25[m[K,
[5.838s]                  from [01m[K/opt/ros/humble/include/rclcpp/rclcpp/executors.hpp:21[m[K,
[5.838s]                  from [01m[K/opt/ros/humble/include/rclcpp/rclcpp/rclcpp.hpp:155[m[K,
[5.838s]                  from [01m[K/home/maria/ros2_coche/src/c4_gps/src/gps_reader.cpp:20[m[K:
[5.838s] [01m[K/usr/include/c++/11/iomanip:363:5:[m[K [01;36m[Knote: [m[Kcandidate: ‘[01m[Ktemplate<class _CharT, class _Traits> std::basic_ostream<_Ch, _Tr>& std::operator<<(std::basic_ostream<_Ch, _Tr>&, std::_Put_time<_CharT>)[m[K’
[5.839s]   363 |     [01;36m[Koperator[m[K<<(basic_ostream<_CharT, _Traits>& __os, _Put_time<_CharT> __f)
[5.839s]       |     [01;36m[K^~~~~~~~[m[K
[5.839s] [01m[K/usr/include/c++/11/iomanip:363:5:[m[K [01;36m[Knote: [m[K  template argument deduction/substitution failed:
[5.839s] [01m[K/home/maria/ros2_coche/src/c4_gps/src/gps_reader.cpp:86:29:[m[K [01;36m[Knote: [m[K  ‘[01m[Kstd::string[m[K’ {aka ‘[01m[Kstd::__cxx11::basic_string<char>[m[K’} is not derived from ‘[01m[Kstd::basic_ostream<_Ch, _Tr>[m[K’
[5.839s]    86 |           message_struct << [01;36m[K"Timestamp: "[m[K << message.header.stamp.sec << ", Latitude: " << message.lat;
[5.839s]       |                             [01;36m[K^~~~~~~~~~~~~[m[K
[5.839s] [01m[K/home/maria/ros2_coche/src/c4_gps/src/gps_reader.cpp:89:22:[m[K [01;35m[Kwarning: [m[Kformat ‘[01m[K%s[m[K’ expects argument of type ‘[01m[Kchar*[m[K’, but argument 2 has type ‘[01m[Kstd::string[m[K’ {aka ‘[01m[Kstd::__cxx11::basic_string<char>[m[K’} [[01;35m[K]8;;https://gcc.gnu.org/onlinedocs/gcc/Warning-Options.html#index-Wformat=-Wformat=]8;;[m[K]
[5.840s]    89 |             printf("[01;35m[K%s[m[K\n", message_struct);
[5.840s]       |                     [01;35m[K~^[m[K
[5.840s]       |                      [01;35m[K|[m[K
[5.840s]       |                      [01;35m[Kchar*[m[K
[6.976s] gmake[2]: *** [CMakeFiles/t_gps.dir/build.make:76: CMakeFiles/t_gps.dir/src/gps_reader.cpp.o] Error 1
[6.977s] gmake[1]: *** [CMakeFiles/Makefile2:137: CMakeFiles/t_gps.dir/all] Error 2
[6.977s] gmake: *** [Makefile:146: all] Error 2
[6.980s] Invoked command in '/home/maria/ros2_coche/build/c4_gps' returned '2': AMENT_PREFIX_PATH=/home/maria/ros2_coche/install/nmea_msgs:${AMENT_PREFIX_PATH} CMAKE_PREFIX_PATH=/opt/ros/humble:/home/maria/ros2_coche/install/nmea_msgs LD_LIBRARY_PATH=/home/maria/ros2_coche/install/nmea_msgs/lib:${LD_LIBRARY_PATH} PYTHONPATH=/home/maria/ros2_coche/install/nmea_msgs/local/lib/python3.10/dist-packages:${PYTHONPATH} /usr/bin/cmake --build /home/maria/ros2_coche/build/c4_gps -- -j12 -l12
