[0.033s] Invoking command in '/home/maria/ros2_coche/build/nmea_msgs': CMAKE_PREFIX_PATH=/opt/ros/humble /usr/bin/cmake --build /home/maria/ros2_coche/build/nmea_msgs -- -j12 -l12
[0.126s] [35m[1mConsolidate compiler generated dependencies of target nmea_msgs__rosidl_generator_c[0m
[0.157s] [  1%] Built target nmea_msgs__cpp
[0.172s] [  2%] [32mBuilding C object CMakeFiles/nmea_msgs__rosidl_generator_c.dir/rosidl_generator_c/nmea_msgs/msg/detail/gpgga__functions.c.o[0m
[0.179s] [  3%] [32mBuilding C object CMakeFiles/nmea_msgs__rosidl_generator_c.dir/rosidl_generator_c/nmea_msgs/msg/detail/gpgsa__functions.c.o[0m
[0.181s] [  5%] [32mBuilding C object CMakeFiles/nmea_msgs__rosidl_generator_c.dir/rosidl_generator_c/nmea_msgs/msg/detail/gpgsv__functions.c.o[0m
[0.182s] [  6%] [32mBuilding C object CMakeFiles/nmea_msgs__rosidl_generator_c.dir/rosidl_generator_c/nmea_msgs/msg/detail/sentence__functions.c.o[0m
[0.184s] [  8%] [32mBuilding C object CMakeFiles/nmea_msgs__rosidl_generator_c.dir/rosidl_generator_c/nmea_msgs/msg/detail/gprmc__functions.c.o[0m
[0.186s] [  8%] Built target ament_cmake_python_copy_nmea_msgs
[0.186s] [  8%] [32mBuilding C object CMakeFiles/nmea_msgs__rosidl_generator_c.dir/rosidl_generator_c/nmea_msgs/msg/detail/gpgst__functions.c.o[0m
[0.215s] [35m[1mConsolidate compiler generated dependencies of target nmea_msgs__rosidl_typesupport_cpp[0m
[0.216s] [35m[1mConsolidate compiler generated dependencies of target nmea_msgs__rosidl_typesupport_introspection_cpp[0m
[0.221s] [35m[1mConsolidate compiler generated dependencies of target nmea_msgs__rosidl_typesupport_fastrtps_cpp[0m
[0.273s] In file included from [01m[K/home/maria/ros2_coche/build/nmea_msgs/rosidl_generator_c/nmea_msgs/msg/detail/gpgsv__functions.h:19[m[K,
[0.274s]                  from [01m[K/home/maria/ros2_coche/build/nmea_msgs/rosidl_generator_c/nmea_msgs/msg/detail/gpgsv__functions.c:4[m[K:
[0.275s] [01m[K/home/maria/ros2_coche/build/nmea_msgs/rosidl_generator_c/nmea_msgs/msg/detail/gpgsv__struct.h:22:10:[m[K [01;31m[Kfatal error: [m[Knmea_msgs/msg/detail/header__struct.h: No such file or directory
[0.275s]    22 | #include [01;31m[K"nmea_msgs/msg/detail/header__struct.h"[m[K
[0.276s]       |          [01;31m[K^~~~~~~~~~~~~~~~~~~~~~~~~~~~~~~~~~~~~~~[m[K
[0.276s] compilation terminated.
[0.277s] gmake[2]: *** [CMakeFiles/nmea_msgs__rosidl_generator_c.dir/build.make:261: CMakeFiles/nmea_msgs__rosidl_generator_c.dir/rosidl_generator_c/nmea_msgs/msg/detail/gpgsv__functions.c.o] Error 1
[0.278s] gmake[2]: *** Waiting for unfinished jobs....
[0.279s] In file included from [01m[K/home/maria/ros2_coche/build/nmea_msgs/rosidl_generator_c/nmea_msgs/msg/detail/gpgga__functions.h:19[m[K,
[0.280s]                  from [01m[K/home/maria/ros2_coche/build/nmea_msgs/rosidl_generator_c/nmea_msgs/msg/detail/gpgga__functions.c:4[m[K:
[0.281s] [01m[K/home/maria/ros2_coche/build/nmea_msgs/rosidl_generator_c/nmea_msgs/msg/detail/gpgga__struct.h:22:10:[m[K [01;31m[Kfatal error: [m[Knmea_msgs/msg/detail/header__struct.h: No such file or directory
[0.281s]    22 | #include [01;31m[K"nmea_msgs/msg/detail/header__struct.h"[m[K
[0.282s]       |          [01;31m[K^~~~~~~~~~~~~~~~~~~~~~~~~~~~~~~~~~~~~~~[m[K
[0.282s] compilation terminated.
[0.283s] In file included from [01m[K/home/maria/ros2_coche/build/nmea_msgs/rosidl_generator_c/nmea_msgs/msg/detail/gpgsa__functions.h:19[m[K,
[0.287s]                  from [01m[K/home/maria/ros2_coche/build/nmea_msgs/rosidl_generator_c/nmea_msgs/msg/detail/gpgsa__functions.c:4[m[K:
[0.288s] [01m[K/home/maria/ros2_coche/build/nmea_msgs/rosidl_generator_c/nmea_msgs/msg/detail/gpgsa__struct.h:22:10:[m[K [01;31m[Kfatal error: [m[Knmea_msgs/msg/detail/header__struct.h: No such file or directory
[0.289s]    22 | #include [01;31m[K"nmea_msgs/msg/detail/header__struct.h"[m[K
[0.290s]       |          [01;31m[K^~~~~~~~~~~~~~~~~~~~~~~~~~~~~~~~~~~~~~~[m[K
[0.291s] compilation terminated.
[0.292s] [ 10%] [32mBuilding CXX object CMakeFiles/nmea_msgs__rosidl_typesupport_fastrtps_cpp.dir/rosidl_typesupport_fastrtps_cpp/nmea_msgs/msg/detail/dds_fastrtps/gpgga__type_support.cpp.o[0m
[0.292s] [ 11%] [32mBuilding CXX object CMakeFiles/nmea_msgs__rosidl_typesupport_cpp.dir/rosidl_typesupport_cpp/nmea_msgs/msg/gpgsa__type_support.cpp.o[0m
[0.293s] In file included from [01m[K/home/maria/ros2_coche/build/nmea_msgs/rosidl_generator_c/nmea_msgs/msg/detail/gpgst__functions.h:19[m[K,
[0.294s]                  from [01m[K/home/maria/ros2_coche/build/nmea_msgs/rosidl_generator_c/nmea_msgs/msg/detail/gpgst__functions.c:4[m[K:
[0.295s] [01m[K/home/maria/ros2_coche/build/nmea_msgs/rosidl_generator_c/nmea_msgs/msg/detail/gpgst__struct.h:22:10:[m[K [01;31m[Kfatal error: [m[Knmea_msgs/msg/detail/header__struct.h: No such file or directory
[0.295s]    22 | #include [01;31m[K"nmea_msgs/msg/detail/header__struct.h"[m[K
[0.296s]       |          [01;31m[K^~~~~~~~~~~~~~~~~~~~~~~~~~~~~~~~~~~~~~~[m[K
[0.297s] compilation terminated.
[0.297s] gmake[2]: *** [CMakeFiles/nmea_msgs__rosidl_generator_c.dir/build.make:247: CMakeFiles/nmea_msgs__rosidl_generator_c.dir/rosidl_generator_c/nmea_msgs/msg/detail/gpgsa__functions.c.o] Error 1
[0.299s] In file included from [01m[K/home/maria/ros2_coche/build/nmea_msgs/rosidl_generator_c/nmea_msgs/msg/detail/gprmc__functions.h:19[m[K,
[0.299s]                  from [01m[K/home/maria/ros2_coche/build/nmea_msgs/rosidl_generator_c/nmea_msgs/msg/detail/gprmc__functions.c:4[m[K:
[0.301s] [01m[K/home/maria/ros2_coche/build/nmea_msgs/rosidl_generator_c/nmea_msgs/msg/detail/gprmc__struct.h:22:10:[m[K [01;31m[Kfatal error: [m[Knmea_msgs/msg/detail/header__struct.h: No such file or directory
[0.302s]    22 | #include [01;31m[K"nmea_msgs/msg/detail/header__struct.h"[m[K
[0.302s]       |          [01;31m[K^~~~~~~~~~~~~~~~~~~~~~~~~~~~~~~~~~~~~~~[m[K
[0.303s] compilation terminated.
[0.303s] gmake[2]: *** [CMakeFiles/nmea_msgs__rosidl_generator_c.dir/build.make:303: CMakeFiles/nmea_msgs__rosidl_generator_c.dir/rosidl_generator_c/nmea_msgs/msg/detail/gpgst__functions.c.o] Error 1
[0.304s] gmake[2]: *** [CMakeFiles/nmea_msgs__rosidl_generator_c.dir/build.make:233: CMakeFiles/nmea_msgs__rosidl_generator_c.dir/rosidl_generator_c/nmea_msgs/msg/detail/gpgga__functions.c.o] Error 1
[0.305s] gmake[2]: *** [CMakeFiles/nmea_msgs__rosidl_generator_c.dir/build.make:289: CMakeFiles/nmea_msgs__rosidl_generator_c.dir/rosidl_generator_c/nmea_msgs/msg/detail/gprmc__functions.c.o] Error 1
[0.306s] In file included from [01m[K/home/maria/ros2_coche/build/nmea_msgs/rosidl_generator_c/nmea_msgs/msg/detail/sentence__functions.h:19[m[K,
[0.306s]                  from [01m[K/home/maria/ros2_coche/build/nmea_msgs/rosidl_generator_c/nmea_msgs/msg/detail/sentence__functions.c:4[m[K:
[0.307s] [01m[K/home/maria/ros2_coche/build/nmea_msgs/rosidl_generator_c/nmea_msgs/msg/detail/sentence__struct.h:22:10:[m[K [01;31m[Kfatal error: [m[Knmea_msgs/msg/detail/header__struct.h: No such file or directory
[0.308s]    22 | #include [01;31m[K"nmea_msgs/msg/detail/header__struct.h"[m[K
[0.309s]       |          [01;31m[K^~~~~~~~~~~~~~~~~~~~~~~~~~~~~~~~~~~~~~~[m[K
[0.309s] compilation terminated.
[0.310s] [ 12%] [32mBuilding CXX object CMakeFiles/nmea_msgs__rosidl_typesupport_cpp.dir/rosidl_typesupport_cpp/nmea_msgs/msg/gpgga__type_support.cpp.o[0m
[0.311s] [ 13%] [32mBuilding CXX object CMakeFiles/nmea_msgs__rosidl_typesupport_introspection_cpp.dir/rosidl_typesupport_introspection_cpp/nmea_msgs/msg/detail/gpgga__type_support.cpp.o[0m
[0.312s] gmake[2]: *** [CMakeFiles/nmea_msgs__rosidl_generator_c.dir/build.make:317: CMakeFiles/nmea_msgs__rosidl_generator_c.dir/rosidl_generator_c/nmea_msgs/msg/detail/sentence__functions.c.o] Error 1
[0.313s] gmake[1]: *** [CMakeFiles/Makefile2:213: CMakeFiles/nmea_msgs__rosidl_generator_c.dir/all] Error 2
[0.313s] gmake[1]: *** Waiting for unfinished jobs....
[0.317s] [ 15%] [32mBuilding CXX object CMakeFiles/nmea_msgs__rosidl_typesupport_fastrtps_cpp.dir/rosidl_typesupport_fastrtps_cpp/nmea_msgs/msg/detail/dds_fastrtps/gpgsa__type_support.cpp.o[0m
[0.318s] [ 16%] [32mBuilding CXX object CMakeFiles/nmea_msgs__rosidl_typesupport_fastrtps_cpp.dir/rosidl_typesupport_fastrtps_cpp/nmea_msgs/msg/detail/dds_fastrtps/gpgsv__type_support.cpp.o[0m
[0.334s] [ 17%] [32mBuilding CXX object CMakeFiles/nmea_msgs__rosidl_typesupport_introspection_cpp.dir/rosidl_typesupport_introspection_cpp/nmea_msgs/msg/detail/gpgsa__type_support.cpp.o[0m
[0.335s] [ 18%] [32mBuilding CXX object CMakeFiles/nmea_msgs__rosidl_typesupport_fastrtps_cpp.dir/rosidl_typesupport_fastrtps_cpp/nmea_msgs/msg/detail/dds_fastrtps/gprmc__type_support.cpp.o[0m
[0.340s] [ 20%] [32mBuilding CXX object CMakeFiles/nmea_msgs__rosidl_typesupport_introspection_cpp.dir/rosidl_typesupport_introspection_cpp/nmea_msgs/msg/detail/gpgsv__type_support.cpp.o[0m
[0.349s] [ 21%] [32mBuilding CXX object CMakeFiles/nmea_msgs__rosidl_typesupport_cpp.dir/rosidl_typesupport_cpp/nmea_msgs/msg/gpgsv__type_support.cpp.o[0m
[0.351s] [ 22%] [32mBuilding CXX object CMakeFiles/nmea_msgs__rosidl_typesupport_introspection_cpp.dir/rosidl_typesupport_introspection_cpp/nmea_msgs/msg/detail/gprmc__type_support.cpp.o[0m
[0.489s] In file included from [01m[K/home/maria/ros2_coche/build/nmea_msgs/rosidl_typesupport_cpp/nmea_msgs/msg/gpgga__type_support.cpp:7[m[K:
[0.490s] [01m[K/home/maria/ros2_coche/build/nmea_msgs/rosidl_generator_cpp/nmea_msgs/msg/detail/gpgga__struct.hpp:20:10:[m[K [01;31m[Kfatal error: [m[Knmea_msgs/msg/detail/header__struct.hpp: No such file or directory
[0.490s]    20 | #include [01;31m[K"nmea_msgs/msg/detail/header__struct.hpp"[m[K
[0.490s]       |          [01;31m[K^~~~~~~~~~~~~~~~~~~~~~~~~~~~~~~~~~~~~~~~~[m[K
[0.490s] compilation terminated.
[0.492s] gmake[2]: *** [CMakeFiles/nmea_msgs__rosidl_typesupport_cpp.dir/build.make:142: CMakeFiles/nmea_msgs__rosidl_typesupport_cpp.dir/rosidl_typesupport_cpp/nmea_msgs/msg/gpgga__type_support.cpp.o] Error 1
[0.492s] gmake[2]: *** Waiting for unfinished jobs....
[0.499s] In file included from [01m[K/home/maria/ros2_coche/build/nmea_msgs/rosidl_typesupport_fastrtps_cpp/nmea_msgs/msg/detail/gpgga__rosidl_typesupport_fastrtps_cpp.hpp:11[m[K,
[0.499s]                  from [01m[K/home/maria/ros2_coche/build/nmea_msgs/rosidl_typesupport_fastrtps_cpp/nmea_msgs/msg/detail/dds_fastrtps/gpgga__type_support.cpp:4[m[K:
[0.499s] [01m[K/home/maria/ros2_coche/build/nmea_msgs/rosidl_generator_cpp/nmea_msgs/msg/detail/gpgga__struct.hpp:20:10:[m[K [01;31m[Kfatal error: [m[Knmea_msgs/msg/detail/header__struct.hpp: No such file or directory
[0.499s]    20 | #include [01;31m[K"nmea_msgs/msg/detail/header__struct.hpp"[m[K
[0.500s]       |          [01;31m[K^~~~~~~~~~~~~~~~~~~~~~~~~~~~~~~~~~~~~~~~~[m[K
[0.500s] compilation terminated.
[0.503s] gmake[2]: *** [CMakeFiles/nmea_msgs__rosidl_typesupport_fastrtps_cpp.dir/build.make:165: CMakeFiles/nmea_msgs__rosidl_typesupport_fastrtps_cpp.dir/rosidl_typesupport_fastrtps_cpp/nmea_msgs/msg/detail/dds_fastrtps/gpgga__type_support.cpp.o] Error 1
[0.503s] gmake[2]: *** Waiting for unfinished jobs....
[0.525s] [ 24%] [32mBuilding CXX object CMakeFiles/nmea_msgs__rosidl_typesupport_fastrtps_cpp.dir/rosidl_typesupport_fastrtps_cpp/nmea_msgs/msg/detail/dds_fastrtps/gpgst__type_support.cpp.o[0m
[0.531s] [ 25%] [32mBuilding CXX object CMakeFiles/nmea_msgs__rosidl_typesupport_introspection_cpp.dir/rosidl_typesupport_introspection_cpp/nmea_msgs/msg/detail/gpgst__type_support.cpp.o[0m
[0.531s] In file included from [01m[K/home/maria/ros2_coche/build/nmea_msgs/rosidl_typesupport_fastrtps_cpp/nmea_msgs/msg/detail/gpgsa__rosidl_typesupport_fastrtps_cpp.hpp:11[m[K,
[0.532s]                  from [01m[K/home/maria/ros2_coche/build/nmea_msgs/rosidl_typesupport_fastrtps_cpp/nmea_msgs/msg/detail/dds_fastrtps/gpgsa__type_support.cpp:4[m[K:
[0.532s] [01m[K/home/maria/ros2_coche/build/nmea_msgs/rosidl_generator_cpp/nmea_msgs/msg/detail/gpgsa__struct.hpp:20:10:[m[K [01;31m[Kfatal error: [m[Knmea_msgs/msg/detail/header__struct.hpp: No such file or directory
[0.532s]    20 | #include [01;31m[K"nmea_msgs/msg/detail/header__struct.hpp"[m[K
[0.532s]       |          [01;31m[K^~~~~~~~~~~~~~~~~~~~~~~~~~~~~~~~~~~~~~~~~[m[K
[0.532s] compilation terminated.
[0.534s] gmake[2]: *** [CMakeFiles/nmea_msgs__rosidl_typesupport_fastrtps_cpp.dir/build.make:179: CMakeFiles/nmea_msgs__rosidl_typesupport_fastrtps_cpp.dir/rosidl_typesupport_fastrtps_cpp/nmea_msgs/msg/detail/dds_fastrtps/gpgsa__type_support.cpp.o] Error 1
[0.549s] In file included from [01m[K/home/maria/ros2_coche/build/nmea_msgs/rosidl_typesupport_introspection_cpp/nmea_msgs/msg/detail/gpgga__type_support.cpp:12[m[K:
[0.549s] [01m[K/home/maria/ros2_coche/build/nmea_msgs/rosidl_generator_cpp/nmea_msgs/msg/detail/gpgga__struct.hpp:20:10:[m[K [01;31m[Kfatal error: [m[Knmea_msgs/msg/detail/header__struct.hpp: No such file or directory
[0.549s]    20 | #include [01;31m[K"nmea_msgs/msg/detail/header__struct.hpp"[m[K
[0.550s]       |          [01;31m[K^~~~~~~~~~~~~~~~~~~~~~~~~~~~~~~~~~~~~~~~~[m[K
[0.550s] In file included from [01m[K/home/maria/ros2_coche/build/nmea_msgs/rosidl_typesupport_fastrtps_cpp/nmea_msgs/msg/detail/gpgsv__rosidl_typesupport_fastrtps_cpp.hpp:11[m[K,
[0.550s]                  from [01m[K/home/maria/ros2_coche/build/nmea_msgs/rosidl_typesupport_fastrtps_cpp/nmea_msgs/msg/detail/dds_fastrtps/gpgsv__type_support.cpp:4[m[K:
[0.550s] [01m[K/home/maria/ros2_coche/build/nmea_msgs/rosidl_generator_cpp/nmea_msgs/msg/detail/gpgsv__struct.hpp:20:10:[m[K [01;31m[Kfatal error: [m[Knmea_msgs/msg/detail/header__struct.hpp: No such file or directory
[0.550s]    20 | #include [01;31m[K"nmea_msgs/msg/detail/header__struct.hpp"[m[K
[0.551s]       |          [01;31m[K^~~~~~~~~~~~~~~~~~~~~~~~~~~~~~~~~~~~~~~~~[m[K
[0.551s] compilation terminated.
[0.551s] compilation terminated.
[0.551s] gmake[2]: *** [CMakeFiles/nmea_msgs__rosidl_typesupport_fastrtps_cpp.dir/build.make:193: CMakeFiles/nmea_msgs__rosidl_typesupport_fastrtps_cpp.dir/rosidl_typesupport_fastrtps_cpp/nmea_msgs/msg/detail/dds_fastrtps/gpgsv__type_support.cpp.o] Error 1
[0.551s] gmake[2]: *** [CMakeFiles/nmea_msgs__rosidl_typesupport_introspection_cpp.dir/build.make:165: CMakeFiles/nmea_msgs__rosidl_typesupport_introspection_cpp.dir/rosidl_typesupport_introspection_cpp/nmea_msgs/msg/detail/gpgga__type_support.cpp.o] Error 1
[0.552s] gmake[2]: *** Waiting for unfinished jobs....
[0.560s] In file included from [01m[K/home/maria/ros2_coche/build/nmea_msgs/rosidl_typesupport_cpp/nmea_msgs/msg/gpgsa__type_support.cpp:7[m[K:
[0.561s] [01m[K/home/maria/ros2_coche/build/nmea_msgs/rosidl_generator_cpp/nmea_msgs/msg/detail/gpgsa__struct.hpp:20:10:[m[K [01;31m[Kfatal error: [m[Knmea_msgs/msg/detail/header__struct.hpp: No such file or directory
[0.561s]    20 | #include [01;31m[K"nmea_msgs/msg/detail/header__struct.hpp"[m[K
[0.561s]       |          [01;31m[K^~~~~~~~~~~~~~~~~~~~~~~~~~~~~~~~~~~~~~~~~[m[K
[0.561s] compilation terminated.
[0.564s] [ 26%] [32mBuilding CXX object CMakeFiles/nmea_msgs__rosidl_typesupport_introspection_cpp.dir/rosidl_typesupport_introspection_cpp/nmea_msgs/msg/detail/sentence__type_support.cpp.o[0m
[0.565s] gmake[2]: *** [CMakeFiles/nmea_msgs__rosidl_typesupport_cpp.dir/build.make:156: CMakeFiles/nmea_msgs__rosidl_typesupport_cpp.dir/rosidl_typesupport_cpp/nmea_msgs/msg/gpgsa__type_support.cpp.o] Error 1
[0.572s] In file included from [01m[K/home/maria/ros2_coche/build/nmea_msgs/rosidl_typesupport_introspection_cpp/nmea_msgs/msg/detail/gprmc__type_support.cpp:12[m[K:
[0.573s] [01m[K/home/maria/ros2_coche/build/nmea_msgs/rosidl_generator_cpp/nmea_msgs/msg/detail/gprmc__struct.hpp:20:10:[m[K [01;31m[Kfatal error: [m[Knmea_msgs/msg/detail/header__struct.hpp: No such file or directory
[0.573s]    20 | #include [01;31m[K"nmea_msgs/msg/detail/header__struct.hpp"[m[K
[0.573s]       |          [01;31m[K^~~~~~~~~~~~~~~~~~~~~~~~~~~~~~~~~~~~~~~~~[m[K
[0.574s] compilation terminated.
[0.575s] gmake[2]: *** [CMakeFiles/nmea_msgs__rosidl_typesupport_introspection_cpp.dir/build.make:221: CMakeFiles/nmea_msgs__rosidl_typesupport_introspection_cpp.dir/rosidl_typesupport_introspection_cpp/nmea_msgs/msg/detail/gprmc__type_support.cpp.o] Error 1
[0.583s] In file included from [01m[K/home/maria/ros2_coche/build/nmea_msgs/rosidl_typesupport_fastrtps_cpp/nmea_msgs/msg/detail/gprmc__rosidl_typesupport_fastrtps_cpp.hpp:11[m[K,
[0.583s]                  from [01m[K/home/maria/ros2_coche/build/nmea_msgs/rosidl_typesupport_fastrtps_cpp/nmea_msgs/msg/detail/dds_fastrtps/gprmc__type_support.cpp:4[m[K:
[0.583s] [01m[K/home/maria/ros2_coche/build/nmea_msgs/rosidl_generator_cpp/nmea_msgs/msg/detail/gprmc__struct.hpp:20:10:[m[K [01;31m[Kfatal error: [m[Knmea_msgs/msg/detail/header__struct.hpp: No such file or directory
[0.584s]    20 | #include [01;31m[K"nmea_msgs/msg/detail/header__struct.hpp"[m[K
[0.584s]       |          [01;31m[K^~~~~~~~~~~~~~~~~~~~~~~~~~~~~~~~~~~~~~~~~[m[K
[0.584s] compilation terminated.
[0.585s] gmake[2]: *** [CMakeFiles/nmea_msgs__rosidl_typesupport_fastrtps_cpp.dir/build.make:221: CMakeFiles/nmea_msgs__rosidl_typesupport_fastrtps_cpp.dir/rosidl_typesupport_fastrtps_cpp/nmea_msgs/msg/detail/dds_fastrtps/gprmc__type_support.cpp.o] Error 1
[0.602s] In file included from [01m[K/home/maria/ros2_coche/build/nmea_msgs/rosidl_typesupport_introspection_cpp/nmea_msgs/msg/detail/gpgsa__type_support.cpp:12[m[K:
[0.602s] [01m[K/home/maria/ros2_coche/build/nmea_msgs/rosidl_generator_cpp/nmea_msgs/msg/detail/gpgsa__struct.hpp:20:10:[m[K [01;31m[Kfatal error: [m[Knmea_msgs/msg/detail/header__struct.hpp: No such file or directory
[0.603s]    20 | #include [01;31m[K"nmea_msgs/msg/detail/header__struct.hpp"[m[K
[0.603s]       |          [01;31m[K^~~~~~~~~~~~~~~~~~~~~~~~~~~~~~~~~~~~~~~~~[m[K
[0.603s] compilation terminated.
[0.604s] gmake[2]: *** [CMakeFiles/nmea_msgs__rosidl_typesupport_introspection_cpp.dir/build.make:179: CMakeFiles/nmea_msgs__rosidl_typesupport_introspection_cpp.dir/rosidl_typesupport_introspection_cpp/nmea_msgs/msg/detail/gpgsa__type_support.cpp.o] Error 1
[0.630s] In file included from [01m[K/home/maria/ros2_coche/build/nmea_msgs/rosidl_typesupport_cpp/nmea_msgs/msg/gpgsv__type_support.cpp:7[m[K:
[0.631s] [01m[K/home/maria/ros2_coche/build/nmea_msgs/rosidl_generator_cpp/nmea_msgs/msg/detail/gpgsv__struct.hpp:20:10:[m[K [01;31m[Kfatal error: [m[Knmea_msgs/msg/detail/header__struct.hpp: No such file or directory
[0.632s]    20 | #include [01;31m[K"nmea_msgs/msg/detail/header__struct.hpp"[m[K
[0.633s]       |          [01;31m[K^~~~~~~~~~~~~~~~~~~~~~~~~~~~~~~~~~~~~~~~~[m[K
[0.633s] compilation terminated.
[0.634s] gmake[2]: *** [CMakeFiles/nmea_msgs__rosidl_typesupport_cpp.dir/build.make:170: CMakeFiles/nmea_msgs__rosidl_typesupport_cpp.dir/rosidl_typesupport_cpp/nmea_msgs/msg/gpgsv__type_support.cpp.o] Error 1
[0.634s] In file included from [01m[K/home/maria/ros2_coche/build/nmea_msgs/rosidl_typesupport_introspection_cpp/nmea_msgs/msg/detail/gpgsv__type_support.cpp:12[m[K:
[0.635s] [01m[K/home/maria/ros2_coche/build/nmea_msgs/rosidl_generator_cpp/nmea_msgs/msg/detail/gpgsv__struct.hpp:20:10:[m[K [01;31m[Kfatal error: [m[Knmea_msgs/msg/detail/header__struct.hpp: No such file or directory
[0.635s]    20 | #include [01;31m[K"nmea_msgs/msg/detail/header__struct.hpp"[m[K
[0.636s]       |          [01;31m[K^~~~~~~~~~~~~~~~~~~~~~~~~~~~~~~~~~~~~~~~~[m[K
[0.642s] compilation terminated.
[0.644s] gmake[1]: *** [CMakeFiles/Makefile2:395: CMakeFiles/nmea_msgs__rosidl_typesupport_cpp.dir/all] Error 2
[0.644s] gmake[2]: *** [CMakeFiles/nmea_msgs__rosidl_typesupport_introspection_cpp.dir/build.make:193: CMakeFiles/nmea_msgs__rosidl_typesupport_introspection_cpp.dir/rosidl_typesupport_introspection_cpp/nmea_msgs/msg/detail/gpgsv__type_support.cpp.o] Error 1
[0.666s] In file included from [01m[K/home/maria/ros2_coche/build/nmea_msgs/rosidl_typesupport_fastrtps_cpp/nmea_msgs/msg/detail/gpgst__rosidl_typesupport_fastrtps_cpp.hpp:11[m[K,
[0.666s]                  from [01m[K/home/maria/ros2_coche/build/nmea_msgs/rosidl_typesupport_fastrtps_cpp/nmea_msgs/msg/detail/dds_fastrtps/gpgst__type_support.cpp:4[m[K:
[0.667s] [01m[K/home/maria/ros2_coche/build/nmea_msgs/rosidl_generator_cpp/nmea_msgs/msg/detail/gpgst__struct.hpp:20:10:[m[K [01;31m[Kfatal error: [m[Knmea_msgs/msg/detail/header__struct.hpp: No such file or directory
[0.667s]    20 | #include [01;31m[K"nmea_msgs/msg/detail/header__struct.hpp"[m[K
[0.667s]       |          [01;31m[K^~~~~~~~~~~~~~~~~~~~~~~~~~~~~~~~~~~~~~~~~[m[K
[0.667s] compilation terminated.
[0.668s] gmake[2]: *** [CMakeFiles/nmea_msgs__rosidl_typesupport_fastrtps_cpp.dir/build.make:235: CMakeFiles/nmea_msgs__rosidl_typesupport_fastrtps_cpp.dir/rosidl_typesupport_fastrtps_cpp/nmea_msgs/msg/detail/dds_fastrtps/gpgst__type_support.cpp.o] Error 1
[0.669s] gmake[1]: *** [CMakeFiles/Makefile2:291: CMakeFiles/nmea_msgs__rosidl_typesupport_fastrtps_cpp.dir/all] Error 2
[0.687s] In file included from [01m[K/home/maria/ros2_coche/build/nmea_msgs/rosidl_typesupport_introspection_cpp/nmea_msgs/msg/detail/gpgst__type_support.cpp:12[m[K:
[0.687s] [01m[K/home/maria/ros2_coche/build/nmea_msgs/rosidl_generator_cpp/nmea_msgs/msg/detail/gpgst__struct.hpp:20:10:[m[K [01;31m[Kfatal error: [m[Knmea_msgs/msg/detail/header__struct.hpp: No such file or directory
[0.687s]    20 | #include [01;31m[K"nmea_msgs/msg/detail/header__struct.hpp"[m[K
[0.687s]       |          [01;31m[K^~~~~~~~~~~~~~~~~~~~~~~~~~~~~~~~~~~~~~~~~[m[K
[0.687s] compilation terminated.
[0.688s] gmake[2]: *** [CMakeFiles/nmea_msgs__rosidl_typesupport_introspection_cpp.dir/build.make:235: CMakeFiles/nmea_msgs__rosidl_typesupport_introspection_cpp.dir/rosidl_typesupport_introspection_cpp/nmea_msgs/msg/detail/gpgst__type_support.cpp.o] Error 1
[0.704s] In file included from [01m[K/home/maria/ros2_coche/build/nmea_msgs/rosidl_typesupport_introspection_cpp/nmea_msgs/msg/detail/sentence__type_support.cpp:12[m[K:
[0.705s] [01m[K/home/maria/ros2_coche/build/nmea_msgs/rosidl_generator_cpp/nmea_msgs/msg/detail/sentence__struct.hpp:20:10:[m[K [01;31m[Kfatal error: [m[Knmea_msgs/msg/detail/header__struct.hpp: No such file or directory
[0.705s]    20 | #include [01;31m[K"nmea_msgs/msg/detail/header__struct.hpp"[m[K
[0.705s]       |          [01;31m[K^~~~~~~~~~~~~~~~~~~~~~~~~~~~~~~~~~~~~~~~~[m[K
[0.705s] compilation terminated.
[0.706s] gmake[2]: *** [CMakeFiles/nmea_msgs__rosidl_typesupport_introspection_cpp.dir/build.make:249: CMakeFiles/nmea_msgs__rosidl_typesupport_introspection_cpp.dir/rosidl_typesupport_introspection_cpp/nmea_msgs/msg/detail/sentence__type_support.cpp.o] Error 1
[0.707s] gmake[1]: *** [CMakeFiles/Makefile2:369: CMakeFiles/nmea_msgs__rosidl_typesupport_introspection_cpp.dir/all] Error 2
[0.866s] running egg_info
[0.867s] writing nmea_msgs.egg-info/PKG-INFO
[0.867s] writing dependency_links to nmea_msgs.egg-info/dependency_links.txt
[0.867s] writing top-level names to nmea_msgs.egg-info/top_level.txt
[0.871s] reading manifest file 'nmea_msgs.egg-info/SOURCES.txt'
[0.872s] writing manifest file 'nmea_msgs.egg-info/SOURCES.txt'
[0.910s] [ 26%] Built target ament_cmake_python_build_nmea_msgs_egg
[0.912s] gmake: *** [Makefile:146: all] Error 2
[0.915s] Invoked command in '/home/maria/ros2_coche/build/nmea_msgs' returned '2': CMAKE_PREFIX_PATH=/opt/ros/humble /usr/bin/cmake --build /home/maria/ros2_coche/build/nmea_msgs -- -j12 -l12
