[0.092s] Invoking command in '/home/maria/ros2_coche/build/c4_gps': AMENT_PREFIX_PATH=/home/maria/ros2_coche/install/nmea_msgs:${AMENT_PREFIX_PATH} CMAKE_PREFIX_PATH=/opt/ros/humble:/home/maria/ros2_coche/install/nmea_msgs LD_LIBRARY_PATH=/home/maria/ros2_coche/install/nmea_msgs/lib:${LD_LIBRARY_PATH} PYTHONPATH=/home/maria/ros2_coche/install/nmea_msgs/local/lib/python3.10/dist-packages:${PYTHONPATH} /usr/bin/cmake --build /home/maria/ros2_coche/build/c4_gps -- -j12 -l12
[0.126s] -- Found ament_cmake: 1.3.8 (/opt/ros/humble/share/ament_cmake/cmake)
[0.357s] -- Found Python3: /usr/bin/python3 (found version "3.10.12") found components: Interpreter 
[0.463s] -- Found rclcpp: 16.0.8 (/opt/ros/humble/share/rclcpp/cmake)
[0.512s] -- Found rosidl_generator_c: 3.1.5 (/opt/ros/humble/share/rosidl_generator_c/cmake)
[0.516s] -- Found rosidl_adapter: 3.1.5 (/opt/ros/humble/share/rosidl_adapter/cmake)
[0.526s] -- Found rosidl_generator_cpp: 3.1.5 (/opt/ros/humble/share/rosidl_generator_cpp/cmake)
[0.549s] -- Using all available rosidl_typesupport_c: rosidl_typesupport_fastrtps_c;rosidl_typesupport_introspection_c
[0.577s] -- Using all available rosidl_typesupport_cpp: rosidl_typesupport_fastrtps_cpp;rosidl_typesupport_introspection_cpp
[0.680s] -- Found rmw_implementation_cmake: 6.1.1 (/opt/ros/humble/share/rmw_implementation_cmake/cmake)
[0.682s] -- Found rmw_fastrtps_cpp: 6.2.6 (/opt/ros/humble/share/rmw_fastrtps_cpp/cmake)
[0.878s] -- Using RMW implementation 'rmw_fastrtps_cpp' as default
[1.150s] -- Found nmea_msgs: 2.1.0 (/home/maria/ros2_coche/install/nmea_msgs/share/nmea_msgs/cmake)
[1.252s] -- Found ament_lint_auto: 0.12.10 (/opt/ros/humble/share/ament_lint_auto/cmake)
[1.360s] -- Added test 'cppcheck' to perform static code analysis on C / C++ code
[1.361s] -- Configured cppcheck include dirs: 
[1.361s] -- Configured cppcheck exclude dirs and/or files: 
[1.362s] -- Added test 'lint_cmake' to check CMake code style
[1.363s] -- Added test 'uncrustify' to check C / C++ code style
[1.363s] -- Configured uncrustify additional arguments: 
[1.364s] -- Added test 'xmllint' to check XML markup files
[1.365s] -- Configuring done
[1.383s] -- Generating done
[1.385s] -- Build files have been written to: /home/maria/ros2_coche/build/c4_gps
[1.420s] [35m[1mConsolidate compiler generated dependencies of target t_gps[0m
[1.447s] [ 50%] [32mBuilding CXX object CMakeFiles/t_gps.dir/src/gps_reader.cpp.o[0m
[7.620s] [100%] [32m[1mLinking CXX executable t_gps[0m
[7.899s] [100%] Built target t_gps
[7.929s] Invoked command in '/home/maria/ros2_coche/build/c4_gps' returned '0': AMENT_PREFIX_PATH=/home/maria/ros2_coche/install/nmea_msgs:${AMENT_PREFIX_PATH} CMAKE_PREFIX_PATH=/opt/ros/humble:/home/maria/ros2_coche/install/nmea_msgs LD_LIBRARY_PATH=/home/maria/ros2_coche/install/nmea_msgs/lib:${LD_LIBRARY_PATH} PYTHONPATH=/home/maria/ros2_coche/install/nmea_msgs/local/lib/python3.10/dist-packages:${PYTHONPATH} /usr/bin/cmake --build /home/maria/ros2_coche/build/c4_gps -- -j12 -l12
[7.964s] Invoking command in '/home/maria/ros2_coche/build/c4_gps': AMENT_PREFIX_PATH=/home/maria/ros2_coche/install/nmea_msgs:${AMENT_PREFIX_PATH} CMAKE_PREFIX_PATH=/opt/ros/humble:/home/maria/ros2_coche/install/nmea_msgs LD_LIBRARY_PATH=/home/maria/ros2_coche/install/nmea_msgs/lib:${LD_LIBRARY_PATH} PYTHONPATH=/home/maria/ros2_coche/install/nmea_msgs/local/lib/python3.10/dist-packages:${PYTHONPATH} /usr/bin/cmake --install /home/maria/ros2_coche/build/c4_gps
[7.974s] -- Install configuration: ""
[7.975s] -- Installing: /home/maria/ros2_coche/install/c4_gps/lib/c4_gps/t_gps
[7.977s] -- Set runtime path of "/home/maria/ros2_coche/install/c4_gps/lib/c4_gps/t_gps" to ""
[7.977s] -- Up-to-date: /home/maria/ros2_coche/install/c4_gps/share/ament_index/resource_index/package_run_dependencies/c4_gps
[7.977s] -- Up-to-date: /home/maria/ros2_coche/install/c4_gps/share/ament_index/resource_index/parent_prefix_path/c4_gps
[7.977s] -- Installing: /home/maria/ros2_coche/install/c4_gps/share/c4_gps/environment/ament_prefix_path.sh
[7.978s] -- Installing: /home/maria/ros2_coche/install/c4_gps/share/c4_gps/environment/ament_prefix_path.dsv
[7.978s] -- Installing: /home/maria/ros2_coche/install/c4_gps/share/c4_gps/environment/path.sh
[7.978s] -- Installing: /home/maria/ros2_coche/install/c4_gps/share/c4_gps/environment/path.dsv
[7.978s] -- Up-to-date: /home/maria/ros2_coche/install/c4_gps/share/c4_gps/local_setup.bash
[7.979s] -- Up-to-date: /home/maria/ros2_coche/install/c4_gps/share/c4_gps/local_setup.sh
[7.979s] -- Up-to-date: /home/maria/ros2_coche/install/c4_gps/share/c4_gps/local_setup.zsh
[7.979s] -- Installing: /home/maria/ros2_coche/install/c4_gps/share/c4_gps/local_setup.dsv
[7.979s] -- Installing: /home/maria/ros2_coche/install/c4_gps/share/c4_gps/package.dsv
[7.979s] -- Up-to-date: /home/maria/ros2_coche/install/c4_gps/share/ament_index/resource_index/packages/c4_gps
[7.979s] -- Up-to-date: /home/maria/ros2_coche/install/c4_gps/share/c4_gps/cmake/c4_gpsConfig.cmake
[7.980s] -- Up-to-date: /home/maria/ros2_coche/install/c4_gps/share/c4_gps/cmake/c4_gpsConfig-version.cmake
[7.980s] -- Up-to-date: /home/maria/ros2_coche/install/c4_gps/share/c4_gps/package.xml
[7.981s] Invoked command in '/home/maria/ros2_coche/build/c4_gps' returned '0': AMENT_PREFIX_PATH=/home/maria/ros2_coche/install/nmea_msgs:${AMENT_PREFIX_PATH} CMAKE_PREFIX_PATH=/opt/ros/humble:/home/maria/ros2_coche/install/nmea_msgs LD_LIBRARY_PATH=/home/maria/ros2_coche/install/nmea_msgs/lib:${LD_LIBRARY_PATH} PYTHONPATH=/home/maria/ros2_coche/install/nmea_msgs/local/lib/python3.10/dist-packages:${PYTHONPATH} /usr/bin/cmake --install /home/maria/ros2_coche/build/c4_gps
