[0.513s] DEBUG:colcon:Command line arguments: ['/usr/bin/colcon', 'build', '--packages-select', 'nmea_msgs', '--symlink-install']
[0.513s] DEBUG:colcon:Parsed command line arguments: Namespace(log_base=None, log_level=None, verb_name='build', build_base='build', install_base='install', merge_install=False, symlink_install=True, test_result_base=None, continue_on_error=False, executor='parallel', parallel_workers=12, event_handlers=None, ignore_user_meta=False, metas=['./colcon.meta'], base_paths=['.'], packages_ignore=None, packages_ignore_regex=None, paths=None, packages_up_to=None, packages_up_to_regex=None, packages_above=None, packages_above_and_dependencies=None, packages_above_depth=None, packages_select_by_dep=None, packages_skip_by_dep=None, packages_skip_up_to=None, packages_select_build_failed=False, packages_skip_build_finished=False, packages_select_test_failures=False, packages_skip_test_passed=False, packages_select=['nmea_msgs'], packages_skip=None, packages_select_regex=None, packages_skip_regex=None, packages_start=None, packages_end=None, allow_overriding=[], cmake_args=None, cmake_target=None, cmake_target_skip_unavailable=False, cmake_clean_cache=False, cmake_clean_first=False, cmake_force_configure=False, ament_cmake_args=None, catkin_cmake_args=None, catkin_skip_building_tests=False, verb_parser=<colcon_defaults.argument_parser.defaults.DefaultArgumentsDecorator object at 0x7f0e2b20f7c0>, verb_extension=<colcon_core.verb.build.BuildVerb object at 0x7f0e2b999b70>, main=<bound method BuildVerb.main of <colcon_core.verb.build.BuildVerb object at 0x7f0e2b999b70>>)
[0.557s] Level 1:colcon.colcon_core.package_discovery:discover_packages(colcon_meta) check parameters
[0.557s] Level 1:colcon.colcon_core.package_discovery:discover_packages(recursive) check parameters
[0.557s] Level 1:colcon.colcon_core.package_discovery:discover_packages(ignore) check parameters
[0.557s] Level 1:colcon.colcon_core.package_discovery:discover_packages(path) check parameters
[0.557s] Level 1:colcon.colcon_core.package_discovery:discover_packages(colcon_meta) discover
[0.557s] Level 1:colcon.colcon_core.package_discovery:discover_packages(recursive) discover
[0.557s] INFO:colcon.colcon_core.package_discovery:Crawling recursively for packages in '/home/maria/ros2_coche'
[0.558s] Level 1:colcon.colcon_core.package_identification:_identify(.) by extensions ['ignore', 'ignore_ament_install']
[0.558s] Level 1:colcon.colcon_core.package_identification:_identify(.) by extension 'ignore'
[0.558s] Level 1:colcon.colcon_core.package_identification:_identify(.) by extension 'ignore_ament_install'
[0.558s] Level 1:colcon.colcon_core.package_identification:_identify(.) by extensions ['colcon_pkg']
[0.558s] Level 1:colcon.colcon_core.package_identification:_identify(.) by extension 'colcon_pkg'
[0.558s] Level 1:colcon.colcon_core.package_identification:_identify(.) by extensions ['colcon_meta']
[0.558s] Level 1:colcon.colcon_core.package_identification:_identify(.) by extension 'colcon_meta'
[0.558s] Level 1:colcon.colcon_core.package_identification:_identify(.) by extensions ['ros']
[0.558s] Level 1:colcon.colcon_core.package_identification:_identify(.) by extension 'ros'
[0.575s] Level 1:colcon.colcon_core.package_identification:_identify(.) by extensions ['cmake', 'python']
[0.575s] Level 1:colcon.colcon_core.package_identification:_identify(.) by extension 'cmake'
[0.575s] Level 1:colcon.colcon_core.package_identification:_identify(.) by extension 'python'
[0.575s] Level 1:colcon.colcon_core.package_identification:_identify(.) by extensions ['python_setup_py']
[0.575s] Level 1:colcon.colcon_core.package_identification:_identify(.) by extension 'python_setup_py'
[0.575s] Level 1:colcon.colcon_core.package_identification:_identify(build) by extensions ['ignore', 'ignore_ament_install']
[0.576s] Level 1:colcon.colcon_core.package_identification:_identify(build) by extension 'ignore'
[0.576s] Level 1:colcon.colcon_core.package_identification:_identify(build) ignored
[0.576s] Level 1:colcon.colcon_core.package_identification:_identify(install) by extensions ['ignore', 'ignore_ament_install']
[0.576s] Level 1:colcon.colcon_core.package_identification:_identify(install) by extension 'ignore'
[0.576s] Level 1:colcon.colcon_core.package_identification:_identify(install) ignored
[0.576s] Level 1:colcon.colcon_core.package_identification:_identify(log) by extensions ['ignore', 'ignore_ament_install']
[0.576s] Level 1:colcon.colcon_core.package_identification:_identify(log) by extension 'ignore'
[0.576s] Level 1:colcon.colcon_core.package_identification:_identify(log) ignored
[0.577s] Level 1:colcon.colcon_core.package_identification:_identify(src) by extensions ['ignore', 'ignore_ament_install']
[0.577s] Level 1:colcon.colcon_core.package_identification:_identify(src) by extension 'ignore'
[0.577s] Level 1:colcon.colcon_core.package_identification:_identify(src) by extension 'ignore_ament_install'
[0.577s] Level 1:colcon.colcon_core.package_identification:_identify(src) by extensions ['colcon_pkg']
[0.577s] Level 1:colcon.colcon_core.package_identification:_identify(src) by extension 'colcon_pkg'
[0.577s] Level 1:colcon.colcon_core.package_identification:_identify(src) by extensions ['colcon_meta']
[0.577s] Level 1:colcon.colcon_core.package_identification:_identify(src) by extension 'colcon_meta'
[0.577s] Level 1:colcon.colcon_core.package_identification:_identify(src) by extensions ['ros']
[0.577s] Level 1:colcon.colcon_core.package_identification:_identify(src) by extension 'ros'
[0.577s] Level 1:colcon.colcon_core.package_identification:_identify(src) by extensions ['cmake', 'python']
[0.577s] Level 1:colcon.colcon_core.package_identification:_identify(src) by extension 'cmake'
[0.577s] Level 1:colcon.colcon_core.package_identification:_identify(src) by extension 'python'
[0.577s] Level 1:colcon.colcon_core.package_identification:_identify(src) by extensions ['python_setup_py']
[0.578s] Level 1:colcon.colcon_core.package_identification:_identify(src) by extension 'python_setup_py'
[0.578s] Level 1:colcon.colcon_core.package_identification:_identify(src/build) by extensions ['ignore', 'ignore_ament_install']
[0.578s] Level 1:colcon.colcon_core.package_identification:_identify(src/build) by extension 'ignore'
[0.578s] Level 1:colcon.colcon_core.package_identification:_identify(src/build) ignored
[0.578s] Level 1:colcon.colcon_core.package_identification:_identify(src/c4_gps) by extensions ['ignore', 'ignore_ament_install']
[0.578s] Level 1:colcon.colcon_core.package_identification:_identify(src/c4_gps) by extension 'ignore'
[0.578s] Level 1:colcon.colcon_core.package_identification:_identify(src/c4_gps) by extension 'ignore_ament_install'
[0.578s] Level 1:colcon.colcon_core.package_identification:_identify(src/c4_gps) by extensions ['colcon_pkg']
[0.578s] Level 1:colcon.colcon_core.package_identification:_identify(src/c4_gps) by extension 'colcon_pkg'
[0.578s] Level 1:colcon.colcon_core.package_identification:_identify(src/c4_gps) by extensions ['colcon_meta']
[0.578s] Level 1:colcon.colcon_core.package_identification:_identify(src/c4_gps) by extension 'colcon_meta'
[0.579s] Level 1:colcon.colcon_core.package_identification:_identify(src/c4_gps) by extensions ['ros']
[0.579s] Level 1:colcon.colcon_core.package_identification:_identify(src/c4_gps) by extension 'ros'
[0.582s] DEBUG:colcon.colcon_core.package_identification:Package 'src/c4_gps' with type 'ros.ament_cmake' and name 'c4_gps'
[0.582s] Level 1:colcon.colcon_core.package_identification:_identify(src/install) by extensions ['ignore', 'ignore_ament_install']
[0.582s] Level 1:colcon.colcon_core.package_identification:_identify(src/install) by extension 'ignore'
[0.582s] Level 1:colcon.colcon_core.package_identification:_identify(src/install) ignored
[0.583s] Level 1:colcon.colcon_core.package_identification:_identify(src/log) by extensions ['ignore', 'ignore_ament_install']
[0.583s] Level 1:colcon.colcon_core.package_identification:_identify(src/log) by extension 'ignore'
[0.583s] Level 1:colcon.colcon_core.package_identification:_identify(src/log) ignored
[0.583s] Level 1:colcon.colcon_core.package_identification:_identify(src/nmea_msgs) by extensions ['ignore', 'ignore_ament_install']
[0.583s] Level 1:colcon.colcon_core.package_identification:_identify(src/nmea_msgs) by extension 'ignore'
[0.583s] Level 1:colcon.colcon_core.package_identification:_identify(src/nmea_msgs) by extension 'ignore_ament_install'
[0.583s] Level 1:colcon.colcon_core.package_identification:_identify(src/nmea_msgs) by extensions ['colcon_pkg']
[0.583s] Level 1:colcon.colcon_core.package_identification:_identify(src/nmea_msgs) by extension 'colcon_pkg'
[0.583s] Level 1:colcon.colcon_core.package_identification:_identify(src/nmea_msgs) by extensions ['colcon_meta']
[0.584s] Level 1:colcon.colcon_core.package_identification:_identify(src/nmea_msgs) by extension 'colcon_meta'
[0.584s] Level 1:colcon.colcon_core.package_identification:_identify(src/nmea_msgs) by extensions ['ros']
[0.584s] Level 1:colcon.colcon_core.package_identification:_identify(src/nmea_msgs) by extension 'ros'
[0.584s] DEBUG:colcon.colcon_core.package_identification:Package 'src/nmea_msgs' with type 'ros.ament_cmake' and name 'nmea_msgs'
[0.585s] Level 1:colcon.colcon_core.package_discovery:discover_packages(recursive) using defaults
[0.585s] Level 1:colcon.colcon_core.package_discovery:discover_packages(ignore) discover
[0.585s] Level 1:colcon.colcon_core.package_discovery:discover_packages(ignore) using defaults
[0.585s] Level 1:colcon.colcon_core.package_discovery:discover_packages(path) discover
[0.585s] Level 1:colcon.colcon_core.package_discovery:discover_packages(path) using defaults
[0.619s] INFO:colcon.colcon_core.package_selection:Skipping not selected package 'c4_gps' in 'src/c4_gps'
[0.620s] Level 1:colcon.colcon_core.package_discovery:discover_packages(prefix_path) check parameters
[0.620s] Level 1:colcon.colcon_core.package_discovery:discover_packages(prefix_path) discover
[0.624s] DEBUG:colcon.colcon_installed_package_information.package_discovery:Found 2 installed packages in /home/maria/ros2_coche/install
[0.626s] DEBUG:colcon.colcon_installed_package_information.package_discovery:Found 284 installed packages in /opt/ros/humble
[0.629s] Level 1:colcon.colcon_core.package_discovery:discover_packages(prefix_path) using defaults
[0.728s] Level 5:colcon.colcon_core.verb:set package 'nmea_msgs' build argument 'cmake_args' from command line to 'None'
[0.728s] Level 5:colcon.colcon_core.verb:set package 'nmea_msgs' build argument 'cmake_target' from command line to 'None'
[0.729s] Level 5:colcon.colcon_core.verb:set package 'nmea_msgs' build argument 'cmake_target_skip_unavailable' from command line to 'False'
[0.729s] Level 5:colcon.colcon_core.verb:set package 'nmea_msgs' build argument 'cmake_clean_cache' from command line to 'False'
[0.729s] Level 5:colcon.colcon_core.verb:set package 'nmea_msgs' build argument 'cmake_clean_first' from command line to 'False'
[0.729s] Level 5:colcon.colcon_core.verb:set package 'nmea_msgs' build argument 'cmake_force_configure' from command line to 'False'
[0.729s] Level 5:colcon.colcon_core.verb:set package 'nmea_msgs' build argument 'ament_cmake_args' from command line to 'None'
[0.729s] Level 5:colcon.colcon_core.verb:set package 'nmea_msgs' build argument 'catkin_cmake_args' from command line to 'None'
[0.729s] Level 5:colcon.colcon_core.verb:set package 'nmea_msgs' build argument 'catkin_skip_building_tests' from command line to 'False'
[0.729s] DEBUG:colcon.colcon_core.verb:Building package 'nmea_msgs' with the following arguments: {'ament_cmake_args': None, 'build_base': '/home/maria/ros2_coche/build/nmea_msgs', 'catkin_cmake_args': None, 'catkin_skip_building_tests': False, 'cmake_args': None, 'cmake_clean_cache': False, 'cmake_clean_first': False, 'cmake_force_configure': False, 'cmake_target': None, 'cmake_target_skip_unavailable': False, 'install_base': '/home/maria/ros2_coche/install/nmea_msgs', 'merge_install': False, 'path': '/home/maria/ros2_coche/src/nmea_msgs', 'symlink_install': True, 'test_result_base': None}
[0.730s] INFO:colcon.colcon_core.executor:Executing jobs using 'parallel' executor
[0.734s] DEBUG:colcon.colcon_parallel_executor.executor.parallel:run_until_complete
[0.735s] INFO:colcon.colcon_ros.task.ament_cmake.build:Building ROS package in '/home/maria/ros2_coche/src/nmea_msgs' with build type 'ament_cmake'
[0.735s] INFO:colcon.colcon_cmake.task.cmake.build:Building CMake package in '/home/maria/ros2_coche/src/nmea_msgs'
[0.741s] INFO:colcon.colcon_core.plugin_system:Skipping extension 'colcon_core.shell.bat': Not used on non-Windows systems
[0.742s] INFO:colcon.colcon_core.shell:Skip shell extension 'powershell' for command environment: Not usable outside of PowerShell
[0.742s] DEBUG:colcon.colcon_core.shell:Skip shell extension 'dsv' for command environment
[0.758s] DEBUG:colcon.colcon_core.event_handler.log_command:Invoking command in '/home/maria/ros2_coche/build/nmea_msgs': CMAKE_PREFIX_PATH=/home/maria/ros2_coche/install/c4_gps:/opt/ros/humble:/home/maria/ros2_coche/install/nmea_msgs /usr/bin/cmake /home/maria/ros2_coche/src/nmea_msgs -DAMENT_CMAKE_SYMLINK_INSTALL=1 -DCMAKE_INSTALL_PREFIX=/home/maria/ros2_coche/install/nmea_msgs
[4.460s] DEBUG:colcon.colcon_core.event_handler.log_command:Invoked command in '/home/maria/ros2_coche/build/nmea_msgs' returned '0': CMAKE_PREFIX_PATH=/home/maria/ros2_coche/install/c4_gps:/opt/ros/humble:/home/maria/ros2_coche/install/nmea_msgs /usr/bin/cmake /home/maria/ros2_coche/src/nmea_msgs -DAMENT_CMAKE_SYMLINK_INSTALL=1 -DCMAKE_INSTALL_PREFIX=/home/maria/ros2_coche/install/nmea_msgs
[4.465s] DEBUG:colcon.colcon_core.event_handler.log_command:Invoking command in '/home/maria/ros2_coche/build/nmea_msgs': CMAKE_PREFIX_PATH=/home/maria/ros2_coche/install/c4_gps:/opt/ros/humble:/home/maria/ros2_coche/install/nmea_msgs /usr/bin/cmake --build /home/maria/ros2_coche/build/nmea_msgs -- -j12 -l12
[4.615s] DEBUG:colcon.colcon_core.event_handler.log_command:Invoked command in '/home/maria/ros2_coche/build/nmea_msgs' returned '2': CMAKE_PREFIX_PATH=/home/maria/ros2_coche/install/c4_gps:/opt/ros/humble:/home/maria/ros2_coche/install/nmea_msgs /usr/bin/cmake --build /home/maria/ros2_coche/build/nmea_msgs -- -j12 -l12
[4.982s] Level 1:colcon.colcon_core.environment:create_environment_scripts_only(nmea_msgs)
[4.990s] Level 1:colcon.colcon_core.environment:checking '/home/maria/ros2_coche/install/nmea_msgs' for CMake module files
[4.990s] Level 1:colcon.colcon_core.environment:checking '/home/maria/ros2_coche/install/nmea_msgs' for CMake config files
[4.991s] Level 1:colcon.colcon_core.shell:create_environment_hook('nmea_msgs', 'cmake_prefix_path')
[4.994s] INFO:colcon.colcon_core.shell:Creating environment hook '/home/maria/ros2_coche/install/nmea_msgs/share/nmea_msgs/hook/cmake_prefix_path.ps1'
[4.994s] INFO:colcon.colcon_core.shell:Creating environment descriptor '/home/maria/ros2_coche/install/nmea_msgs/share/nmea_msgs/hook/cmake_prefix_path.dsv'
[4.995s] INFO:colcon.colcon_core.shell:Creating environment hook '/home/maria/ros2_coche/install/nmea_msgs/share/nmea_msgs/hook/cmake_prefix_path.sh'
[4.996s] Level 1:colcon.colcon_core.environment:checking '/home/maria/ros2_coche/install/nmea_msgs/lib'
[4.996s] Level 1:colcon.colcon_core.shell:create_environment_hook('nmea_msgs', 'ld_library_path_lib')
[4.998s] INFO:colcon.colcon_core.shell:Creating environment hook '/home/maria/ros2_coche/install/nmea_msgs/share/nmea_msgs/hook/ld_library_path_lib.ps1'
[4.999s] INFO:colcon.colcon_core.shell:Creating environment descriptor '/home/maria/ros2_coche/install/nmea_msgs/share/nmea_msgs/hook/ld_library_path_lib.dsv'
[4.999s] INFO:colcon.colcon_core.shell:Creating environment hook '/home/maria/ros2_coche/install/nmea_msgs/share/nmea_msgs/hook/ld_library_path_lib.sh'
[5.000s] Level 1:colcon.colcon_core.environment:checking '/home/maria/ros2_coche/install/nmea_msgs/bin'
[5.000s] Level 1:colcon.colcon_core.environment:checking '/home/maria/ros2_coche/install/nmea_msgs/lib/pkgconfig/nmea_msgs.pc'
[5.000s] Level 1:colcon.colcon_core.environment:checking '/home/maria/ros2_coche/install/nmea_msgs/lib/python3.10/site-packages'
[5.000s] Level 1:colcon.colcon_core.environment:checking '/home/maria/ros2_coche/install/nmea_msgs/bin'
[5.002s] INFO:colcon.colcon_core.shell:Creating package script '/home/maria/ros2_coche/install/nmea_msgs/share/nmea_msgs/package.ps1'
[5.004s] INFO:colcon.colcon_core.shell:Creating package descriptor '/home/maria/ros2_coche/install/nmea_msgs/share/nmea_msgs/package.dsv'
[5.004s] INFO:colcon.colcon_core.shell:Creating package script '/home/maria/ros2_coche/install/nmea_msgs/share/nmea_msgs/package.sh'
[5.006s] INFO:colcon.colcon_core.shell:Creating package script '/home/maria/ros2_coche/install/nmea_msgs/share/nmea_msgs/package.bash'
[5.007s] INFO:colcon.colcon_core.shell:Creating package script '/home/maria/ros2_coche/install/nmea_msgs/share/nmea_msgs/package.zsh'
[5.008s] Level 1:colcon.colcon_core.environment:create_file_with_runtime_dependencies(/home/maria/ros2_coche/install/nmea_msgs/share/colcon-core/packages/nmea_msgs)
[5.018s] DEBUG:colcon.colcon_parallel_executor.executor.parallel:closing loop
[5.019s] DEBUG:colcon.colcon_parallel_executor.executor.parallel:loop closed
[5.019s] DEBUG:colcon.colcon_parallel_executor.executor.parallel:run_until_complete finished with '2'
[5.019s] DEBUG:colcon.colcon_core.event_reactor:joining thread
[5.030s] INFO:colcon.colcon_core.plugin_system:Skipping extension 'colcon_notification.desktop_notification.notify_send': Could not find 'notify-send'
[5.030s] INFO:colcon.colcon_core.plugin_system:Skipping extension 'colcon_notification.desktop_notification.terminal_notifier': Not used on non-Darwin systems
[5.031s] INFO:colcon.colcon_core.plugin_system:Skipping extension 'colcon_notification.desktop_notification.win32': Not used on non-Windows systems
[5.031s] INFO:colcon.colcon_notification.desktop_notification:Sending desktop notification using 'notify2'
[5.068s] DEBUG:colcon.colcon_core.event_reactor:joined thread
[5.070s] INFO:colcon.colcon_core.shell:Creating prefix script '/home/maria/ros2_coche/install/local_setup.ps1'
[5.072s] INFO:colcon.colcon_core.shell:Creating prefix util module '/home/maria/ros2_coche/install/_local_setup_util_ps1.py'
[5.075s] INFO:colcon.colcon_core.shell:Creating prefix chain script '/home/maria/ros2_coche/install/setup.ps1'
[5.079s] INFO:colcon.colcon_core.shell:Creating prefix script '/home/maria/ros2_coche/install/local_setup.sh'
[5.080s] INFO:colcon.colcon_core.shell:Creating prefix util module '/home/maria/ros2_coche/install/_local_setup_util_sh.py'
[5.081s] INFO:colcon.colcon_core.shell:Creating prefix chain script '/home/maria/ros2_coche/install/setup.sh'
[5.084s] INFO:colcon.colcon_core.shell:Creating prefix script '/home/maria/ros2_coche/install/local_setup.bash'
[5.086s] INFO:colcon.colcon_core.shell:Creating prefix chain script '/home/maria/ros2_coche/install/setup.bash'
[5.088s] INFO:colcon.colcon_core.shell:Creating prefix script '/home/maria/ros2_coche/install/local_setup.zsh'
[5.089s] INFO:colcon.colcon_core.shell:Creating prefix chain script '/home/maria/ros2_coche/install/setup.zsh'
