[0.023s] Invoking command in '/home/maria/ros2_coche/build/nmea_msgs': /usr/bin/cmake /home/maria/ros2_coche/src/nmea_msgs-master -DCATKIN_INSTALL_INTO_PREFIX_ROOT=0 -DCMAKE_INSTALL_PREFIX=/home/maria/ros2_coche/install/nmea_msgs
[0.148s] -- The C compiler identification is GNU 11.3.0
[0.355s] -- The CXX compiler identification is GNU 11.3.0
[0.382s] -- Detecting C compiler ABI info
[0.505s] -- Detecting C compiler ABI info - done
[0.517s] -- Check for working C compiler: /usr/bin/cc - skipped
[0.518s] -- Detecting C compile features
[0.518s] -- Detecting C compile features - done
[0.524s] -- Detecting CXX compiler ABI info
[0.641s] -- Detecting CXX compiler ABI info - done
[0.658s] -- Check for working CXX compiler: /usr/bin/c++ - skipped
[0.658s] -- Detecting CXX compile features
[0.659s] -- Detecting CXX compile features - done
[0.678s] [31mCMake Error at CMakeLists.txt:4 (find_package):
[0.678s]   By not providing "Findcatkin.cmake" in CMAKE_MODULE_PATH this project has
[0.678s]   asked CMake to find a package configuration file provided by "catkin", but
[0.678s]   CMake did not find one.
[0.678s] 
[0.679s]   Could not find a package configuration file provided by "catkin" with any
[0.679s]   of the following names:
[0.679s] 
[0.679s]     catkinConfig.cmake
[0.679s]     catkin-config.cmake
[0.679s] 
[0.679s]   Add the installation prefix of "catkin" to CMAKE_PREFIX_PATH or set
[0.679s]   "catkin_DIR" to a directory containing one of the above files.  If "catkin"
[0.679s]   provides a separate development package or SDK, be sure it has been
[0.680s]   installed.
[0.680s] 
[0.680s] [0m
[0.680s] -- Configuring incomplete, errors occurred!
[0.680s] See also "/home/maria/ros2_coche/build/nmea_msgs/CMakeFiles/CMakeOutput.log".
[0.686s] Invoked command in '/home/maria/ros2_coche/build/nmea_msgs' returned '1': /usr/bin/cmake /home/maria/ros2_coche/src/nmea_msgs-master -DCATKIN_INSTALL_INTO_PREFIX_ROOT=0 -DCMAKE_INSTALL_PREFIX=/home/maria/ros2_coche/install/nmea_msgs
