-- The C compiler identification is GNU 11.3.0
-- The CXX compiler identification is GNU 11.3.0
-- Detecting C compiler ABI info
-- Detecting C compiler ABI info - done
-- Check for working C compiler: /usr/bin/cc - skipped
-- Detecting C compile features
-- Detecting C compile features - done
-- Detecting CXX compiler ABI info
-- Detecting CXX compiler ABI info - done
-- Check for working CXX compiler: /usr/bin/c++ - skipped
-- Detecting CXX compile features
-- Detecting CXX compile features - done
-- Found ament_cmake: 1.3.3 (/opt/ros/humble/share/ament_cmake/cmake)
-- Found Python3: /usr/bin/python3.10 (found version "3.10.6") found components: Interpreter 
-- Found ament_lint_auto: 0.12.5 (/opt/ros/humble/share/ament_lint_auto/cmake)
-- Added test 'cppcheck' to perform static code analysis on C / C++ code
-- Configured cppcheck include dirs: 
-- Configured cppcheck exclude dirs and/or files: 
-- Added test 'lint_cmake' to check CMake code style
-- Added test 'uncrustify' to check C / C++ code style
-- Configured uncrustify additional arguments: 
-- Added test 'xmllint' to check XML markup files
-- Configuring done
-- Generating done
-- Build files have been written to: /home/maria/ros2_coche/build/c4_gps
-- Install configuration: ""
-- Installing: /home/maria/ros2_coche/install/c4_gps/share/ament_index/resource_index/package_run_dependencies/c4_gps
-- Installing: /home/maria/ros2_coche/install/c4_gps/share/ament_index/resource_index/parent_prefix_path/c4_gps
-- Installing: /home/maria/ros2_coche/install/c4_gps/share/c4_gps/environment/ament_prefix_path.sh
-- Installing: /home/maria/ros2_coche/install/c4_gps/share/c4_gps/environment/ament_prefix_path.dsv
-- Installing: /home/maria/ros2_coche/install/c4_gps/share/c4_gps/environment/path.sh
-- Installing: /home/maria/ros2_coche/install/c4_gps/share/c4_gps/environment/path.dsv
-- Installing: /home/maria/ros2_coche/install/c4_gps/share/c4_gps/local_setup.bash
-- Installing: /home/maria/ros2_coche/install/c4_gps/share/c4_gps/local_setup.sh
-- Installing: /home/maria/ros2_coche/install/c4_gps/share/c4_gps/local_setup.zsh
-- Installing: /home/maria/ros2_coche/install/c4_gps/share/c4_gps/local_setup.dsv
-- Installing: /home/maria/ros2_coche/install/c4_gps/share/c4_gps/package.dsv
-- Installing: /home/maria/ros2_coche/install/c4_gps/share/ament_index/resource_index/packages/c4_gps
-- Installing: /home/maria/ros2_coche/install/c4_gps/share/c4_gps/cmake/c4_gpsConfig.cmake
-- Installing: /home/maria/ros2_coche/install/c4_gps/share/c4_gps/cmake/c4_gpsConfig-version.cmake
-- Installing: /home/maria/ros2_coche/install/c4_gps/share/c4_gps/package.xml
