[0.024s] Invoking command in '/home/maria/ros2_coche/build/c4_gps': CMAKE_PREFIX_PATH=/opt/ros/humble /usr/bin/cmake /home/maria/ros2_coche/src/c4_gps -DCMAKE_INSTALL_PREFIX=/home/maria/ros2_coche/install/c4_gps
[0.249s] -- The C compiler identification is GNU 11.3.0
[0.491s] -- The CXX compiler identification is GNU 11.3.0
[0.524s] -- Detecting C compiler ABI info
[0.766s] -- Detecting C compiler ABI info - done
[0.795s] -- Check for working C compiler: /usr/bin/cc - skipped
[0.796s] -- Detecting C compile features
[0.798s] -- Detecting C compile features - done
[0.812s] -- Detecting CXX compiler ABI info
[1.085s] -- Detecting CXX compiler ABI info - done
[1.116s] -- Check for working CXX compiler: /usr/bin/c++ - skipped
[1.117s] -- Detecting CXX compile features
[1.119s] -- Detecting CXX compile features - done
[1.130s] -- Found ament_cmake: 1.3.3 (/opt/ros/humble/share/ament_cmake/cmake)
[1.702s] -- Found Python3: /usr/bin/python3.10 (found version "3.10.6") found components: Interpreter 
[1.991s] -- Found ament_lint_auto: 0.12.5 (/opt/ros/humble/share/ament_lint_auto/cmake)
[2.238s] -- Added test 'cppcheck' to perform static code analysis on C / C++ code
[2.238s] -- Configured cppcheck include dirs: 
[2.239s] -- Configured cppcheck exclude dirs and/or files: 
[2.241s] -- Added test 'lint_cmake' to check CMake code style
[2.245s] -- Added test 'uncrustify' to check C / C++ code style
[2.245s] -- Configured uncrustify additional arguments: 
[2.246s] -- Added test 'xmllint' to check XML markup files
[2.251s] -- Configuring done
[2.260s] -- Generating done
[2.263s] -- Build files have been written to: /home/maria/ros2_coche/build/c4_gps
[2.275s] Invoked command in '/home/maria/ros2_coche/build/c4_gps' returned '0': CMAKE_PREFIX_PATH=/opt/ros/humble /usr/bin/cmake /home/maria/ros2_coche/src/c4_gps -DCMAKE_INSTALL_PREFIX=/home/maria/ros2_coche/install/c4_gps
[2.281s] Invoking command in '/home/maria/ros2_coche/build/c4_gps': CMAKE_PREFIX_PATH=/opt/ros/humble /usr/bin/cmake --build /home/maria/ros2_coche/build/c4_gps -- -j12 -l12
[2.381s] Invoked command in '/home/maria/ros2_coche/build/c4_gps' returned '0': CMAKE_PREFIX_PATH=/opt/ros/humble /usr/bin/cmake --build /home/maria/ros2_coche/build/c4_gps -- -j12 -l12
[2.472s] Invoking command in '/home/maria/ros2_coche/build/c4_gps': CMAKE_PREFIX_PATH=/opt/ros/humble /usr/bin/cmake --install /home/maria/ros2_coche/build/c4_gps
[2.491s] -- Install configuration: ""
[2.491s] -- Installing: /home/maria/ros2_coche/install/c4_gps/share/ament_index/resource_index/package_run_dependencies/c4_gps
[2.492s] -- Installing: /home/maria/ros2_coche/install/c4_gps/share/ament_index/resource_index/parent_prefix_path/c4_gps
[2.492s] -- Installing: /home/maria/ros2_coche/install/c4_gps/share/c4_gps/environment/ament_prefix_path.sh
[2.493s] -- Installing: /home/maria/ros2_coche/install/c4_gps/share/c4_gps/environment/ament_prefix_path.dsv
[2.493s] -- Installing: /home/maria/ros2_coche/install/c4_gps/share/c4_gps/environment/path.sh
[2.494s] -- Installing: /home/maria/ros2_coche/install/c4_gps/share/c4_gps/environment/path.dsv
[2.494s] -- Installing: /home/maria/ros2_coche/install/c4_gps/share/c4_gps/local_setup.bash
[2.495s] -- Installing: /home/maria/ros2_coche/install/c4_gps/share/c4_gps/local_setup.sh
[2.495s] -- Installing: /home/maria/ros2_coche/install/c4_gps/share/c4_gps/local_setup.zsh
[2.495s] -- Installing: /home/maria/ros2_coche/install/c4_gps/share/c4_gps/local_setup.dsv
[2.496s] -- Installing: /home/maria/ros2_coche/install/c4_gps/share/c4_gps/package.dsv
[2.496s] -- Installing: /home/maria/ros2_coche/install/c4_gps/share/ament_index/resource_index/packages/c4_gps
[2.497s] -- Installing: /home/maria/ros2_coche/install/c4_gps/share/c4_gps/cmake/c4_gpsConfig.cmake
[2.497s] -- Installing: /home/maria/ros2_coche/install/c4_gps/share/c4_gps/cmake/c4_gpsConfig-version.cmake
[2.498s] -- Installing: /home/maria/ros2_coche/install/c4_gps/share/c4_gps/package.xml
[2.504s] Invoked command in '/home/maria/ros2_coche/build/c4_gps' returned '0': CMAKE_PREFIX_PATH=/opt/ros/humble /usr/bin/cmake --install /home/maria/ros2_coche/build/c4_gps
