[35m[1mConsolidate compiler generated dependencies of target nmea_msgs__rosidl_generator_c[0m
[  1%] Built target nmea_msgs__cpp
[ 12%] Built target nmea_msgs__rosidl_generator_c
[35m[1mConsolidate compiler generated dependencies of target nmea_msgs__rosidl_typesupport_cpp[0m
[ 12%] Built target ament_cmake_python_copy_nmea_msgs
[35m[1mConsolidate compiler generated dependencies of target nmea_msgs__rosidl_typesupport_fastrtps_cpp[0m
[35m[1mConsolidate compiler generated dependencies of target nmea_msgs__rosidl_typesupport_introspection_cpp[0m
[35m[1mConsolidate compiler generated dependencies of target nmea_msgs__rosidl_typesupport_c[0m
[35m[1mConsolidate compiler generated dependencies of target nmea_msgs__rosidl_typesupport_introspection_c[0m
[35m[1mConsolidate compiler generated dependencies of target nmea_msgs__rosidl_typesupport_fastrtps_c[0m
[ 24%] Built target nmea_msgs__rosidl_typesupport_cpp
[ 35%] Built target nmea_msgs__rosidl_typesupport_c
[ 53%] Built target nmea_msgs__rosidl_typesupport_fastrtps_cpp
[ 58%] Built target nmea_msgs__rosidl_typesupport_introspection_cpp
[ 69%] Built target nmea_msgs__rosidl_typesupport_introspection_c
[ 81%] Built target nmea_msgs__rosidl_typesupport_fastrtps_c
[ 81%] Built target nmea_msgs
[ 82%] Built target nmea_msgs__py
[35m[1mConsolidate compiler generated dependencies of target nmea_msgs__rosidl_generator_py[0m
[ 92%] Built target nmea_msgs__rosidl_generator_py
[35m[1mConsolidate compiler generated dependencies of target nmea_msgs__rosidl_typesupport_fastrtps_c__pyext[0m
[35m[1mConsolidate compiler generated dependencies of target nmea_msgs__rosidl_typesupport_c__pyext[0m
[35m[1mConsolidate compiler generated dependencies of target nmea_msgs__rosidl_typesupport_introspection_c__pyext[0m
[ 97%] Built target nmea_msgs__rosidl_typesupport_c__pyext
[ 97%] Built target nmea_msgs__rosidl_typesupport_fastrtps_c__pyext
[100%] Built target nmea_msgs__rosidl_typesupport_introspection_c__pyext
running egg_info
writing nmea_msgs.egg-info/PKG-INFO
writing dependency_links to nmea_msgs.egg-info/dependency_links.txt
writing top-level names to nmea_msgs.egg-info/top_level.txt
reading manifest file 'nmea_msgs.egg-info/SOURCES.txt'
writing manifest file 'nmea_msgs.egg-info/SOURCES.txt'
[100%] Built target ament_cmake_python_build_nmea_msgs_egg
