[0.025s] Invoking command in '/home/maria/ros2_coche/build/nmea_msgs': CMAKE_PREFIX_PATH=/opt/ros/humble /usr/bin/cmake --build /home/maria/ros2_coche/build/nmea_msgs -- -j12 -l12
[0.106s] [35m[1mConsolidate compiler generated dependencies of target nmea_msgs__rosidl_generator_c[0m
[0.117s] [  1%] Built target nmea_msgs__cpp
[0.133s] [ 12%] Built target nmea_msgs__rosidl_generator_c
[0.137s] [35m[1mConsolidate compiler generated dependencies of target nmea_msgs__rosidl_typesupport_cpp[0m
[0.137s] [ 12%] Built target ament_cmake_python_copy_nmea_msgs
[0.140s] [35m[1mConsolidate compiler generated dependencies of target nmea_msgs__rosidl_typesupport_fastrtps_cpp[0m
[0.145s] [35m[1mConsolidate compiler generated dependencies of target nmea_msgs__rosidl_typesupport_introspection_cpp[0m
[0.150s] [35m[1mConsolidate compiler generated dependencies of target nmea_msgs__rosidl_typesupport_c[0m
[0.156s] [35m[1mConsolidate compiler generated dependencies of target nmea_msgs__rosidl_typesupport_introspection_c[0m
[0.158s] [35m[1mConsolidate compiler generated dependencies of target nmea_msgs__rosidl_typesupport_fastrtps_c[0m
[0.163s] [ 24%] Built target nmea_msgs__rosidl_typesupport_cpp
[0.169s] [ 35%] Built target nmea_msgs__rosidl_typesupport_c
[0.180s] [ 53%] Built target nmea_msgs__rosidl_typesupport_fastrtps_cpp
[0.181s] [ 58%] Built target nmea_msgs__rosidl_typesupport_introspection_cpp
[0.182s] [ 69%] Built target nmea_msgs__rosidl_typesupport_introspection_c
[0.197s] [ 81%] Built target nmea_msgs__rosidl_typesupport_fastrtps_c
[0.227s] [ 81%] Built target nmea_msgs
[0.259s] [ 82%] Built target nmea_msgs__py
[0.275s] [35m[1mConsolidate compiler generated dependencies of target nmea_msgs__rosidl_generator_py[0m
[0.307s] [ 92%] Built target nmea_msgs__rosidl_generator_py
[0.324s] [35m[1mConsolidate compiler generated dependencies of target nmea_msgs__rosidl_typesupport_fastrtps_c__pyext[0m
[0.324s] [35m[1mConsolidate compiler generated dependencies of target nmea_msgs__rosidl_typesupport_c__pyext[0m
[0.328s] [35m[1mConsolidate compiler generated dependencies of target nmea_msgs__rosidl_typesupport_introspection_c__pyext[0m
[0.351s] [ 97%] Built target nmea_msgs__rosidl_typesupport_c__pyext
[0.351s] [ 97%] Built target nmea_msgs__rosidl_typesupport_fastrtps_c__pyext
[0.360s] [100%] Built target nmea_msgs__rosidl_typesupport_introspection_c__pyext
[0.563s] running egg_info
[0.564s] writing nmea_msgs.egg-info/PKG-INFO
[0.565s] writing dependency_links to nmea_msgs.egg-info/dependency_links.txt
[0.565s] writing top-level names to nmea_msgs.egg-info/top_level.txt
[0.568s] reading manifest file 'nmea_msgs.egg-info/SOURCES.txt'
[0.569s] writing manifest file 'nmea_msgs.egg-info/SOURCES.txt'
[0.609s] [100%] Built target ament_cmake_python_build_nmea_msgs_egg
[0.627s] Invoked command in '/home/maria/ros2_coche/build/nmea_msgs' returned '0': CMAKE_PREFIX_PATH=/opt/ros/humble /usr/bin/cmake --build /home/maria/ros2_coche/build/nmea_msgs -- -j12 -l12
