[01m[K/home/maria/ros2_coche/src/c4_gps/src/trimble_gps.cpp:[m[K In member function ‘[01m[Kvoid TrimbleGps::timer_callback()[m[K’:
[01m[K/home/maria/ros2_coche/src/c4_gps/src/trimble_gps.cpp:86:70:[m[K [01;31m[Kerror: [m[Kno matching function for call to ‘[01m[Kto_string(nmea_msgs::msg::Gpgga_<std::allocator<void> >::_header_type&)[m[K’
   86 | std::string message_struct = "Timestamp: " + [01;31m[Kstd::to_string(message.header)[m[K + ", Latitude: " + message.lat
      |                                              [01;31m[K~~~~~~~~~~~~~~^~~~~~~~~~~~~~~~[m[K

In file included from [01m[K/opt/ros/humble/include/rclcpp/rclcpp/node_interfaces/node_parameters_interface.hpp:28[m[K,
                 from [01m[K/opt/ros/humble/include/rclcpp/rclcpp/node.hpp:54[m[K,
                 from [01m[K/opt/ros/humble/include/rclcpp/rclcpp/executors/single_threaded_executor.hpp:28[m[K,
                 from [01m[K/opt/ros/humble/include/rclcpp/rclcpp/executors.hpp:22[m[K,
                 from [01m[K/opt/ros/humble/include/rclcpp/rclcpp/rclcpp.hpp:155[m[K,
                 from [01m[K/home/maria/ros2_coche/src/c4_gps/src/trimble_gps.cpp:21[m[K:
[01m[K/opt/ros/humble/include/rclcpp/rclcpp/parameter.hpp:289:1:[m[K [01;36m[Knote: [m[Kcandidate: ‘[01m[Kstd::string std::to_string(const rclcpp::Parameter&)[m[K’
  289 | [01;36m[Kto_string[m[K(const rclcpp::Parameter & param);
      | [01;36m[K^~~~~~~~~[m[K
[01m[K/opt/ros/humble/include/rclcpp/rclcpp/parameter.hpp:289:37:[m[K [01;36m[Knote: [m[K  no known conversion for argument 1 from ‘[01m[Knmea_msgs::msg::Gpgga_<std::allocator<void> >::_header_type[m[K’ {aka ‘[01m[Kstd_msgs::msg::Header_<std::allocator<void> >[m[K’} to ‘[01m[Kconst rclcpp::Parameter&[m[K’
  289 | to_string([01;36m[Kconst rclcpp::Parameter & param[m[K);
      |           [01;36m[K~~~~~~~~~~~~~~~~~~~~~~~~~~^~~~~[m[K
[01m[K/opt/ros/humble/include/rclcpp/rclcpp/parameter.hpp:294:1:[m[K [01;36m[Knote: [m[Kcandidate: ‘[01m[Kstd::string std::to_string(const std::vector<rclcpp::Parameter>&)[m[K’
  294 | [01;36m[Kto_string[m[K(const std::vector<rclcpp::Parameter> & parameters);
      | [01;36m[K^~~~~~~~~[m[K
[01m[K/opt/ros/humble/include/rclcpp/rclcpp/parameter.hpp:294:50:[m[K [01;36m[Knote: [m[K  no known conversion for argument 1 from ‘[01m[Knmea_msgs::msg::Gpgga_<std::allocator<void> >::_header_type[m[K’ {aka ‘[01m[Kstd_msgs::msg::Header_<std::allocator<void> >[m[K’} to ‘[01m[Kconst std::vector<rclcpp::Parameter>&[m[K’
  294 | to_string([01;36m[Kconst std::vector<rclcpp::Parameter> & parameters[m[K);
      |           [01;36m[K~~~~~~~~~~~~~~~~~~~~~~~~~~~~~~~~~~~~~~~^~~~~~~~~~[m[K
In file included from [01m[K/usr/include/c++/11/string:55[m[K,
                 from [01m[K/home/maria/ros2_coche/src/c4_gps/src/trimble_gps.cpp:4[m[K:
[01m[K/usr/include/c++/11/bits/basic_string.h:6660:3:[m[K [01;36m[Knote: [m[Kcandidate: ‘[01m[Kstd::string std::__cxx11::to_string(int)[m[K’
 6660 |   [01;36m[Kto_string[m[K(int __val)
      |   [01;36m[K^~~~~~~~~[m[K
[01m[K/usr/include/c++/11/bits/basic_string.h:6660:17:[m[K [01;36m[Knote: [m[K  no known conversion for argument 1 from ‘[01m[Knmea_msgs::msg::Gpgga_<std::allocator<void> >::_header_type[m[K’ {aka ‘[01m[Kstd_msgs::msg::Header_<std::allocator<void> >[m[K’} to ‘[01m[Kint[m[K’
 6660 |   to_string([01;36m[Kint __val[m[K)
      |             [01;36m[K~~~~^~~~~[m[K
[01m[K/usr/include/c++/11/bits/basic_string.h:6671:3:[m[K [01;36m[Knote: [m[Kcandidate: ‘[01m[Kstd::string std::__cxx11::to_string(unsigned int)[m[K’
 6671 |   [01;36m[Kto_string[m[K(unsigned __val)
      |   [01;36m[K^~~~~~~~~[m[K
[01m[K/usr/include/c++/11/bits/basic_string.h:6671:22:[m[K [01;36m[Knote: [m[K  no known conversion for argument 1 from ‘[01m[Knmea_msgs::msg::Gpgga_<std::allocator<void> >::_header_type[m[K’ {aka ‘[01m[Kstd_msgs::msg::Header_<std::allocator<void> >[m[K’} to ‘[01m[Kunsigned int[m[K’
 6671 |   to_string([01;36m[Kunsigned __val[m[K)
      |             [01;36m[K~~~~~~~~~^~~~~[m[K
[01m[K/usr/include/c++/11/bits/basic_string.h:6679:3:[m[K [01;36m[Knote: [m[Kcandidate: ‘[01m[Kstd::string std::__cxx11::to_string(long int)[m[K’
 6679 |   [01;36m[Kto_string[m[K(long __val)
      |   [01;36m[K^~~~~~~~~[m[K
[01m[K/usr/include/c++/11/bits/basic_string.h:6679:18:[m[K [01;36m[Knote: [m[K  no known conversion for argument 1 from ‘[01m[Knmea_msgs::msg::Gpgga_<std::allocator<void> >::_header_type[m[K’ {aka ‘[01m[Kstd_msgs::msg::Header_<std::allocator<void> >[m[K’} to ‘[01m[Klong int[m[K’
 6679 |   to_string([01;36m[Klong __val[m[K)
      |             [01;36m[K~~~~~^~~~~[m[K
[01m[K/usr/include/c++/11/bits/basic_string.h:6690:3:[m[K [01;36m[Knote: [m[Kcandidate: ‘[01m[Kstd::string std::__cxx11::to_string(long unsigned int)[m[K’
 6690 |   [01;36m[Kto_string[m[K(unsigned long __val)
      |   [01;36m[K^~~~~~~~~[m[K
[01m[K/usr/include/c++/11/bits/basic_string.h:6690:27:[m[K [01;36m[Knote: [m[K  no known conversion for argument 1 from ‘[01m[Knmea_msgs::msg::Gpgga_<std::allocator<void> >::_header_type[m[K’ {aka ‘[01m[Kstd_msgs::msg::Header_<std::allocator<void> >[m[K’} to ‘[01m[Klong unsigned int[m[K’
 6690 |   to_string([01;36m[Kunsigned long __val[m[K)
      |             [01;36m[K~~~~~~~~~~~~~~^~~~~[m[K
[01m[K/usr/include/c++/11/bits/basic_string.h:6698:3:[m[K [01;36m[Knote: [m[Kcandidate: ‘[01m[Kstd::string std::__cxx11::to_string(long long int)[m[K’
 6698 |   [01;36m[Kto_string[m[K(long long __val)
      |   [01;36m[K^~~~~~~~~[m[K
[01m[K/usr/include/c++/11/bits/basic_string.h:6698:23:[m[K [01;36m[Knote: [m[K  no known conversion for argument 1 from ‘[01m[Knmea_msgs::msg::Gpgga_<std::allocator<void> >::_header_type[m[K’ {aka ‘[01m[Kstd_msgs::msg::Header_<std::allocator<void> >[m[K’} to ‘[01m[Klong long int[m[K’
 6698 |   to_string([01;36m[Klong long __val[m[K)
      |             [01;36m[K~~~~~~~~~~^~~~~[m[K
[01m[K/usr/include/c++/11/bits/basic_string.h:6710:3:[m[K [01;36m[Knote: [m[Kcandidate: ‘[01m[Kstd::string std::__cxx11::to_string(long long unsigned int)[m[K’
 6710 |   [01;36m[Kto_string[m[K(unsigned long long __val)
      |   [01;36m[K^~~~~~~~~[m[K
[01m[K/usr/include/c++/11/bits/basic_string.h:6710:32:[m[K [01;36m[Knote: [m[K  no known conversion for argument 1 from ‘[01m[Knmea_msgs::msg::Gpgga_<std::allocator<void> >::_header_type[m[K’ {aka ‘[01m[Kstd_msgs::msg::Header_<std::allocator<void> >[m[K’} to ‘[01m[Klong long unsigned int[m[K’
 6710 |   to_string([01;36m[Kunsigned long long __val[m[K)
      |             [01;36m[K~~~~~~~~~~~~~~~~~~~^~~~~[m[K
[01m[K/usr/include/c++/11/bits/basic_string.h:6721:3:[m[K [01;36m[Knote: [m[Kcandidate: ‘[01m[Kstd::string std::__cxx11::to_string(float)[m[K’
 6721 |   [01;36m[Kto_string[m[K(float __val)
      |   [01;36m[K^~~~~~~~~[m[K
[01m[K/usr/include/c++/11/bits/basic_string.h:6721:19:[m[K [01;36m[Knote: [m[K  no known conversion for argument 1 from ‘[01m[Knmea_msgs::msg::Gpgga_<std::allocator<void> >::_header_type[m[K’ {aka ‘[01m[Kstd_msgs::msg::Header_<std::allocator<void> >[m[K’} to ‘[01m[Kfloat[m[K’
 6721 |   to_string([01;36m[Kfloat __val[m[K)
      |             [01;36m[K~~~~~~^~~~~[m[K
[01m[K/usr/include/c++/11/bits/basic_string.h:6730:3:[m[K [01;36m[Knote: [m[Kcandidate: ‘[01m[Kstd::string std::__cxx11::to_string(double)[m[K’
 6730 |   [01;36m[Kto_string[m[K(double __val)
      |   [01;36m[K^~~~~~~~~[m[K
[01m[K/usr/include/c++/11/bits/basic_string.h:6730:20:[m[K [01;36m[Knote: [m[K  no known conversion for argument 1 from ‘[01m[Knmea_msgs::msg::Gpgga_<std::allocator<void> >::_header_type[m[K’ {aka ‘[01m[Kstd_msgs::msg::Header_<std::allocator<void> >[m[K’} to ‘[01m[Kdouble[m[K’
 6730 |   to_string([01;36m[Kdouble __val[m[K)
      |             [01;36m[K~~~~~~~^~~~~[m[K
[01m[K/usr/include/c++/11/bits/basic_string.h:6739:3:[m[K [01;36m[Knote: [m[Kcandidate: ‘[01m[Kstd::string std::__cxx11::to_string(long double)[m[K’
 6739 |   [01;36m[Kto_string[m[K(long double __val)
      |   [01;36m[K^~~~~~~~~[m[K
[01m[K/usr/include/c++/11/bits/basic_string.h:6739:25:[m[K [01;36m[Knote: [m[K  no known conversion for argument 1 from ‘[01m[Knmea_msgs::msg::Gpgga_<std::allocator<void> >::_header_type[m[K’ {aka ‘[01m[Kstd_msgs::msg::Header_<std::allocator<void> >[m[K’} to ‘[01m[Klong double[m[K’
 6739 |   to_string([01;36m[Klong double __val[m[K)
      |             [01;36m[K~~~~~~~~~~~~^~~~~[m[K
[01m[K/home/maria/ros2_coche/src/c4_gps/src/trimble_gps.cpp:93:9:[m[K [01;31m[Kerror: [m[Kexpected ‘[01m[K,[m[K’ or ‘[01m[K;[m[K’ before ‘[01m[K}[m[K’ token
   93 |         [01;31m[K}[m[K
      |         [01;31m[K^[m[K
gmake[2]: *** [CMakeFiles/t_gps.dir/build.make:76: CMakeFiles/t_gps.dir/src/trimble_gps.cpp.o] Error 1
gmake[1]: *** [CMakeFiles/Makefile2:137: CMakeFiles/t_gps.dir/all] Error 2
gmake: *** [Makefile:146: all] Error 2
