[0.022s] Invoking command in '/home/maria/ros2_coche/build/c4_gps': CMAKE_PREFIX_PATH=/opt/ros/humble /usr/bin/cmake --build /home/maria/ros2_coche/build/c4_gps -- -j12 -l12
[0.091s] [35m[1mConsolidate compiler generated dependencies of target talker[0m
[0.151s] [ 50%] [32mBuilding CXX object CMakeFiles/talker.dir/src/gps_publisher.cpp.o[0m
[3.975s] [01m[K/home/maria/ros2_coche/src/c4_gps/src/gps_publisher.cpp:[m[K In member function ‘[01m[Kvoid MinimalPublisher::timer_callback()[m[K’:
[3.976s] [01m[K/home/maria/ros2_coche/src/c4_gps/src/gps_publisher.cpp:49:10:[m[K [01;35m[Kwarning: [m[Kvariable ‘[01m[Kret[m[K’ set but not used [[01;35m[K]8;;https://gcc.gnu.org/onlinedocs/gcc/Warning-Options.html#index-Wunused-but-set-variable-Wunused-but-set-variable]8;;[m[K]
[3.976s]    49 |     bool [01;35m[Kret[m[K = false;
[3.976s]       |          [01;35m[K^~~[m[K
[7.268s] [100%] [32m[1mLinking CXX executable talker[0m
[7.684s] [100%] Built target talker
[7.717s] Invoked command in '/home/maria/ros2_coche/build/c4_gps' returned '0': CMAKE_PREFIX_PATH=/opt/ros/humble /usr/bin/cmake --build /home/maria/ros2_coche/build/c4_gps -- -j12 -l12
[7.833s] Invoking command in '/home/maria/ros2_coche/build/c4_gps': CMAKE_PREFIX_PATH=/opt/ros/humble /usr/bin/cmake --install /home/maria/ros2_coche/build/c4_gps
[7.856s] -- Install configuration: ""
[7.857s] -- Installing: /home/maria/ros2_coche/install/c4_gps/lib/c4_gps/talker
[7.864s] -- Set runtime path of "/home/maria/ros2_coche/install/c4_gps/lib/c4_gps/talker" to ""
[7.864s] -- Up-to-date: /home/maria/ros2_coche/install/c4_gps/share/ament_index/resource_index/package_run_dependencies/c4_gps
[7.865s] -- Up-to-date: /home/maria/ros2_coche/install/c4_gps/share/ament_index/resource_index/parent_prefix_path/c4_gps
[7.865s] -- Up-to-date: /home/maria/ros2_coche/install/c4_gps/share/c4_gps/environment/ament_prefix_path.sh
[7.866s] -- Up-to-date: /home/maria/ros2_coche/install/c4_gps/share/c4_gps/environment/ament_prefix_path.dsv
[7.866s] -- Up-to-date: /home/maria/ros2_coche/install/c4_gps/share/c4_gps/environment/path.sh
[7.866s] -- Up-to-date: /home/maria/ros2_coche/install/c4_gps/share/c4_gps/environment/path.dsv
[7.867s] -- Up-to-date: /home/maria/ros2_coche/install/c4_gps/share/c4_gps/local_setup.bash
[7.867s] -- Up-to-date: /home/maria/ros2_coche/install/c4_gps/share/c4_gps/local_setup.sh
[7.867s] -- Up-to-date: /home/maria/ros2_coche/install/c4_gps/share/c4_gps/local_setup.zsh
[7.868s] -- Up-to-date: /home/maria/ros2_coche/install/c4_gps/share/c4_gps/local_setup.dsv
[7.868s] -- Installing: /home/maria/ros2_coche/install/c4_gps/share/c4_gps/package.dsv
[7.868s] -- Up-to-date: /home/maria/ros2_coche/install/c4_gps/share/ament_index/resource_index/packages/c4_gps
[7.868s] -- Up-to-date: /home/maria/ros2_coche/install/c4_gps/share/c4_gps/cmake/c4_gpsConfig.cmake
[7.869s] -- Up-to-date: /home/maria/ros2_coche/install/c4_gps/share/c4_gps/cmake/c4_gpsConfig-version.cmake
[7.869s] -- Up-to-date: /home/maria/ros2_coche/install/c4_gps/share/c4_gps/package.xml
[7.873s] Invoked command in '/home/maria/ros2_coche/build/c4_gps' returned '0': CMAKE_PREFIX_PATH=/opt/ros/humble /usr/bin/cmake --install /home/maria/ros2_coche/build/c4_gps
