[0.137s] Invoking command in '/home/maria/ros2_coche/build/c4_gps': AMENT_PREFIX_PATH=/home/maria/ros2_coche/install/nmea_msgs:${AMENT_PREFIX_PATH} CMAKE_PREFIX_PATH=/opt/ros/humble:/home/maria/ros2_coche/install/nmea_msgs LD_LIBRARY_PATH=/home/maria/ros2_coche/install/nmea_msgs/lib:${LD_LIBRARY_PATH} PYTHONPATH=/home/maria/ros2_coche/install/nmea_msgs/local/lib/python3.10/dist-packages:${PYTHONPATH} /usr/bin/cmake --build /home/maria/ros2_coche/build/c4_gps -- -j12 -l12
[0.278s] [35m[1mConsolidate compiler generated dependencies of target t_gps[0m
[0.348s] [ 50%] [32mBuilding CXX object CMakeFiles/t_gps.dir/src/gps_reader.cpp.o[0m
[4.211s] [01m[K/home/maria/ros2_coche/src/c4_gps/src/gps_reader.cpp:[m[K In member function ‘[01m[Kvoid GpsReader::gpgga_callback()[m[K’:
[4.211s] [01m[K/home/maria/ros2_coche/src/c4_gps/src/gps_reader.cpp:54:33:[m[K [01;31m[Kerror: [m[Kcannot call member function ‘[01m[Kvoid rclcpp::Executor::cancel()[m[K’ without object
[4.211s]    54 |         [01;31m[Krclcpp::Executor::cancel()[m[K
[4.212s]       |         [01;31m[K~~~~~~~~~~~~~~~~~~~~~~~~^~[m[K
[4.212s] [01m[K/home/maria/ros2_coche/src/c4_gps/src/gps_reader.cpp:86:108:[m[K [01;31m[Kerror: [m[Kno matching function for call to ‘[01m[Kstd::__cxx11::basic_string<char>::basic_string(builtin_interfaces::msg::Time_<std::allocator<void> >::_sec_type&)[m[K’
[4.212s]    86 | tf(message_struct, 200, "Timestamp: %i, Latitude: %f", std::string(message.header.stamp.sec[01;31m[K)[m[K.c_str(), message.lat);
[4.212s]       |                                                                                            [01;31m[K^[m[K
[4.213s] 
[4.214s] In file included from [01m[K/usr/include/c++/11/string:55[m[K,
[4.214s]                  from [01m[K/home/maria/ros2_coche/src/c4_gps/src/gps_reader.cpp:3[m[K:
[4.214s] [01m[K/usr/include/c++/11/bits/basic_string.h:664:9:[m[K [01;36m[Knote: [m[Kcandidate: ‘[01m[Ktemplate<class _Tp, class> std::__cxx11::basic_string<_CharT, _Traits, _Alloc>::basic_string(const _Tp&, const _Alloc&) [with _Tp = _Tp; <template-parameter-2-2> = <template-parameter-1-2>; _CharT = char; _Traits = std::char_traits<char>; _Alloc = std::allocator<char>][m[K’
[4.214s]   664 |         [01;36m[Kbasic_string[m[K(const _Tp& __t, const _Alloc& __a = _Alloc())
[4.214s]       |         [01;36m[K^~~~~~~~~~~~[m[K
[4.214s] [01m[K/usr/include/c++/11/bits/basic_string.h:664:9:[m[K [01;36m[Knote: [m[K  template argument deduction/substitution failed:
[4.214s] In file included from [01m[K/usr/include/c++/11/ratio:39[m[K,
[4.214s]                  from [01m[K/usr/include/c++/11/chrono:39[m[K,
[4.214s]                  from [01m[K/home/maria/ros2_coche/src/c4_gps/src/gps_reader.cpp:1[m[K:
[4.215s] /usr/include/c++/11/type_traits: In substitution of ‘[01m[Ktemplate<bool _Cond, class _Tp> using enable_if_t = typename std::enable_if::type [with bool _Cond = false; _Tp = void][m[K’:
[4.215s] [01m[K/usr/include/c++/11/bits/basic_string.h:125:8:[m[K   required by substitution of ‘[01m[Ktemplate<class _CharT, class _Traits, class _Alloc> template<class _Tp, class _Res> using _If_sv = std::enable_if_t<std::__and_<std::is_convertible<const _Tp&, std::basic_string_view<_CharT, _Traits> >, std::__not_<std::is_convertible<const _Tp*, const std::__cxx11::basic_string<_CharT, _Traits, _Alloc>*> >, std::__not_<std::is_convertible<const _Tp&, const _CharT*> > >::value, _Res> [with _Tp = int; _Res = void; _CharT = char; _Traits = std::char_traits<char>; _Alloc = std::allocator<char>][m[K’
[4.215s] [01m[K/usr/include/c++/11/bits/basic_string.h:662:30:[m[K   required from here
[4.215s] [01m[K/usr/include/c++/11/type_traits:2579:11:[m[K [01;31m[Kerror: [m[Kno type named ‘[01m[Ktype[m[K’ in ‘[01m[Kstruct std::enable_if<false, void>[m[K’
[4.215s]  2579 |     using [01;31m[Kenable_if_t[m[K = typename enable_if<_Cond, _Tp>::type;
[4.215s]       |           [01;31m[K^~~~~~~~~~~[m[K
[4.215s] In file included from [01m[K/usr/include/c++/11/string:55[m[K,
[4.215s]                  from [01m[K/home/maria/ros2_coche/src/c4_gps/src/gps_reader.cpp:3[m[K:
[4.215s] [01m[K/usr/include/c++/11/bits/basic_string.h:653:9:[m[K [01;36m[Knote: [m[Kcandidate: ‘[01m[Ktemplate<class _Tp, class> std::__cxx11::basic_string<_CharT, _Traits, _Alloc>::basic_string(const _Tp&, std::__cxx11::basic_string<_CharT, _Traits, _Alloc>::size_type, std::__cxx11::basic_string<_CharT, _Traits, _Alloc>::size_type, const _Alloc&) [with _Tp = _Tp; <template-parameter-2-2> = <template-parameter-1-2>; _CharT = char; _Traits = std::char_traits<char>; _Alloc = std::allocator<char>][m[K’
[4.216s]   653 |         [01;36m[Kbasic_string[m[K(const _Tp& __t, size_type __pos, size_type __n,
[4.216s]       |         [01;36m[K^~~~~~~~~~~~[m[K
[4.216s] [01m[K/usr/include/c++/11/bits/basic_string.h:653:9:[m[K [01;36m[Knote: [m[K  template argument deduction/substitution failed:
[4.216s] [01m[K/home/maria/ros2_coche/src/c4_gps/src/gps_reader.cpp:86:108:[m[K [01;36m[Knote: [m[K  candidate expects 4 arguments, 1 provided
[4.216s]    86 | tf(message_struct, 200, "Timestamp: %i, Latitude: %f", std::string(message.header.stamp.sec[01;36m[K)[m[K.c_str(), message.lat);
[4.216s]       |                                                                                            [01;36m[K^[m[K
[4.216s] 
[4.216s] In file included from [01m[K/usr/include/c++/11/string:55[m[K,
[4.216s]                  from [01m[K/home/maria/ros2_coche/src/c4_gps/src/gps_reader.cpp:3[m[K:
[4.217s] [01m[K/usr/include/c++/11/bits/basic_string.h:638:9:[m[K [01;36m[Knote: [m[Kcandidate: ‘[01m[Ktemplate<class _InputIterator, class> std::__cxx11::basic_string<_CharT, _Traits, _Alloc>::basic_string(_InputIterator, _InputIterator, const _Alloc&) [with _InputIterator = _InputIterator; <template-parameter-2-2> = <template-parameter-1-2>; _CharT = char; _Traits = std::char_traits<char>; _Alloc = std::allocator<char>][m[K’
[4.217s]   638 |         [01;36m[Kbasic_string[m[K(_InputIterator __beg, _InputIterator __end,
[4.217s]       |         [01;36m[K^~~~~~~~~~~~[m[K
[4.217s] [01m[K/usr/include/c++/11/bits/basic_string.h:638:9:[m[K [01;36m[Knote: [m[K  template argument deduction/substitution failed:
[4.217s] [01m[K/home/maria/ros2_coche/src/c4_gps/src/gps_reader.cpp:86:108:[m[K [01;36m[Knote: [m[K  candidate expects 3 arguments, 1 provided
[4.217s]    86 | tf(message_struct, 200, "Timestamp: %i, Latitude: %f", std::string(message.header.stamp.sec[01;36m[K)[m[K.c_str(), message.lat);
[4.217s]       |                                                                                            [01;36m[K^[m[K
[4.217s] 
[4.217s] In file included from [01m[K/usr/include/c++/11/string:55[m[K,
[4.217s]                  from [01m[K/home/maria/ros2_coche/src/c4_gps/src/gps_reader.cpp:3[m[K:
[4.218s] [01m[K/usr/include/c++/11/bits/basic_string.h:553:7:[m[K [01;36m[Knote: [m[Kcandidate: ‘[01m[Ktemplate<class> std::__cxx11::basic_string<_CharT, _Traits, _Alloc>::basic_string(std::__cxx11::basic_string<_CharT, _Traits, _Alloc>::size_type, _CharT, const _Alloc&) [with <template-parameter-2-1> = <template-parameter-1-1>; _CharT = char; _Traits = std::char_traits<char>; _Alloc = std::allocator<char>][m[K’
[4.218s]   553 |       [01;36m[Kbasic_string[m[K(size_type __n, _CharT __c, const _Alloc& __a = _Alloc())
[4.218s]       |       [01;36m[K^~~~~~~~~~~~[m[K
[4.218s] [01m[K/usr/include/c++/11/bits/basic_string.h:553:7:[m[K [01;36m[Knote: [m[K  template argument deduction/substitution failed:
[4.218s] [01m[K/home/maria/ros2_coche/src/c4_gps/src/gps_reader.cpp:86:108:[m[K [01;36m[Knote: [m[K  candidate expects 3 arguments, 1 provided
[4.218s]    86 | tf(message_struct, 200, "Timestamp: %i, Latitude: %f", std::string(message.header.stamp.sec[01;36m[K)[m[K.c_str(), message.lat);
[4.218s]       |                                                                                            [01;36m[K^[m[K
[4.218s] 
[4.218s] In file included from [01m[K/usr/include/c++/11/string:55[m[K,
[4.218s]                  from [01m[K/home/maria/ros2_coche/src/c4_gps/src/gps_reader.cpp:3[m[K:
[4.219s] [01m[K/usr/include/c++/11/bits/basic_string.h:533:7:[m[K [01;36m[Knote: [m[Kcandidate: ‘[01m[Ktemplate<class> std::__cxx11::basic_string<_CharT, _Traits, _Alloc>::basic_string(const _CharT*, const _Alloc&) [with <template-parameter-2-1> = <template-parameter-1-1>; _CharT = char; _Traits = std::char_traits<char>; _Alloc = std::allocator<char>][m[K’
[4.219s]   533 |       [01;36m[Kbasic_string[m[K(const _CharT* __s, const _Alloc& __a = _Alloc())
[4.219s]       |       [01;36m[K^~~~~~~~~~~~[m[K
[4.219s] [01m[K/usr/include/c++/11/bits/basic_string.h:533:7:[m[K [01;36m[Knote: [m[K  template argument deduction/substitution failed:
[4.219s] [01m[K/home/maria/ros2_coche/src/c4_gps/src/gps_reader.cpp:86:105:[m[K [01;36m[Knote: [m[K  cannot convert ‘[01m[Kmessage.nmea_msgs::msg::Gpgga_<std::allocator<void> >::header.std_msgs::msg::Header_<std::allocator<void> >::stamp.builtin_interfaces::msg::Time_<std::allocator<void> >::sec[m[K’ (type ‘[01m[Kbuiltin_interfaces::msg::Time_<std::allocator<void> >::_sec_type[m[K’ {aka ‘[01m[Kint[m[K’}) to type ‘[01m[Kconst char*[m[K’
[4.219s]    86 | rintf(message_struct, 200, "Timestamp: %i, Latitude: %f", std::string([01;36m[Kmessage.header.stamp.sec[m[K).c_str(), message.lat);
[4.219s]       |                                                                       [01;36m[K~~~~~~~~~~~~~~~~~~~~~^~~[m[K
[4.219s] 
[4.220s] In file included from [01m[K/usr/include/c++/11/string:55[m[K,
[4.220s]                  from [01m[K/home/maria/ros2_coche/src/c4_gps/src/gps_reader.cpp:3[m[K:
[4.220s] [01m[K/usr/include/c++/11/bits/basic_string.h:600:7:[m[K [01;36m[Knote: [m[Kcandidate: ‘[01m[Kstd::__cxx11::basic_string<_CharT, _Traits, _Alloc>::basic_string(std::__cxx11::basic_string<_CharT, _Traits, _Alloc>&&, const _Alloc&) [with _CharT = char; _Traits = std::char_traits<char>; _Alloc = std::allocator<char>][m[K’
[4.220s]   600 |       [01;36m[Kbasic_string[m[K(basic_string&& __str, const _Alloc& __a)
[4.220s]       |       [01;36m[K^~~~~~~~~~~~[m[K
[4.220s] [01m[K/usr/include/c++/11/bits/basic_string.h:600:7:[m[K [01;36m[Knote: [m[K  candidate expects 2 arguments, 1 provided
[4.220s] [01m[K/usr/include/c++/11/bits/basic_string.h:596:7:[m[K [01;36m[Knote: [m[Kcandidate: ‘[01m[Kstd::__cxx11::basic_string<_CharT, _Traits, _Alloc>::basic_string(const std::__cxx11::basic_string<_CharT, _Traits, _Alloc>&, const _Alloc&) [with _CharT = char; _Traits = std::char_traits<char>; _Alloc = std::allocator<char>][m[K’
[4.220s]   596 |       [01;36m[Kbasic_string[m[K(const basic_string& __str, const _Alloc& __a)
[4.220s]       |       [01;36m[K^~~~~~~~~~~~[m[K
[4.221s] [01m[K/usr/include/c++/11/bits/basic_string.h:596:7:[m[K [01;36m[Knote: [m[K  candidate expects 2 arguments, 1 provided
[4.221s] [01m[K/usr/include/c++/11/bits/basic_string.h:592:7:[m[K [01;36m[Knote: [m[Kcandidate: ‘[01m[Kstd::__cxx11::basic_string<_CharT, _Traits, _Alloc>::basic_string(std::initializer_list<_Tp>, const _Alloc&) [with _CharT = char; _Traits = std::char_traits<char>; _Alloc = std::allocator<char>][m[K’
[4.221s]   592 |       [01;36m[Kbasic_string[m[K(initializer_list<_CharT> __l, const _Alloc& __a = _Alloc())
[4.221s]       |       [01;36m[K^~~~~~~~~~~~[m[K
[4.221s] [01m[K/usr/include/c++/11/bits/basic_string.h:592:45:[m[K [01;36m[Knote: [m[K  no known conversion for argument 1 from ‘[01m[Kbuiltin_interfaces::msg::Time_<std::allocator<void> >::_sec_type[m[K’ {aka ‘[01m[Kint[m[K’} to ‘[01m[Kstd::initializer_list<char>[m[K’
[4.221s]   592 |       basic_string([01;36m[Kinitializer_list<_CharT> __l[m[K, const _Alloc& __a = _Alloc())
[4.221s]       |                    [01;36m[K~~~~~~~~~~~~~~~~~~~~~~~~~^~~[m[K
[4.221s] [01m[K/usr/include/c++/11/bits/basic_string.h:565:7:[m[K [01;36m[Knote: [m[Kcandidate: ‘[01m[Kstd::__cxx11::basic_string<_CharT, _Traits, _Alloc>::basic_string(std::__cxx11::basic_string<_CharT, _Traits, _Alloc>&&) [with _CharT = char; _Traits = std::char_traits<char>; _Alloc = std::allocator<char>][m[K’
[4.221s]   565 |       [01;36m[Kbasic_string[m[K(basic_string&& __str) noexcept
[4.221s]       |       [01;36m[K^~~~~~~~~~~~[m[K
[4.222s] [01m[K/usr/include/c++/11/bits/basic_string.h:565:35:[m[K [01;36m[Knote: [m[K  no known conversion for argument 1 from ‘[01m[Kbuiltin_interfaces::msg::Time_<std::allocator<void> >::_sec_type[m[K’ {aka ‘[01m[Kint[m[K’} to ‘[01m[Kstd::__cxx11::basic_string<char>&&[m[K’
[4.222s]   565 |       basic_string([01;36m[Kbasic_string&& __str[m[K) noexcept
[4.222s]       |                    [01;36m[K~~~~~~~~~~~~~~~^~~~~[m[K
[4.222s] [01m[K/usr/include/c++/11/bits/basic_string.h:518:7:[m[K [01;36m[Knote: [m[Kcandidate: ‘[01m[Kstd::__cxx11::basic_string<_CharT, _Traits, _Alloc>::basic_string(const _CharT*, std::__cxx11::basic_string<_CharT, _Traits, _Alloc>::size_type, const _Alloc&) [with _CharT = char; _Traits = std::char_traits<char>; _Alloc = std::allocator<char>; std::__cxx11::basic_string<_CharT, _Traits, _Alloc>::size_type = long unsigned int][m[K’
[4.222s]   518 |       [01;36m[Kbasic_string[m[K(const _CharT* __s, size_type __n,
[4.222s]       |       [01;36m[K^~~~~~~~~~~~[m[K
[4.222s] [01m[K/usr/include/c++/11/bits/basic_string.h:518:7:[m[K [01;36m[Knote: [m[K  candidate expects 3 arguments, 1 provided
[4.222s] [01m[K/usr/include/c++/11/bits/basic_string.h:500:7:[m[K [01;36m[Knote: [m[Kcandidate: ‘[01m[Kstd::__cxx11::basic_string<_CharT, _Traits, _Alloc>::basic_string(const std::__cxx11::basic_string<_CharT, _Traits, _Alloc>&, std::__cxx11::basic_string<_CharT, _Traits, _Alloc>::size_type, std::__cxx11::basic_string<_CharT, _Traits, _Alloc>::size_type, const _Alloc&) [with _CharT = char; _Traits = std::char_traits<char>; _Alloc = std::allocator<char>; std::__cxx11::basic_string<_CharT, _Traits, _Alloc>::size_type = long unsigned int][m[K’
[4.222s]   500 |       [01;36m[Kbasic_string[m[K(const basic_string& __str, size_type __pos,
[4.222s]       |       [01;36m[K^~~~~~~~~~~~[m[K
[4.223s] [01m[K/usr/include/c++/11/bits/basic_string.h:500:7:[m[K [01;36m[Knote: [m[K  candidate expects 4 arguments, 1 provided
[4.223s] [01m[K/usr/include/c++/11/bits/basic_string.h:484:7:[m[K [01;36m[Knote: [m[Kcandidate: ‘[01m[Kstd::__cxx11::basic_string<_CharT, _Traits, _Alloc>::basic_string(const std::__cxx11::basic_string<_CharT, _Traits, _Alloc>&, std::__cxx11::basic_string<_CharT, _Traits, _Alloc>::size_type, std::__cxx11::basic_string<_CharT, _Traits, _Alloc>::size_type) [with _CharT = char; _Traits = std::char_traits<char>; _Alloc = std::allocator<char>; std::__cxx11::basic_string<_CharT, _Traits, _Alloc>::size_type = long unsigned int][m[K’
[4.223s]   484 |       [01;36m[Kbasic_string[m[K(const basic_string& __str, size_type __pos,
[4.223s]       |       [01;36m[K^~~~~~~~~~~~[m[K
[4.223s] [01m[K/usr/include/c++/11/bits/basic_string.h:484:7:[m[K [01;36m[Knote: [m[K  candidate expects 3 arguments, 1 provided
[4.223s] [01m[K/usr/include/c++/11/bits/basic_string.h:469:7:[m[K [01;36m[Knote: [m[Kcandidate: ‘[01m[Kstd::__cxx11::basic_string<_CharT, _Traits, _Alloc>::basic_string(const std::__cxx11::basic_string<_CharT, _Traits, _Alloc>&, std::__cxx11::basic_string<_CharT, _Traits, _Alloc>::size_type, const _Alloc&) [with _CharT = char; _Traits = std::char_traits<char>; _Alloc = std::allocator<char>; std::__cxx11::basic_string<_CharT, _Traits, _Alloc>::size_type = long unsigned int][m[K’
[4.223s]   469 |       [01;36m[Kbasic_string[m[K(const basic_string& __str, size_type __pos,
[4.223s]       |       [01;36m[K^~~~~~~~~~~~[m[K
[4.223s] [01m[K/usr/include/c++/11/bits/basic_string.h:469:7:[m[K [01;36m[Knote: [m[K  candidate expects 3 arguments, 1 provided
[4.223s] [01m[K/usr/include/c++/11/bits/basic_string.h:456:7:[m[K [01;36m[Knote: [m[Kcandidate: ‘[01m[Kstd::__cxx11::basic_string<_CharT, _Traits, _Alloc>::basic_string(const std::__cxx11::basic_string<_CharT, _Traits, _Alloc>&) [with _CharT = char; _Traits = std::char_traits<char>; _Alloc = std::allocator<char>][m[K’
[4.224s]   456 |       [01;36m[Kbasic_string[m[K(const basic_string& __str)
[4.224s]       |       [01;36m[K^~~~~~~~~~~~[m[K
[4.224s] [01m[K/usr/include/c++/11/bits/basic_string.h:456:40:[m[K [01;36m[Knote: [m[K  no known conversion for argument 1 from ‘[01m[Kbuiltin_interfaces::msg::Time_<std::allocator<void> >::_sec_type[m[K’ {aka ‘[01m[Kint[m[K’} to ‘[01m[Kconst std::__cxx11::basic_string<char>&[m[K’
[4.224s]   456 |       basic_string([01;36m[Kconst basic_string& __str[m[K)
[4.224s]       |                    [01;36m[K~~~~~~~~~~~~~~~~~~~~^~~~~[m[K
[4.224s] [01m[K/usr/include/c++/11/bits/basic_string.h:448:7:[m[K [01;36m[Knote: [m[Kcandidate: ‘[01m[Kstd::__cxx11::basic_string<_CharT, _Traits, _Alloc>::basic_string(const _Alloc&) [with _CharT = char; _Traits = std::char_traits<char>; _Alloc = std::allocator<char>][m[K’
[4.224s]   448 |       [01;36m[Kbasic_string[m[K(const _Alloc& __a) _GLIBCXX_NOEXCEPT
[4.224s]       |       [01;36m[K^~~~~~~~~~~~[m[K
[4.224s] [01m[K/usr/include/c++/11/bits/basic_string.h:448:34:[m[K [01;36m[Knote: [m[K  no known conversion for argument 1 from ‘[01m[Kbuiltin_interfaces::msg::Time_<std::allocator<void> >::_sec_type[m[K’ {aka ‘[01m[Kint[m[K’} to ‘[01m[Kconst std::allocator<char>&[m[K’
[4.224s]   448 |       basic_string([01;36m[Kconst _Alloc& __a[m[K) _GLIBCXX_NOEXCEPT
[4.225s]       |                    [01;36m[K~~~~~~~~~~~~~~^~~[m[K
[4.225s] [01m[K/usr/include/c++/11/bits/basic_string.h:439:7:[m[K [01;36m[Knote: [m[Kcandidate: ‘[01m[Kstd::__cxx11::basic_string<_CharT, _Traits, _Alloc>::basic_string() [with _CharT = char; _Traits = std::char_traits<char>; _Alloc = std::allocator<char>][m[K’
[4.225s]   439 |       [01;36m[Kbasic_string[m[K()
[4.225s]       |       [01;36m[K^~~~~~~~~~~~[m[K
[4.225s] [01m[K/usr/include/c++/11/bits/basic_string.h:439:7:[m[K [01;36m[Knote: [m[K  candidate expects 0 arguments, 1 provided
[4.225s] [01m[K/usr/include/c++/11/bits/basic_string.h:153:7:[m[K [01;36m[Knote: [m[Kcandidate: ‘[01m[Kstd::__cxx11::basic_string<_CharT, _Traits, _Alloc>::basic_string(std::__cxx11::basic_string<_CharT, _Traits, _Alloc>::__sv_wrapper, const _Alloc&) [with _CharT = char; _Traits = std::char_traits<char>; _Alloc = std::allocator<char>][m[K’
[4.225s]   153 |       [01;36m[Kbasic_string[m[K(__sv_wrapper __svw, const _Alloc& __a)
[4.225s]       |       [01;36m[K^~~~~~~~~~~~[m[K
[4.225s] [01m[K/usr/include/c++/11/bits/basic_string.h:153:7:[m[K [01;36m[Knote: [m[K  candidate expects 2 arguments, 1 provided
[4.225s] [01m[K/home/maria/ros2_coche/src/c4_gps/src/gps_reader.cpp:90:24:[m[K [01;31m[Kerror: [m[Kinvalid array assignment
[4.225s]    90 |             [01;31m[Kmessagegps = message_struct[m[K;
[4.226s]       |             [01;31m[K~~~~~~~~~~~^~~~~~~~~~~~~~~~[m[K
[5.440s] gmake[2]: *** [CMakeFiles/t_gps.dir/build.make:76: CMakeFiles/t_gps.dir/src/gps_reader.cpp.o] Error 1
[5.440s] gmake[1]: *** [CMakeFiles/Makefile2:137: CMakeFiles/t_gps.dir/all] Error 2
[5.441s] gmake: *** [Makefile:146: all] Error 2
[5.444s] Invoked command in '/home/maria/ros2_coche/build/c4_gps' returned '2': AMENT_PREFIX_PATH=/home/maria/ros2_coche/install/nmea_msgs:${AMENT_PREFIX_PATH} CMAKE_PREFIX_PATH=/opt/ros/humble:/home/maria/ros2_coche/install/nmea_msgs LD_LIBRARY_PATH=/home/maria/ros2_coche/install/nmea_msgs/lib:${LD_LIBRARY_PATH} PYTHONPATH=/home/maria/ros2_coche/install/nmea_msgs/local/lib/python3.10/dist-packages:${PYTHONPATH} /usr/bin/cmake --build /home/maria/ros2_coche/build/c4_gps -- -j12 -l12
