[0.119s] Invoking command in '/home/maria/ros2_coche/build/nmea_msgs': CMAKE_PREFIX_PATH=/home/maria/ros2_coche/install/c4_gps:/opt/ros/humble:/home/maria/ros2_coche/install/nmea_msgs /usr/bin/cmake --build /home/maria/ros2_coche/build/nmea_msgs -- -j12 -l12
[0.197s] -- Found ament_cmake: 1.3.6 (/opt/ros/humble/share/ament_cmake/cmake)
[0.485s] -- Found Python3: /usr/bin/python3.10 (found version "3.10.12") found components: Interpreter 
[0.709s] -- Override CMake install command with custom implementation using symlinks instead of copying resources
[0.750s] -- Found std_msgs: 4.2.3 (/opt/ros/humble/share/std_msgs/cmake)
[0.857s] -- Found rosidl_generator_c: 3.1.5 (/opt/ros/humble/share/rosidl_generator_c/cmake)
[0.867s] -- Found rosidl_adapter: 3.1.5 (/opt/ros/humble/share/rosidl_adapter/cmake)
[0.893s] -- Found rosidl_generator_cpp: 3.1.5 (/opt/ros/humble/share/rosidl_generator_cpp/cmake)
[0.944s] -- Using all available rosidl_typesupport_c: rosidl_typesupport_fastrtps_c;rosidl_typesupport_introspection_c
[1.007s] -- Using all available rosidl_typesupport_cpp: rosidl_typesupport_fastrtps_cpp;rosidl_typesupport_introspection_cpp
[1.169s] -- Found rosidl_default_generators: 1.2.0 (/opt/ros/humble/share/rosidl_default_generators/cmake)
[2.114s] -- Found ament_cmake_ros: 0.10.0 (/opt/ros/humble/share/ament_cmake_ros/cmake)
[3.268s] -- Using all available rosidl_typesupport_c: rosidl_typesupport_fastrtps_c;rosidl_typesupport_introspection_c
[3.750s] -- Using all available rosidl_typesupport_cpp: rosidl_typesupport_fastrtps_cpp;rosidl_typesupport_introspection_cpp
[3.815s] -- Found PythonInterp: /usr/bin/python3 (found suitable version "3.10.12", minimum required is "3.6") 
[3.816s] -- Found python_cmake_module: 0.10.0 (/opt/ros/humble/share/python_cmake_module/cmake)
[3.877s] -- Found PythonLibs: /usr/lib/x86_64-linux-gnu/libpython3.10.so (found suitable version "3.10.12", minimum required is "3.5") 
[3.878s] -- Using PYTHON_EXECUTABLE: /usr/bin/python3
[3.878s] -- Using PYTHON_INCLUDE_DIRS: /usr/include/python3.10
[3.878s] -- Using PYTHON_LIBRARIES: /usr/lib/x86_64-linux-gnu/libpython3.10.so
[4.013s] -- Configuring done
[4.207s] -- Generating done
[4.223s] -- Build files have been written to: /home/maria/ros2_coche/build/nmea_msgs
[4.294s] [  1%] [34m[1mGenerating C code for ROS interfaces[0m
[4.313s] [  2%] [34m[1mGenerating C++ code for ROS interfaces[0m
[4.335s] [  2%] Built target ament_cmake_python_symlink_nmea_msgs
[4.752s] running egg_info
[4.753s] writing nmea_msgs.egg-info/PKG-INFO
[4.753s] writing dependency_links to nmea_msgs.egg-info/dependency_links.txt
[4.754s] writing top-level names to nmea_msgs.egg-info/top_level.txt
[4.758s] reading manifest file 'nmea_msgs.egg-info/SOURCES.txt'
[4.759s] writing manifest file 'nmea_msgs.egg-info/SOURCES.txt'
[4.795s] [  2%] Built target ament_cmake_python_build_nmea_msgs_egg
[5.696s] [  2%] Built target nmea_msgs__cpp
[5.718s] [  5%] [34m[1mGenerating C++ type support dispatch for ROS interfaces[0m
[5.718s] [  5%] [34m[1mGenerating C++ type support for eProsima Fast-RTPS[0m
[5.718s] [  6%] [34m[1mGenerating C++ introspection for ROS interfaces[0m
[5.741s] [35m[1mConsolidate compiler generated dependencies of target nmea_msgs__rosidl_generator_c[0m
[5.773s] [  7%] [32mBuilding C object CMakeFiles/nmea_msgs__rosidl_generator_c.dir/rosidl_generator_c/nmea_msgs/msg/detail/gpgga__functions.c.o[0m
[5.773s] [  8%] [32mBuilding C object CMakeFiles/nmea_msgs__rosidl_generator_c.dir/rosidl_generator_c/nmea_msgs/msg/detail/gpgsv_satellite__functions.c.o[0m
[5.773s] [ 10%] [32mBuilding C object CMakeFiles/nmea_msgs__rosidl_generator_c.dir/rosidl_generator_c/nmea_msgs/msg/detail/gpgst__functions.c.o[0m
[5.773s] [ 11%] [32mBuilding C object CMakeFiles/nmea_msgs__rosidl_generator_c.dir/rosidl_generator_c/nmea_msgs/msg/detail/gprmc__functions.c.o[0m
[5.773s] [ 13%] [32mBuilding C object CMakeFiles/nmea_msgs__rosidl_generator_c.dir/rosidl_generator_c/nmea_msgs/msg/detail/sentence__functions.c.o[0m
[5.774s] [ 15%] [32mBuilding C object CMakeFiles/nmea_msgs__rosidl_generator_c.dir/rosidl_generator_c/nmea_msgs/msg/detail/gpgsa__functions.c.o[0m
[5.774s] [ 15%] [32mBuilding C object CMakeFiles/nmea_msgs__rosidl_generator_c.dir/rosidl_generator_c/nmea_msgs/msg/detail/gpgsv__functions.c.o[0m
[5.916s] [ 16%] [32m[1mLinking C shared library libnmea_msgs__rosidl_generator_c.so[0m
[5.984s] [ 16%] Built target nmea_msgs__rosidl_generator_c
[5.999s] [ 17%] [34m[1mGenerating C type support dispatch for ROS interfaces[0m
[6.000s] [ 18%] [34m[1mGenerating C type support for eProsima Fast-RTPS[0m
[6.004s] [ 20%] [34m[1mGenerating C introspection for ROS interfaces[0m
[6.828s] [35m[1mConsolidate compiler generated dependencies of target nmea_msgs__rosidl_typesupport_cpp[0m
[6.861s] [ 22%] [32mBuilding CXX object CMakeFiles/nmea_msgs__rosidl_typesupport_cpp.dir/rosidl_typesupport_cpp/nmea_msgs/msg/gpgsa__type_support.cpp.o[0m
[6.861s] [ 25%] [32mBuilding CXX object CMakeFiles/nmea_msgs__rosidl_typesupport_cpp.dir/rosidl_typesupport_cpp/nmea_msgs/msg/gprmc__type_support.cpp.o[0m
[6.862s] [ 25%] [32mBuilding CXX object CMakeFiles/nmea_msgs__rosidl_typesupport_cpp.dir/rosidl_typesupport_cpp/nmea_msgs/msg/gpgsv_satellite__type_support.cpp.o[0m
[6.862s] [ 26%] [32mBuilding CXX object CMakeFiles/nmea_msgs__rosidl_typesupport_cpp.dir/rosidl_typesupport_cpp/nmea_msgs/msg/gpgsv__type_support.cpp.o[0m
[6.869s] [ 26%] [32mBuilding CXX object CMakeFiles/nmea_msgs__rosidl_typesupport_cpp.dir/rosidl_typesupport_cpp/nmea_msgs/msg/gpgga__type_support.cpp.o[0m
[6.873s] [ 27%] [32mBuilding CXX object CMakeFiles/nmea_msgs__rosidl_typesupport_cpp.dir/rosidl_typesupport_cpp/nmea_msgs/msg/gpgst__type_support.cpp.o[0m
[6.876s] [ 29%] [32mBuilding CXX object CMakeFiles/nmea_msgs__rosidl_typesupport_cpp.dir/rosidl_typesupport_cpp/nmea_msgs/msg/sentence__type_support.cpp.o[0m
[7.422s] [35m[1mConsolidate compiler generated dependencies of target nmea_msgs__rosidl_typesupport_introspection_cpp[0m
[7.495s] [ 30%] [32mBuilding CXX object CMakeFiles/nmea_msgs__rosidl_typesupport_introspection_cpp.dir/rosidl_typesupport_introspection_cpp/nmea_msgs/msg/detail/gpgga__type_support.cpp.o[0m
[7.627s] [35m[1mConsolidate compiler generated dependencies of target nmea_msgs__rosidl_typesupport_fastrtps_cpp[0m
[7.684s] [ 31%] [32mBuilding CXX object CMakeFiles/nmea_msgs__rosidl_typesupport_introspection_cpp.dir/rosidl_typesupport_introspection_cpp/nmea_msgs/msg/detail/gpgsa__type_support.cpp.o[0m
[7.685s] [ 32%] [32mBuilding CXX object CMakeFiles/nmea_msgs__rosidl_typesupport_fastrtps_cpp.dir/rosidl_typesupport_fastrtps_cpp/nmea_msgs/msg/detail/dds_fastrtps/gpgsa__type_support.cpp.o[0m
[7.696s] [ 34%] [32mBuilding CXX object CMakeFiles/nmea_msgs__rosidl_typesupport_introspection_cpp.dir/rosidl_typesupport_introspection_cpp/nmea_msgs/msg/detail/gpgsv__type_support.cpp.o[0m
[7.696s] [ 35%] [32mBuilding CXX object CMakeFiles/nmea_msgs__rosidl_typesupport_introspection_cpp.dir/rosidl_typesupport_introspection_cpp/nmea_msgs/msg/detail/gpgst__type_support.cpp.o[0m
[7.697s] [ 36%] [32mBuilding CXX object CMakeFiles/nmea_msgs__rosidl_typesupport_introspection_cpp.dir/rosidl_typesupport_introspection_cpp/nmea_msgs/msg/detail/gprmc__type_support.cpp.o[0m
[7.700s] [ 37%] [32mBuilding CXX object CMakeFiles/nmea_msgs__rosidl_typesupport_introspection_cpp.dir/rosidl_typesupport_introspection_cpp/nmea_msgs/msg/detail/gpgsv_satellite__type_support.cpp.o[0m
[7.717s] [ 39%] [32mBuilding CXX object CMakeFiles/nmea_msgs__rosidl_typesupport_fastrtps_cpp.dir/rosidl_typesupport_fastrtps_cpp/nmea_msgs/msg/detail/dds_fastrtps/gpgga__type_support.cpp.o[0m
[7.813s] [ 40%] [32m[1mLinking CXX shared library libnmea_msgs__rosidl_typesupport_cpp.so[0m
[8.001s] [ 40%] Built target nmea_msgs__rosidl_typesupport_cpp
[8.011s] [35m[1mConsolidate compiler generated dependencies of target nmea_msgs__rosidl_typesupport_c[0m
[8.057s] [ 41%] [32mBuilding CXX object CMakeFiles/nmea_msgs__rosidl_typesupport_fastrtps_cpp.dir/rosidl_typesupport_fastrtps_cpp/nmea_msgs/msg/detail/dds_fastrtps/gpgsv__type_support.cpp.o[0m
[8.062s] [ 43%] [32mBuilding CXX object CMakeFiles/nmea_msgs__rosidl_typesupport_c.dir/rosidl_typesupport_c/nmea_msgs/msg/gpgga__type_support.cpp.o[0m
[8.168s] [35m[1mConsolidate compiler generated dependencies of target nmea_msgs__rosidl_typesupport_fastrtps_c[0m
[8.208s] [ 44%] [32mBuilding CXX object CMakeFiles/nmea_msgs__rosidl_typesupport_c.dir/rosidl_typesupport_c/nmea_msgs/msg/gpgsa__type_support.cpp.o[0m
[8.229s] [ 45%] [32mBuilding CXX object CMakeFiles/nmea_msgs__rosidl_typesupport_fastrtps_c.dir/rosidl_typesupport_fastrtps_c/nmea_msgs/msg/detail/gpgga__type_support_c.cpp.o[0m
[8.342s] [ 46%] [32mBuilding CXX object CMakeFiles/nmea_msgs__rosidl_typesupport_c.dir/rosidl_typesupport_c/nmea_msgs/msg/gpgsv__type_support.cpp.o[0m
[8.446s] [ 48%] [32mBuilding CXX object CMakeFiles/nmea_msgs__rosidl_typesupport_c.dir/rosidl_typesupport_c/nmea_msgs/msg/gpgsv_satellite__type_support.cpp.o[0m
[8.489s] [35m[1mConsolidate compiler generated dependencies of target nmea_msgs__rosidl_typesupport_introspection_c[0m
[8.535s] [ 49%] [32mBuilding C object CMakeFiles/nmea_msgs__rosidl_typesupport_introspection_c.dir/rosidl_typesupport_introspection_c/nmea_msgs/msg/detail/gpgga__type_support.c.o[0m
[8.595s] [ 50%] [32mBuilding CXX object CMakeFiles/nmea_msgs__rosidl_typesupport_c.dir/rosidl_typesupport_c/nmea_msgs/msg/gprmc__type_support.cpp.o[0m
[8.742s] [ 51%] [32mBuilding CXX object CMakeFiles/nmea_msgs__rosidl_typesupport_c.dir/rosidl_typesupport_c/nmea_msgs/msg/gpgst__type_support.cpp.o[0m
[8.743s] [ 53%] [32mBuilding C object CMakeFiles/nmea_msgs__rosidl_typesupport_introspection_c.dir/rosidl_typesupport_introspection_c/nmea_msgs/msg/detail/gpgsa__type_support.c.o[0m
[8.818s] [ 54%] [32mBuilding C object CMakeFiles/nmea_msgs__rosidl_typesupport_introspection_c.dir/rosidl_typesupport_introspection_c/nmea_msgs/msg/detail/gpgsv__type_support.c.o[0m
[8.819s] [ 55%] [32mBuilding CXX object CMakeFiles/nmea_msgs__rosidl_typesupport_c.dir/rosidl_typesupport_c/nmea_msgs/msg/sentence__type_support.cpp.o[0m
[8.847s] [ 56%] [32mBuilding CXX object CMakeFiles/nmea_msgs__rosidl_typesupport_introspection_cpp.dir/rosidl_typesupport_introspection_cpp/nmea_msgs/msg/detail/sentence__type_support.cpp.o[0m
[8.906s] [ 58%] [32mBuilding C object CMakeFiles/nmea_msgs__rosidl_typesupport_introspection_c.dir/rosidl_typesupport_introspection_c/nmea_msgs/msg/detail/gprmc__type_support.c.o[0m
[8.906s] [ 59%] [32m[1mLinking CXX shared library libnmea_msgs__rosidl_typesupport_c.so[0m
[8.909s] [ 60%] [32mBuilding C object CMakeFiles/nmea_msgs__rosidl_typesupport_introspection_c.dir/rosidl_typesupport_introspection_c/nmea_msgs/msg/detail/gpgsv_satellite__type_support.c.o[0m
[8.911s] [ 62%] [32mBuilding C object CMakeFiles/nmea_msgs__rosidl_typesupport_introspection_c.dir/rosidl_typesupport_introspection_c/nmea_msgs/msg/detail/gpgst__type_support.c.o[0m
[8.942s] [ 64%] [32mBuilding CXX object CMakeFiles/nmea_msgs__rosidl_typesupport_fastrtps_cpp.dir/rosidl_typesupport_fastrtps_cpp/nmea_msgs/msg/detail/dds_fastrtps/gpgsv_satellite__type_support.cpp.o[0m
[8.943s] [ 64%] [32mBuilding CXX object CMakeFiles/nmea_msgs__rosidl_typesupport_fastrtps_c.dir/rosidl_typesupport_fastrtps_c/nmea_msgs/msg/detail/gpgsa__type_support_c.cpp.o[0m
[8.947s] [ 65%] [32mBuilding CXX object CMakeFiles/nmea_msgs__rosidl_typesupport_fastrtps_cpp.dir/rosidl_typesupport_fastrtps_cpp/nmea_msgs/msg/detail/dds_fastrtps/gprmc__type_support.cpp.o[0m
[8.998s] [ 67%] [32mBuilding C object CMakeFiles/nmea_msgs__rosidl_typesupport_introspection_c.dir/rosidl_typesupport_introspection_c/nmea_msgs/msg/detail/sentence__type_support.c.o[0m
[9.012s] [ 69%] [32mBuilding CXX object CMakeFiles/nmea_msgs__rosidl_typesupport_fastrtps_cpp.dir/rosidl_typesupport_fastrtps_cpp/nmea_msgs/msg/detail/dds_fastrtps/gpgst__type_support.cpp.o[0m
[9.012s] [ 69%] [32mBuilding CXX object CMakeFiles/nmea_msgs__rosidl_typesupport_fastrtps_cpp.dir/rosidl_typesupport_fastrtps_cpp/nmea_msgs/msg/detail/dds_fastrtps/sentence__type_support.cpp.o[0m
[9.016s] [ 70%] [32mBuilding CXX object CMakeFiles/nmea_msgs__rosidl_typesupport_fastrtps_c.dir/rosidl_typesupport_fastrtps_c/nmea_msgs/msg/detail/gpgsv__type_support_c.cpp.o[0m
[9.036s] [ 72%] [32mBuilding CXX object CMakeFiles/nmea_msgs__rosidl_typesupport_fastrtps_c.dir/rosidl_typesupport_fastrtps_c/nmea_msgs/msg/detail/gpgsv_satellite__type_support_c.cpp.o[0m
[9.061s] [ 72%] Built target nmea_msgs__rosidl_typesupport_c
[9.094s] [ 73%] [32mBuilding CXX object CMakeFiles/nmea_msgs__rosidl_typesupport_fastrtps_c.dir/rosidl_typesupport_fastrtps_c/nmea_msgs/msg/detail/gprmc__type_support_c.cpp.o[0m
[9.111s] [ 74%] [32m[1mLinking C shared library libnmea_msgs__rosidl_typesupport_introspection_c.so[0m
[9.291s] [ 74%] Built target nmea_msgs__rosidl_typesupport_introspection_c
[9.313s] [ 75%] [32mBuilding CXX object CMakeFiles/nmea_msgs__rosidl_typesupport_fastrtps_c.dir/rosidl_typesupport_fastrtps_c/nmea_msgs/msg/detail/gpgst__type_support_c.cpp.o[0m
[9.392s] [ 77%] [32mBuilding CXX object CMakeFiles/nmea_msgs__rosidl_typesupport_fastrtps_c.dir/rosidl_typesupport_fastrtps_c/nmea_msgs/msg/detail/sentence__type_support_c.cpp.o[0m
[9.926s] [ 78%] [32m[1mLinking CXX shared library libnmea_msgs__rosidl_typesupport_introspection_cpp.so[0m
[10.134s] [ 78%] Built target nmea_msgs__rosidl_typesupport_introspection_cpp
[10.165s] [ 79%] [32m[1mLinking CXX shared library libnmea_msgs__rosidl_typesupport_fastrtps_cpp.so[0m
[10.256s] [ 81%] [32m[1mLinking CXX shared library libnmea_msgs__rosidl_typesupport_fastrtps_c.so[0m
[10.293s] [ 81%] Built target nmea_msgs__rosidl_typesupport_fastrtps_cpp
[10.378s] [ 81%] Built target nmea_msgs__rosidl_typesupport_fastrtps_c
[10.406s] [ 81%] Built target nmea_msgs
[10.433s] [ 82%] [34m[1mGenerating Python code for ROS interfaces[0m
[12.731s] [ 82%] Built target nmea_msgs__py
[12.747s] [35m[1mConsolidate compiler generated dependencies of target nmea_msgs__rosidl_generator_py[0m
[12.779s] [ 84%] [32mBuilding C object CMakeFiles/nmea_msgs__rosidl_generator_py.dir/rosidl_generator_py/nmea_msgs/msg/_gpgga_s.c.o[0m
[12.779s] [ 84%] [32mBuilding C object CMakeFiles/nmea_msgs__rosidl_generator_py.dir/rosidl_generator_py/nmea_msgs/msg/_gpgsv_s.c.o[0m
[12.779s] [ 86%] [32mBuilding C object CMakeFiles/nmea_msgs__rosidl_generator_py.dir/rosidl_generator_py/nmea_msgs/msg/_gpgsv_satellite_s.c.o[0m
[12.781s] [ 87%] [32mBuilding C object CMakeFiles/nmea_msgs__rosidl_generator_py.dir/rosidl_generator_py/nmea_msgs/msg/_gpgsa_s.c.o[0m
[12.781s] [ 88%] [32mBuilding C object CMakeFiles/nmea_msgs__rosidl_generator_py.dir/rosidl_generator_py/nmea_msgs/msg/_sentence_s.c.o[0m
[12.783s] [ 89%] [32mBuilding C object CMakeFiles/nmea_msgs__rosidl_generator_py.dir/rosidl_generator_py/nmea_msgs/msg/_gprmc_s.c.o[0m
[12.784s] [ 91%] [32mBuilding C object CMakeFiles/nmea_msgs__rosidl_generator_py.dir/rosidl_generator_py/nmea_msgs/msg/_gpgst_s.c.o[0m
[13.072s] [ 92%] [32m[1mLinking C shared library rosidl_generator_py/nmea_msgs/libnmea_msgs__rosidl_generator_py.so[0m
[13.137s] [ 92%] Built target nmea_msgs__rosidl_generator_py
[13.151s] [35m[1mConsolidate compiler generated dependencies of target nmea_msgs__rosidl_typesupport_introspection_c__pyext[0m
[13.151s] [35m[1mConsolidate compiler generated dependencies of target nmea_msgs__rosidl_typesupport_fastrtps_c__pyext[0m
[13.151s] [35m[1mConsolidate compiler generated dependencies of target nmea_msgs__rosidl_typesupport_c__pyext[0m
[13.170s] [ 93%] [32mBuilding C object CMakeFiles/nmea_msgs__rosidl_typesupport_fastrtps_c__pyext.dir/rosidl_generator_py/nmea_msgs/_nmea_msgs_s.ep.rosidl_typesupport_fastrtps_c.c.o[0m
[13.171s] [ 94%] [32mBuilding C object CMakeFiles/nmea_msgs__rosidl_typesupport_introspection_c__pyext.dir/rosidl_generator_py/nmea_msgs/_nmea_msgs_s.ep.rosidl_typesupport_introspection_c.c.o[0m
[13.171s] [ 96%] [32mBuilding C object CMakeFiles/nmea_msgs__rosidl_typesupport_c__pyext.dir/rosidl_generator_py/nmea_msgs/_nmea_msgs_s.ep.rosidl_typesupport_c.c.o[0m
[13.365s] [ 97%] [32m[1mLinking C shared library rosidl_generator_py/nmea_msgs/nmea_msgs_s__rosidl_typesupport_introspection_c.cpython-310-x86_64-linux-gnu.so[0m
[13.367s] [ 98%] [32m[1mLinking C shared library rosidl_generator_py/nmea_msgs/nmea_msgs_s__rosidl_typesupport_fastrtps_c.cpython-310-x86_64-linux-gnu.so[0m
[13.367s] [100%] [32m[1mLinking C shared library rosidl_generator_py/nmea_msgs/nmea_msgs_s__rosidl_typesupport_c.cpython-310-x86_64-linux-gnu.so[0m
[13.425s] [100%] Built target nmea_msgs__rosidl_typesupport_introspection_c__pyext
[13.425s] [100%] Built target nmea_msgs__rosidl_typesupport_c__pyext
[13.427s] [100%] Built target nmea_msgs__rosidl_typesupport_fastrtps_c__pyext
[13.443s] Invoked command in '/home/maria/ros2_coche/build/nmea_msgs' returned '0': CMAKE_PREFIX_PATH=/home/maria/ros2_coche/install/c4_gps:/opt/ros/humble:/home/maria/ros2_coche/install/nmea_msgs /usr/bin/cmake --build /home/maria/ros2_coche/build/nmea_msgs -- -j12 -l12
[13.697s] Invoking command in '/home/maria/ros2_coche/build/nmea_msgs': CMAKE_PREFIX_PATH=/home/maria/ros2_coche/install/c4_gps:/opt/ros/humble:/home/maria/ros2_coche/install/nmea_msgs /usr/bin/cmake --install /home/maria/ros2_coche/build/nmea_msgs
[13.707s] -- Install configuration: ""
[13.708s] -- Execute custom install script
[13.708s] -- Up-to-date symlink: /home/maria/ros2_coche/install/nmea_msgs/share/ament_index/resource_index/rosidl_interfaces/nmea_msgs
[13.709s] -- Up-to-date symlink: /home/maria/ros2_coche/install/nmea_msgs/include/nmea_msgs/nmea_msgs/msg/detail/gpgga__functions.h
[13.710s] -- Up-to-date symlink: /home/maria/ros2_coche/install/nmea_msgs/include/nmea_msgs/nmea_msgs/msg/detail/gpgga__struct.h
[13.710s] -- Up-to-date symlink: /home/maria/ros2_coche/install/nmea_msgs/include/nmea_msgs/nmea_msgs/msg/detail/gpgga__type_support.h
[13.710s] -- Up-to-date symlink: /home/maria/ros2_coche/install/nmea_msgs/include/nmea_msgs/nmea_msgs/msg/detail/gpgsa__functions.h
[13.711s] -- Up-to-date symlink: /home/maria/ros2_coche/install/nmea_msgs/include/nmea_msgs/nmea_msgs/msg/detail/gpgsa__struct.h
[13.711s] -- Up-to-date symlink: /home/maria/ros2_coche/install/nmea_msgs/include/nmea_msgs/nmea_msgs/msg/detail/gpgsa__type_support.h
[13.711s] -- Up-to-date symlink: /home/maria/ros2_coche/install/nmea_msgs/include/nmea_msgs/nmea_msgs/msg/detail/gpgst__functions.h
[13.712s] -- Up-to-date symlink: /home/maria/ros2_coche/install/nmea_msgs/include/nmea_msgs/nmea_msgs/msg/detail/gpgst__struct.h
[13.712s] -- Up-to-date symlink: /home/maria/ros2_coche/install/nmea_msgs/include/nmea_msgs/nmea_msgs/msg/detail/gpgst__type_support.h
[13.712s] -- Up-to-date symlink: /home/maria/ros2_coche/install/nmea_msgs/include/nmea_msgs/nmea_msgs/msg/detail/gpgsv__functions.h
[13.713s] -- Up-to-date symlink: /home/maria/ros2_coche/install/nmea_msgs/include/nmea_msgs/nmea_msgs/msg/detail/gpgsv__struct.h
[13.713s] -- Up-to-date symlink: /home/maria/ros2_coche/install/nmea_msgs/include/nmea_msgs/nmea_msgs/msg/detail/gpgsv__type_support.h
[13.713s] -- Up-to-date symlink: /home/maria/ros2_coche/install/nmea_msgs/include/nmea_msgs/nmea_msgs/msg/detail/gpgsv_satellite__functions.h
[13.714s] -- Up-to-date symlink: /home/maria/ros2_coche/install/nmea_msgs/include/nmea_msgs/nmea_msgs/msg/detail/gpgsv_satellite__struct.h
[13.714s] -- Up-to-date symlink: /home/maria/ros2_coche/install/nmea_msgs/include/nmea_msgs/nmea_msgs/msg/detail/gpgsv_satellite__type_support.h
[13.714s] -- Up-to-date symlink: /home/maria/ros2_coche/install/nmea_msgs/include/nmea_msgs/nmea_msgs/msg/detail/gprmc__functions.h
[13.714s] -- Up-to-date symlink: /home/maria/ros2_coche/install/nmea_msgs/include/nmea_msgs/nmea_msgs/msg/detail/gprmc__struct.h
[13.715s] -- Up-to-date symlink: /home/maria/ros2_coche/install/nmea_msgs/include/nmea_msgs/nmea_msgs/msg/detail/gprmc__type_support.h
[13.715s] -- Up-to-date symlink: /home/maria/ros2_coche/install/nmea_msgs/include/nmea_msgs/nmea_msgs/msg/detail/sentence__functions.h
[13.715s] -- Up-to-date symlink: /home/maria/ros2_coche/install/nmea_msgs/include/nmea_msgs/nmea_msgs/msg/detail/sentence__struct.h
[13.716s] -- Up-to-date symlink: /home/maria/ros2_coche/install/nmea_msgs/include/nmea_msgs/nmea_msgs/msg/detail/sentence__type_support.h
[13.716s] -- Up-to-date symlink: /home/maria/ros2_coche/install/nmea_msgs/include/nmea_msgs/nmea_msgs/msg/gpgga.h
[13.716s] -- Up-to-date symlink: /home/maria/ros2_coche/install/nmea_msgs/include/nmea_msgs/nmea_msgs/msg/gpgsa.h
[13.717s] -- Up-to-date symlink: /home/maria/ros2_coche/install/nmea_msgs/include/nmea_msgs/nmea_msgs/msg/gpgst.h
[13.717s] -- Up-to-date symlink: /home/maria/ros2_coche/install/nmea_msgs/include/nmea_msgs/nmea_msgs/msg/gpgsv.h
[13.717s] -- Up-to-date symlink: /home/maria/ros2_coche/install/nmea_msgs/include/nmea_msgs/nmea_msgs/msg/gpgsv_satellite.h
[13.718s] -- Up-to-date symlink: /home/maria/ros2_coche/install/nmea_msgs/include/nmea_msgs/nmea_msgs/msg/gprmc.h
[13.718s] -- Up-to-date symlink: /home/maria/ros2_coche/install/nmea_msgs/include/nmea_msgs/nmea_msgs/msg/rosidl_generator_c__visibility_control.h
[13.718s] -- Up-to-date symlink: /home/maria/ros2_coche/install/nmea_msgs/include/nmea_msgs/nmea_msgs/msg/sentence.h
[13.719s] -- Up-to-date symlink: /home/maria/ros2_coche/install/nmea_msgs/share/nmea_msgs/environment/library_path.sh
[13.719s] -- Up-to-date symlink: /home/maria/ros2_coche/install/nmea_msgs/share/nmea_msgs/environment/library_path.dsv
[13.720s] -- Up-to-date symlink: /home/maria/ros2_coche/install/nmea_msgs/include/nmea_msgs/nmea_msgs/msg/detail/gpgga__rosidl_typesupport_fastrtps_c.h
[13.721s] -- Up-to-date symlink: /home/maria/ros2_coche/install/nmea_msgs/include/nmea_msgs/nmea_msgs/msg/detail/gpgsa__rosidl_typesupport_fastrtps_c.h
[13.721s] -- Up-to-date symlink: /home/maria/ros2_coche/install/nmea_msgs/include/nmea_msgs/nmea_msgs/msg/detail/gpgst__rosidl_typesupport_fastrtps_c.h
[13.721s] -- Up-to-date symlink: /home/maria/ros2_coche/install/nmea_msgs/include/nmea_msgs/nmea_msgs/msg/detail/gpgsv__rosidl_typesupport_fastrtps_c.h
[13.722s] -- Up-to-date symlink: /home/maria/ros2_coche/install/nmea_msgs/include/nmea_msgs/nmea_msgs/msg/detail/gpgsv_satellite__rosidl_typesupport_fastrtps_c.h
[13.722s] -- Up-to-date symlink: /home/maria/ros2_coche/install/nmea_msgs/include/nmea_msgs/nmea_msgs/msg/detail/gprmc__rosidl_typesupport_fastrtps_c.h
[13.722s] -- Up-to-date symlink: /home/maria/ros2_coche/install/nmea_msgs/include/nmea_msgs/nmea_msgs/msg/detail/sentence__rosidl_typesupport_fastrtps_c.h
[13.722s] -- Up-to-date symlink: /home/maria/ros2_coche/install/nmea_msgs/include/nmea_msgs/nmea_msgs/msg/rosidl_typesupport_fastrtps_c__visibility_control.h
[13.724s] -- Up-to-date symlink: /home/maria/ros2_coche/install/nmea_msgs/include/nmea_msgs/nmea_msgs/msg/detail/gpgga__builder.hpp
[13.724s] -- Up-to-date symlink: /home/maria/ros2_coche/install/nmea_msgs/include/nmea_msgs/nmea_msgs/msg/detail/gpgga__struct.hpp
[13.724s] -- Up-to-date symlink: /home/maria/ros2_coche/install/nmea_msgs/include/nmea_msgs/nmea_msgs/msg/detail/gpgga__traits.hpp
[13.724s] -- Up-to-date symlink: /home/maria/ros2_coche/install/nmea_msgs/include/nmea_msgs/nmea_msgs/msg/detail/gpgsa__builder.hpp
[13.724s] -- Up-to-date symlink: /home/maria/ros2_coche/install/nmea_msgs/include/nmea_msgs/nmea_msgs/msg/detail/gpgsa__struct.hpp
[13.725s] -- Up-to-date symlink: /home/maria/ros2_coche/install/nmea_msgs/include/nmea_msgs/nmea_msgs/msg/detail/gpgsa__traits.hpp
[13.725s] -- Up-to-date symlink: /home/maria/ros2_coche/install/nmea_msgs/include/nmea_msgs/nmea_msgs/msg/detail/gpgst__builder.hpp
[13.725s] -- Up-to-date symlink: /home/maria/ros2_coche/install/nmea_msgs/include/nmea_msgs/nmea_msgs/msg/detail/gpgst__struct.hpp
[13.725s] -- Up-to-date symlink: /home/maria/ros2_coche/install/nmea_msgs/include/nmea_msgs/nmea_msgs/msg/detail/gpgst__traits.hpp
[13.725s] -- Up-to-date symlink: /home/maria/ros2_coche/install/nmea_msgs/include/nmea_msgs/nmea_msgs/msg/detail/gpgsv__builder.hpp
[13.725s] -- Up-to-date symlink: /home/maria/ros2_coche/install/nmea_msgs/include/nmea_msgs/nmea_msgs/msg/detail/gpgsv__struct.hpp
[13.726s] -- Up-to-date symlink: /home/maria/ros2_coche/install/nmea_msgs/include/nmea_msgs/nmea_msgs/msg/detail/gpgsv__traits.hpp
[13.726s] -- Up-to-date symlink: /home/maria/ros2_coche/install/nmea_msgs/include/nmea_msgs/nmea_msgs/msg/detail/gpgsv_satellite__builder.hpp
[13.726s] -- Up-to-date symlink: /home/maria/ros2_coche/install/nmea_msgs/include/nmea_msgs/nmea_msgs/msg/detail/gpgsv_satellite__struct.hpp
[13.726s] -- Up-to-date symlink: /home/maria/ros2_coche/install/nmea_msgs/include/nmea_msgs/nmea_msgs/msg/detail/gpgsv_satellite__traits.hpp
[13.726s] -- Up-to-date symlink: /home/maria/ros2_coche/install/nmea_msgs/include/nmea_msgs/nmea_msgs/msg/detail/gprmc__builder.hpp
[13.727s] -- Up-to-date symlink: /home/maria/ros2_coche/install/nmea_msgs/include/nmea_msgs/nmea_msgs/msg/detail/gprmc__struct.hpp
[13.727s] -- Up-to-date symlink: /home/maria/ros2_coche/install/nmea_msgs/include/nmea_msgs/nmea_msgs/msg/detail/gprmc__traits.hpp
[13.727s] -- Up-to-date symlink: /home/maria/ros2_coche/install/nmea_msgs/include/nmea_msgs/nmea_msgs/msg/detail/sentence__builder.hpp
[13.727s] -- Up-to-date symlink: /home/maria/ros2_coche/install/nmea_msgs/include/nmea_msgs/nmea_msgs/msg/detail/sentence__struct.hpp
[13.727s] -- Up-to-date symlink: /home/maria/ros2_coche/install/nmea_msgs/include/nmea_msgs/nmea_msgs/msg/detail/sentence__traits.hpp
[13.727s] -- Up-to-date symlink: /home/maria/ros2_coche/install/nmea_msgs/include/nmea_msgs/nmea_msgs/msg/gpgga.hpp
[13.728s] -- Up-to-date symlink: /home/maria/ros2_coche/install/nmea_msgs/include/nmea_msgs/nmea_msgs/msg/gpgsa.hpp
[13.728s] -- Up-to-date symlink: /home/maria/ros2_coche/install/nmea_msgs/include/nmea_msgs/nmea_msgs/msg/gpgst.hpp
[13.728s] -- Up-to-date symlink: /home/maria/ros2_coche/install/nmea_msgs/include/nmea_msgs/nmea_msgs/msg/gpgsv.hpp
[13.728s] -- Up-to-date symlink: /home/maria/ros2_coche/install/nmea_msgs/include/nmea_msgs/nmea_msgs/msg/gpgsv_satellite.hpp
[13.729s] -- Up-to-date symlink: /home/maria/ros2_coche/install/nmea_msgs/include/nmea_msgs/nmea_msgs/msg/gprmc.hpp
[13.729s] -- Up-to-date symlink: /home/maria/ros2_coche/install/nmea_msgs/include/nmea_msgs/nmea_msgs/msg/sentence.hpp
[13.730s] -- Up-to-date symlink: /home/maria/ros2_coche/install/nmea_msgs/include/nmea_msgs/nmea_msgs/msg/detail/gpgga__rosidl_typesupport_fastrtps_cpp.hpp
[13.730s] -- Up-to-date symlink: /home/maria/ros2_coche/install/nmea_msgs/include/nmea_msgs/nmea_msgs/msg/detail/gpgsa__rosidl_typesupport_fastrtps_cpp.hpp
[13.730s] -- Up-to-date symlink: /home/maria/ros2_coche/install/nmea_msgs/include/nmea_msgs/nmea_msgs/msg/detail/gpgst__rosidl_typesupport_fastrtps_cpp.hpp
[13.730s] -- Up-to-date symlink: /home/maria/ros2_coche/install/nmea_msgs/include/nmea_msgs/nmea_msgs/msg/detail/gpgsv__rosidl_typesupport_fastrtps_cpp.hpp
[13.730s] -- Up-to-date symlink: /home/maria/ros2_coche/install/nmea_msgs/include/nmea_msgs/nmea_msgs/msg/detail/gpgsv_satellite__rosidl_typesupport_fastrtps_cpp.hpp
[13.731s] -- Up-to-date symlink: /home/maria/ros2_coche/install/nmea_msgs/include/nmea_msgs/nmea_msgs/msg/detail/gprmc__rosidl_typesupport_fastrtps_cpp.hpp
[13.731s] -- Up-to-date symlink: /home/maria/ros2_coche/install/nmea_msgs/include/nmea_msgs/nmea_msgs/msg/detail/sentence__rosidl_typesupport_fastrtps_cpp.hpp
[13.731s] -- Up-to-date symlink: /home/maria/ros2_coche/install/nmea_msgs/include/nmea_msgs/nmea_msgs/msg/rosidl_typesupport_fastrtps_cpp__visibility_control.h
[13.732s] -- Up-to-date symlink: /home/maria/ros2_coche/install/nmea_msgs/include/nmea_msgs/nmea_msgs/msg/detail/gpgga__rosidl_typesupport_introspection_c.h
[13.732s] -- Up-to-date symlink: /home/maria/ros2_coche/install/nmea_msgs/include/nmea_msgs/nmea_msgs/msg/detail/gpgsa__rosidl_typesupport_introspection_c.h
[13.732s] -- Up-to-date symlink: /home/maria/ros2_coche/install/nmea_msgs/include/nmea_msgs/nmea_msgs/msg/detail/gpgst__rosidl_typesupport_introspection_c.h
[13.732s] -- Up-to-date symlink: /home/maria/ros2_coche/install/nmea_msgs/include/nmea_msgs/nmea_msgs/msg/detail/gpgsv__rosidl_typesupport_introspection_c.h
[13.732s] -- Up-to-date symlink: /home/maria/ros2_coche/install/nmea_msgs/include/nmea_msgs/nmea_msgs/msg/detail/gpgsv_satellite__rosidl_typesupport_introspection_c.h
[13.733s] -- Up-to-date symlink: /home/maria/ros2_coche/install/nmea_msgs/include/nmea_msgs/nmea_msgs/msg/detail/gprmc__rosidl_typesupport_introspection_c.h
[13.733s] -- Up-to-date symlink: /home/maria/ros2_coche/install/nmea_msgs/include/nmea_msgs/nmea_msgs/msg/detail/sentence__rosidl_typesupport_introspection_c.h
[13.733s] -- Up-to-date symlink: /home/maria/ros2_coche/install/nmea_msgs/include/nmea_msgs/nmea_msgs/msg/rosidl_typesupport_introspection_c__visibility_control.h
[13.734s] -- Up-to-date symlink: /home/maria/ros2_coche/install/nmea_msgs/include/nmea_msgs/nmea_msgs/msg/detail/gpgga__rosidl_typesupport_introspection_cpp.hpp
[13.734s] -- Up-to-date symlink: /home/maria/ros2_coche/install/nmea_msgs/include/nmea_msgs/nmea_msgs/msg/detail/gpgsa__rosidl_typesupport_introspection_cpp.hpp
[13.734s] -- Up-to-date symlink: /home/maria/ros2_coche/install/nmea_msgs/include/nmea_msgs/nmea_msgs/msg/detail/gpgst__rosidl_typesupport_introspection_cpp.hpp
[13.734s] -- Up-to-date symlink: /home/maria/ros2_coche/install/nmea_msgs/include/nmea_msgs/nmea_msgs/msg/detail/gpgsv__rosidl_typesupport_introspection_cpp.hpp
[13.734s] -- Up-to-date symlink: /home/maria/ros2_coche/install/nmea_msgs/include/nmea_msgs/nmea_msgs/msg/detail/gpgsv_satellite__rosidl_typesupport_introspection_cpp.hpp
[13.734s] -- Up-to-date symlink: /home/maria/ros2_coche/install/nmea_msgs/include/nmea_msgs/nmea_msgs/msg/detail/gprmc__rosidl_typesupport_introspection_cpp.hpp
[13.735s] -- Up-to-date symlink: /home/maria/ros2_coche/install/nmea_msgs/include/nmea_msgs/nmea_msgs/msg/detail/sentence__rosidl_typesupport_introspection_cpp.hpp
[13.735s] -- Up-to-date symlink: /home/maria/ros2_coche/install/nmea_msgs/share/nmea_msgs/environment/pythonpath.sh
[13.735s] -- Up-to-date symlink: /home/maria/ros2_coche/install/nmea_msgs/share/nmea_msgs/environment/pythonpath.dsv
[13.736s] -- Up-to-date symlink: /home/maria/ros2_coche/install/nmea_msgs/local/lib/python3.10/dist-packages/nmea_msgs-1.1.0-py3.10.egg-info/PKG-INFO
[13.736s] -- Up-to-date symlink: /home/maria/ros2_coche/install/nmea_msgs/local/lib/python3.10/dist-packages/nmea_msgs-1.1.0-py3.10.egg-info/SOURCES.txt
[13.736s] -- Up-to-date symlink: /home/maria/ros2_coche/install/nmea_msgs/local/lib/python3.10/dist-packages/nmea_msgs-1.1.0-py3.10.egg-info/dependency_links.txt
[13.736s] -- Up-to-date symlink: /home/maria/ros2_coche/install/nmea_msgs/local/lib/python3.10/dist-packages/nmea_msgs-1.1.0-py3.10.egg-info/top_level.txt
[13.737s] -- Up-to-date symlink: /home/maria/ros2_coche/install/nmea_msgs/local/lib/python3.10/dist-packages/nmea_msgs/__init__.py
[13.737s] -- Up-to-date symlink: /home/maria/ros2_coche/install/nmea_msgs/local/lib/python3.10/dist-packages/nmea_msgs/_nmea_msgs_s.ep.rosidl_typesupport_c.c
[13.738s] -- Up-to-date symlink: /home/maria/ros2_coche/install/nmea_msgs/local/lib/python3.10/dist-packages/nmea_msgs/_nmea_msgs_s.ep.rosidl_typesupport_fastrtps_c.c
[13.738s] -- Up-to-date symlink: /home/maria/ros2_coche/install/nmea_msgs/local/lib/python3.10/dist-packages/nmea_msgs/_nmea_msgs_s.ep.rosidl_typesupport_introspection_c.c
[13.738s] -- Up-to-date symlink: /home/maria/ros2_coche/install/nmea_msgs/local/lib/python3.10/dist-packages/nmea_msgs/libnmea_msgs__rosidl_generator_py.so
[13.738s] -- Up-to-date symlink: /home/maria/ros2_coche/install/nmea_msgs/local/lib/python3.10/dist-packages/nmea_msgs/msg/__init__.py
[13.738s] -- Up-to-date symlink: /home/maria/ros2_coche/install/nmea_msgs/local/lib/python3.10/dist-packages/nmea_msgs/msg/_gpgga.py
[13.739s] -- Up-to-date symlink: /home/maria/ros2_coche/install/nmea_msgs/local/lib/python3.10/dist-packages/nmea_msgs/msg/_gpgga_s.c
[13.739s] -- Up-to-date symlink: /home/maria/ros2_coche/install/nmea_msgs/local/lib/python3.10/dist-packages/nmea_msgs/msg/_gpgsa.py
[13.739s] -- Up-to-date symlink: /home/maria/ros2_coche/install/nmea_msgs/local/lib/python3.10/dist-packages/nmea_msgs/msg/_gpgsa_s.c
[13.739s] -- Up-to-date symlink: /home/maria/ros2_coche/install/nmea_msgs/local/lib/python3.10/dist-packages/nmea_msgs/msg/_gpgst.py
[13.739s] -- Up-to-date symlink: /home/maria/ros2_coche/install/nmea_msgs/local/lib/python3.10/dist-packages/nmea_msgs/msg/_gpgst_s.c
[13.739s] -- Up-to-date symlink: /home/maria/ros2_coche/install/nmea_msgs/local/lib/python3.10/dist-packages/nmea_msgs/msg/_gpgsv.py
[13.740s] -- Up-to-date symlink: /home/maria/ros2_coche/install/nmea_msgs/local/lib/python3.10/dist-packages/nmea_msgs/msg/_gpgsv_s.c
[13.740s] -- Up-to-date symlink: /home/maria/ros2_coche/install/nmea_msgs/local/lib/python3.10/dist-packages/nmea_msgs/msg/_gpgsv_satellite.py
[13.740s] -- Up-to-date symlink: /home/maria/ros2_coche/install/nmea_msgs/local/lib/python3.10/dist-packages/nmea_msgs/msg/_gpgsv_satellite_s.c
[13.740s] -- Up-to-date symlink: /home/maria/ros2_coche/install/nmea_msgs/local/lib/python3.10/dist-packages/nmea_msgs/msg/_gprmc.py
[13.740s] -- Up-to-date symlink: /home/maria/ros2_coche/install/nmea_msgs/local/lib/python3.10/dist-packages/nmea_msgs/msg/_gprmc_s.c
[13.740s] -- Up-to-date symlink: /home/maria/ros2_coche/install/nmea_msgs/local/lib/python3.10/dist-packages/nmea_msgs/msg/_sentence.py
[13.741s] -- Up-to-date symlink: /home/maria/ros2_coche/install/nmea_msgs/local/lib/python3.10/dist-packages/nmea_msgs/msg/_sentence_s.c
[13.741s] -- Up-to-date symlink: /home/maria/ros2_coche/install/nmea_msgs/local/lib/python3.10/dist-packages/nmea_msgs/nmea_msgs_s__rosidl_typesupport_c.cpython-310-x86_64-linux-gnu.so
[13.741s] -- Up-to-date symlink: /home/maria/ros2_coche/install/nmea_msgs/local/lib/python3.10/dist-packages/nmea_msgs/nmea_msgs_s__rosidl_typesupport_fastrtps_c.cpython-310-x86_64-linux-gnu.so
[13.741s] -- Up-to-date symlink: /home/maria/ros2_coche/install/nmea_msgs/local/lib/python3.10/dist-packages/nmea_msgs/nmea_msgs_s__rosidl_typesupport_introspection_c.cpython-310-x86_64-linux-gnu.so
[13.742s] -- Up-to-date symlink: /home/maria/ros2_coche/install/nmea_msgs/local/lib/python3.10/dist-packages/nmea_msgs/nmea_msgs_s__rosidl_typesupport_fastrtps_c.cpython-310-x86_64-linux-gnu.so
[13.742s] -- Up-to-date symlink: /home/maria/ros2_coche/install/nmea_msgs/local/lib/python3.10/dist-packages/nmea_msgs/nmea_msgs_s__rosidl_typesupport_introspection_c.cpython-310-x86_64-linux-gnu.so
[13.742s] -- Up-to-date symlink: /home/maria/ros2_coche/install/nmea_msgs/local/lib/python3.10/dist-packages/nmea_msgs/nmea_msgs_s__rosidl_typesupport_c.cpython-310-x86_64-linux-gnu.so
[13.743s] -- Up-to-date symlink: /home/maria/ros2_coche/install/nmea_msgs/share/nmea_msgs/msg/Gpgga.idl
[13.743s] -- Up-to-date symlink: /home/maria/ros2_coche/install/nmea_msgs/share/nmea_msgs/msg/Gpgsa.idl
[13.743s] -- Up-to-date symlink: /home/maria/ros2_coche/install/nmea_msgs/share/nmea_msgs/msg/Gpgsv.idl
[13.743s] -- Up-to-date symlink: /home/maria/ros2_coche/install/nmea_msgs/share/nmea_msgs/msg/GpgsvSatellite.idl
[13.744s] -- Up-to-date symlink: /home/maria/ros2_coche/install/nmea_msgs/share/nmea_msgs/msg/Gprmc.idl
[13.744s] -- Up-to-date symlink: /home/maria/ros2_coche/install/nmea_msgs/share/nmea_msgs/msg/Gpgst.idl
[13.744s] -- Up-to-date symlink: /home/maria/ros2_coche/install/nmea_msgs/share/nmea_msgs/msg/Sentence.idl
[13.744s] -- Up-to-date symlink: /home/maria/ros2_coche/install/nmea_msgs/share/nmea_msgs/msg/Gpgga.msg
[13.745s] -- Up-to-date symlink: /home/maria/ros2_coche/install/nmea_msgs/share/nmea_msgs/msg/Gpgsa.msg
[13.745s] -- Up-to-date symlink: /home/maria/ros2_coche/install/nmea_msgs/share/nmea_msgs/msg/Gpgsv.msg
[13.745s] -- Up-to-date symlink: /home/maria/ros2_coche/install/nmea_msgs/share/nmea_msgs/msg/GpgsvSatellite.msg
[13.745s] -- Up-to-date symlink: /home/maria/ros2_coche/install/nmea_msgs/share/nmea_msgs/msg/Gprmc.msg
[13.746s] -- Up-to-date symlink: /home/maria/ros2_coche/install/nmea_msgs/share/nmea_msgs/msg/Gpgst.msg
[13.746s] -- Up-to-date symlink: /home/maria/ros2_coche/install/nmea_msgs/share/nmea_msgs/msg/Sentence.msg
[13.746s] -- Up-to-date symlink: /home/maria/ros2_coche/install/nmea_msgs/share/nmea_msgs/msg/Gpgga.msg
[13.746s] -- Up-to-date symlink: /home/maria/ros2_coche/install/nmea_msgs/share/nmea_msgs/msg/Gpgsa.msg
[13.747s] -- Up-to-date symlink: /home/maria/ros2_coche/install/nmea_msgs/share/nmea_msgs/msg/Gpgst.msg
[13.747s] -- Up-to-date symlink: /home/maria/ros2_coche/install/nmea_msgs/share/nmea_msgs/msg/Gpgsv.msg
[13.747s] -- Up-to-date symlink: /home/maria/ros2_coche/install/nmea_msgs/share/nmea_msgs/msg/GpgsvSatellite.msg
[13.747s] -- Up-to-date symlink: /home/maria/ros2_coche/install/nmea_msgs/share/nmea_msgs/msg/Gprmc.msg
[13.747s] -- Up-to-date symlink: /home/maria/ros2_coche/install/nmea_msgs/share/nmea_msgs/msg/Sentence.msg
[13.747s] -- Up-to-date symlink: /home/maria/ros2_coche/install/nmea_msgs/share/ament_index/resource_index/package_run_dependencies/nmea_msgs
[13.748s] -- Up-to-date symlink: /home/maria/ros2_coche/install/nmea_msgs/share/ament_index/resource_index/parent_prefix_path/nmea_msgs
[13.748s] -- Up-to-date symlink: /home/maria/ros2_coche/install/nmea_msgs/share/nmea_msgs/environment/ament_prefix_path.sh
[13.748s] -- Up-to-date symlink: /home/maria/ros2_coche/install/nmea_msgs/share/nmea_msgs/environment/ament_prefix_path.dsv
[13.749s] -- Up-to-date symlink: /home/maria/ros2_coche/install/nmea_msgs/share/nmea_msgs/environment/path.sh
[13.749s] -- Up-to-date symlink: /home/maria/ros2_coche/install/nmea_msgs/share/nmea_msgs/environment/path.dsv
[13.749s] -- Up-to-date symlink: /home/maria/ros2_coche/install/nmea_msgs/share/nmea_msgs/local_setup.bash
[13.749s] -- Up-to-date symlink: /home/maria/ros2_coche/install/nmea_msgs/share/nmea_msgs/local_setup.sh
[13.749s] -- Up-to-date symlink: /home/maria/ros2_coche/install/nmea_msgs/share/nmea_msgs/local_setup.zsh
[13.750s] -- Up-to-date symlink: /home/maria/ros2_coche/install/nmea_msgs/share/nmea_msgs/local_setup.dsv
[13.750s] -- Symlinking: /home/maria/ros2_coche/install/nmea_msgs/share/nmea_msgs/package.dsv
[13.762s] -- Up-to-date symlink: /home/maria/ros2_coche/install/nmea_msgs/share/ament_index/resource_index/packages/nmea_msgs
[13.762s] -- Up-to-date symlink: /home/maria/ros2_coche/install/nmea_msgs/share/nmea_msgs/cmake/rosidl_cmake-extras.cmake
[13.762s] -- Up-to-date symlink: /home/maria/ros2_coche/install/nmea_msgs/share/nmea_msgs/cmake/ament_cmake_export_dependencies-extras.cmake
[13.762s] -- Up-to-date symlink: /home/maria/ros2_coche/install/nmea_msgs/share/nmea_msgs/cmake/ament_cmake_export_include_directories-extras.cmake
[13.763s] -- Up-to-date symlink: /home/maria/ros2_coche/install/nmea_msgs/share/nmea_msgs/cmake/ament_cmake_export_libraries-extras.cmake
[13.763s] -- Up-to-date symlink: /home/maria/ros2_coche/install/nmea_msgs/share/nmea_msgs/cmake/ament_cmake_export_targets-extras.cmake
[13.763s] -- Up-to-date symlink: /home/maria/ros2_coche/install/nmea_msgs/share/nmea_msgs/cmake/rosidl_cmake_export_typesupport_targets-extras.cmake
[13.763s] -- Up-to-date symlink: /home/maria/ros2_coche/install/nmea_msgs/share/nmea_msgs/cmake/rosidl_cmake_export_typesupport_libraries-extras.cmake
[13.764s] -- Up-to-date symlink: /home/maria/ros2_coche/install/nmea_msgs/share/nmea_msgs/cmake/nmea_msgsConfig.cmake
[13.764s] -- Up-to-date symlink: /home/maria/ros2_coche/install/nmea_msgs/share/nmea_msgs/cmake/nmea_msgsConfig-version.cmake
[13.764s] -- Up-to-date symlink: /home/maria/ros2_coche/install/nmea_msgs/share/nmea_msgs/package.xml
[13.765s] -- Installing: /home/maria/ros2_coche/install/nmea_msgs/lib/libnmea_msgs__rosidl_generator_c.so
[13.766s] -- Set runtime path of "/home/maria/ros2_coche/install/nmea_msgs/lib/libnmea_msgs__rosidl_generator_c.so" to ""
[13.767s] -- Installing: /home/maria/ros2_coche/install/nmea_msgs/lib/libnmea_msgs__rosidl_typesupport_fastrtps_c.so
[13.768s] -- Set runtime path of "/home/maria/ros2_coche/install/nmea_msgs/lib/libnmea_msgs__rosidl_typesupport_fastrtps_c.so" to ""
[13.768s] -- Installing: /home/maria/ros2_coche/install/nmea_msgs/lib/libnmea_msgs__rosidl_typesupport_fastrtps_cpp.so
[13.769s] -- Set runtime path of "/home/maria/ros2_coche/install/nmea_msgs/lib/libnmea_msgs__rosidl_typesupport_fastrtps_cpp.so" to ""
[13.770s] -- Installing: /home/maria/ros2_coche/install/nmea_msgs/lib/libnmea_msgs__rosidl_typesupport_introspection_c.so
[13.771s] -- Set runtime path of "/home/maria/ros2_coche/install/nmea_msgs/lib/libnmea_msgs__rosidl_typesupport_introspection_c.so" to ""
[13.771s] -- Installing: /home/maria/ros2_coche/install/nmea_msgs/lib/libnmea_msgs__rosidl_typesupport_c.so
[13.772s] -- Set runtime path of "/home/maria/ros2_coche/install/nmea_msgs/lib/libnmea_msgs__rosidl_typesupport_c.so" to ""
[13.773s] -- Installing: /home/maria/ros2_coche/install/nmea_msgs/lib/libnmea_msgs__rosidl_typesupport_introspection_cpp.so
[13.774s] -- Set runtime path of "/home/maria/ros2_coche/install/nmea_msgs/lib/libnmea_msgs__rosidl_typesupport_introspection_cpp.so" to ""
[13.775s] -- Installing: /home/maria/ros2_coche/install/nmea_msgs/lib/libnmea_msgs__rosidl_typesupport_cpp.so
[13.776s] -- Set runtime path of "/home/maria/ros2_coche/install/nmea_msgs/lib/libnmea_msgs__rosidl_typesupport_cpp.so" to ""
[13.861s] Listing '/home/maria/ros2_coche/install/nmea_msgs/local/lib/python3.10/dist-packages/nmea_msgs'...
[13.861s] Compiling '/home/maria/ros2_coche/install/nmea_msgs/local/lib/python3.10/dist-packages/nmea_msgs/__init__.py'...
[13.861s] Listing '/home/maria/ros2_coche/install/nmea_msgs/local/lib/python3.10/dist-packages/nmea_msgs/msg'...
[13.861s] Compiling '/home/maria/ros2_coche/install/nmea_msgs/local/lib/python3.10/dist-packages/nmea_msgs/msg/__init__.py'...
[13.862s] Compiling '/home/maria/ros2_coche/install/nmea_msgs/local/lib/python3.10/dist-packages/nmea_msgs/msg/_gpgga.py'...
[13.862s] Compiling '/home/maria/ros2_coche/install/nmea_msgs/local/lib/python3.10/dist-packages/nmea_msgs/msg/_gpgsa.py'...
[13.862s] Compiling '/home/maria/ros2_coche/install/nmea_msgs/local/lib/python3.10/dist-packages/nmea_msgs/msg/_gpgst.py'...
[13.862s] Compiling '/home/maria/ros2_coche/install/nmea_msgs/local/lib/python3.10/dist-packages/nmea_msgs/msg/_gpgsv.py'...
[13.862s] Compiling '/home/maria/ros2_coche/install/nmea_msgs/local/lib/python3.10/dist-packages/nmea_msgs/msg/_gpgsv_satellite.py'...
[13.862s] Compiling '/home/maria/ros2_coche/install/nmea_msgs/local/lib/python3.10/dist-packages/nmea_msgs/msg/_gprmc.py'...
[13.863s] Compiling '/home/maria/ros2_coche/install/nmea_msgs/local/lib/python3.10/dist-packages/nmea_msgs/msg/_sentence.py'...
[13.869s] -- Installing: /home/maria/ros2_coche/install/nmea_msgs/lib/libnmea_msgs__rosidl_generator_py.so
[13.870s] -- Set runtime path of "/home/maria/ros2_coche/install/nmea_msgs/lib/libnmea_msgs__rosidl_generator_py.so" to ""
[13.870s] -- Up-to-date: /home/maria/ros2_coche/install/nmea_msgs/share/nmea_msgs/cmake/export_nmea_msgs__rosidl_generator_cExport.cmake
[13.871s] -- Up-to-date: /home/maria/ros2_coche/install/nmea_msgs/share/nmea_msgs/cmake/export_nmea_msgs__rosidl_generator_cExport-noconfig.cmake
[13.871s] -- Up-to-date: /home/maria/ros2_coche/install/nmea_msgs/share/nmea_msgs/cmake/export_nmea_msgs__rosidl_typesupport_fastrtps_cExport.cmake
[13.871s] -- Up-to-date: /home/maria/ros2_coche/install/nmea_msgs/share/nmea_msgs/cmake/export_nmea_msgs__rosidl_typesupport_fastrtps_cExport-noconfig.cmake
[13.871s] -- Up-to-date: /home/maria/ros2_coche/install/nmea_msgs/share/nmea_msgs/cmake/export_nmea_msgs__rosidl_generator_cppExport.cmake
[13.871s] -- Up-to-date: /home/maria/ros2_coche/install/nmea_msgs/share/nmea_msgs/cmake/export_nmea_msgs__rosidl_typesupport_fastrtps_cppExport.cmake
[13.872s] -- Up-to-date: /home/maria/ros2_coche/install/nmea_msgs/share/nmea_msgs/cmake/export_nmea_msgs__rosidl_typesupport_fastrtps_cppExport-noconfig.cmake
[13.872s] -- Up-to-date: /home/maria/ros2_coche/install/nmea_msgs/share/nmea_msgs/cmake/nmea_msgs__rosidl_typesupport_introspection_cExport.cmake
[13.872s] -- Up-to-date: /home/maria/ros2_coche/install/nmea_msgs/share/nmea_msgs/cmake/nmea_msgs__rosidl_typesupport_introspection_cExport-noconfig.cmake
[13.872s] -- Up-to-date: /home/maria/ros2_coche/install/nmea_msgs/share/nmea_msgs/cmake/nmea_msgs__rosidl_typesupport_cExport.cmake
[13.872s] -- Up-to-date: /home/maria/ros2_coche/install/nmea_msgs/share/nmea_msgs/cmake/nmea_msgs__rosidl_typesupport_cExport-noconfig.cmake
[13.873s] -- Up-to-date: /home/maria/ros2_coche/install/nmea_msgs/share/nmea_msgs/cmake/nmea_msgs__rosidl_typesupport_introspection_cppExport.cmake
[13.873s] -- Up-to-date: /home/maria/ros2_coche/install/nmea_msgs/share/nmea_msgs/cmake/nmea_msgs__rosidl_typesupport_introspection_cppExport-noconfig.cmake
[13.873s] -- Up-to-date: /home/maria/ros2_coche/install/nmea_msgs/share/nmea_msgs/cmake/nmea_msgs__rosidl_typesupport_cppExport.cmake
[13.874s] -- Up-to-date: /home/maria/ros2_coche/install/nmea_msgs/share/nmea_msgs/cmake/nmea_msgs__rosidl_typesupport_cppExport-noconfig.cmake
[13.874s] -- Up-to-date: /home/maria/ros2_coche/install/nmea_msgs/share/nmea_msgs/cmake/export_nmea_msgs__rosidl_generator_pyExport.cmake
[13.874s] -- Up-to-date: /home/maria/ros2_coche/install/nmea_msgs/share/nmea_msgs/cmake/export_nmea_msgs__rosidl_generator_pyExport-noconfig.cmake
[13.878s] Invoked command in '/home/maria/ros2_coche/build/nmea_msgs' returned '0': CMAKE_PREFIX_PATH=/home/maria/ros2_coche/install/c4_gps:/opt/ros/humble:/home/maria/ros2_coche/install/nmea_msgs /usr/bin/cmake --install /home/maria/ros2_coche/build/nmea_msgs
