In file included from [01m[K/home/maria/ros2_coche/build/nmea_msgs/rosidl_generator_c/nmea_msgs/msg/detail/gpgst__functions.h:19[m[K,
                 from [01m[K/home/maria/ros2_coche/build/nmea_msgs/rosidl_generator_c/nmea_msgs/msg/detail/gpgst__functions.c:4[m[K:
[01m[K/home/maria/ros2_coche/build/nmea_msgs/rosidl_generator_c/nmea_msgs/msg/detail/gpgst__struct.h:22:10:[m[K [01;31m[Kfatal error: [m[Knmea_msgs/msg/detail/header__struct.h: No such file or directory
   22 | #include [01;31m[K"nmea_msgs/msg/detail/header__struct.h"[m[K
      |          [01;31m[K^~~~~~~~~~~~~~~~~~~~~~~~~~~~~~~~~~~~~~~[m[K
compilation terminated.
gmake[2]: *** [CMakeFiles/nmea_msgs__rosidl_generator_c.dir/build.make:303: CMakeFiles/nmea_msgs__rosidl_generator_c.dir/rosidl_generator_c/nmea_msgs/msg/detail/gpgst__functions.c.o] Error 1
gmake[2]: *** Waiting for unfinished jobs....
In file included from [01m[K/home/maria/ros2_coche/build/nmea_msgs/rosidl_generator_c/nmea_msgs/msg/detail/sentence__functions.h:19[m[K,
                 from [01m[K/home/maria/ros2_coche/build/nmea_msgs/rosidl_generator_c/nmea_msgs/msg/detail/sentence__functions.c:4[m[K:
[01m[K/home/maria/ros2_coche/build/nmea_msgs/rosidl_generator_c/nmea_msgs/msg/detail/sentence__struct.h:22:10:[m[K [01;31m[Kfatal error: [m[Knmea_msgs/msg/detail/header__struct.h: No such file or directory
   22 | #include [01;31m[K"nmea_msgs/msg/detail/header__struct.h"[m[K
      |          [01;31m[K^~~~~~~~~~~~~~~~~~~~~~~~~~~~~~~~~~~~~~~[m[K
compilation terminated.
gmake[2]: *** [CMakeFiles/nmea_msgs__rosidl_generator_c.dir/build.make:317: CMakeFiles/nmea_msgs__rosidl_generator_c.dir/rosidl_generator_c/nmea_msgs/msg/detail/sentence__functions.c.o] Error 1
In file included from [01m[K/home/maria/ros2_coche/build/nmea_msgs/rosidl_generator_c/nmea_msgs/msg/detail/gprmc__functions.h:19[m[K,
                 from [01m[K/home/maria/ros2_coche/build/nmea_msgs/rosidl_generator_c/nmea_msgs/msg/detail/gprmc__functions.c:4[m[K:
[01m[K/home/maria/ros2_coche/build/nmea_msgs/rosidl_generator_c/nmea_msgs/msg/detail/gprmc__struct.h:22:10:[m[K [01;31m[Kfatal error: [m[Knmea_msgs/msg/detail/header__struct.h: No such file or directory
   22 | #include [01;31m[K"nmea_msgs/msg/detail/header__struct.h"[m[K
      |          [01;31m[K^~~~~~~~~~~~~~~~~~~~~~~~~~~~~~~~~~~~~~~[m[K
compilation terminated.
In file included from [01m[K/home/maria/ros2_coche/build/nmea_msgs/rosidl_generator_c/nmea_msgs/msg/detail/gpgsv__functions.h:19[m[K,
                 from [01m[K/home/maria/ros2_coche/build/nmea_msgs/rosidl_generator_c/nmea_msgs/msg/detail/gpgsv__functions.c:4[m[K:
[01m[K/home/maria/ros2_coche/build/nmea_msgs/rosidl_generator_c/nmea_msgs/msg/detail/gpgsv__struct.h:22:10:[m[K [01;31m[Kfatal error: [m[Knmea_msgs/msg/detail/header__struct.h: No such file or directory
   22 | #include [01;31m[K"nmea_msgs/msg/detail/header__struct.h"[m[K
      |          [01;31m[K^~~~~~~~~~~~~~~~~~~~~~~~~~~~~~~~~~~~~~~[m[K
compilation terminated.
In file included from [01m[K/home/maria/ros2_coche/build/nmea_msgs/rosidl_generator_c/nmea_msgs/msg/detail/gpgga__functions.h:19[m[K,
                 from [01m[K/home/maria/ros2_coche/build/nmea_msgs/rosidl_generator_c/nmea_msgs/msg/detail/gpgga__functions.c:4[m[K:
[01m[K/home/maria/ros2_coche/build/nmea_msgs/rosidl_generator_c/nmea_msgs/msg/detail/gpgga__struct.h:22:10:[m[K [01;31m[Kfatal error: [m[Knmea_msgs/msg/detail/header__struct.h: No such file or directory
   22 | #include [01;31m[K"nmea_msgs/msg/detail/header__struct.h"[m[K
      |          [01;31m[K^~~~~~~~~~~~~~~~~~~~~~~~~~~~~~~~~~~~~~~[m[K
compilation terminated.
gmake[2]: *** [CMakeFiles/nmea_msgs__rosidl_generator_c.dir/build.make:289: CMakeFiles/nmea_msgs__rosidl_generator_c.dir/rosidl_generator_c/nmea_msgs/msg/detail/gprmc__functions.c.o] Error 1
gmake[2]: *** [CMakeFiles/nmea_msgs__rosidl_generator_c.dir/build.make:233: CMakeFiles/nmea_msgs__rosidl_generator_c.dir/rosidl_generator_c/nmea_msgs/msg/detail/gpgga__functions.c.o] Error 1
gmake[2]: *** [CMakeFiles/nmea_msgs__rosidl_generator_c.dir/build.make:261: CMakeFiles/nmea_msgs__rosidl_generator_c.dir/rosidl_generator_c/nmea_msgs/msg/detail/gpgsv__functions.c.o] Error 1
In file included from [01m[K/home/maria/ros2_coche/build/nmea_msgs/rosidl_generator_c/nmea_msgs/msg/detail/gpgsa__functions.h:19[m[K,
                 from [01m[K/home/maria/ros2_coche/build/nmea_msgs/rosidl_generator_c/nmea_msgs/msg/detail/gpgsa__functions.c:4[m[K:
[01m[K/home/maria/ros2_coche/build/nmea_msgs/rosidl_generator_c/nmea_msgs/msg/detail/gpgsa__struct.h:22:10:[m[K [01;31m[Kfatal error: [m[Knmea_msgs/msg/detail/header__struct.h: No such file or directory
   22 | #include [01;31m[K"nmea_msgs/msg/detail/header__struct.h"[m[K
      |          [01;31m[K^~~~~~~~~~~~~~~~~~~~~~~~~~~~~~~~~~~~~~~[m[K
compilation terminated.
gmake[2]: *** [CMakeFiles/nmea_msgs__rosidl_generator_c.dir/build.make:247: CMakeFiles/nmea_msgs__rosidl_generator_c.dir/rosidl_generator_c/nmea_msgs/msg/detail/gpgsa__functions.c.o] Error 1
gmake[1]: *** [CMakeFiles/Makefile2:213: CMakeFiles/nmea_msgs__rosidl_generator_c.dir/all] Error 2
gmake[1]: *** Waiting for unfinished jobs....
In file included from [01m[K/home/maria/ros2_coche/build/nmea_msgs/rosidl_typesupport_cpp/nmea_msgs/msg/sentence__type_support.cpp:7[m[K:
[01m[K/home/maria/ros2_coche/build/nmea_msgs/rosidl_generator_cpp/nmea_msgs/msg/detail/sentence__struct.hpp:20:10:[m[K [01;31m[Kfatal error: [m[Knmea_msgs/msg/detail/header__struct.hpp: No such file or directory
   20 | #include [01;31m[K"nmea_msgs/msg/detail/header__struct.hpp"[m[K
      |          [01;31m[K^~~~~~~~~~~~~~~~~~~~~~~~~~~~~~~~~~~~~~~~~[m[K
compilation terminated.
In file included from [01m[K/home/maria/ros2_coche/build/nmea_msgs/rosidl_typesupport_cpp/nmea_msgs/msg/gpgga__type_support.cpp:7[m[K:
[01m[K/home/maria/ros2_coche/build/nmea_msgs/rosidl_generator_cpp/nmea_msgs/msg/detail/gpgga__struct.hpp:20:10:[m[K [01;31m[Kfatal error: [m[Knmea_msgs/msg/detail/header__struct.hpp: No such file or directory
   20 | #include [01;31m[K"nmea_msgs/msg/detail/header__struct.hpp"[m[K
      |          [01;31m[K^~~~~~~~~~~~~~~~~~~~~~~~~~~~~~~~~~~~~~~~~[m[K
compilation terminated.
gmake[2]: *** [CMakeFiles/nmea_msgs__rosidl_typesupport_cpp.dir/build.make:226: CMakeFiles/nmea_msgs__rosidl_typesupport_cpp.dir/rosidl_typesupport_cpp/nmea_msgs/msg/sentence__type_support.cpp.o] Error 1
gmake[2]: *** Waiting for unfinished jobs....
gmake[2]: *** [CMakeFiles/nmea_msgs__rosidl_typesupport_cpp.dir/build.make:142: CMakeFiles/nmea_msgs__rosidl_typesupport_cpp.dir/rosidl_typesupport_cpp/nmea_msgs/msg/gpgga__type_support.cpp.o] Error 1
In file included from [01m[K/home/maria/ros2_coche/build/nmea_msgs/rosidl_typesupport_cpp/nmea_msgs/msg/gpgsv__type_support.cpp:7[m[K:
[01m[K/home/maria/ros2_coche/build/nmea_msgs/rosidl_generator_cpp/nmea_msgs/msg/detail/gpgsv__struct.hpp:20:10:[m[K [01;31m[Kfatal error: [m[Knmea_msgs/msg/detail/header__struct.hpp: No such file or directory
   20 | #include [01;31m[K"nmea_msgs/msg/detail/header__struct.hpp"[m[K
      |          [01;31m[K^~~~~~~~~~~~~~~~~~~~~~~~~~~~~~~~~~~~~~~~~[m[K
compilation terminated.
gmake[2]: *** [CMakeFiles/nmea_msgs__rosidl_typesupport_cpp.dir/build.make:170: CMakeFiles/nmea_msgs__rosidl_typesupport_cpp.dir/rosidl_typesupport_cpp/nmea_msgs/msg/gpgsv__type_support.cpp.o] Error 1
In file included from [01m[K/home/maria/ros2_coche/build/nmea_msgs/rosidl_typesupport_cpp/nmea_msgs/msg/gpgsa__type_support.cpp:7[m[K:
[01m[K/home/maria/ros2_coche/build/nmea_msgs/rosidl_generator_cpp/nmea_msgs/msg/detail/gpgsa__struct.hpp:20:10:[m[K [01;31m[Kfatal error: [m[Knmea_msgs/msg/detail/header__struct.hpp: No such file or directory
   20 | #include [01;31m[K"nmea_msgs/msg/detail/header__struct.hpp"[m[K
      |          [01;31m[K^~~~~~~~~~~~~~~~~~~~~~~~~~~~~~~~~~~~~~~~~[m[K
compilation terminated.
In file included from [01m[K/home/maria/ros2_coche/build/nmea_msgs/rosidl_typesupport_cpp/nmea_msgs/msg/gprmc__type_support.cpp:7[m[K:
[01m[K/home/maria/ros2_coche/build/nmea_msgs/rosidl_generator_cpp/nmea_msgs/msg/detail/gprmc__struct.hpp:20:10:[m[K [01;31m[Kfatal error: [m[Knmea_msgs/msg/detail/header__struct.hpp: No such file or directory
   20 | #include [01;31m[K"nmea_msgs/msg/detail/header__struct.hpp"[m[K
      |          [01;31m[K^~~~~~~~~~~~~~~~~~~~~~~~~~~~~~~~~~~~~~~~~[m[K
compilation terminated.
In file included from [01m[K/home/maria/ros2_coche/build/nmea_msgs/rosidl_typesupport_cpp/nmea_msgs/msg/gpgst__type_support.cpp:7[m[K:
[01m[K/home/maria/ros2_coche/build/nmea_msgs/rosidl_generator_cpp/nmea_msgs/msg/detail/gpgst__struct.hpp:20:10:[m[K [01;31m[Kfatal error: [m[Knmea_msgs/msg/detail/header__struct.hpp: No such file or directory
   20 | #include [01;31m[K"nmea_msgs/msg/detail/header__struct.hpp"[m[K
      |          [01;31m[K^~~~~~~~~~~~~~~~~~~~~~~~~~~~~~~~~~~~~~~~~[m[K
compilation terminated.
gmake[2]: *** [CMakeFiles/nmea_msgs__rosidl_typesupport_cpp.dir/build.make:156: CMakeFiles/nmea_msgs__rosidl_typesupport_cpp.dir/rosidl_typesupport_cpp/nmea_msgs/msg/gpgsa__type_support.cpp.o] Error 1
gmake[2]: *** [CMakeFiles/nmea_msgs__rosidl_typesupport_cpp.dir/build.make:212: CMakeFiles/nmea_msgs__rosidl_typesupport_cpp.dir/rosidl_typesupport_cpp/nmea_msgs/msg/gpgst__type_support.cpp.o] Error 1
gmake[2]: *** [CMakeFiles/nmea_msgs__rosidl_typesupport_cpp.dir/build.make:198: CMakeFiles/nmea_msgs__rosidl_typesupport_cpp.dir/rosidl_typesupport_cpp/nmea_msgs/msg/gprmc__type_support.cpp.o] Error 1
In file included from [01m[K/home/maria/ros2_coche/build/nmea_msgs/rosidl_typesupport_introspection_cpp/nmea_msgs/msg/detail/gpgsa__type_support.cpp:12[m[K:
[01m[K/home/maria/ros2_coche/build/nmea_msgs/rosidl_generator_cpp/nmea_msgs/msg/detail/gpgsa__struct.hpp:20:10:[m[K [01;31m[Kfatal error: [m[Knmea_msgs/msg/detail/header__struct.hpp: No such file or directory
   20 | #include [01;31m[K"nmea_msgs/msg/detail/header__struct.hpp"[m[K
      |          [01;31m[K^~~~~~~~~~~~~~~~~~~~~~~~~~~~~~~~~~~~~~~~~[m[K
compilation terminated.
In file included from [01m[K/home/maria/ros2_coche/build/nmea_msgs/rosidl_typesupport_introspection_cpp/nmea_msgs/msg/detail/gpgga__type_support.cpp:12[m[K:
[01m[K/home/maria/ros2_coche/build/nmea_msgs/rosidl_generator_cpp/nmea_msgs/msg/detail/gpgga__struct.hpp:20:10:[m[K [01;31m[Kfatal error: [m[Knmea_msgs/msg/detail/header__struct.hpp: No such file or directory
   20 | #include [01;31m[K"nmea_msgs/msg/detail/header__struct.hpp"[m[K
      |          [01;31m[K^~~~~~~~~~~~~~~~~~~~~~~~~~~~~~~~~~~~~~~~~[m[K
compilation terminated.
In file included from [01m[K/home/maria/ros2_coche/build/nmea_msgs/rosidl_typesupport_introspection_cpp/nmea_msgs/msg/detail/gpgst__type_support.cpp:12[m[K:
[01m[K/home/maria/ros2_coche/build/nmea_msgs/rosidl_generator_cpp/nmea_msgs/msg/detail/gpgst__struct.hpp:20:10:[m[K [01;31m[Kfatal error: [m[Knmea_msgs/msg/detail/header__struct.hpp: No such file or directory
   20 | #include [01;31m[K"nmea_msgs/msg/detail/header__struct.hpp"[m[K
      |          [01;31m[K^~~~~~~~~~~~~~~~~~~~~~~~~~~~~~~~~~~~~~~~~[m[K
compilation terminated.
gmake[2]: *** [CMakeFiles/nmea_msgs__rosidl_typesupport_introspection_cpp.dir/build.make:179: CMakeFiles/nmea_msgs__rosidl_typesupport_introspection_cpp.dir/rosidl_typesupport_introspection_cpp/nmea_msgs/msg/detail/gpgsa__type_support.cpp.o] Error 1
gmake[2]: *** Waiting for unfinished jobs....
gmake[2]: *** [CMakeFiles/nmea_msgs__rosidl_typesupport_introspection_cpp.dir/build.make:235: CMakeFiles/nmea_msgs__rosidl_typesupport_introspection_cpp.dir/rosidl_typesupport_introspection_cpp/nmea_msgs/msg/detail/gpgst__type_support.cpp.o] Error 1
gmake[2]: *** [CMakeFiles/nmea_msgs__rosidl_typesupport_introspection_cpp.dir/build.make:165: CMakeFiles/nmea_msgs__rosidl_typesupport_introspection_cpp.dir/rosidl_typesupport_introspection_cpp/nmea_msgs/msg/detail/gpgga__type_support.cpp.o] Error 1
In file included from [01m[K/home/maria/ros2_coche/build/nmea_msgs/rosidl_typesupport_introspection_cpp/nmea_msgs/msg/detail/gprmc__type_support.cpp:12[m[K:
[01m[K/home/maria/ros2_coche/build/nmea_msgs/rosidl_generator_cpp/nmea_msgs/msg/detail/gprmc__struct.hpp:20:10:[m[K [01;31m[Kfatal error: [m[Knmea_msgs/msg/detail/header__struct.hpp: No such file or directory
   20 | #include [01;31m[K"nmea_msgs/msg/detail/header__struct.hpp"[m[K
      |          [01;31m[K^~~~~~~~~~~~~~~~~~~~~~~~~~~~~~~~~~~~~~~~~[m[K
compilation terminated.
gmake[2]: *** [CMakeFiles/nmea_msgs__rosidl_typesupport_introspection_cpp.dir/build.make:221: CMakeFiles/nmea_msgs__rosidl_typesupport_introspection_cpp.dir/rosidl_typesupport_introspection_cpp/nmea_msgs/msg/detail/gprmc__type_support.cpp.o] Error 1
In file included from [01m[K/home/maria/ros2_coche/build/nmea_msgs/rosidl_typesupport_introspection_cpp/nmea_msgs/msg/detail/sentence__type_support.cpp:12[m[K:
[01m[K/home/maria/ros2_coche/build/nmea_msgs/rosidl_generator_cpp/nmea_msgs/msg/detail/sentence__struct.hpp:20:10:[m[K [01;31m[Kfatal error: [m[Knmea_msgs/msg/detail/header__struct.hpp: No such file or directory
   20 | #include [01;31m[K"nmea_msgs/msg/detail/header__struct.hpp"[m[K
      |          [01;31m[K^~~~~~~~~~~~~~~~~~~~~~~~~~~~~~~~~~~~~~~~~[m[K
compilation terminated.
gmake[2]: *** [CMakeFiles/nmea_msgs__rosidl_typesupport_introspection_cpp.dir/build.make:249: CMakeFiles/nmea_msgs__rosidl_typesupport_introspection_cpp.dir/rosidl_typesupport_introspection_cpp/nmea_msgs/msg/detail/sentence__type_support.cpp.o] Error 1
In file included from [01m[K/home/maria/ros2_coche/build/nmea_msgs/rosidl_typesupport_introspection_cpp/nmea_msgs/msg/detail/gpgsv__type_support.cpp:12[m[K:
[01m[K/home/maria/ros2_coche/build/nmea_msgs/rosidl_generator_cpp/nmea_msgs/msg/detail/gpgsv__struct.hpp:20:10:[m[K [01;31m[Kfatal error: [m[Knmea_msgs/msg/detail/header__struct.hpp: No such file or directory
   20 | #include [01;31m[K"nmea_msgs/msg/detail/header__struct.hpp"[m[K
      |          [01;31m[K^~~~~~~~~~~~~~~~~~~~~~~~~~~~~~~~~~~~~~~~~[m[K
compilation terminated.
gmake[2]: *** [CMakeFiles/nmea_msgs__rosidl_typesupport_introspection_cpp.dir/build.make:193: CMakeFiles/nmea_msgs__rosidl_typesupport_introspection_cpp.dir/rosidl_typesupport_introspection_cpp/nmea_msgs/msg/detail/gpgsv__type_support.cpp.o] Error 1
In file included from [01m[K/home/maria/ros2_coche/build/nmea_msgs/rosidl_typesupport_fastrtps_cpp/nmea_msgs/msg/detail/sentence__rosidl_typesupport_fastrtps_cpp.hpp:11[m[K,
                 from [01m[K/home/maria/ros2_coche/build/nmea_msgs/rosidl_typesupport_fastrtps_cpp/nmea_msgs/msg/detail/dds_fastrtps/sentence__type_support.cpp:4[m[K:
[01m[K/home/maria/ros2_coche/build/nmea_msgs/rosidl_generator_cpp/nmea_msgs/msg/detail/sentence__struct.hpp:20:10:[m[K [01;31m[Kfatal error: [m[Knmea_msgs/msg/detail/header__struct.hpp: No such file or directory
   20 | #include [01;31m[K"nmea_msgs/msg/detail/header__struct.hpp"[m[K
      |          [01;31m[K^~~~~~~~~~~~~~~~~~~~~~~~~~~~~~~~~~~~~~~~~[m[K
compilation terminated.
In file included from [01m[K/home/maria/ros2_coche/build/nmea_msgs/rosidl_typesupport_fastrtps_cpp/nmea_msgs/msg/detail/gpgsa__rosidl_typesupport_fastrtps_cpp.hpp:11[m[K,
                 from [01m[K/home/maria/ros2_coche/build/nmea_msgs/rosidl_typesupport_fastrtps_cpp/nmea_msgs/msg/detail/dds_fastrtps/gpgsa__type_support.cpp:4[m[K:
[01m[K/home/maria/ros2_coche/build/nmea_msgs/rosidl_generator_cpp/nmea_msgs/msg/detail/gpgsa__struct.hpp:20:10:[m[K [01;31m[Kfatal error: [m[Knmea_msgs/msg/detail/header__struct.hpp: No such file or directory
   20 | #include [01;31m[K"nmea_msgs/msg/detail/header__struct.hpp"[m[K
      |          [01;31m[K^~~~~~~~~~~~~~~~~~~~~~~~~~~~~~~~~~~~~~~~~[m[K
compilation terminated.
gmake[2]: *** [CMakeFiles/nmea_msgs__rosidl_typesupport_fastrtps_cpp.dir/build.make:179: CMakeFiles/nmea_msgs__rosidl_typesupport_fastrtps_cpp.dir/rosidl_typesupport_fastrtps_cpp/nmea_msgs/msg/detail/dds_fastrtps/gpgsa__type_support.cpp.o] Error 1
gmake[2]: *** Waiting for unfinished jobs....
gmake[2]: *** [CMakeFiles/nmea_msgs__rosidl_typesupport_fastrtps_cpp.dir/build.make:249: CMakeFiles/nmea_msgs__rosidl_typesupport_fastrtps_cpp.dir/rosidl_typesupport_fastrtps_cpp/nmea_msgs/msg/detail/dds_fastrtps/sentence__type_support.cpp.o] Error 1
In file included from [01m[K/home/maria/ros2_coche/build/nmea_msgs/rosidl_typesupport_fastrtps_cpp/nmea_msgs/msg/detail/gpgst__rosidl_typesupport_fastrtps_cpp.hpp:11[m[K,
                 from [01m[K/home/maria/ros2_coche/build/nmea_msgs/rosidl_typesupport_fastrtps_cpp/nmea_msgs/msg/detail/dds_fastrtps/gpgst__type_support.cpp:4[m[K:
[01m[K/home/maria/ros2_coche/build/nmea_msgs/rosidl_generator_cpp/nmea_msgs/msg/detail/gpgst__struct.hpp:20:10:[m[K [01;31m[Kfatal error: [m[Knmea_msgs/msg/detail/header__struct.hpp: No such file or directory
   20 | #include [01;31m[K"nmea_msgs/msg/detail/header__struct.hpp"[m[K
      |          [01;31m[K^~~~~~~~~~~~~~~~~~~~~~~~~~~~~~~~~~~~~~~~~[m[K
compilation terminated.
In file included from [01m[K/home/maria/ros2_coche/build/nmea_msgs/rosidl_typesupport_fastrtps_cpp/nmea_msgs/msg/detail/gpgsv__rosidl_typesupport_fastrtps_cpp.hpp:11[m[K,
                 from [01m[K/home/maria/ros2_coche/build/nmea_msgs/rosidl_typesupport_fastrtps_cpp/nmea_msgs/msg/detail/dds_fastrtps/gpgsv__type_support.cpp:4[m[K:
[01m[K/home/maria/ros2_coche/build/nmea_msgs/rosidl_generator_cpp/nmea_msgs/msg/detail/gpgsv__struct.hpp:20:10:[m[K [01;31m[Kfatal error: [m[Knmea_msgs/msg/detail/header__struct.hpp: No such file or directory
   20 | #include [01;31m[K"nmea_msgs/msg/detail/header__struct.hpp"[m[K
      |          [01;31m[K^~~~~~~~~~~~~~~~~~~~~~~~~~~~~~~~~~~~~~~~~[m[K
compilation terminated.
In file included from [01m[K/home/maria/ros2_coche/build/nmea_msgs/rosidl_typesupport_fastrtps_cpp/nmea_msgs/msg/detail/gpgga__rosidl_typesupport_fastrtps_cpp.hpp:11[m[K,
                 from [01m[K/home/maria/ros2_coche/build/nmea_msgs/rosidl_typesupport_fastrtps_cpp/nmea_msgs/msg/detail/dds_fastrtps/gpgga__type_support.cpp:4[m[K:
[01m[K/home/maria/ros2_coche/build/nmea_msgs/rosidl_generator_cpp/nmea_msgs/msg/detail/gpgga__struct.hpp:20:10:[m[K [01;31m[Kfatal error: [m[Knmea_msgs/msg/detail/header__struct.hpp: No such file or directory
   20 | #include [01;31m[K"nmea_msgs/msg/detail/header__struct.hpp"[m[K
      |          [01;31m[K^~~~~~~~~~~~~~~~~~~~~~~~~~~~~~~~~~~~~~~~~[m[K
compilation terminated.
gmake[2]: *** [CMakeFiles/nmea_msgs__rosidl_typesupport_fastrtps_cpp.dir/build.make:235: CMakeFiles/nmea_msgs__rosidl_typesupport_fastrtps_cpp.dir/rosidl_typesupport_fastrtps_cpp/nmea_msgs/msg/detail/dds_fastrtps/gpgst__type_support.cpp.o] Error 1
gmake[2]: *** [CMakeFiles/nmea_msgs__rosidl_typesupport_fastrtps_cpp.dir/build.make:193: CMakeFiles/nmea_msgs__rosidl_typesupport_fastrtps_cpp.dir/rosidl_typesupport_fastrtps_cpp/nmea_msgs/msg/detail/dds_fastrtps/gpgsv__type_support.cpp.o] Error 1
gmake[2]: *** [CMakeFiles/nmea_msgs__rosidl_typesupport_fastrtps_cpp.dir/build.make:165: CMakeFiles/nmea_msgs__rosidl_typesupport_fastrtps_cpp.dir/rosidl_typesupport_fastrtps_cpp/nmea_msgs/msg/detail/dds_fastrtps/gpgga__type_support.cpp.o] Error 1
In file included from [01m[K/home/maria/ros2_coche/build/nmea_msgs/rosidl_typesupport_fastrtps_cpp/nmea_msgs/msg/detail/gprmc__rosidl_typesupport_fastrtps_cpp.hpp:11[m[K,
                 from [01m[K/home/maria/ros2_coche/build/nmea_msgs/rosidl_typesupport_fastrtps_cpp/nmea_msgs/msg/detail/dds_fastrtps/gprmc__type_support.cpp:4[m[K:
[01m[K/home/maria/ros2_coche/build/nmea_msgs/rosidl_generator_cpp/nmea_msgs/msg/detail/gprmc__struct.hpp:20:10:[m[K [01;31m[Kfatal error: [m[Knmea_msgs/msg/detail/header__struct.hpp: No such file or directory
   20 | #include [01;31m[K"nmea_msgs/msg/detail/header__struct.hpp"[m[K
      |          [01;31m[K^~~~~~~~~~~~~~~~~~~~~~~~~~~~~~~~~~~~~~~~~[m[K
compilation terminated.
gmake[2]: *** [CMakeFiles/nmea_msgs__rosidl_typesupport_fastrtps_cpp.dir/build.make:221: CMakeFiles/nmea_msgs__rosidl_typesupport_fastrtps_cpp.dir/rosidl_typesupport_fastrtps_cpp/nmea_msgs/msg/detail/dds_fastrtps/gprmc__type_support.cpp.o] Error 1
gmake[1]: *** [CMakeFiles/Makefile2:395: CMakeFiles/nmea_msgs__rosidl_typesupport_cpp.dir/all] Error 2
gmake[1]: *** [CMakeFiles/Makefile2:369: CMakeFiles/nmea_msgs__rosidl_typesupport_introspection_cpp.dir/all] Error 2
gmake[1]: *** [CMakeFiles/Makefile2:291: CMakeFiles/nmea_msgs__rosidl_typesupport_fastrtps_cpp.dir/all] Error 2
gmake: *** [Makefile:146: all] Error 2
