[0.036s] Invoking command in '/home/maria/ros2_coche/build/nmea_msgs': CMAKE_PREFIX_PATH=/opt/ros/humble /usr/bin/cmake /home/maria/ros2_coche/src/nmea_msgs -DCMAKE_INSTALL_PREFIX=/home/maria/ros2_coche/install/nmea_msgs
[0.056s] -- Found ament_cmake: 1.3.3 (/opt/ros/humble/share/ament_cmake/cmake)
[0.576s] -- Found std_msgs: 4.2.3 (/opt/ros/humble/share/std_msgs/cmake)
[0.678s] -- Found rosidl_generator_c: 3.1.4 (/opt/ros/humble/share/rosidl_generator_c/cmake)
[0.687s] -- Found rosidl_adapter: 3.1.4 (/opt/ros/humble/share/rosidl_adapter/cmake)
[0.711s] -- Found rosidl_generator_cpp: 3.1.4 (/opt/ros/humble/share/rosidl_generator_cpp/cmake)
[0.752s] -- Using all available rosidl_typesupport_c: rosidl_typesupport_fastrtps_c;rosidl_typesupport_introspection_c
[0.805s] -- Using all available rosidl_typesupport_cpp: rosidl_typesupport_fastrtps_cpp;rosidl_typesupport_introspection_cpp
[0.902s] -- Found rosidl_default_generators: 1.2.0 (/opt/ros/humble/share/rosidl_default_generators/cmake)
[1.796s] -- Found ament_cmake_ros: 0.10.0 (/opt/ros/humble/share/ament_cmake_ros/cmake)
[3.284s] -- Using all available rosidl_typesupport_c: rosidl_typesupport_fastrtps_c;rosidl_typesupport_introspection_c
[3.849s] -- Using all available rosidl_typesupport_cpp: rosidl_typesupport_fastrtps_cpp;rosidl_typesupport_introspection_cpp
[3.953s] -- Found PythonInterp: /usr/bin/python3 (found suitable version "3.10.6", minimum required is "3.6") 
[3.957s] -- Found python_cmake_module: 0.10.0 (/opt/ros/humble/share/python_cmake_module/cmake)
[4.033s] -- Found PythonLibs: /usr/lib/x86_64-linux-gnu/libpython3.10.so (found suitable version "3.10.6", minimum required is "3.5") 
[4.034s] -- Using PYTHON_EXECUTABLE: /usr/bin/python3
[4.034s] -- Using PYTHON_INCLUDE_DIRS: /usr/include/python3.10
[4.034s] -- Using PYTHON_LIBRARIES: /usr/lib/x86_64-linux-gnu/libpython3.10.so
[4.105s] -- Found PythonExtra: .so  
[4.392s] -- Configuring done
[4.544s] -- Generating done
[4.548s] -- Build files have been written to: /home/maria/ros2_coche/build/nmea_msgs
[4.558s] Invoked command in '/home/maria/ros2_coche/build/nmea_msgs' returned '0': CMAKE_PREFIX_PATH=/opt/ros/humble /usr/bin/cmake /home/maria/ros2_coche/src/nmea_msgs -DCMAKE_INSTALL_PREFIX=/home/maria/ros2_coche/install/nmea_msgs
[4.560s] Invoking command in '/home/maria/ros2_coche/build/nmea_msgs': CMAKE_PREFIX_PATH=/opt/ros/humble /usr/bin/cmake --build /home/maria/ros2_coche/build/nmea_msgs -- -j12 -l12
[4.638s] [  1%] [34m[1mGenerating C code for ROS interfaces[0m
[4.671s] [  2%] [34m[1mGenerating C++ code for ROS interfaces[0m
[4.698s] [  2%] Built target ament_cmake_python_copy_nmea_msgs
[5.292s] running egg_info
[5.293s] creating nmea_msgs.egg-info
[5.293s] writing nmea_msgs.egg-info/PKG-INFO
[5.294s] writing dependency_links to nmea_msgs.egg-info/dependency_links.txt
[5.294s] writing top-level names to nmea_msgs.egg-info/top_level.txt
[5.294s] writing manifest file 'nmea_msgs.egg-info/SOURCES.txt'
[5.298s] reading manifest file 'nmea_msgs.egg-info/SOURCES.txt'
[5.298s] writing manifest file 'nmea_msgs.egg-info/SOURCES.txt'
[5.341s] [  2%] Built target ament_cmake_python_build_nmea_msgs_egg
[6.207s] [  2%] Built target nmea_msgs__cpp
[6.224s] [  6%] [34m[1mGenerating C++ type support for eProsima Fast-RTPS[0m
[6.224s] [  6%] [34m[1mGenerating C++ type support dispatch for ROS interfaces[0m
[6.224s] [  6%] [34m[1mGenerating C++ introspection for ROS interfaces[0m
[6.356s] [  7%] [32mBuilding C object CMakeFiles/nmea_msgs__rosidl_generator_c.dir/rosidl_generator_c/nmea_msgs/msg/detail/gpgsv_satellite__functions.c.o[0m
[6.358s] [ 10%] [32mBuilding C object CMakeFiles/nmea_msgs__rosidl_generator_c.dir/rosidl_generator_c/nmea_msgs/msg/detail/gpgga__functions.c.o[0m
[6.358s] [ 11%] [32mBuilding C object CMakeFiles/nmea_msgs__rosidl_generator_c.dir/rosidl_generator_c/nmea_msgs/msg/detail/gpgsv__functions.c.o[0m
[6.359s] [ 12%] [32mBuilding C object CMakeFiles/nmea_msgs__rosidl_generator_c.dir/rosidl_generator_c/nmea_msgs/msg/detail/gpgst__functions.c.o[0m
[6.360s] [ 12%] [32mBuilding C object CMakeFiles/nmea_msgs__rosidl_generator_c.dir/rosidl_generator_c/nmea_msgs/msg/detail/gpgsa__functions.c.o[0m
[6.360s] [ 15%] [32mBuilding C object CMakeFiles/nmea_msgs__rosidl_generator_c.dir/rosidl_generator_c/nmea_msgs/msg/detail/sentence__functions.c.o[0m
[6.361s] [ 15%] [32mBuilding C object CMakeFiles/nmea_msgs__rosidl_generator_c.dir/rosidl_generator_c/nmea_msgs/msg/detail/gprmc__functions.c.o[0m
[6.408s] In file included from [01m[K/home/maria/ros2_coche/build/nmea_msgs/rosidl_generator_c/nmea_msgs/msg/detail/gpgst__functions.h:19[m[K,
[6.408s]                  from [01m[K/home/maria/ros2_coche/build/nmea_msgs/rosidl_generator_c/nmea_msgs/msg/detail/gpgst__functions.c:4[m[K:
[6.408s] [01m[K/home/maria/ros2_coche/build/nmea_msgs/rosidl_generator_c/nmea_msgs/msg/detail/gpgst__struct.h:22:10:[m[K [01;31m[Kfatal error: [m[Knmea_msgs/msg/detail/header__struct.h: No such file or directory
[6.408s]    22 | #include [01;31m[K"nmea_msgs/msg/detail/header__struct.h"[m[K
[6.409s]       |          [01;31m[K^~~~~~~~~~~~~~~~~~~~~~~~~~~~~~~~~~~~~~~[m[K
[6.409s] compilation terminated.
[6.409s] gmake[2]: *** [CMakeFiles/nmea_msgs__rosidl_generator_c.dir/build.make:303: CMakeFiles/nmea_msgs__rosidl_generator_c.dir/rosidl_generator_c/nmea_msgs/msg/detail/gpgst__functions.c.o] Error 1
[6.409s] gmake[2]: *** Waiting for unfinished jobs....
[6.414s] In file included from [01m[K/home/maria/ros2_coche/build/nmea_msgs/rosidl_generator_c/nmea_msgs/msg/detail/sentence__functions.h:19[m[K,
[6.414s]                  from [01m[K/home/maria/ros2_coche/build/nmea_msgs/rosidl_generator_c/nmea_msgs/msg/detail/sentence__functions.c:4[m[K:
[6.414s] [01m[K/home/maria/ros2_coche/build/nmea_msgs/rosidl_generator_c/nmea_msgs/msg/detail/sentence__struct.h:22:10:[m[K [01;31m[Kfatal error: [m[Knmea_msgs/msg/detail/header__struct.h: No such file or directory
[6.414s]    22 | #include [01;31m[K"nmea_msgs/msg/detail/header__struct.h"[m[K
[6.415s]       |          [01;31m[K^~~~~~~~~~~~~~~~~~~~~~~~~~~~~~~~~~~~~~~[m[K
[6.415s] compilation terminated.
[6.415s] gmake[2]: *** [CMakeFiles/nmea_msgs__rosidl_generator_c.dir/build.make:317: CMakeFiles/nmea_msgs__rosidl_generator_c.dir/rosidl_generator_c/nmea_msgs/msg/detail/sentence__functions.c.o] Error 1
[6.417s] In file included from [01m[K/home/maria/ros2_coche/build/nmea_msgs/rosidl_generator_c/nmea_msgs/msg/detail/gprmc__functions.h:19[m[K,
[6.417s]                  from [01m[K/home/maria/ros2_coche/build/nmea_msgs/rosidl_generator_c/nmea_msgs/msg/detail/gprmc__functions.c:4[m[K:
[6.417s] [01m[K/home/maria/ros2_coche/build/nmea_msgs/rosidl_generator_c/nmea_msgs/msg/detail/gprmc__struct.h:22:10:[m[K [01;31m[Kfatal error: [m[Knmea_msgs/msg/detail/header__struct.h: No such file or directory
[6.417s]    22 | #include [01;31m[K"nmea_msgs/msg/detail/header__struct.h"[m[K
[6.417s]       |          [01;31m[K^~~~~~~~~~~~~~~~~~~~~~~~~~~~~~~~~~~~~~~[m[K
[6.418s] compilation terminated.
[6.418s] In file included from [01m[K/home/maria/ros2_coche/build/nmea_msgs/rosidl_generator_c/nmea_msgs/msg/detail/gpgsv__functions.h:19[m[K,
[6.418s]                  from [01m[K/home/maria/ros2_coche/build/nmea_msgs/rosidl_generator_c/nmea_msgs/msg/detail/gpgsv__functions.c:4[m[K:
[6.418s] [01m[K/home/maria/ros2_coche/build/nmea_msgs/rosidl_generator_c/nmea_msgs/msg/detail/gpgsv__struct.h:22:10:[m[K [01;31m[Kfatal error: [m[Knmea_msgs/msg/detail/header__struct.h: No such file or directory
[6.418s]    22 | #include [01;31m[K"nmea_msgs/msg/detail/header__struct.h"[m[K
[6.419s]       |          [01;31m[K^~~~~~~~~~~~~~~~~~~~~~~~~~~~~~~~~~~~~~~[m[K
[6.419s] compilation terminated.
[6.419s] In file included from [01m[K/home/maria/ros2_coche/build/nmea_msgs/rosidl_generator_c/nmea_msgs/msg/detail/gpgga__functions.h:19[m[K,
[6.419s]                  from [01m[K/home/maria/ros2_coche/build/nmea_msgs/rosidl_generator_c/nmea_msgs/msg/detail/gpgga__functions.c:4[m[K:
[6.419s] [01m[K/home/maria/ros2_coche/build/nmea_msgs/rosidl_generator_c/nmea_msgs/msg/detail/gpgga__struct.h:22:10:[m[K [01;31m[Kfatal error: [m[Knmea_msgs/msg/detail/header__struct.h: No such file or directory
[6.419s]    22 | #include [01;31m[K"nmea_msgs/msg/detail/header__struct.h"[m[K
[6.420s]       |          [01;31m[K^~~~~~~~~~~~~~~~~~~~~~~~~~~~~~~~~~~~~~~[m[K
[6.420s] compilation terminated.
[6.420s] gmake[2]: *** [CMakeFiles/nmea_msgs__rosidl_generator_c.dir/build.make:289: CMakeFiles/nmea_msgs__rosidl_generator_c.dir/rosidl_generator_c/nmea_msgs/msg/detail/gprmc__functions.c.o] Error 1
[6.420s] gmake[2]: *** [CMakeFiles/nmea_msgs__rosidl_generator_c.dir/build.make:233: CMakeFiles/nmea_msgs__rosidl_generator_c.dir/rosidl_generator_c/nmea_msgs/msg/detail/gpgga__functions.c.o] Error 1
[6.420s] gmake[2]: *** [CMakeFiles/nmea_msgs__rosidl_generator_c.dir/build.make:261: CMakeFiles/nmea_msgs__rosidl_generator_c.dir/rosidl_generator_c/nmea_msgs/msg/detail/gpgsv__functions.c.o] Error 1
[6.420s] In file included from [01m[K/home/maria/ros2_coche/build/nmea_msgs/rosidl_generator_c/nmea_msgs/msg/detail/gpgsa__functions.h:19[m[K,
[6.421s]                  from [01m[K/home/maria/ros2_coche/build/nmea_msgs/rosidl_generator_c/nmea_msgs/msg/detail/gpgsa__functions.c:4[m[K:
[6.421s] [01m[K/home/maria/ros2_coche/build/nmea_msgs/rosidl_generator_c/nmea_msgs/msg/detail/gpgsa__struct.h:22:10:[m[K [01;31m[Kfatal error: [m[Knmea_msgs/msg/detail/header__struct.h: No such file or directory
[6.421s]    22 | #include [01;31m[K"nmea_msgs/msg/detail/header__struct.h"[m[K
[6.421s]       |          [01;31m[K^~~~~~~~~~~~~~~~~~~~~~~~~~~~~~~~~~~~~~~[m[K
[6.421s] compilation terminated.
[6.421s] gmake[2]: *** [CMakeFiles/nmea_msgs__rosidl_generator_c.dir/build.make:247: CMakeFiles/nmea_msgs__rosidl_generator_c.dir/rosidl_generator_c/nmea_msgs/msg/detail/gpgsa__functions.c.o] Error 1
[6.476s] gmake[1]: *** [CMakeFiles/Makefile2:213: CMakeFiles/nmea_msgs__rosidl_generator_c.dir/all] Error 2
[6.476s] gmake[1]: *** Waiting for unfinished jobs....
[7.298s] [ 16%] [32mBuilding CXX object CMakeFiles/nmea_msgs__rosidl_typesupport_cpp.dir/rosidl_typesupport_cpp/nmea_msgs/msg/gpgsa__type_support.cpp.o[0m
[7.298s] [ 17%] [32mBuilding CXX object CMakeFiles/nmea_msgs__rosidl_typesupport_cpp.dir/rosidl_typesupport_cpp/nmea_msgs/msg/sentence__type_support.cpp.o[0m
[7.299s] [ 18%] [32mBuilding CXX object CMakeFiles/nmea_msgs__rosidl_typesupport_cpp.dir/rosidl_typesupport_cpp/nmea_msgs/msg/gpgga__type_support.cpp.o[0m
[7.299s] [ 20%] [32mBuilding CXX object CMakeFiles/nmea_msgs__rosidl_typesupport_cpp.dir/rosidl_typesupport_cpp/nmea_msgs/msg/gpgsv__type_support.cpp.o[0m
[7.299s] [ 21%] [32mBuilding CXX object CMakeFiles/nmea_msgs__rosidl_typesupport_cpp.dir/rosidl_typesupport_cpp/nmea_msgs/msg/gpgst__type_support.cpp.o[0m
[7.300s] [ 24%] [32mBuilding CXX object CMakeFiles/nmea_msgs__rosidl_typesupport_cpp.dir/rosidl_typesupport_cpp/nmea_msgs/msg/gpgsv_satellite__type_support.cpp.o[0m
[7.300s] [ 24%] [32mBuilding CXX object CMakeFiles/nmea_msgs__rosidl_typesupport_cpp.dir/rosidl_typesupport_cpp/nmea_msgs/msg/gprmc__type_support.cpp.o[0m
[7.416s] In file included from [01m[K/home/maria/ros2_coche/build/nmea_msgs/rosidl_typesupport_cpp/nmea_msgs/msg/sentence__type_support.cpp:7[m[K:
[7.416s] [01m[K/home/maria/ros2_coche/build/nmea_msgs/rosidl_generator_cpp/nmea_msgs/msg/detail/sentence__struct.hpp:20:10:[m[K [01;31m[Kfatal error: [m[Knmea_msgs/msg/detail/header__struct.hpp: No such file or directory
[7.417s]    20 | #include [01;31m[K"nmea_msgs/msg/detail/header__struct.hpp"[m[K
[7.417s]       |          [01;31m[K^~~~~~~~~~~~~~~~~~~~~~~~~~~~~~~~~~~~~~~~~[m[K
[7.417s] compilation terminated.
[7.421s] In file included from [01m[K/home/maria/ros2_coche/build/nmea_msgs/rosidl_typesupport_cpp/nmea_msgs/msg/gpgga__type_support.cpp:7[m[K:
[7.422s] [01m[K/home/maria/ros2_coche/build/nmea_msgs/rosidl_generator_cpp/nmea_msgs/msg/detail/gpgga__struct.hpp:20:10:[m[K [01;31m[Kfatal error: [m[Knmea_msgs/msg/detail/header__struct.hpp: No such file or directory
[7.422s]    20 | #include [01;31m[K"nmea_msgs/msg/detail/header__struct.hpp"[m[K
[7.422s]       |          [01;31m[K^~~~~~~~~~~~~~~~~~~~~~~~~~~~~~~~~~~~~~~~~[m[K
[7.422s] compilation terminated.
[7.444s] gmake[2]: *** [CMakeFiles/nmea_msgs__rosidl_typesupport_cpp.dir/build.make:226: CMakeFiles/nmea_msgs__rosidl_typesupport_cpp.dir/rosidl_typesupport_cpp/nmea_msgs/msg/sentence__type_support.cpp.o] Error 1
[7.444s] gmake[2]: *** Waiting for unfinished jobs....
[7.444s] gmake[2]: *** [CMakeFiles/nmea_msgs__rosidl_typesupport_cpp.dir/build.make:142: CMakeFiles/nmea_msgs__rosidl_typesupport_cpp.dir/rosidl_typesupport_cpp/nmea_msgs/msg/gpgga__type_support.cpp.o] Error 1
[7.453s] In file included from [01m[K/home/maria/ros2_coche/build/nmea_msgs/rosidl_typesupport_cpp/nmea_msgs/msg/gpgsv__type_support.cpp:7[m[K:
[7.455s] [01m[K/home/maria/ros2_coche/build/nmea_msgs/rosidl_generator_cpp/nmea_msgs/msg/detail/gpgsv__struct.hpp:20:10:[m[K [01;31m[Kfatal error: [m[Knmea_msgs/msg/detail/header__struct.hpp: No such file or directory
[7.457s]    20 | #include [01;31m[K"nmea_msgs/msg/detail/header__struct.hpp"[m[K
[7.459s]       |          [01;31m[K^~~~~~~~~~~~~~~~~~~~~~~~~~~~~~~~~~~~~~~~~[m[K
[7.461s] compilation terminated.
[7.462s] gmake[2]: *** [CMakeFiles/nmea_msgs__rosidl_typesupport_cpp.dir/build.make:170: CMakeFiles/nmea_msgs__rosidl_typesupport_cpp.dir/rosidl_typesupport_cpp/nmea_msgs/msg/gpgsv__type_support.cpp.o] Error 1
[7.464s] In file included from [01m[K/home/maria/ros2_coche/build/nmea_msgs/rosidl_typesupport_cpp/nmea_msgs/msg/gpgsa__type_support.cpp:7[m[K:
[7.466s] [01m[K/home/maria/ros2_coche/build/nmea_msgs/rosidl_generator_cpp/nmea_msgs/msg/detail/gpgsa__struct.hpp:20:10:[m[K [01;31m[Kfatal error: [m[Knmea_msgs/msg/detail/header__struct.hpp: No such file or directory
[7.466s]    20 | #include [01;31m[K"nmea_msgs/msg/detail/header__struct.hpp"[m[K
[7.466s]       |          [01;31m[K^~~~~~~~~~~~~~~~~~~~~~~~~~~~~~~~~~~~~~~~~[m[K
[7.466s] compilation terminated.
[7.467s] In file included from [01m[K/home/maria/ros2_coche/build/nmea_msgs/rosidl_typesupport_cpp/nmea_msgs/msg/gprmc__type_support.cpp:7[m[K:
[7.467s] [01m[K/home/maria/ros2_coche/build/nmea_msgs/rosidl_generator_cpp/nmea_msgs/msg/detail/gprmc__struct.hpp:20:10:[m[K [01;31m[Kfatal error: [m[Knmea_msgs/msg/detail/header__struct.hpp: No such file or directory
[7.467s]    20 | #include [01;31m[K"nmea_msgs/msg/detail/header__struct.hpp"[m[K
[7.467s]       |          [01;31m[K^~~~~~~~~~~~~~~~~~~~~~~~~~~~~~~~~~~~~~~~~[m[K
[7.467s] compilation terminated.
[7.468s] In file included from [01m[K/home/maria/ros2_coche/build/nmea_msgs/rosidl_typesupport_cpp/nmea_msgs/msg/gpgst__type_support.cpp:7[m[K:
[7.468s] [01m[K/home/maria/ros2_coche/build/nmea_msgs/rosidl_generator_cpp/nmea_msgs/msg/detail/gpgst__struct.hpp:20:10:[m[K [01;31m[Kfatal error: [m[Knmea_msgs/msg/detail/header__struct.hpp: No such file or directory
[7.468s]    20 | #include [01;31m[K"nmea_msgs/msg/detail/header__struct.hpp"[m[K
[7.468s]       |          [01;31m[K^~~~~~~~~~~~~~~~~~~~~~~~~~~~~~~~~~~~~~~~~[m[K
[7.468s] compilation terminated.
[7.469s] gmake[2]: *** [CMakeFiles/nmea_msgs__rosidl_typesupport_cpp.dir/build.make:156: CMakeFiles/nmea_msgs__rosidl_typesupport_cpp.dir/rosidl_typesupport_cpp/nmea_msgs/msg/gpgsa__type_support.cpp.o] Error 1
[7.469s] [ 25%] [32mBuilding CXX object CMakeFiles/nmea_msgs__rosidl_typesupport_introspection_cpp.dir/rosidl_typesupport_introspection_cpp/nmea_msgs/msg/detail/gpgga__type_support.cpp.o[0m
[7.469s] [ 26%] [32mBuilding CXX object CMakeFiles/nmea_msgs__rosidl_typesupport_introspection_cpp.dir/rosidl_typesupport_introspection_cpp/nmea_msgs/msg/detail/gpgsa__type_support.cpp.o[0m
[7.469s] gmake[2]: *** [CMakeFiles/nmea_msgs__rosidl_typesupport_cpp.dir/build.make:212: CMakeFiles/nmea_msgs__rosidl_typesupport_cpp.dir/rosidl_typesupport_cpp/nmea_msgs/msg/gpgst__type_support.cpp.o] Error 1
[7.469s] gmake[2]: *** [CMakeFiles/nmea_msgs__rosidl_typesupport_cpp.dir/build.make:198: CMakeFiles/nmea_msgs__rosidl_typesupport_cpp.dir/rosidl_typesupport_cpp/nmea_msgs/msg/gprmc__type_support.cpp.o] Error 1
[7.470s] [ 27%] [32mBuilding CXX object CMakeFiles/nmea_msgs__rosidl_typesupport_introspection_cpp.dir/rosidl_typesupport_introspection_cpp/nmea_msgs/msg/detail/gpgsv__type_support.cpp.o[0m
[7.470s] [ 29%] [32mBuilding CXX object CMakeFiles/nmea_msgs__rosidl_typesupport_introspection_cpp.dir/rosidl_typesupport_introspection_cpp/nmea_msgs/msg/detail/gpgst__type_support.cpp.o[0m
[7.470s] [ 30%] [32mBuilding CXX object CMakeFiles/nmea_msgs__rosidl_typesupport_introspection_cpp.dir/rosidl_typesupport_introspection_cpp/nmea_msgs/msg/detail/gprmc__type_support.cpp.o[0m
[7.477s] [ 31%] [32mBuilding CXX object CMakeFiles/nmea_msgs__rosidl_typesupport_introspection_cpp.dir/rosidl_typesupport_introspection_cpp/nmea_msgs/msg/detail/gpgsv_satellite__type_support.cpp.o[0m
[7.478s] [ 32%] [32mBuilding CXX object CMakeFiles/nmea_msgs__rosidl_typesupport_introspection_cpp.dir/rosidl_typesupport_introspection_cpp/nmea_msgs/msg/detail/sentence__type_support.cpp.o[0m
[7.592s] In file included from [01m[K/home/maria/ros2_coche/build/nmea_msgs/rosidl_typesupport_introspection_cpp/nmea_msgs/msg/detail/gpgsa__type_support.cpp:12[m[K:
[7.593s] [01m[K/home/maria/ros2_coche/build/nmea_msgs/rosidl_generator_cpp/nmea_msgs/msg/detail/gpgsa__struct.hpp:20:10:[m[K [01;31m[Kfatal error: [m[Knmea_msgs/msg/detail/header__struct.hpp: No such file or directory
[7.593s]    20 | #include [01;31m[K"nmea_msgs/msg/detail/header__struct.hpp"[m[K
[7.593s]       |          [01;31m[K^~~~~~~~~~~~~~~~~~~~~~~~~~~~~~~~~~~~~~~~~[m[K
[7.593s] compilation terminated.
[7.601s] In file included from [01m[K/home/maria/ros2_coche/build/nmea_msgs/rosidl_typesupport_introspection_cpp/nmea_msgs/msg/detail/gpgga__type_support.cpp:12[m[K:
[7.601s] [01m[K/home/maria/ros2_coche/build/nmea_msgs/rosidl_generator_cpp/nmea_msgs/msg/detail/gpgga__struct.hpp:20:10:[m[K [01;31m[Kfatal error: [m[Knmea_msgs/msg/detail/header__struct.hpp: No such file or directory
[7.601s]    20 | #include [01;31m[K"nmea_msgs/msg/detail/header__struct.hpp"[m[K
[7.602s]       |          [01;31m[K^~~~~~~~~~~~~~~~~~~~~~~~~~~~~~~~~~~~~~~~~[m[K
[7.602s] compilation terminated.
[7.605s] In file included from [01m[K/home/maria/ros2_coche/build/nmea_msgs/rosidl_typesupport_introspection_cpp/nmea_msgs/msg/detail/gpgst__type_support.cpp:12[m[K:
[7.605s] [01m[K/home/maria/ros2_coche/build/nmea_msgs/rosidl_generator_cpp/nmea_msgs/msg/detail/gpgst__struct.hpp:20:10:[m[K [01;31m[Kfatal error: [m[Knmea_msgs/msg/detail/header__struct.hpp: No such file or directory
[7.605s]    20 | #include [01;31m[K"nmea_msgs/msg/detail/header__struct.hpp"[m[K
[7.606s]       |          [01;31m[K^~~~~~~~~~~~~~~~~~~~~~~~~~~~~~~~~~~~~~~~~[m[K
[7.606s] compilation terminated.
[7.622s] gmake[2]: *** [CMakeFiles/nmea_msgs__rosidl_typesupport_introspection_cpp.dir/build.make:179: CMakeFiles/nmea_msgs__rosidl_typesupport_introspection_cpp.dir/rosidl_typesupport_introspection_cpp/nmea_msgs/msg/detail/gpgsa__type_support.cpp.o] Error 1
[7.624s] gmake[2]: *** Waiting for unfinished jobs....
[7.625s] gmake[2]: *** [CMakeFiles/nmea_msgs__rosidl_typesupport_introspection_cpp.dir/build.make:235: CMakeFiles/nmea_msgs__rosidl_typesupport_introspection_cpp.dir/rosidl_typesupport_introspection_cpp/nmea_msgs/msg/detail/gpgst__type_support.cpp.o] Error 1
[7.627s] gmake[2]: *** [CMakeFiles/nmea_msgs__rosidl_typesupport_introspection_cpp.dir/build.make:165: CMakeFiles/nmea_msgs__rosidl_typesupport_introspection_cpp.dir/rosidl_typesupport_introspection_cpp/nmea_msgs/msg/detail/gpgga__type_support.cpp.o] Error 1
[7.646s] In file included from [01m[K/home/maria/ros2_coche/build/nmea_msgs/rosidl_typesupport_introspection_cpp/nmea_msgs/msg/detail/gprmc__type_support.cpp:12[m[K:
[7.646s] [01m[K/home/maria/ros2_coche/build/nmea_msgs/rosidl_generator_cpp/nmea_msgs/msg/detail/gprmc__struct.hpp:20:10:[m[K [01;31m[Kfatal error: [m[Knmea_msgs/msg/detail/header__struct.hpp: No such file or directory
[7.647s]    20 | #include [01;31m[K"nmea_msgs/msg/detail/header__struct.hpp"[m[K
[7.647s]       |          [01;31m[K^~~~~~~~~~~~~~~~~~~~~~~~~~~~~~~~~~~~~~~~~[m[K
[7.647s] compilation terminated.
[7.648s] gmake[2]: *** [CMakeFiles/nmea_msgs__rosidl_typesupport_introspection_cpp.dir/build.make:221: CMakeFiles/nmea_msgs__rosidl_typesupport_introspection_cpp.dir/rosidl_typesupport_introspection_cpp/nmea_msgs/msg/detail/gprmc__type_support.cpp.o] Error 1
[7.654s] In file included from [01m[K/home/maria/ros2_coche/build/nmea_msgs/rosidl_typesupport_introspection_cpp/nmea_msgs/msg/detail/sentence__type_support.cpp:12[m[K:
[7.654s] [01m[K/home/maria/ros2_coche/build/nmea_msgs/rosidl_generator_cpp/nmea_msgs/msg/detail/sentence__struct.hpp:20:10:[m[K [01;31m[Kfatal error: [m[Knmea_msgs/msg/detail/header__struct.hpp: No such file or directory
[7.654s]    20 | #include [01;31m[K"nmea_msgs/msg/detail/header__struct.hpp"[m[K
[7.654s]       |          [01;31m[K^~~~~~~~~~~~~~~~~~~~~~~~~~~~~~~~~~~~~~~~~[m[K
[7.654s] compilation terminated.
[7.656s] gmake[2]: *** [CMakeFiles/nmea_msgs__rosidl_typesupport_introspection_cpp.dir/build.make:249: CMakeFiles/nmea_msgs__rosidl_typesupport_introspection_cpp.dir/rosidl_typesupport_introspection_cpp/nmea_msgs/msg/detail/sentence__type_support.cpp.o] Error 1
[7.659s] In file included from [01m[K/home/maria/ros2_coche/build/nmea_msgs/rosidl_typesupport_introspection_cpp/nmea_msgs/msg/detail/gpgsv__type_support.cpp:12[m[K:
[7.659s] [01m[K/home/maria/ros2_coche/build/nmea_msgs/rosidl_generator_cpp/nmea_msgs/msg/detail/gpgsv__struct.hpp:20:10:[m[K [01;31m[Kfatal error: [m[Knmea_msgs/msg/detail/header__struct.hpp: No such file or directory
[7.660s]    20 | #include [01;31m[K"nmea_msgs/msg/detail/header__struct.hpp"[m[K
[7.660s]       |          [01;31m[K^~~~~~~~~~~~~~~~~~~~~~~~~~~~~~~~~~~~~~~~~[m[K
[7.660s] compilation terminated.
[7.662s] gmake[2]: *** [CMakeFiles/nmea_msgs__rosidl_typesupport_introspection_cpp.dir/build.make:193: CMakeFiles/nmea_msgs__rosidl_typesupport_introspection_cpp.dir/rosidl_typesupport_introspection_cpp/nmea_msgs/msg/detail/gpgsv__type_support.cpp.o] Error 1
[7.684s] [ 34%] [32mBuilding CXX object CMakeFiles/nmea_msgs__rosidl_typesupport_fastrtps_cpp.dir/rosidl_typesupport_fastrtps_cpp/nmea_msgs/msg/detail/dds_fastrtps/gpgsv__type_support.cpp.o[0m
[7.686s] [ 36%] [32mBuilding CXX object CMakeFiles/nmea_msgs__rosidl_typesupport_fastrtps_cpp.dir/rosidl_typesupport_fastrtps_cpp/nmea_msgs/msg/detail/dds_fastrtps/gpgsa__type_support.cpp.o[0m
[7.686s] [ 36%] [32mBuilding CXX object CMakeFiles/nmea_msgs__rosidl_typesupport_fastrtps_cpp.dir/rosidl_typesupport_fastrtps_cpp/nmea_msgs/msg/detail/dds_fastrtps/gpgga__type_support.cpp.o[0m
[7.687s] [ 37%] [32mBuilding CXX object CMakeFiles/nmea_msgs__rosidl_typesupport_fastrtps_cpp.dir/rosidl_typesupport_fastrtps_cpp/nmea_msgs/msg/detail/dds_fastrtps/gpgsv_satellite__type_support.cpp.o[0m
[7.690s] [ 39%] [32mBuilding CXX object CMakeFiles/nmea_msgs__rosidl_typesupport_fastrtps_cpp.dir/rosidl_typesupport_fastrtps_cpp/nmea_msgs/msg/detail/dds_fastrtps/gpgst__type_support.cpp.o[0m
[7.690s] [ 40%] [32mBuilding CXX object CMakeFiles/nmea_msgs__rosidl_typesupport_fastrtps_cpp.dir/rosidl_typesupport_fastrtps_cpp/nmea_msgs/msg/detail/dds_fastrtps/sentence__type_support.cpp.o[0m
[7.691s] [ 41%] [32mBuilding CXX object CMakeFiles/nmea_msgs__rosidl_typesupport_fastrtps_cpp.dir/rosidl_typesupport_fastrtps_cpp/nmea_msgs/msg/detail/dds_fastrtps/gprmc__type_support.cpp.o[0m
[7.797s] In file included from [01m[K/home/maria/ros2_coche/build/nmea_msgs/rosidl_typesupport_fastrtps_cpp/nmea_msgs/msg/detail/sentence__rosidl_typesupport_fastrtps_cpp.hpp:11[m[K,
[7.798s]                  from [01m[K/home/maria/ros2_coche/build/nmea_msgs/rosidl_typesupport_fastrtps_cpp/nmea_msgs/msg/detail/dds_fastrtps/sentence__type_support.cpp:4[m[K:
[7.798s] [01m[K/home/maria/ros2_coche/build/nmea_msgs/rosidl_generator_cpp/nmea_msgs/msg/detail/sentence__struct.hpp:20:10:[m[K [01;31m[Kfatal error: [m[Knmea_msgs/msg/detail/header__struct.hpp: No such file or directory
[7.798s]    20 | #include [01;31m[K"nmea_msgs/msg/detail/header__struct.hpp"[m[K
[7.798s]       |          [01;31m[K^~~~~~~~~~~~~~~~~~~~~~~~~~~~~~~~~~~~~~~~~[m[K
[7.799s] compilation terminated.
[7.806s] In file included from [01m[K/home/maria/ros2_coche/build/nmea_msgs/rosidl_typesupport_fastrtps_cpp/nmea_msgs/msg/detail/gpgsa__rosidl_typesupport_fastrtps_cpp.hpp:11[m[K,
[7.806s]                  from [01m[K/home/maria/ros2_coche/build/nmea_msgs/rosidl_typesupport_fastrtps_cpp/nmea_msgs/msg/detail/dds_fastrtps/gpgsa__type_support.cpp:4[m[K:
[7.806s] [01m[K/home/maria/ros2_coche/build/nmea_msgs/rosidl_generator_cpp/nmea_msgs/msg/detail/gpgsa__struct.hpp:20:10:[m[K [01;31m[Kfatal error: [m[Knmea_msgs/msg/detail/header__struct.hpp: No such file or directory
[7.806s]    20 | #include [01;31m[K"nmea_msgs/msg/detail/header__struct.hpp"[m[K
[7.806s]       |          [01;31m[K^~~~~~~~~~~~~~~~~~~~~~~~~~~~~~~~~~~~~~~~~[m[K
[7.806s] compilation terminated.
[7.825s] gmake[2]: *** [CMakeFiles/nmea_msgs__rosidl_typesupport_fastrtps_cpp.dir/build.make:179: CMakeFiles/nmea_msgs__rosidl_typesupport_fastrtps_cpp.dir/rosidl_typesupport_fastrtps_cpp/nmea_msgs/msg/detail/dds_fastrtps/gpgsa__type_support.cpp.o] Error 1
[7.826s] gmake[2]: *** Waiting for unfinished jobs....
[7.826s] gmake[2]: *** [CMakeFiles/nmea_msgs__rosidl_typesupport_fastrtps_cpp.dir/build.make:249: CMakeFiles/nmea_msgs__rosidl_typesupport_fastrtps_cpp.dir/rosidl_typesupport_fastrtps_cpp/nmea_msgs/msg/detail/dds_fastrtps/sentence__type_support.cpp.o] Error 1
[7.856s] In file included from [01m[K/home/maria/ros2_coche/build/nmea_msgs/rosidl_typesupport_fastrtps_cpp/nmea_msgs/msg/detail/gpgst__rosidl_typesupport_fastrtps_cpp.hpp:11[m[K,
[7.856s]                  from [01m[K/home/maria/ros2_coche/build/nmea_msgs/rosidl_typesupport_fastrtps_cpp/nmea_msgs/msg/detail/dds_fastrtps/gpgst__type_support.cpp:4[m[K:
[7.857s] [01m[K/home/maria/ros2_coche/build/nmea_msgs/rosidl_generator_cpp/nmea_msgs/msg/detail/gpgst__struct.hpp:20:10:[m[K [01;31m[Kfatal error: [m[Knmea_msgs/msg/detail/header__struct.hpp: No such file or directory
[7.857s]    20 | #include [01;31m[K"nmea_msgs/msg/detail/header__struct.hpp"[m[K
[7.857s]       |          [01;31m[K^~~~~~~~~~~~~~~~~~~~~~~~~~~~~~~~~~~~~~~~~[m[K
[7.857s] compilation terminated.
[7.858s] In file included from [01m[K/home/maria/ros2_coche/build/nmea_msgs/rosidl_typesupport_fastrtps_cpp/nmea_msgs/msg/detail/gpgsv__rosidl_typesupport_fastrtps_cpp.hpp:11[m[K,
[7.858s]                  from [01m[K/home/maria/ros2_coche/build/nmea_msgs/rosidl_typesupport_fastrtps_cpp/nmea_msgs/msg/detail/dds_fastrtps/gpgsv__type_support.cpp:4[m[K:
[7.858s] [01m[K/home/maria/ros2_coche/build/nmea_msgs/rosidl_generator_cpp/nmea_msgs/msg/detail/gpgsv__struct.hpp:20:10:[m[K [01;31m[Kfatal error: [m[Knmea_msgs/msg/detail/header__struct.hpp: No such file or directory
[7.859s]    20 | #include [01;31m[K"nmea_msgs/msg/detail/header__struct.hpp"[m[K
[7.859s]       |          [01;31m[K^~~~~~~~~~~~~~~~~~~~~~~~~~~~~~~~~~~~~~~~~[m[K
[7.859s] compilation terminated.
[7.859s] In file included from [01m[K/home/maria/ros2_coche/build/nmea_msgs/rosidl_typesupport_fastrtps_cpp/nmea_msgs/msg/detail/gpgga__rosidl_typesupport_fastrtps_cpp.hpp:11[m[K,
[7.859s]                  from [01m[K/home/maria/ros2_coche/build/nmea_msgs/rosidl_typesupport_fastrtps_cpp/nmea_msgs/msg/detail/dds_fastrtps/gpgga__type_support.cpp:4[m[K:
[7.859s] [01m[K/home/maria/ros2_coche/build/nmea_msgs/rosidl_generator_cpp/nmea_msgs/msg/detail/gpgga__struct.hpp:20:10:[m[K [01;31m[Kfatal error: [m[Knmea_msgs/msg/detail/header__struct.hpp: No such file or directory
[7.859s]    20 | #include [01;31m[K"nmea_msgs/msg/detail/header__struct.hpp"[m[K
[7.859s]       |          [01;31m[K^~~~~~~~~~~~~~~~~~~~~~~~~~~~~~~~~~~~~~~~~[m[K
[7.859s] compilation terminated.
[7.860s] gmake[2]: *** [CMakeFiles/nmea_msgs__rosidl_typesupport_fastrtps_cpp.dir/build.make:235: CMakeFiles/nmea_msgs__rosidl_typesupport_fastrtps_cpp.dir/rosidl_typesupport_fastrtps_cpp/nmea_msgs/msg/detail/dds_fastrtps/gpgst__type_support.cpp.o] Error 1
[7.860s] gmake[2]: *** [CMakeFiles/nmea_msgs__rosidl_typesupport_fastrtps_cpp.dir/build.make:193: CMakeFiles/nmea_msgs__rosidl_typesupport_fastrtps_cpp.dir/rosidl_typesupport_fastrtps_cpp/nmea_msgs/msg/detail/dds_fastrtps/gpgsv__type_support.cpp.o] Error 1
[7.860s] gmake[2]: *** [CMakeFiles/nmea_msgs__rosidl_typesupport_fastrtps_cpp.dir/build.make:165: CMakeFiles/nmea_msgs__rosidl_typesupport_fastrtps_cpp.dir/rosidl_typesupport_fastrtps_cpp/nmea_msgs/msg/detail/dds_fastrtps/gpgga__type_support.cpp.o] Error 1
[7.861s] In file included from [01m[K/home/maria/ros2_coche/build/nmea_msgs/rosidl_typesupport_fastrtps_cpp/nmea_msgs/msg/detail/gprmc__rosidl_typesupport_fastrtps_cpp.hpp:11[m[K,
[7.861s]                  from [01m[K/home/maria/ros2_coche/build/nmea_msgs/rosidl_typesupport_fastrtps_cpp/nmea_msgs/msg/detail/dds_fastrtps/gprmc__type_support.cpp:4[m[K:
[7.861s] [01m[K/home/maria/ros2_coche/build/nmea_msgs/rosidl_generator_cpp/nmea_msgs/msg/detail/gprmc__struct.hpp:20:10:[m[K [01;31m[Kfatal error: [m[Knmea_msgs/msg/detail/header__struct.hpp: No such file or directory
[7.862s]    20 | #include [01;31m[K"nmea_msgs/msg/detail/header__struct.hpp"[m[K
[7.862s]       |          [01;31m[K^~~~~~~~~~~~~~~~~~~~~~~~~~~~~~~~~~~~~~~~~[m[K
[7.862s] compilation terminated.
[7.863s] gmake[2]: *** [CMakeFiles/nmea_msgs__rosidl_typesupport_fastrtps_cpp.dir/build.make:221: CMakeFiles/nmea_msgs__rosidl_typesupport_fastrtps_cpp.dir/rosidl_typesupport_fastrtps_cpp/nmea_msgs/msg/detail/dds_fastrtps/gprmc__type_support.cpp.o] Error 1
[7.938s] gmake[1]: *** [CMakeFiles/Makefile2:395: CMakeFiles/nmea_msgs__rosidl_typesupport_cpp.dir/all] Error 2
[8.183s] gmake[1]: *** [CMakeFiles/Makefile2:369: CMakeFiles/nmea_msgs__rosidl_typesupport_introspection_cpp.dir/all] Error 2
[8.407s] gmake[1]: *** [CMakeFiles/Makefile2:291: CMakeFiles/nmea_msgs__rosidl_typesupport_fastrtps_cpp.dir/all] Error 2
[8.407s] gmake: *** [Makefile:146: all] Error 2
[8.410s] Invoked command in '/home/maria/ros2_coche/build/nmea_msgs' returned '2': CMAKE_PREFIX_PATH=/opt/ros/humble /usr/bin/cmake --build /home/maria/ros2_coche/build/nmea_msgs -- -j12 -l12
