[0.073s] Invoking command in '/home/maria/ros2_coche/src/build/c4_gps': CMAKE_PREFIX_PATH=/opt/ros/humble /usr/bin/cmake /home/maria/ros2_coche/src/c4_gps -DCMAKE_INSTALL_PREFIX=/home/maria/ros2_coche/src/install/c4_gps
[0.364s] -- The C compiler identification is GNU 11.3.0
[0.630s] -- The CXX compiler identification is GNU 11.3.0
[0.664s] -- Detecting C compiler ABI info
[0.855s] -- Detecting C compiler ABI info - done
[0.883s] -- Check for working C compiler: /usr/bin/cc - skipped
[0.884s] -- Detecting C compile features
[0.885s] -- Detecting C compile features - done
[0.895s] -- Detecting CXX compiler ABI info
[1.180s] -- Detecting CXX compiler ABI info - done
[1.216s] -- Check for working CXX compiler: /usr/bin/c++ - skipped
[1.217s] -- Detecting CXX compile features
[1.219s] -- Detecting CXX compile features - done
[1.228s] -- Found ament_cmake: 1.3.3 (/opt/ros/humble/share/ament_cmake/cmake)
[1.941s] -- Found Python3: /usr/bin/python3.10 (found version "3.10.6") found components: Interpreter 
[2.307s] -- Found rclcpp: 16.0.3 (/opt/ros/humble/share/rclcpp/cmake)
[2.523s] -- Found rosidl_generator_c: 3.1.4 (/opt/ros/humble/share/rosidl_generator_c/cmake)
[2.543s] -- Found rosidl_adapter: 3.1.4 (/opt/ros/humble/share/rosidl_adapter/cmake)
[2.575s] -- Found rosidl_generator_cpp: 3.1.4 (/opt/ros/humble/share/rosidl_generator_cpp/cmake)
[2.624s] -- Using all available rosidl_typesupport_c: rosidl_typesupport_fastrtps_c;rosidl_typesupport_introspection_c
[2.693s] -- Using all available rosidl_typesupport_cpp: rosidl_typesupport_fastrtps_cpp;rosidl_typesupport_introspection_cpp
[2.829s] -- Found rmw_implementation_cmake: 6.1.1 (/opt/ros/humble/share/rmw_implementation_cmake/cmake)
[2.833s] -- Found rmw_fastrtps_cpp: 6.2.2 (/opt/ros/humble/share/rmw_fastrtps_cpp/cmake)
[3.002s] -- Found OpenSSL: /usr/lib/x86_64-linux-gnu/libcrypto.so (found version "3.0.2")  
[3.097s] -- Found FastRTPS: /opt/ros/humble/include  
[3.261s] -- Using RMW implementation 'rmw_fastrtps_cpp' as default
[3.316s] -- Looking for pthread.h
[3.570s] -- Looking for pthread.h - found
[3.572s] -- Performing Test CMAKE_HAVE_LIBC_PTHREAD
[3.843s] -- Performing Test CMAKE_HAVE_LIBC_PTHREAD - Success
[3.849s] -- Found Threads: TRUE  
[4.217s] -- Found ament_lint_auto: 0.12.5 (/opt/ros/humble/share/ament_lint_auto/cmake)
[4.345s] -- Added test 'cppcheck' to perform static code analysis on C / C++ code
[4.345s] -- Configured cppcheck include dirs: 
[4.345s] -- Configured cppcheck exclude dirs and/or files: 
[4.346s] -- Added test 'lint_cmake' to check CMake code style
[4.348s] -- Added test 'uncrustify' to check C / C++ code style
[4.348s] -- Configured uncrustify additional arguments: 
[4.349s] -- Added test 'xmllint' to check XML markup files
[4.351s] -- Configuring done
[4.368s] -- Generating done
[4.371s] -- Build files have been written to: /home/maria/ros2_coche/src/build/c4_gps
