[0.516s] DEBUG:colcon:Command line arguments: ['/usr/bin/colcon', 'build', '--packages-select', 'c4_gps']
[0.516s] DEBUG:colcon:Parsed command line arguments: Namespace(log_base=None, log_level=None, verb_name='build', build_base='build', install_base='install', merge_install=False, symlink_install=False, test_result_base=None, continue_on_error=False, executor='parallel', parallel_workers=12, event_handlers=None, ignore_user_meta=False, metas=['./colcon.meta'], base_paths=['.'], packages_ignore=None, packages_ignore_regex=None, paths=None, packages_up_to=None, packages_up_to_regex=None, packages_above=None, packages_above_and_dependencies=None, packages_above_depth=None, packages_select_by_dep=None, packages_skip_by_dep=None, packages_skip_up_to=None, packages_select_build_failed=False, packages_skip_build_finished=False, packages_select_test_failures=False, packages_skip_test_passed=False, packages_select=['c4_gps'], packages_skip=None, packages_select_regex=None, packages_skip_regex=None, packages_start=None, packages_end=None, allow_overriding=[], cmake_args=None, cmake_target=None, cmake_target_skip_unavailable=False, cmake_clean_cache=False, cmake_clean_first=False, cmake_force_configure=False, ament_cmake_args=None, catkin_cmake_args=None, catkin_skip_building_tests=False, verb_parser=<colcon_defaults.argument_parser.defaults.DefaultArgumentsDecorator object at 0x7f8d1e2f3640>, verb_extension=<colcon_core.verb.build.BuildVerb object at 0x7f8d1e243b80>, main=<bound method BuildVerb.main of <colcon_core.verb.build.BuildVerb object at 0x7f8d1e243b80>>)
[0.561s] Level 1:colcon.colcon_core.package_discovery:discover_packages(colcon_meta) check parameters
[0.561s] Level 1:colcon.colcon_core.package_discovery:discover_packages(recursive) check parameters
[0.561s] Level 1:colcon.colcon_core.package_discovery:discover_packages(ignore) check parameters
[0.561s] Level 1:colcon.colcon_core.package_discovery:discover_packages(path) check parameters
[0.561s] Level 1:colcon.colcon_core.package_discovery:discover_packages(colcon_meta) discover
[0.561s] Level 1:colcon.colcon_core.package_discovery:discover_packages(recursive) discover
[0.561s] INFO:colcon.colcon_core.package_discovery:Crawling recursively for packages in '/home/maria/ros2_coche'
[0.561s] Level 1:colcon.colcon_core.package_identification:_identify(.) by extensions ['ignore', 'ignore_ament_install']
[0.561s] Level 1:colcon.colcon_core.package_identification:_identify(.) by extension 'ignore'
[0.561s] Level 1:colcon.colcon_core.package_identification:_identify(.) by extension 'ignore_ament_install'
[0.561s] Level 1:colcon.colcon_core.package_identification:_identify(.) by extensions ['colcon_pkg']
[0.562s] Level 1:colcon.colcon_core.package_identification:_identify(.) by extension 'colcon_pkg'
[0.562s] Level 1:colcon.colcon_core.package_identification:_identify(.) by extensions ['colcon_meta']
[0.562s] Level 1:colcon.colcon_core.package_identification:_identify(.) by extension 'colcon_meta'
[0.562s] Level 1:colcon.colcon_core.package_identification:_identify(.) by extensions ['ros']
[0.562s] Level 1:colcon.colcon_core.package_identification:_identify(.) by extension 'ros'
[0.579s] Level 1:colcon.colcon_core.package_identification:_identify(.) by extensions ['cmake', 'python']
[0.579s] Level 1:colcon.colcon_core.package_identification:_identify(.) by extension 'cmake'
[0.579s] Level 1:colcon.colcon_core.package_identification:_identify(.) by extension 'python'
[0.579s] Level 1:colcon.colcon_core.package_identification:_identify(.) by extensions ['python_setup_py']
[0.579s] Level 1:colcon.colcon_core.package_identification:_identify(.) by extension 'python_setup_py'
[0.579s] Level 1:colcon.colcon_core.package_identification:_identify(build) by extensions ['ignore', 'ignore_ament_install']
[0.579s] Level 1:colcon.colcon_core.package_identification:_identify(build) by extension 'ignore'
[0.580s] Level 1:colcon.colcon_core.package_identification:_identify(build) ignored
[0.580s] Level 1:colcon.colcon_core.package_identification:_identify(install) by extensions ['ignore', 'ignore_ament_install']
[0.580s] Level 1:colcon.colcon_core.package_identification:_identify(install) by extension 'ignore'
[0.580s] Level 1:colcon.colcon_core.package_identification:_identify(install) ignored
[0.580s] Level 1:colcon.colcon_core.package_identification:_identify(log) by extensions ['ignore', 'ignore_ament_install']
[0.580s] Level 1:colcon.colcon_core.package_identification:_identify(log) by extension 'ignore'
[0.580s] Level 1:colcon.colcon_core.package_identification:_identify(log) ignored
[0.581s] Level 1:colcon.colcon_core.package_identification:_identify(src) by extensions ['ignore', 'ignore_ament_install']
[0.581s] Level 1:colcon.colcon_core.package_identification:_identify(src) by extension 'ignore'
[0.581s] Level 1:colcon.colcon_core.package_identification:_identify(src) by extension 'ignore_ament_install'
[0.581s] Level 1:colcon.colcon_core.package_identification:_identify(src) by extensions ['colcon_pkg']
[0.581s] Level 1:colcon.colcon_core.package_identification:_identify(src) by extension 'colcon_pkg'
[0.581s] Level 1:colcon.colcon_core.package_identification:_identify(src) by extensions ['colcon_meta']
[0.581s] Level 1:colcon.colcon_core.package_identification:_identify(src) by extension 'colcon_meta'
[0.581s] Level 1:colcon.colcon_core.package_identification:_identify(src) by extensions ['ros']
[0.581s] Level 1:colcon.colcon_core.package_identification:_identify(src) by extension 'ros'
[0.581s] Level 1:colcon.colcon_core.package_identification:_identify(src) by extensions ['cmake', 'python']
[0.581s] Level 1:colcon.colcon_core.package_identification:_identify(src) by extension 'cmake'
[0.581s] Level 1:colcon.colcon_core.package_identification:_identify(src) by extension 'python'
[0.581s] Level 1:colcon.colcon_core.package_identification:_identify(src) by extensions ['python_setup_py']
[0.581s] Level 1:colcon.colcon_core.package_identification:_identify(src) by extension 'python_setup_py'
[0.582s] Level 1:colcon.colcon_core.package_identification:_identify(src/build) by extensions ['ignore', 'ignore_ament_install']
[0.582s] Level 1:colcon.colcon_core.package_identification:_identify(src/build) by extension 'ignore'
[0.582s] Level 1:colcon.colcon_core.package_identification:_identify(src/build) ignored
[0.582s] Level 1:colcon.colcon_core.package_identification:_identify(src/c4_gps) by extensions ['ignore', 'ignore_ament_install']
[0.582s] Level 1:colcon.colcon_core.package_identification:_identify(src/c4_gps) by extension 'ignore'
[0.582s] Level 1:colcon.colcon_core.package_identification:_identify(src/c4_gps) by extension 'ignore_ament_install'
[0.582s] Level 1:colcon.colcon_core.package_identification:_identify(src/c4_gps) by extensions ['colcon_pkg']
[0.582s] Level 1:colcon.colcon_core.package_identification:_identify(src/c4_gps) by extension 'colcon_pkg'
[0.582s] Level 1:colcon.colcon_core.package_identification:_identify(src/c4_gps) by extensions ['colcon_meta']
[0.582s] Level 1:colcon.colcon_core.package_identification:_identify(src/c4_gps) by extension 'colcon_meta'
[0.583s] Level 1:colcon.colcon_core.package_identification:_identify(src/c4_gps) by extensions ['ros']
[0.583s] Level 1:colcon.colcon_core.package_identification:_identify(src/c4_gps) by extension 'ros'
[0.586s] DEBUG:colcon.colcon_core.package_identification:Package 'src/c4_gps' with type 'ros.ament_cmake' and name 'c4_gps'
[0.586s] Level 1:colcon.colcon_core.package_identification:_identify(src/install) by extensions ['ignore', 'ignore_ament_install']
[0.587s] Level 1:colcon.colcon_core.package_identification:_identify(src/install) by extension 'ignore'
[0.587s] Level 1:colcon.colcon_core.package_identification:_identify(src/install) ignored
[0.587s] Level 1:colcon.colcon_core.package_identification:_identify(src/log) by extensions ['ignore', 'ignore_ament_install']
[0.587s] Level 1:colcon.colcon_core.package_identification:_identify(src/log) by extension 'ignore'
[0.587s] Level 1:colcon.colcon_core.package_identification:_identify(src/log) ignored
[0.587s] Level 1:colcon.colcon_core.package_identification:_identify(src/nmea_msgs) by extensions ['ignore', 'ignore_ament_install']
[0.587s] Level 1:colcon.colcon_core.package_identification:_identify(src/nmea_msgs) by extension 'ignore'
[0.587s] Level 1:colcon.colcon_core.package_identification:_identify(src/nmea_msgs) by extension 'ignore_ament_install'
[0.587s] Level 1:colcon.colcon_core.package_identification:_identify(src/nmea_msgs) by extensions ['colcon_pkg']
[0.587s] Level 1:colcon.colcon_core.package_identification:_identify(src/nmea_msgs) by extension 'colcon_pkg'
[0.588s] Level 1:colcon.colcon_core.package_identification:_identify(src/nmea_msgs) by extensions ['colcon_meta']
[0.588s] Level 1:colcon.colcon_core.package_identification:_identify(src/nmea_msgs) by extension 'colcon_meta'
[0.588s] Level 1:colcon.colcon_core.package_identification:_identify(src/nmea_msgs) by extensions ['ros']
[0.588s] Level 1:colcon.colcon_core.package_identification:_identify(src/nmea_msgs) by extension 'ros'
[0.589s] DEBUG:colcon.colcon_core.package_identification:Package 'src/nmea_msgs' with type 'ros.ament_cmake' and name 'nmea_msgs'
[0.589s] Level 1:colcon.colcon_core.package_discovery:discover_packages(recursive) using defaults
[0.589s] Level 1:colcon.colcon_core.package_discovery:discover_packages(ignore) discover
[0.589s] Level 1:colcon.colcon_core.package_discovery:discover_packages(ignore) using defaults
[0.589s] Level 1:colcon.colcon_core.package_discovery:discover_packages(path) discover
[0.589s] Level 1:colcon.colcon_core.package_discovery:discover_packages(path) using defaults
[0.622s] INFO:colcon.colcon_core.package_selection:Skipping not selected package 'nmea_msgs' in 'src/nmea_msgs'
[0.623s] Level 1:colcon.colcon_core.package_discovery:discover_packages(prefix_path) check parameters
[0.623s] Level 1:colcon.colcon_core.package_discovery:discover_packages(prefix_path) discover
[0.629s] DEBUG:colcon.colcon_installed_package_information.package_discovery:Found 284 installed packages in /opt/ros/humble
[0.631s] Level 1:colcon.colcon_core.package_discovery:discover_packages(prefix_path) using defaults
[0.730s] Level 5:colcon.colcon_core.verb:set package 'c4_gps' build argument 'cmake_args' from command line to 'None'
[0.730s] Level 5:colcon.colcon_core.verb:set package 'c4_gps' build argument 'cmake_target' from command line to 'None'
[0.730s] Level 5:colcon.colcon_core.verb:set package 'c4_gps' build argument 'cmake_target_skip_unavailable' from command line to 'False'
[0.730s] Level 5:colcon.colcon_core.verb:set package 'c4_gps' build argument 'cmake_clean_cache' from command line to 'False'
[0.731s] Level 5:colcon.colcon_core.verb:set package 'c4_gps' build argument 'cmake_clean_first' from command line to 'False'
[0.731s] Level 5:colcon.colcon_core.verb:set package 'c4_gps' build argument 'cmake_force_configure' from command line to 'False'
[0.731s] Level 5:colcon.colcon_core.verb:set package 'c4_gps' build argument 'ament_cmake_args' from command line to 'None'
[0.731s] Level 5:colcon.colcon_core.verb:set package 'c4_gps' build argument 'catkin_cmake_args' from command line to 'None'
[0.731s] Level 5:colcon.colcon_core.verb:set package 'c4_gps' build argument 'catkin_skip_building_tests' from command line to 'False'
[0.731s] DEBUG:colcon.colcon_core.verb:Building package 'c4_gps' with the following arguments: {'ament_cmake_args': None, 'build_base': '/home/maria/ros2_coche/build/c4_gps', 'catkin_cmake_args': None, 'catkin_skip_building_tests': False, 'cmake_args': None, 'cmake_clean_cache': False, 'cmake_clean_first': False, 'cmake_force_configure': False, 'cmake_target': None, 'cmake_target_skip_unavailable': False, 'install_base': '/home/maria/ros2_coche/install/c4_gps', 'merge_install': False, 'path': '/home/maria/ros2_coche/src/c4_gps', 'symlink_install': False, 'test_result_base': None}
[0.732s] INFO:colcon.colcon_core.executor:Executing jobs using 'parallel' executor
[0.736s] DEBUG:colcon.colcon_parallel_executor.executor.parallel:run_until_complete
[0.736s] INFO:colcon.colcon_ros.task.ament_cmake.build:Building ROS package in '/home/maria/ros2_coche/src/c4_gps' with build type 'ament_cmake'
[0.737s] INFO:colcon.colcon_cmake.task.cmake.build:Building CMake package in '/home/maria/ros2_coche/src/c4_gps'
[0.743s] INFO:colcon.colcon_core.plugin_system:Skipping extension 'colcon_core.shell.bat': Not used on non-Windows systems
[0.743s] INFO:colcon.colcon_core.shell:Skip shell extension 'powershell' for command environment: Not usable outside of PowerShell
[0.743s] DEBUG:colcon.colcon_core.shell:Skip shell extension 'dsv' for command environment
[0.765s] DEBUG:colcon.colcon_core.event_handler.log_command:Invoking command in '/home/maria/ros2_coche/build/c4_gps': AMENT_PREFIX_PATH=/home/maria/ros2_coche/install/nmea_msgs:${AMENT_PREFIX_PATH} CMAKE_PREFIX_PATH=/opt/ros/humble:/home/maria/ros2_coche/install/nmea_msgs LD_LIBRARY_PATH=/home/maria/ros2_coche/install/nmea_msgs/lib:${LD_LIBRARY_PATH} PYTHONPATH=/home/maria/ros2_coche/install/nmea_msgs/local/lib/python3.10/dist-packages:${PYTHONPATH} /usr/bin/cmake --build /home/maria/ros2_coche/build/c4_gps -- -j12 -l12
[2.074s] DEBUG:colcon.colcon_core.event_handler.log_command:Invoked command in '/home/maria/ros2_coche/build/c4_gps' returned '2': AMENT_PREFIX_PATH=/home/maria/ros2_coche/install/nmea_msgs:${AMENT_PREFIX_PATH} CMAKE_PREFIX_PATH=/opt/ros/humble:/home/maria/ros2_coche/install/nmea_msgs LD_LIBRARY_PATH=/home/maria/ros2_coche/install/nmea_msgs/lib:${LD_LIBRARY_PATH} PYTHONPATH=/home/maria/ros2_coche/install/nmea_msgs/local/lib/python3.10/dist-packages:${PYTHONPATH} /usr/bin/cmake --build /home/maria/ros2_coche/build/c4_gps -- -j12 -l12
[2.151s] Level 1:colcon.colcon_core.environment:create_environment_scripts_only(c4_gps)
[2.167s] Level 1:colcon.colcon_core.environment:checking '/home/maria/ros2_coche/install/c4_gps' for CMake module files
[2.168s] Level 1:colcon.colcon_core.environment:checking '/home/maria/ros2_coche/install/c4_gps' for CMake config files
[2.169s] Level 1:colcon.colcon_core.shell:create_environment_hook('c4_gps', 'cmake_prefix_path')
[2.174s] INFO:colcon.colcon_core.shell:Creating environment hook '/home/maria/ros2_coche/install/c4_gps/share/c4_gps/hook/cmake_prefix_path.ps1'
[2.177s] INFO:colcon.colcon_core.shell:Creating environment descriptor '/home/maria/ros2_coche/install/c4_gps/share/c4_gps/hook/cmake_prefix_path.dsv'
[2.178s] INFO:colcon.colcon_core.shell:Creating environment hook '/home/maria/ros2_coche/install/c4_gps/share/c4_gps/hook/cmake_prefix_path.sh'
[2.181s] Level 1:colcon.colcon_core.environment:checking '/home/maria/ros2_coche/install/c4_gps/lib'
[2.182s] Level 1:colcon.colcon_core.environment:checking '/home/maria/ros2_coche/install/c4_gps/bin'
[2.182s] Level 1:colcon.colcon_core.environment:checking '/home/maria/ros2_coche/install/c4_gps/lib/pkgconfig/c4_gps.pc'
[2.183s] Level 1:colcon.colcon_core.environment:checking '/home/maria/ros2_coche/install/c4_gps/lib/python3.10/site-packages'
[2.183s] Level 1:colcon.colcon_core.environment:checking '/home/maria/ros2_coche/install/c4_gps/bin'
[2.188s] INFO:colcon.colcon_core.shell:Creating package script '/home/maria/ros2_coche/install/c4_gps/share/c4_gps/package.ps1'
[2.191s] INFO:colcon.colcon_core.shell:Creating package descriptor '/home/maria/ros2_coche/install/c4_gps/share/c4_gps/package.dsv'
[2.193s] INFO:colcon.colcon_core.shell:Creating package script '/home/maria/ros2_coche/install/c4_gps/share/c4_gps/package.sh'
[2.195s] INFO:colcon.colcon_core.shell:Creating package script '/home/maria/ros2_coche/install/c4_gps/share/c4_gps/package.bash'
[2.198s] INFO:colcon.colcon_core.shell:Creating package script '/home/maria/ros2_coche/install/c4_gps/share/c4_gps/package.zsh'
[2.200s] Level 1:colcon.colcon_core.environment:create_file_with_runtime_dependencies(/home/maria/ros2_coche/install/c4_gps/share/colcon-core/packages/c4_gps)
[2.202s] DEBUG:colcon.colcon_parallel_executor.executor.parallel:closing loop
[2.202s] DEBUG:colcon.colcon_parallel_executor.executor.parallel:loop closed
[2.202s] DEBUG:colcon.colcon_parallel_executor.executor.parallel:run_until_complete finished with '2'
[2.203s] DEBUG:colcon.colcon_core.event_reactor:joining thread
[2.221s] INFO:colcon.colcon_core.plugin_system:Skipping extension 'colcon_notification.desktop_notification.notify_send': Could not find 'notify-send'
[2.222s] INFO:colcon.colcon_core.plugin_system:Skipping extension 'colcon_notification.desktop_notification.terminal_notifier': Not used on non-Darwin systems
[2.222s] INFO:colcon.colcon_core.plugin_system:Skipping extension 'colcon_notification.desktop_notification.win32': Not used on non-Windows systems
[2.222s] INFO:colcon.colcon_notification.desktop_notification:Sending desktop notification using 'notify2'
[2.292s] DEBUG:colcon.colcon_core.event_reactor:joined thread
[2.300s] INFO:colcon.colcon_core.shell:Creating prefix script '/home/maria/ros2_coche/install/local_setup.ps1'
[2.303s] INFO:colcon.colcon_core.shell:Creating prefix util module '/home/maria/ros2_coche/install/_local_setup_util_ps1.py'
[2.311s] INFO:colcon.colcon_core.shell:Creating prefix chain script '/home/maria/ros2_coche/install/setup.ps1'
[2.316s] INFO:colcon.colcon_core.shell:Creating prefix script '/home/maria/ros2_coche/install/local_setup.sh'
[2.318s] INFO:colcon.colcon_core.shell:Creating prefix util module '/home/maria/ros2_coche/install/_local_setup_util_sh.py'
[2.319s] INFO:colcon.colcon_core.shell:Creating prefix chain script '/home/maria/ros2_coche/install/setup.sh'
[2.323s] INFO:colcon.colcon_core.shell:Creating prefix script '/home/maria/ros2_coche/install/local_setup.bash'
[2.326s] INFO:colcon.colcon_core.shell:Creating prefix chain script '/home/maria/ros2_coche/install/setup.bash'
[2.330s] INFO:colcon.colcon_core.shell:Creating prefix script '/home/maria/ros2_coche/install/local_setup.zsh'
[2.332s] INFO:colcon.colcon_core.shell:Creating prefix chain script '/home/maria/ros2_coche/install/setup.zsh'
