[0.553s] DEBUG:colcon:Command line arguments: ['/usr/bin/colcon', 'build', '--packages-select', 'c4_gps', 'colcon', 'build', '--symlink-install']
[0.554s] DEBUG:colcon:Parsed command line arguments: Namespace(log_base=None, log_level=None, verb_name='build', build_base='build', install_base='install', merge_install=False, symlink_install=True, test_result_base=None, continue_on_error=False, executor='parallel', parallel_workers=12, event_handlers=None, ignore_user_meta=False, metas=['./colcon.meta'], base_paths=['.'], packages_ignore=None, packages_ignore_regex=None, paths=None, packages_up_to=None, packages_up_to_regex=None, packages_above=None, packages_above_and_dependencies=None, packages_above_depth=None, packages_select_by_dep=None, packages_skip_by_dep=None, packages_skip_up_to=None, packages_select_build_failed=False, packages_skip_build_finished=False, packages_select_test_failures=False, packages_skip_test_passed=False, packages_select=['c4_gps', 'colcon', 'build'], packages_skip=None, packages_select_regex=None, packages_skip_regex=None, packages_start=None, packages_end=None, allow_overriding=[], cmake_args=None, cmake_target=None, cmake_target_skip_unavailable=False, cmake_clean_cache=False, cmake_clean_first=False, cmake_force_configure=False, ament_cmake_args=None, catkin_cmake_args=None, catkin_skip_building_tests=False, verb_parser=<colcon_defaults.argument_parser.defaults.DefaultArgumentsDecorator object at 0x7f303889b9d0>, verb_extension=<colcon_core.verb.build.BuildVerb object at 0x7f3039027e80>, main=<bound method BuildVerb.main of <colcon_core.verb.build.BuildVerb object at 0x7f3039027e80>>)
[0.648s] Level 1:colcon.colcon_core.package_discovery:discover_packages(colcon_meta) check parameters
[0.648s] Level 1:colcon.colcon_core.package_discovery:discover_packages(recursive) check parameters
[0.649s] Level 1:colcon.colcon_core.package_discovery:discover_packages(ignore) check parameters
[0.649s] Level 1:colcon.colcon_core.package_discovery:discover_packages(path) check parameters
[0.649s] Level 1:colcon.colcon_core.package_discovery:discover_packages(colcon_meta) discover
[0.649s] Level 1:colcon.colcon_core.package_discovery:discover_packages(recursive) discover
[0.649s] INFO:colcon.colcon_core.package_discovery:Crawling recursively for packages in '/home/maria/ros2_coche'
[0.649s] Level 1:colcon.colcon_core.package_identification:_identify(.) by extensions ['ignore', 'ignore_ament_install']
[0.650s] Level 1:colcon.colcon_core.package_identification:_identify(.) by extension 'ignore'
[0.650s] Level 1:colcon.colcon_core.package_identification:_identify(.) by extension 'ignore_ament_install'
[0.650s] Level 1:colcon.colcon_core.package_identification:_identify(.) by extensions ['colcon_pkg']
[0.650s] Level 1:colcon.colcon_core.package_identification:_identify(.) by extension 'colcon_pkg'
[0.650s] Level 1:colcon.colcon_core.package_identification:_identify(.) by extensions ['colcon_meta']
[0.651s] Level 1:colcon.colcon_core.package_identification:_identify(.) by extension 'colcon_meta'
[0.651s] Level 1:colcon.colcon_core.package_identification:_identify(.) by extensions ['ros']
[0.651s] Level 1:colcon.colcon_core.package_identification:_identify(.) by extension 'ros'
[0.691s] Level 1:colcon.colcon_core.package_identification:_identify(.) by extensions ['cmake', 'python']
[0.692s] Level 1:colcon.colcon_core.package_identification:_identify(.) by extension 'cmake'
[0.692s] Level 1:colcon.colcon_core.package_identification:_identify(.) by extension 'python'
[0.692s] Level 1:colcon.colcon_core.package_identification:_identify(.) by extensions ['python_setup_py']
[0.692s] Level 1:colcon.colcon_core.package_identification:_identify(.) by extension 'python_setup_py'
[0.693s] Level 1:colcon.colcon_core.package_identification:_identify(build) by extensions ['ignore', 'ignore_ament_install']
[0.694s] Level 1:colcon.colcon_core.package_identification:_identify(build) by extension 'ignore'
[0.694s] Level 1:colcon.colcon_core.package_identification:_identify(build) ignored
[0.695s] Level 1:colcon.colcon_core.package_identification:_identify(install) by extensions ['ignore', 'ignore_ament_install']
[0.695s] Level 1:colcon.colcon_core.package_identification:_identify(install) by extension 'ignore'
[0.695s] Level 1:colcon.colcon_core.package_identification:_identify(install) ignored
[0.696s] Level 1:colcon.colcon_core.package_identification:_identify(log) by extensions ['ignore', 'ignore_ament_install']
[0.697s] Level 1:colcon.colcon_core.package_identification:_identify(log) by extension 'ignore'
[0.697s] Level 1:colcon.colcon_core.package_identification:_identify(log) ignored
[0.698s] Level 1:colcon.colcon_core.package_identification:_identify(src) by extensions ['ignore', 'ignore_ament_install']
[0.698s] Level 1:colcon.colcon_core.package_identification:_identify(src) by extension 'ignore'
[0.698s] Level 1:colcon.colcon_core.package_identification:_identify(src) by extension 'ignore_ament_install'
[0.699s] Level 1:colcon.colcon_core.package_identification:_identify(src) by extensions ['colcon_pkg']
[0.699s] Level 1:colcon.colcon_core.package_identification:_identify(src) by extension 'colcon_pkg'
[0.699s] Level 1:colcon.colcon_core.package_identification:_identify(src) by extensions ['colcon_meta']
[0.699s] Level 1:colcon.colcon_core.package_identification:_identify(src) by extension 'colcon_meta'
[0.700s] Level 1:colcon.colcon_core.package_identification:_identify(src) by extensions ['ros']
[0.700s] Level 1:colcon.colcon_core.package_identification:_identify(src) by extension 'ros'
[0.701s] Level 1:colcon.colcon_core.package_identification:_identify(src) by extensions ['cmake', 'python']
[0.701s] Level 1:colcon.colcon_core.package_identification:_identify(src) by extension 'cmake'
[0.701s] Level 1:colcon.colcon_core.package_identification:_identify(src) by extension 'python'
[0.701s] Level 1:colcon.colcon_core.package_identification:_identify(src) by extensions ['python_setup_py']
[0.702s] Level 1:colcon.colcon_core.package_identification:_identify(src) by extension 'python_setup_py'
[0.702s] Level 1:colcon.colcon_core.package_identification:_identify(src/build) by extensions ['ignore', 'ignore_ament_install']
[0.703s] Level 1:colcon.colcon_core.package_identification:_identify(src/build) by extension 'ignore'
[0.703s] Level 1:colcon.colcon_core.package_identification:_identify(src/build) ignored
[0.704s] Level 1:colcon.colcon_core.package_identification:_identify(src/c4_gps) by extensions ['ignore', 'ignore_ament_install']
[0.704s] Level 1:colcon.colcon_core.package_identification:_identify(src/c4_gps) by extension 'ignore'
[0.704s] Level 1:colcon.colcon_core.package_identification:_identify(src/c4_gps) by extension 'ignore_ament_install'
[0.705s] Level 1:colcon.colcon_core.package_identification:_identify(src/c4_gps) by extensions ['colcon_pkg']
[0.705s] Level 1:colcon.colcon_core.package_identification:_identify(src/c4_gps) by extension 'colcon_pkg'
[0.705s] Level 1:colcon.colcon_core.package_identification:_identify(src/c4_gps) by extensions ['colcon_meta']
[0.706s] Level 1:colcon.colcon_core.package_identification:_identify(src/c4_gps) by extension 'colcon_meta'
[0.706s] Level 1:colcon.colcon_core.package_identification:_identify(src/c4_gps) by extensions ['ros']
[0.706s] Level 1:colcon.colcon_core.package_identification:_identify(src/c4_gps) by extension 'ros'
[0.720s] DEBUG:colcon.colcon_core.package_identification:Package 'src/c4_gps' with type 'ros.ament_cmake' and name 'c4_gps'
[0.721s] Level 1:colcon.colcon_core.package_identification:_identify(src/install) by extensions ['ignore', 'ignore_ament_install']
[0.721s] Level 1:colcon.colcon_core.package_identification:_identify(src/install) by extension 'ignore'
[0.722s] Level 1:colcon.colcon_core.package_identification:_identify(src/install) ignored
[0.722s] Level 1:colcon.colcon_core.package_identification:_identify(src/log) by extensions ['ignore', 'ignore_ament_install']
[0.723s] Level 1:colcon.colcon_core.package_identification:_identify(src/log) by extension 'ignore'
[0.723s] Level 1:colcon.colcon_core.package_identification:_identify(src/log) ignored
[0.724s] Level 1:colcon.colcon_core.package_identification:_identify(src/nmea_msgs) by extensions ['ignore', 'ignore_ament_install']
[0.725s] Level 1:colcon.colcon_core.package_identification:_identify(src/nmea_msgs) by extension 'ignore'
[0.725s] Level 1:colcon.colcon_core.package_identification:_identify(src/nmea_msgs) by extension 'ignore_ament_install'
[0.726s] Level 1:colcon.colcon_core.package_identification:_identify(src/nmea_msgs) by extensions ['colcon_pkg']
[0.726s] Level 1:colcon.colcon_core.package_identification:_identify(src/nmea_msgs) by extension 'colcon_pkg'
[0.726s] Level 1:colcon.colcon_core.package_identification:_identify(src/nmea_msgs) by extensions ['colcon_meta']
[0.726s] Level 1:colcon.colcon_core.package_identification:_identify(src/nmea_msgs) by extension 'colcon_meta'
[0.727s] Level 1:colcon.colcon_core.package_identification:_identify(src/nmea_msgs) by extensions ['ros']
[0.727s] Level 1:colcon.colcon_core.package_identification:_identify(src/nmea_msgs) by extension 'ros'
[0.730s] DEBUG:colcon.colcon_core.package_identification:Package 'src/nmea_msgs' with type 'ros.ament_cmake' and name 'nmea_msgs'
[0.731s] Level 1:colcon.colcon_core.package_discovery:discover_packages(recursive) using defaults
[0.731s] Level 1:colcon.colcon_core.package_discovery:discover_packages(ignore) discover
[0.731s] Level 1:colcon.colcon_core.package_discovery:discover_packages(ignore) using defaults
[0.731s] Level 1:colcon.colcon_core.package_discovery:discover_packages(path) discover
[0.731s] Level 1:colcon.colcon_core.package_discovery:discover_packages(path) using defaults
[0.740s] WARNING:colcon.colcon_core.package_selection:ignoring unknown package 'colcon' in --packages-select
[0.740s] WARNING:colcon.colcon_core.package_selection:ignoring unknown package 'build' in --packages-select
[0.799s] INFO:colcon.colcon_core.package_selection:Skipping not selected package 'nmea_msgs' in 'src/nmea_msgs'
[0.800s] Level 1:colcon.colcon_core.package_discovery:discover_packages(prefix_path) check parameters
[0.800s] Level 1:colcon.colcon_core.package_discovery:discover_packages(prefix_path) discover
[0.804s] DEBUG:colcon.colcon_installed_package_information.package_discovery:Found 2 installed packages in /home/maria/ros2_coche/install
[0.807s] DEBUG:colcon.colcon_installed_package_information.package_discovery:Found 284 installed packages in /opt/ros/humble
[0.810s] Level 1:colcon.colcon_core.package_discovery:discover_packages(prefix_path) using defaults
[1.023s] Level 5:colcon.colcon_core.verb:set package 'c4_gps' build argument 'cmake_args' from command line to 'None'
[1.023s] Level 5:colcon.colcon_core.verb:set package 'c4_gps' build argument 'cmake_target' from command line to 'None'
[1.023s] Level 5:colcon.colcon_core.verb:set package 'c4_gps' build argument 'cmake_target_skip_unavailable' from command line to 'False'
[1.023s] Level 5:colcon.colcon_core.verb:set package 'c4_gps' build argument 'cmake_clean_cache' from command line to 'False'
[1.023s] Level 5:colcon.colcon_core.verb:set package 'c4_gps' build argument 'cmake_clean_first' from command line to 'False'
[1.023s] Level 5:colcon.colcon_core.verb:set package 'c4_gps' build argument 'cmake_force_configure' from command line to 'False'
[1.023s] Level 5:colcon.colcon_core.verb:set package 'c4_gps' build argument 'ament_cmake_args' from command line to 'None'
[1.023s] Level 5:colcon.colcon_core.verb:set package 'c4_gps' build argument 'catkin_cmake_args' from command line to 'None'
[1.023s] Level 5:colcon.colcon_core.verb:set package 'c4_gps' build argument 'catkin_skip_building_tests' from command line to 'False'
[1.023s] DEBUG:colcon.colcon_core.verb:Building package 'c4_gps' with the following arguments: {'ament_cmake_args': None, 'build_base': '/home/maria/ros2_coche/build/c4_gps', 'catkin_cmake_args': None, 'catkin_skip_building_tests': False, 'cmake_args': None, 'cmake_clean_cache': False, 'cmake_clean_first': False, 'cmake_force_configure': False, 'cmake_target': None, 'cmake_target_skip_unavailable': False, 'install_base': '/home/maria/ros2_coche/install/c4_gps', 'merge_install': False, 'path': '/home/maria/ros2_coche/src/c4_gps', 'symlink_install': True, 'test_result_base': None}
[1.024s] INFO:colcon.colcon_core.executor:Executing jobs using 'parallel' executor
[1.030s] DEBUG:colcon.colcon_parallel_executor.executor.parallel:run_until_complete
[1.030s] INFO:colcon.colcon_ros.task.ament_cmake.build:Building ROS package in '/home/maria/ros2_coche/src/c4_gps' with build type 'ament_cmake'
[1.031s] INFO:colcon.colcon_cmake.task.cmake.build:Building CMake package in '/home/maria/ros2_coche/src/c4_gps'
[1.038s] INFO:colcon.colcon_core.plugin_system:Skipping extension 'colcon_core.shell.bat': Not used on non-Windows systems
[1.038s] INFO:colcon.colcon_core.shell:Skip shell extension 'powershell' for command environment: Not usable outside of PowerShell
[1.038s] DEBUG:colcon.colcon_core.shell:Skip shell extension 'dsv' for command environment
[1.060s] DEBUG:colcon.colcon_core.event_handler.log_command:Invoking command in '/home/maria/ros2_coche/build/c4_gps': CMAKE_PREFIX_PATH=/opt/ros/humble:/home/maria/ros2_coche/install/nmea_msgs:/home/maria/ros2_coche/install/c4_gps /usr/bin/cmake --build /home/maria/ros2_coche/build/c4_gps -- -j12 -l12
[1.823s] DEBUG:colcon.colcon_core.event_handler.log_command:Invoked command in '/home/maria/ros2_coche/build/c4_gps' returned '2': CMAKE_PREFIX_PATH=/opt/ros/humble:/home/maria/ros2_coche/install/nmea_msgs:/home/maria/ros2_coche/install/c4_gps /usr/bin/cmake --build /home/maria/ros2_coche/build/c4_gps -- -j12 -l12
[1.904s] Level 1:colcon.colcon_core.environment:create_environment_scripts_only(c4_gps)
[1.920s] Level 1:colcon.colcon_core.environment:checking '/home/maria/ros2_coche/install/c4_gps' for CMake module files
[1.922s] Level 1:colcon.colcon_core.environment:checking '/home/maria/ros2_coche/install/c4_gps' for CMake config files
[1.923s] Level 1:colcon.colcon_core.shell:create_environment_hook('c4_gps', 'cmake_prefix_path')
[1.928s] INFO:colcon.colcon_core.shell:Creating environment hook '/home/maria/ros2_coche/install/c4_gps/share/c4_gps/hook/cmake_prefix_path.ps1'
[1.930s] INFO:colcon.colcon_core.shell:Creating environment descriptor '/home/maria/ros2_coche/install/c4_gps/share/c4_gps/hook/cmake_prefix_path.dsv'
[1.932s] INFO:colcon.colcon_core.shell:Creating environment hook '/home/maria/ros2_coche/install/c4_gps/share/c4_gps/hook/cmake_prefix_path.sh'
[1.936s] Level 1:colcon.colcon_core.environment:checking '/home/maria/ros2_coche/install/c4_gps/lib'
[1.937s] Level 1:colcon.colcon_core.environment:checking '/home/maria/ros2_coche/install/c4_gps/bin'
[1.937s] Level 1:colcon.colcon_core.environment:checking '/home/maria/ros2_coche/install/c4_gps/lib/pkgconfig/c4_gps.pc'
[1.939s] Level 1:colcon.colcon_core.environment:checking '/home/maria/ros2_coche/install/c4_gps/lib/python3.10/site-packages'
[1.940s] Level 1:colcon.colcon_core.environment:checking '/home/maria/ros2_coche/install/c4_gps/bin'
[1.945s] INFO:colcon.colcon_core.shell:Creating package script '/home/maria/ros2_coche/install/c4_gps/share/c4_gps/package.ps1'
[1.948s] INFO:colcon.colcon_core.shell:Creating package descriptor '/home/maria/ros2_coche/install/c4_gps/share/c4_gps/package.dsv'
[1.951s] INFO:colcon.colcon_core.shell:Creating package script '/home/maria/ros2_coche/install/c4_gps/share/c4_gps/package.sh'
[1.954s] INFO:colcon.colcon_core.shell:Creating package script '/home/maria/ros2_coche/install/c4_gps/share/c4_gps/package.bash'
[1.957s] INFO:colcon.colcon_core.shell:Creating package script '/home/maria/ros2_coche/install/c4_gps/share/c4_gps/package.zsh'
[1.960s] Level 1:colcon.colcon_core.environment:create_file_with_runtime_dependencies(/home/maria/ros2_coche/install/c4_gps/share/colcon-core/packages/c4_gps)
[1.972s] DEBUG:colcon.colcon_parallel_executor.executor.parallel:closing loop
[1.972s] DEBUG:colcon.colcon_parallel_executor.executor.parallel:loop closed
[1.973s] DEBUG:colcon.colcon_parallel_executor.executor.parallel:run_until_complete finished with '2'
[1.973s] DEBUG:colcon.colcon_core.event_reactor:joining thread
[1.991s] INFO:colcon.colcon_core.plugin_system:Skipping extension 'colcon_notification.desktop_notification.notify_send': Could not find 'notify-send'
[1.992s] INFO:colcon.colcon_core.plugin_system:Skipping extension 'colcon_notification.desktop_notification.terminal_notifier': Not used on non-Darwin systems
[1.992s] INFO:colcon.colcon_core.plugin_system:Skipping extension 'colcon_notification.desktop_notification.win32': Not used on non-Windows systems
[1.993s] INFO:colcon.colcon_notification.desktop_notification:Sending desktop notification using 'notify2'
[2.079s] DEBUG:colcon.colcon_core.event_reactor:joined thread
[2.085s] INFO:colcon.colcon_core.shell:Creating prefix script '/home/maria/ros2_coche/install/local_setup.ps1'
[2.088s] INFO:colcon.colcon_core.shell:Creating prefix util module '/home/maria/ros2_coche/install/_local_setup_util_ps1.py'
[2.093s] INFO:colcon.colcon_core.shell:Creating prefix chain script '/home/maria/ros2_coche/install/setup.ps1'
[2.100s] INFO:colcon.colcon_core.shell:Creating prefix script '/home/maria/ros2_coche/install/local_setup.sh'
[2.103s] INFO:colcon.colcon_core.shell:Creating prefix util module '/home/maria/ros2_coche/install/_local_setup_util_sh.py'
[2.105s] INFO:colcon.colcon_core.shell:Creating prefix chain script '/home/maria/ros2_coche/install/setup.sh'
[2.112s] INFO:colcon.colcon_core.shell:Creating prefix script '/home/maria/ros2_coche/install/local_setup.bash'
[2.114s] INFO:colcon.colcon_core.shell:Creating prefix chain script '/home/maria/ros2_coche/install/setup.bash'
[2.119s] INFO:colcon.colcon_core.shell:Creating prefix script '/home/maria/ros2_coche/install/local_setup.zsh'
[2.121s] INFO:colcon.colcon_core.shell:Creating prefix chain script '/home/maria/ros2_coche/install/setup.zsh'
