[0.496s] DEBUG:colcon:Command line arguments: ['/usr/bin/colcon', 'build', '--packages-select', 'nmea_msgs']
[0.496s] DEBUG:colcon:Parsed command line arguments: Namespace(log_base=None, log_level=None, verb_name='build', build_base='build', install_base='install', merge_install=False, symlink_install=False, test_result_base=None, continue_on_error=False, executor='parallel', parallel_workers=12, event_handlers=None, ignore_user_meta=False, metas=['./colcon.meta'], base_paths=['.'], packages_ignore=None, packages_ignore_regex=None, paths=None, packages_up_to=None, packages_up_to_regex=None, packages_above=None, packages_above_and_dependencies=None, packages_above_depth=None, packages_select_by_dep=None, packages_skip_by_dep=None, packages_skip_up_to=None, packages_select_build_failed=False, packages_skip_build_finished=False, packages_select_test_failures=False, packages_skip_test_passed=False, packages_select=['nmea_msgs'], packages_skip=None, packages_select_regex=None, packages_skip_regex=None, packages_start=None, packages_end=None, allow_overriding=[], cmake_args=None, cmake_target=None, cmake_target_skip_unavailable=False, cmake_clean_cache=False, cmake_clean_first=False, cmake_force_configure=False, ament_cmake_args=None, catkin_cmake_args=None, catkin_skip_building_tests=False, verb_parser=<colcon_defaults.argument_parser.defaults.DefaultArgumentsDecorator object at 0x7f7a2de8b8b0>, verb_extension=<colcon_core.verb.build.BuildVerb object at 0x7f7a2e615ab0>, main=<bound method BuildVerb.main of <colcon_core.verb.build.BuildVerb object at 0x7f7a2e615ab0>>)
[0.541s] Level 1:colcon.colcon_core.package_discovery:discover_packages(colcon_meta) check parameters
[0.541s] Level 1:colcon.colcon_core.package_discovery:discover_packages(recursive) check parameters
[0.541s] Level 1:colcon.colcon_core.package_discovery:discover_packages(ignore) check parameters
[0.541s] Level 1:colcon.colcon_core.package_discovery:discover_packages(path) check parameters
[0.541s] Level 1:colcon.colcon_core.package_discovery:discover_packages(colcon_meta) discover
[0.541s] Level 1:colcon.colcon_core.package_discovery:discover_packages(recursive) discover
[0.541s] INFO:colcon.colcon_core.package_discovery:Crawling recursively for packages in '/home/maria/ros2_coche'
[0.541s] Level 1:colcon.colcon_core.package_identification:_identify(.) by extensions ['ignore', 'ignore_ament_install']
[0.541s] Level 1:colcon.colcon_core.package_identification:_identify(.) by extension 'ignore'
[0.541s] Level 1:colcon.colcon_core.package_identification:_identify(.) by extension 'ignore_ament_install'
[0.542s] Level 1:colcon.colcon_core.package_identification:_identify(.) by extensions ['colcon_pkg']
[0.542s] Level 1:colcon.colcon_core.package_identification:_identify(.) by extension 'colcon_pkg'
[0.542s] Level 1:colcon.colcon_core.package_identification:_identify(.) by extensions ['colcon_meta']
[0.542s] Level 1:colcon.colcon_core.package_identification:_identify(.) by extension 'colcon_meta'
[0.542s] Level 1:colcon.colcon_core.package_identification:_identify(.) by extensions ['ros']
[0.542s] Level 1:colcon.colcon_core.package_identification:_identify(.) by extension 'ros'
[0.559s] Level 1:colcon.colcon_core.package_identification:_identify(.) by extensions ['cmake', 'python']
[0.559s] Level 1:colcon.colcon_core.package_identification:_identify(.) by extension 'cmake'
[0.559s] Level 1:colcon.colcon_core.package_identification:_identify(.) by extension 'python'
[0.559s] Level 1:colcon.colcon_core.package_identification:_identify(.) by extensions ['python_setup_py']
[0.559s] Level 1:colcon.colcon_core.package_identification:_identify(.) by extension 'python_setup_py'
[0.559s] Level 1:colcon.colcon_core.package_identification:_identify(build) by extensions ['ignore', 'ignore_ament_install']
[0.559s] Level 1:colcon.colcon_core.package_identification:_identify(build) by extension 'ignore'
[0.559s] Level 1:colcon.colcon_core.package_identification:_identify(build) ignored
[0.560s] Level 1:colcon.colcon_core.package_identification:_identify(install) by extensions ['ignore', 'ignore_ament_install']
[0.560s] Level 1:colcon.colcon_core.package_identification:_identify(install) by extension 'ignore'
[0.560s] Level 1:colcon.colcon_core.package_identification:_identify(install) ignored
[0.560s] Level 1:colcon.colcon_core.package_identification:_identify(log) by extensions ['ignore', 'ignore_ament_install']
[0.560s] Level 1:colcon.colcon_core.package_identification:_identify(log) by extension 'ignore'
[0.560s] Level 1:colcon.colcon_core.package_identification:_identify(log) ignored
[0.560s] Level 1:colcon.colcon_core.package_identification:_identify(src) by extensions ['ignore', 'ignore_ament_install']
[0.560s] Level 1:colcon.colcon_core.package_identification:_identify(src) by extension 'ignore'
[0.561s] Level 1:colcon.colcon_core.package_identification:_identify(src) by extension 'ignore_ament_install'
[0.561s] Level 1:colcon.colcon_core.package_identification:_identify(src) by extensions ['colcon_pkg']
[0.561s] Level 1:colcon.colcon_core.package_identification:_identify(src) by extension 'colcon_pkg'
[0.561s] Level 1:colcon.colcon_core.package_identification:_identify(src) by extensions ['colcon_meta']
[0.561s] Level 1:colcon.colcon_core.package_identification:_identify(src) by extension 'colcon_meta'
[0.561s] Level 1:colcon.colcon_core.package_identification:_identify(src) by extensions ['ros']
[0.561s] Level 1:colcon.colcon_core.package_identification:_identify(src) by extension 'ros'
[0.561s] Level 1:colcon.colcon_core.package_identification:_identify(src) by extensions ['cmake', 'python']
[0.561s] Level 1:colcon.colcon_core.package_identification:_identify(src) by extension 'cmake'
[0.561s] Level 1:colcon.colcon_core.package_identification:_identify(src) by extension 'python'
[0.561s] Level 1:colcon.colcon_core.package_identification:_identify(src) by extensions ['python_setup_py']
[0.561s] Level 1:colcon.colcon_core.package_identification:_identify(src) by extension 'python_setup_py'
[0.561s] Level 1:colcon.colcon_core.package_identification:_identify(src/build) by extensions ['ignore', 'ignore_ament_install']
[0.562s] Level 1:colcon.colcon_core.package_identification:_identify(src/build) by extension 'ignore'
[0.562s] Level 1:colcon.colcon_core.package_identification:_identify(src/build) ignored
[0.562s] Level 1:colcon.colcon_core.package_identification:_identify(src/c4_gps) by extensions ['ignore', 'ignore_ament_install']
[0.562s] Level 1:colcon.colcon_core.package_identification:_identify(src/c4_gps) by extension 'ignore'
[0.562s] Level 1:colcon.colcon_core.package_identification:_identify(src/c4_gps) by extension 'ignore_ament_install'
[0.562s] Level 1:colcon.colcon_core.package_identification:_identify(src/c4_gps) by extensions ['colcon_pkg']
[0.562s] Level 1:colcon.colcon_core.package_identification:_identify(src/c4_gps) by extension 'colcon_pkg'
[0.562s] Level 1:colcon.colcon_core.package_identification:_identify(src/c4_gps) by extensions ['colcon_meta']
[0.562s] Level 1:colcon.colcon_core.package_identification:_identify(src/c4_gps) by extension 'colcon_meta'
[0.562s] Level 1:colcon.colcon_core.package_identification:_identify(src/c4_gps) by extensions ['ros']
[0.562s] Level 1:colcon.colcon_core.package_identification:_identify(src/c4_gps) by extension 'ros'
[0.566s] DEBUG:colcon.colcon_core.package_identification:Package 'src/c4_gps' with type 'ros.ament_cmake' and name 'c4_gps'
[0.566s] Level 1:colcon.colcon_core.package_identification:_identify(src/install) by extensions ['ignore', 'ignore_ament_install']
[0.566s] Level 1:colcon.colcon_core.package_identification:_identify(src/install) by extension 'ignore'
[0.566s] Level 1:colcon.colcon_core.package_identification:_identify(src/install) ignored
[0.566s] Level 1:colcon.colcon_core.package_identification:_identify(src/log) by extensions ['ignore', 'ignore_ament_install']
[0.566s] Level 1:colcon.colcon_core.package_identification:_identify(src/log) by extension 'ignore'
[0.567s] Level 1:colcon.colcon_core.package_identification:_identify(src/log) ignored
[0.567s] Level 1:colcon.colcon_core.package_identification:_identify(src/nmea_msgs) by extensions ['ignore', 'ignore_ament_install']
[0.567s] Level 1:colcon.colcon_core.package_identification:_identify(src/nmea_msgs) by extension 'ignore'
[0.567s] Level 1:colcon.colcon_core.package_identification:_identify(src/nmea_msgs) by extension 'ignore_ament_install'
[0.567s] Level 1:colcon.colcon_core.package_identification:_identify(src/nmea_msgs) by extensions ['colcon_pkg']
[0.567s] Level 1:colcon.colcon_core.package_identification:_identify(src/nmea_msgs) by extension 'colcon_pkg'
[0.567s] Level 1:colcon.colcon_core.package_identification:_identify(src/nmea_msgs) by extensions ['colcon_meta']
[0.567s] Level 1:colcon.colcon_core.package_identification:_identify(src/nmea_msgs) by extension 'colcon_meta'
[0.567s] Level 1:colcon.colcon_core.package_identification:_identify(src/nmea_msgs) by extensions ['ros']
[0.567s] Level 1:colcon.colcon_core.package_identification:_identify(src/nmea_msgs) by extension 'ros'
[0.568s] DEBUG:colcon.colcon_core.package_identification:Package 'src/nmea_msgs' with type 'ros.ament_cmake' and name 'nmea_msgs'
[0.568s] Level 1:colcon.colcon_core.package_discovery:discover_packages(recursive) using defaults
[0.568s] Level 1:colcon.colcon_core.package_discovery:discover_packages(ignore) discover
[0.568s] Level 1:colcon.colcon_core.package_discovery:discover_packages(ignore) using defaults
[0.569s] Level 1:colcon.colcon_core.package_discovery:discover_packages(path) discover
[0.569s] Level 1:colcon.colcon_core.package_discovery:discover_packages(path) using defaults
[0.603s] INFO:colcon.colcon_core.package_selection:Skipping not selected package 'c4_gps' in 'src/c4_gps'
[0.604s] Level 1:colcon.colcon_core.package_discovery:discover_packages(prefix_path) check parameters
[0.604s] Level 1:colcon.colcon_core.package_discovery:discover_packages(prefix_path) discover
[0.608s] DEBUG:colcon.colcon_installed_package_information.package_discovery:Found 2 installed packages in /home/maria/ros2_coche/install
[0.611s] DEBUG:colcon.colcon_installed_package_information.package_discovery:Found 284 installed packages in /opt/ros/humble
[0.613s] Level 1:colcon.colcon_core.package_discovery:discover_packages(prefix_path) using defaults
[0.711s] Level 5:colcon.colcon_core.verb:set package 'nmea_msgs' build argument 'cmake_args' from command line to 'None'
[0.711s] Level 5:colcon.colcon_core.verb:set package 'nmea_msgs' build argument 'cmake_target' from command line to 'None'
[0.711s] Level 5:colcon.colcon_core.verb:set package 'nmea_msgs' build argument 'cmake_target_skip_unavailable' from command line to 'False'
[0.712s] Level 5:colcon.colcon_core.verb:set package 'nmea_msgs' build argument 'cmake_clean_cache' from command line to 'False'
[0.712s] Level 5:colcon.colcon_core.verb:set package 'nmea_msgs' build argument 'cmake_clean_first' from command line to 'False'
[0.712s] Level 5:colcon.colcon_core.verb:set package 'nmea_msgs' build argument 'cmake_force_configure' from command line to 'False'
[0.712s] Level 5:colcon.colcon_core.verb:set package 'nmea_msgs' build argument 'ament_cmake_args' from command line to 'None'
[0.712s] Level 5:colcon.colcon_core.verb:set package 'nmea_msgs' build argument 'catkin_cmake_args' from command line to 'None'
[0.712s] Level 5:colcon.colcon_core.verb:set package 'nmea_msgs' build argument 'catkin_skip_building_tests' from command line to 'False'
[0.712s] DEBUG:colcon.colcon_core.verb:Building package 'nmea_msgs' with the following arguments: {'ament_cmake_args': None, 'build_base': '/home/maria/ros2_coche/build/nmea_msgs', 'catkin_cmake_args': None, 'catkin_skip_building_tests': False, 'cmake_args': None, 'cmake_clean_cache': False, 'cmake_clean_first': False, 'cmake_force_configure': False, 'cmake_target': None, 'cmake_target_skip_unavailable': False, 'install_base': '/home/maria/ros2_coche/install/nmea_msgs', 'merge_install': False, 'path': '/home/maria/ros2_coche/src/nmea_msgs', 'symlink_install': False, 'test_result_base': None}
[0.713s] INFO:colcon.colcon_core.executor:Executing jobs using 'parallel' executor
[0.717s] DEBUG:colcon.colcon_parallel_executor.executor.parallel:run_until_complete
[0.717s] INFO:colcon.colcon_ros.task.ament_cmake.build:Building ROS package in '/home/maria/ros2_coche/src/nmea_msgs' with build type 'ament_cmake'
[0.718s] INFO:colcon.colcon_cmake.task.cmake.build:Building CMake package in '/home/maria/ros2_coche/src/nmea_msgs'
[0.724s] INFO:colcon.colcon_core.plugin_system:Skipping extension 'colcon_core.shell.bat': Not used on non-Windows systems
[0.725s] INFO:colcon.colcon_core.shell:Skip shell extension 'powershell' for command environment: Not usable outside of PowerShell
[0.725s] DEBUG:colcon.colcon_core.shell:Skip shell extension 'dsv' for command environment
[0.746s] DEBUG:colcon.colcon_core.event_handler.log_command:Invoking command in '/home/maria/ros2_coche/build/nmea_msgs': CMAKE_PREFIX_PATH=/home/maria/ros2_coche/install/c4_gps:/opt/ros/humble:/home/maria/ros2_coche/install/nmea_msgs /usr/bin/cmake /home/maria/ros2_coche/src/nmea_msgs -DCMAKE_INSTALL_PREFIX=/home/maria/ros2_coche/install/nmea_msgs
[4.775s] DEBUG:colcon.colcon_core.event_handler.log_command:Invoked command in '/home/maria/ros2_coche/build/nmea_msgs' returned '0': CMAKE_PREFIX_PATH=/home/maria/ros2_coche/install/c4_gps:/opt/ros/humble:/home/maria/ros2_coche/install/nmea_msgs /usr/bin/cmake /home/maria/ros2_coche/src/nmea_msgs -DCMAKE_INSTALL_PREFIX=/home/maria/ros2_coche/install/nmea_msgs
[4.778s] DEBUG:colcon.colcon_core.event_handler.log_command:Invoking command in '/home/maria/ros2_coche/build/nmea_msgs': CMAKE_PREFIX_PATH=/home/maria/ros2_coche/install/c4_gps:/opt/ros/humble:/home/maria/ros2_coche/install/nmea_msgs /usr/bin/cmake --build /home/maria/ros2_coche/build/nmea_msgs -- -j12 -l12
[5.417s] DEBUG:colcon.colcon_core.event_handler.log_command:Invoked command in '/home/maria/ros2_coche/build/nmea_msgs' returned '0': CMAKE_PREFIX_PATH=/home/maria/ros2_coche/install/c4_gps:/opt/ros/humble:/home/maria/ros2_coche/install/nmea_msgs /usr/bin/cmake --build /home/maria/ros2_coche/build/nmea_msgs -- -j12 -l12
[5.678s] DEBUG:colcon.colcon_core.event_handler.log_command:Invoking command in '/home/maria/ros2_coche/build/nmea_msgs': CMAKE_PREFIX_PATH=/home/maria/ros2_coche/install/c4_gps:/opt/ros/humble:/home/maria/ros2_coche/install/nmea_msgs /usr/bin/cmake --install /home/maria/ros2_coche/build/nmea_msgs
[8.306s] Level 1:colcon.colcon_core.environment:create_environment_scripts_only(nmea_msgs)
[8.310s] DEBUG:colcon.colcon_core.event_handler.log_command:Invoked command in '/home/maria/ros2_coche/build/nmea_msgs' returned '0': CMAKE_PREFIX_PATH=/home/maria/ros2_coche/install/c4_gps:/opt/ros/humble:/home/maria/ros2_coche/install/nmea_msgs /usr/bin/cmake --install /home/maria/ros2_coche/build/nmea_msgs
[8.325s] Level 1:colcon.colcon_core.environment:checking '/home/maria/ros2_coche/install/nmea_msgs' for CMake module files
[8.328s] Level 1:colcon.colcon_core.environment:checking '/home/maria/ros2_coche/install/nmea_msgs' for CMake config files
[8.332s] Level 1:colcon.colcon_core.shell:create_environment_hook('nmea_msgs', 'cmake_prefix_path')
[8.337s] INFO:colcon.colcon_core.shell:Creating environment hook '/home/maria/ros2_coche/install/nmea_msgs/share/nmea_msgs/hook/cmake_prefix_path.ps1'
[8.339s] INFO:colcon.colcon_core.shell:Creating environment descriptor '/home/maria/ros2_coche/install/nmea_msgs/share/nmea_msgs/hook/cmake_prefix_path.dsv'
[8.341s] INFO:colcon.colcon_core.shell:Creating environment hook '/home/maria/ros2_coche/install/nmea_msgs/share/nmea_msgs/hook/cmake_prefix_path.sh'
[8.345s] Level 1:colcon.colcon_core.environment:checking '/home/maria/ros2_coche/install/nmea_msgs/lib'
[8.346s] Level 1:colcon.colcon_core.shell:create_environment_hook('nmea_msgs', 'ld_library_path_lib')
[8.351s] INFO:colcon.colcon_core.shell:Creating environment hook '/home/maria/ros2_coche/install/nmea_msgs/share/nmea_msgs/hook/ld_library_path_lib.ps1'
[8.353s] INFO:colcon.colcon_core.shell:Creating environment descriptor '/home/maria/ros2_coche/install/nmea_msgs/share/nmea_msgs/hook/ld_library_path_lib.dsv'
[8.354s] INFO:colcon.colcon_core.shell:Creating environment hook '/home/maria/ros2_coche/install/nmea_msgs/share/nmea_msgs/hook/ld_library_path_lib.sh'
[8.355s] Level 1:colcon.colcon_core.environment:checking '/home/maria/ros2_coche/install/nmea_msgs/bin'
[8.355s] Level 1:colcon.colcon_core.environment:checking '/home/maria/ros2_coche/install/nmea_msgs/lib/pkgconfig/nmea_msgs.pc'
[8.356s] Level 1:colcon.colcon_core.environment:checking '/home/maria/ros2_coche/install/nmea_msgs/lib/python3.10/site-packages'
[8.358s] Level 1:colcon.colcon_core.environment:checking '/home/maria/ros2_coche/install/nmea_msgs/bin'
[8.365s] INFO:colcon.colcon_core.shell:Creating package script '/home/maria/ros2_coche/install/nmea_msgs/share/nmea_msgs/package.ps1'
[8.369s] INFO:colcon.colcon_core.shell:Creating package descriptor '/home/maria/ros2_coche/install/nmea_msgs/share/nmea_msgs/package.dsv'
[8.372s] INFO:colcon.colcon_core.shell:Creating package script '/home/maria/ros2_coche/install/nmea_msgs/share/nmea_msgs/package.sh'
[8.376s] INFO:colcon.colcon_core.shell:Creating package script '/home/maria/ros2_coche/install/nmea_msgs/share/nmea_msgs/package.bash'
[8.379s] INFO:colcon.colcon_core.shell:Creating package script '/home/maria/ros2_coche/install/nmea_msgs/share/nmea_msgs/package.zsh'
[8.382s] Level 1:colcon.colcon_core.environment:create_file_with_runtime_dependencies(/home/maria/ros2_coche/install/nmea_msgs/share/colcon-core/packages/nmea_msgs)
[8.972s] Level 1:colcon.colcon_core.environment:create_environment_scripts_only(nmea_msgs)
[8.979s] Level 1:colcon.colcon_core.environment:checking '/home/maria/ros2_coche/install/nmea_msgs' for CMake module files
[8.981s] Level 1:colcon.colcon_core.environment:checking '/home/maria/ros2_coche/install/nmea_msgs' for CMake config files
[8.984s] Level 1:colcon.colcon_core.shell:create_environment_hook('nmea_msgs', 'cmake_prefix_path')
[8.991s] INFO:colcon.colcon_core.shell:Creating environment hook '/home/maria/ros2_coche/install/nmea_msgs/share/nmea_msgs/hook/cmake_prefix_path.ps1'
[8.993s] INFO:colcon.colcon_core.shell:Creating environment descriptor '/home/maria/ros2_coche/install/nmea_msgs/share/nmea_msgs/hook/cmake_prefix_path.dsv'
[8.994s] INFO:colcon.colcon_core.shell:Creating environment hook '/home/maria/ros2_coche/install/nmea_msgs/share/nmea_msgs/hook/cmake_prefix_path.sh'
[8.995s] Level 1:colcon.colcon_core.environment:checking '/home/maria/ros2_coche/install/nmea_msgs/lib'
[8.996s] Level 1:colcon.colcon_core.shell:create_environment_hook('nmea_msgs', 'ld_library_path_lib')
[9.000s] INFO:colcon.colcon_core.shell:Creating environment hook '/home/maria/ros2_coche/install/nmea_msgs/share/nmea_msgs/hook/ld_library_path_lib.ps1'
[9.001s] INFO:colcon.colcon_core.shell:Creating environment descriptor '/home/maria/ros2_coche/install/nmea_msgs/share/nmea_msgs/hook/ld_library_path_lib.dsv'
[9.002s] INFO:colcon.colcon_core.shell:Creating environment hook '/home/maria/ros2_coche/install/nmea_msgs/share/nmea_msgs/hook/ld_library_path_lib.sh'
[9.003s] Level 1:colcon.colcon_core.environment:checking '/home/maria/ros2_coche/install/nmea_msgs/bin'
[9.003s] Level 1:colcon.colcon_core.environment:checking '/home/maria/ros2_coche/install/nmea_msgs/lib/pkgconfig/nmea_msgs.pc'
[9.004s] Level 1:colcon.colcon_core.environment:checking '/home/maria/ros2_coche/install/nmea_msgs/lib/python3.10/site-packages'
[9.005s] Level 1:colcon.colcon_core.environment:checking '/home/maria/ros2_coche/install/nmea_msgs/bin'
[9.009s] INFO:colcon.colcon_core.shell:Creating package script '/home/maria/ros2_coche/install/nmea_msgs/share/nmea_msgs/package.ps1'
[9.010s] INFO:colcon.colcon_core.shell:Creating package descriptor '/home/maria/ros2_coche/install/nmea_msgs/share/nmea_msgs/package.dsv'
[9.012s] INFO:colcon.colcon_core.shell:Creating package script '/home/maria/ros2_coche/install/nmea_msgs/share/nmea_msgs/package.sh'
[9.013s] INFO:colcon.colcon_core.shell:Creating package script '/home/maria/ros2_coche/install/nmea_msgs/share/nmea_msgs/package.bash'
[9.014s] INFO:colcon.colcon_core.shell:Creating package script '/home/maria/ros2_coche/install/nmea_msgs/share/nmea_msgs/package.zsh'
[9.016s] Level 1:colcon.colcon_core.environment:create_file_with_runtime_dependencies(/home/maria/ros2_coche/install/nmea_msgs/share/colcon-core/packages/nmea_msgs)
[9.017s] DEBUG:colcon.colcon_parallel_executor.executor.parallel:closing loop
[9.018s] DEBUG:colcon.colcon_parallel_executor.executor.parallel:loop closed
[9.018s] DEBUG:colcon.colcon_parallel_executor.executor.parallel:run_until_complete finished with '0'
[9.018s] DEBUG:colcon.colcon_core.event_reactor:joining thread
[9.034s] INFO:colcon.colcon_core.plugin_system:Skipping extension 'colcon_notification.desktop_notification.notify_send': Could not find 'notify-send'
[9.034s] INFO:colcon.colcon_core.plugin_system:Skipping extension 'colcon_notification.desktop_notification.terminal_notifier': Not used on non-Darwin systems
[9.034s] INFO:colcon.colcon_core.plugin_system:Skipping extension 'colcon_notification.desktop_notification.win32': Not used on non-Windows systems
[9.034s] INFO:colcon.colcon_notification.desktop_notification:Sending desktop notification using 'notify2'
[9.112s] DEBUG:colcon.colcon_core.event_reactor:joined thread
[9.118s] INFO:colcon.colcon_core.shell:Creating prefix script '/home/maria/ros2_coche/install/local_setup.ps1'
[9.122s] INFO:colcon.colcon_core.shell:Creating prefix util module '/home/maria/ros2_coche/install/_local_setup_util_ps1.py'
[9.130s] INFO:colcon.colcon_core.shell:Creating prefix chain script '/home/maria/ros2_coche/install/setup.ps1'
[9.135s] INFO:colcon.colcon_core.shell:Creating prefix script '/home/maria/ros2_coche/install/local_setup.sh'
[9.137s] INFO:colcon.colcon_core.shell:Creating prefix util module '/home/maria/ros2_coche/install/_local_setup_util_sh.py'
[9.139s] INFO:colcon.colcon_core.shell:Creating prefix chain script '/home/maria/ros2_coche/install/setup.sh'
[9.144s] INFO:colcon.colcon_core.shell:Creating prefix script '/home/maria/ros2_coche/install/local_setup.bash'
[9.146s] INFO:colcon.colcon_core.shell:Creating prefix chain script '/home/maria/ros2_coche/install/setup.bash'
[9.151s] INFO:colcon.colcon_core.shell:Creating prefix script '/home/maria/ros2_coche/install/local_setup.zsh'
[9.154s] INFO:colcon.colcon_core.shell:Creating prefix chain script '/home/maria/ros2_coche/install/setup.zsh'
