[0.022s] Invoking command in '/home/maria/ros2_coche/build/nmea_msgs': CMAKE_PREFIX_PATH=/opt/ros/humble:${CMAKE_PREFIX_PATH} /usr/bin/cmake --build /home/maria/ros2_coche/build/nmea_msgs -- -j12 -l12
[0.164s] [  1%] Built target nmea_msgs__cpp
[0.176s] [ 12%] Built target nmea_msgs__rosidl_generator_c
[0.195s] [ 12%] Built target ament_cmake_python_copy_nmea_msgs
[0.262s] [ 24%] Built target nmea_msgs__rosidl_typesupport_cpp
[0.267s] [ 35%] Built target nmea_msgs__rosidl_typesupport_c
[0.270s] [ 46%] Built target nmea_msgs__rosidl_typesupport_introspection_cpp
[0.274s] [ 58%] Built target nmea_msgs__rosidl_typesupport_introspection_c
[0.278s] [ 79%] Built target nmea_msgs__rosidl_typesupport_fastrtps_c
[0.279s] [ 81%] Built target nmea_msgs__rosidl_typesupport_fastrtps_cpp
[0.344s] [ 81%] Built target nmea_msgs
[0.398s] [ 82%] Built target nmea_msgs__py
[0.437s] [ 92%] Built target nmea_msgs__rosidl_generator_py
[0.471s] [100%] Built target nmea_msgs__rosidl_typesupport_introspection_c__pyext
[0.472s] [100%] Built target nmea_msgs__rosidl_typesupport_fastrtps_c__pyext
[0.472s] [100%] Built target nmea_msgs__rosidl_typesupport_c__pyext
[0.717s] running egg_info
[0.718s] writing nmea_msgs.egg-info/PKG-INFO
[0.719s] writing dependency_links to nmea_msgs.egg-info/dependency_links.txt
[0.719s] writing top-level names to nmea_msgs.egg-info/top_level.txt
[0.722s] reading manifest file 'nmea_msgs.egg-info/SOURCES.txt'
[0.723s] writing manifest file 'nmea_msgs.egg-info/SOURCES.txt'
[0.760s] [100%] Built target ament_cmake_python_build_nmea_msgs_egg
[0.776s] Invoked command in '/home/maria/ros2_coche/build/nmea_msgs' returned '0': CMAKE_PREFIX_PATH=/opt/ros/humble:${CMAKE_PREFIX_PATH} /usr/bin/cmake --build /home/maria/ros2_coche/build/nmea_msgs -- -j12 -l12
[1.035s] Invoking command in '/home/maria/ros2_coche/build/nmea_msgs': CMAKE_PREFIX_PATH=/opt/ros/humble:${CMAKE_PREFIX_PATH} /usr/bin/cmake --install /home/maria/ros2_coche/build/nmea_msgs
[1.046s] -- Install configuration: ""
[1.047s] -- Up-to-date: /home/maria/ros2_coche/install/nmea_msgs/share/ament_index/resource_index/rosidl_interfaces/nmea_msgs
[1.047s] -- Up-to-date: /home/maria/ros2_coche/install/nmea_msgs/include/nmea_msgs/nmea_msgs
[1.047s] -- Up-to-date: /home/maria/ros2_coche/install/nmea_msgs/include/nmea_msgs/nmea_msgs/msg
[1.047s] -- Up-to-date: /home/maria/ros2_coche/install/nmea_msgs/include/nmea_msgs/nmea_msgs/msg/detail
[1.047s] -- Up-to-date: /home/maria/ros2_coche/install/nmea_msgs/include/nmea_msgs/nmea_msgs/msg/detail/gprmc__functions.h
[1.048s] -- Up-to-date: /home/maria/ros2_coche/install/nmea_msgs/include/nmea_msgs/nmea_msgs/msg/detail/gpgsv__type_support.h
[1.048s] -- Up-to-date: /home/maria/ros2_coche/install/nmea_msgs/include/nmea_msgs/nmea_msgs/msg/detail/gprmc__struct.h
[1.048s] -- Up-to-date: /home/maria/ros2_coche/install/nmea_msgs/include/nmea_msgs/nmea_msgs/msg/detail/gpgsa__type_support.h
[1.048s] -- Up-to-date: /home/maria/ros2_coche/install/nmea_msgs/include/nmea_msgs/nmea_msgs/msg/detail/gpgst__struct.h
[1.048s] -- Up-to-date: /home/maria/ros2_coche/install/nmea_msgs/include/nmea_msgs/nmea_msgs/msg/detail/gpgsv__struct.h
[1.048s] -- Up-to-date: /home/maria/ros2_coche/install/nmea_msgs/include/nmea_msgs/nmea_msgs/msg/detail/gpgga__struct.h
[1.048s] -- Up-to-date: /home/maria/ros2_coche/install/nmea_msgs/include/nmea_msgs/nmea_msgs/msg/detail/gpgga__functions.h
[1.049s] -- Up-to-date: /home/maria/ros2_coche/install/nmea_msgs/include/nmea_msgs/nmea_msgs/msg/detail/sentence__struct.h
[1.049s] -- Up-to-date: /home/maria/ros2_coche/install/nmea_msgs/include/nmea_msgs/nmea_msgs/msg/detail/gpgst__functions.c
[1.049s] -- Up-to-date: /home/maria/ros2_coche/install/nmea_msgs/include/nmea_msgs/nmea_msgs/msg/detail/gpgsa__struct.h
[1.049s] -- Up-to-date: /home/maria/ros2_coche/install/nmea_msgs/include/nmea_msgs/nmea_msgs/msg/detail/gprmc__type_support.h
[1.049s] -- Up-to-date: /home/maria/ros2_coche/install/nmea_msgs/include/nmea_msgs/nmea_msgs/msg/detail/gpgsa__functions.c
[1.049s] -- Up-to-date: /home/maria/ros2_coche/install/nmea_msgs/include/nmea_msgs/nmea_msgs/msg/detail/sentence__type_support.h
[1.049s] -- Up-to-date: /home/maria/ros2_coche/install/nmea_msgs/include/nmea_msgs/nmea_msgs/msg/detail/gpgsa__functions.h
[1.050s] -- Up-to-date: /home/maria/ros2_coche/install/nmea_msgs/include/nmea_msgs/nmea_msgs/msg/detail/gpgst__type_support.h
[1.050s] -- Up-to-date: /home/maria/ros2_coche/install/nmea_msgs/include/nmea_msgs/nmea_msgs/msg/detail/gpgst__functions.h
[1.050s] -- Up-to-date: /home/maria/ros2_coche/install/nmea_msgs/include/nmea_msgs/nmea_msgs/msg/detail/gpgsv__functions.c
[1.050s] -- Up-to-date: /home/maria/ros2_coche/install/nmea_msgs/include/nmea_msgs/nmea_msgs/msg/detail/gpgsv__functions.h
[1.050s] -- Up-to-date: /home/maria/ros2_coche/install/nmea_msgs/include/nmea_msgs/nmea_msgs/msg/detail/gpgga__type_support.h
[1.051s] -- Up-to-date: /home/maria/ros2_coche/install/nmea_msgs/include/nmea_msgs/nmea_msgs/msg/detail/gpgsv_satellite__functions.c
[1.051s] -- Up-to-date: /home/maria/ros2_coche/install/nmea_msgs/include/nmea_msgs/nmea_msgs/msg/detail/gpgsv_satellite__struct.h
[1.051s] -- Up-to-date: /home/maria/ros2_coche/install/nmea_msgs/include/nmea_msgs/nmea_msgs/msg/detail/gprmc__functions.c
[1.051s] -- Up-to-date: /home/maria/ros2_coche/install/nmea_msgs/include/nmea_msgs/nmea_msgs/msg/detail/gpgsv_satellite__functions.h
[1.051s] -- Up-to-date: /home/maria/ros2_coche/install/nmea_msgs/include/nmea_msgs/nmea_msgs/msg/detail/sentence__functions.c
[1.051s] -- Up-to-date: /home/maria/ros2_coche/install/nmea_msgs/include/nmea_msgs/nmea_msgs/msg/detail/sentence__functions.h
[1.051s] -- Up-to-date: /home/maria/ros2_coche/install/nmea_msgs/include/nmea_msgs/nmea_msgs/msg/detail/gpgga__functions.c
[1.052s] -- Up-to-date: /home/maria/ros2_coche/install/nmea_msgs/include/nmea_msgs/nmea_msgs/msg/detail/gpgsv_satellite__type_support.h
[1.052s] -- Up-to-date: /home/maria/ros2_coche/install/nmea_msgs/include/nmea_msgs/nmea_msgs/msg/gpgga.h
[1.052s] -- Up-to-date: /home/maria/ros2_coche/install/nmea_msgs/include/nmea_msgs/nmea_msgs/msg/gpgst.h
[1.052s] -- Up-to-date: /home/maria/ros2_coche/install/nmea_msgs/include/nmea_msgs/nmea_msgs/msg/rosidl_generator_c__visibility_control.h
[1.052s] -- Up-to-date: /home/maria/ros2_coche/install/nmea_msgs/include/nmea_msgs/nmea_msgs/msg/gpgsv.h
[1.052s] -- Up-to-date: /home/maria/ros2_coche/install/nmea_msgs/include/nmea_msgs/nmea_msgs/msg/gpgsv_satellite.h
[1.052s] -- Up-to-date: /home/maria/ros2_coche/install/nmea_msgs/include/nmea_msgs/nmea_msgs/msg/gpgsa.h
[1.053s] -- Up-to-date: /home/maria/ros2_coche/install/nmea_msgs/include/nmea_msgs/nmea_msgs/msg/sentence.h
[1.053s] -- Up-to-date: /home/maria/ros2_coche/install/nmea_msgs/include/nmea_msgs/nmea_msgs/msg/gprmc.h
[1.053s] -- Up-to-date: /home/maria/ros2_coche/install/nmea_msgs/share/nmea_msgs/environment/library_path.sh
[1.053s] -- Up-to-date: /home/maria/ros2_coche/install/nmea_msgs/share/nmea_msgs/environment/library_path.dsv
[1.053s] -- Up-to-date: /home/maria/ros2_coche/install/nmea_msgs/lib/libnmea_msgs__rosidl_generator_c.so
[1.053s] -- Up-to-date: /home/maria/ros2_coche/install/nmea_msgs/include/nmea_msgs/nmea_msgs
[1.053s] -- Up-to-date: /home/maria/ros2_coche/install/nmea_msgs/include/nmea_msgs/nmea_msgs/msg
[1.054s] -- Up-to-date: /home/maria/ros2_coche/install/nmea_msgs/include/nmea_msgs/nmea_msgs/msg/detail
[1.054s] -- Up-to-date: /home/maria/ros2_coche/install/nmea_msgs/include/nmea_msgs/nmea_msgs/msg/detail/gpgsv__rosidl_typesupport_fastrtps_c.h
[1.054s] -- Up-to-date: /home/maria/ros2_coche/install/nmea_msgs/include/nmea_msgs/nmea_msgs/msg/detail/gpgsv_satellite__rosidl_typesupport_fastrtps_c.h
[1.054s] -- Up-to-date: /home/maria/ros2_coche/install/nmea_msgs/include/nmea_msgs/nmea_msgs/msg/detail/gpgst__rosidl_typesupport_fastrtps_c.h
[1.054s] -- Up-to-date: /home/maria/ros2_coche/install/nmea_msgs/include/nmea_msgs/nmea_msgs/msg/detail/sentence__rosidl_typesupport_fastrtps_c.h
[1.054s] -- Up-to-date: /home/maria/ros2_coche/install/nmea_msgs/include/nmea_msgs/nmea_msgs/msg/detail/gpgga__rosidl_typesupport_fastrtps_c.h
[1.054s] -- Up-to-date: /home/maria/ros2_coche/install/nmea_msgs/include/nmea_msgs/nmea_msgs/msg/detail/gprmc__rosidl_typesupport_fastrtps_c.h
[1.054s] -- Up-to-date: /home/maria/ros2_coche/install/nmea_msgs/include/nmea_msgs/nmea_msgs/msg/detail/gpgsa__rosidl_typesupport_fastrtps_c.h
[1.054s] -- Up-to-date: /home/maria/ros2_coche/install/nmea_msgs/include/nmea_msgs/nmea_msgs/msg/rosidl_typesupport_fastrtps_c__visibility_control.h
[1.055s] -- Up-to-date: /home/maria/ros2_coche/install/nmea_msgs/lib/libnmea_msgs__rosidl_typesupport_fastrtps_c.so
[1.055s] -- Up-to-date: /home/maria/ros2_coche/install/nmea_msgs/include/nmea_msgs/nmea_msgs
[1.055s] -- Up-to-date: /home/maria/ros2_coche/install/nmea_msgs/include/nmea_msgs/nmea_msgs/msg
[1.055s] -- Up-to-date: /home/maria/ros2_coche/install/nmea_msgs/include/nmea_msgs/nmea_msgs/msg/detail
[1.055s] -- Up-to-date: /home/maria/ros2_coche/install/nmea_msgs/include/nmea_msgs/nmea_msgs/msg/detail/gpgst__struct.hpp
[1.055s] -- Up-to-date: /home/maria/ros2_coche/install/nmea_msgs/include/nmea_msgs/nmea_msgs/msg/detail/gpgsa__traits.hpp
[1.055s] -- Up-to-date: /home/maria/ros2_coche/install/nmea_msgs/include/nmea_msgs/nmea_msgs/msg/detail/sentence__struct.hpp
[1.055s] -- Up-to-date: /home/maria/ros2_coche/install/nmea_msgs/include/nmea_msgs/nmea_msgs/msg/detail/gpgsv_satellite__builder.hpp
[1.056s] -- Up-to-date: /home/maria/ros2_coche/install/nmea_msgs/include/nmea_msgs/nmea_msgs/msg/detail/gpgsv_satellite__traits.hpp
[1.056s] -- Up-to-date: /home/maria/ros2_coche/install/nmea_msgs/include/nmea_msgs/nmea_msgs/msg/detail/gpgga__traits.hpp
[1.056s] -- Up-to-date: /home/maria/ros2_coche/install/nmea_msgs/include/nmea_msgs/nmea_msgs/msg/detail/gpgst__traits.hpp
[1.056s] -- Up-to-date: /home/maria/ros2_coche/install/nmea_msgs/include/nmea_msgs/nmea_msgs/msg/detail/gpgsa__struct.hpp
[1.056s] -- Up-to-date: /home/maria/ros2_coche/install/nmea_msgs/include/nmea_msgs/nmea_msgs/msg/detail/gpgst__builder.hpp
[1.056s] -- Up-to-date: /home/maria/ros2_coche/install/nmea_msgs/include/nmea_msgs/nmea_msgs/msg/detail/gpgsv_satellite__struct.hpp
[1.057s] -- Up-to-date: /home/maria/ros2_coche/install/nmea_msgs/include/nmea_msgs/nmea_msgs/msg/detail/gprmc__struct.hpp
[1.057s] -- Up-to-date: /home/maria/ros2_coche/install/nmea_msgs/include/nmea_msgs/nmea_msgs/msg/detail/gpgsv__builder.hpp
[1.057s] -- Up-to-date: /home/maria/ros2_coche/install/nmea_msgs/include/nmea_msgs/nmea_msgs/msg/detail/gpgsv__struct.hpp
[1.057s] -- Up-to-date: /home/maria/ros2_coche/install/nmea_msgs/include/nmea_msgs/nmea_msgs/msg/detail/sentence__traits.hpp
[1.057s] -- Up-to-date: /home/maria/ros2_coche/install/nmea_msgs/include/nmea_msgs/nmea_msgs/msg/detail/sentence__builder.hpp
[1.057s] -- Up-to-date: /home/maria/ros2_coche/install/nmea_msgs/include/nmea_msgs/nmea_msgs/msg/detail/gpgga__struct.hpp
[1.057s] -- Up-to-date: /home/maria/ros2_coche/install/nmea_msgs/include/nmea_msgs/nmea_msgs/msg/detail/gprmc__builder.hpp
[1.058s] -- Up-to-date: /home/maria/ros2_coche/install/nmea_msgs/include/nmea_msgs/nmea_msgs/msg/detail/gpgsa__builder.hpp
[1.058s] -- Up-to-date: /home/maria/ros2_coche/install/nmea_msgs/include/nmea_msgs/nmea_msgs/msg/detail/gpgga__builder.hpp
[1.058s] -- Up-to-date: /home/maria/ros2_coche/install/nmea_msgs/include/nmea_msgs/nmea_msgs/msg/detail/gprmc__traits.hpp
[1.058s] -- Up-to-date: /home/maria/ros2_coche/install/nmea_msgs/include/nmea_msgs/nmea_msgs/msg/detail/gpgsv__traits.hpp
[1.058s] -- Up-to-date: /home/maria/ros2_coche/install/nmea_msgs/include/nmea_msgs/nmea_msgs/msg/gpgga.hpp
[1.058s] -- Up-to-date: /home/maria/ros2_coche/install/nmea_msgs/include/nmea_msgs/nmea_msgs/msg/gpgsv_satellite.hpp
[1.058s] -- Up-to-date: /home/maria/ros2_coche/install/nmea_msgs/include/nmea_msgs/nmea_msgs/msg/sentence.hpp
[1.058s] -- Up-to-date: /home/maria/ros2_coche/install/nmea_msgs/include/nmea_msgs/nmea_msgs/msg/gprmc.hpp
[1.058s] -- Up-to-date: /home/maria/ros2_coche/install/nmea_msgs/include/nmea_msgs/nmea_msgs/msg/gpgsv.hpp
[1.058s] -- Up-to-date: /home/maria/ros2_coche/install/nmea_msgs/include/nmea_msgs/nmea_msgs/msg/gpgsa.hpp
[1.059s] -- Up-to-date: /home/maria/ros2_coche/install/nmea_msgs/include/nmea_msgs/nmea_msgs/msg/gpgst.hpp
[1.059s] -- Up-to-date: /home/maria/ros2_coche/install/nmea_msgs/include/nmea_msgs/nmea_msgs
[1.059s] -- Up-to-date: /home/maria/ros2_coche/install/nmea_msgs/include/nmea_msgs/nmea_msgs/msg
[1.059s] -- Up-to-date: /home/maria/ros2_coche/install/nmea_msgs/include/nmea_msgs/nmea_msgs/msg/detail
[1.059s] -- Up-to-date: /home/maria/ros2_coche/install/nmea_msgs/include/nmea_msgs/nmea_msgs/msg/detail/gpgsv_satellite__rosidl_typesupport_fastrtps_cpp.hpp
[1.059s] -- Up-to-date: /home/maria/ros2_coche/install/nmea_msgs/include/nmea_msgs/nmea_msgs/msg/detail/sentence__rosidl_typesupport_fastrtps_cpp.hpp
[1.059s] -- Up-to-date: /home/maria/ros2_coche/install/nmea_msgs/include/nmea_msgs/nmea_msgs/msg/detail/gpgsa__rosidl_typesupport_fastrtps_cpp.hpp
[1.059s] -- Up-to-date: /home/maria/ros2_coche/install/nmea_msgs/include/nmea_msgs/nmea_msgs/msg/detail/gpgst__rosidl_typesupport_fastrtps_cpp.hpp
[1.059s] -- Up-to-date: /home/maria/ros2_coche/install/nmea_msgs/include/nmea_msgs/nmea_msgs/msg/detail/gpgga__rosidl_typesupport_fastrtps_cpp.hpp
[1.059s] -- Up-to-date: /home/maria/ros2_coche/install/nmea_msgs/include/nmea_msgs/nmea_msgs/msg/detail/gpgsv__rosidl_typesupport_fastrtps_cpp.hpp
[1.060s] -- Up-to-date: /home/maria/ros2_coche/install/nmea_msgs/include/nmea_msgs/nmea_msgs/msg/detail/dds_fastrtps
[1.060s] -- Up-to-date: /home/maria/ros2_coche/install/nmea_msgs/include/nmea_msgs/nmea_msgs/msg/detail/gprmc__rosidl_typesupport_fastrtps_cpp.hpp
[1.060s] -- Up-to-date: /home/maria/ros2_coche/install/nmea_msgs/include/nmea_msgs/nmea_msgs/msg/rosidl_typesupport_fastrtps_cpp__visibility_control.h
[1.060s] -- Up-to-date: /home/maria/ros2_coche/install/nmea_msgs/lib/libnmea_msgs__rosidl_typesupport_fastrtps_cpp.so
[1.060s] -- Up-to-date: /home/maria/ros2_coche/install/nmea_msgs/include/nmea_msgs/nmea_msgs
[1.060s] -- Up-to-date: /home/maria/ros2_coche/install/nmea_msgs/include/nmea_msgs/nmea_msgs/msg
[1.060s] -- Up-to-date: /home/maria/ros2_coche/install/nmea_msgs/include/nmea_msgs/nmea_msgs/msg/rosidl_typesupport_introspection_c__visibility_control.h
[1.060s] -- Up-to-date: /home/maria/ros2_coche/install/nmea_msgs/include/nmea_msgs/nmea_msgs/msg/detail
[1.060s] -- Up-to-date: /home/maria/ros2_coche/install/nmea_msgs/include/nmea_msgs/nmea_msgs/msg/detail/gpgst__rosidl_typesupport_introspection_c.h
[1.060s] -- Up-to-date: /home/maria/ros2_coche/install/nmea_msgs/include/nmea_msgs/nmea_msgs/msg/detail/gpgsv_satellite__rosidl_typesupport_introspection_c.h
[1.061s] -- Up-to-date: /home/maria/ros2_coche/install/nmea_msgs/include/nmea_msgs/nmea_msgs/msg/detail/gpgsv__rosidl_typesupport_introspection_c.h
[1.061s] -- Up-to-date: /home/maria/ros2_coche/install/nmea_msgs/include/nmea_msgs/nmea_msgs/msg/detail/sentence__type_support.c
[1.061s] -- Up-to-date: /home/maria/ros2_coche/install/nmea_msgs/include/nmea_msgs/nmea_msgs/msg/detail/gpgga__rosidl_typesupport_introspection_c.h
[1.061s] -- Up-to-date: /home/maria/ros2_coche/install/nmea_msgs/include/nmea_msgs/nmea_msgs/msg/detail/gpgsa__type_support.c
[1.061s] -- Up-to-date: /home/maria/ros2_coche/install/nmea_msgs/include/nmea_msgs/nmea_msgs/msg/detail/gpgsv_satellite__type_support.c
[1.061s] -- Up-to-date: /home/maria/ros2_coche/install/nmea_msgs/include/nmea_msgs/nmea_msgs/msg/detail/gpgsv__type_support.c
[1.061s] -- Up-to-date: /home/maria/ros2_coche/install/nmea_msgs/include/nmea_msgs/nmea_msgs/msg/detail/gpgga__type_support.c
[1.061s] -- Up-to-date: /home/maria/ros2_coche/install/nmea_msgs/include/nmea_msgs/nmea_msgs/msg/detail/gpgst__type_support.c
[1.061s] -- Up-to-date: /home/maria/ros2_coche/install/nmea_msgs/include/nmea_msgs/nmea_msgs/msg/detail/gprmc__rosidl_typesupport_introspection_c.h
[1.061s] -- Up-to-date: /home/maria/ros2_coche/install/nmea_msgs/include/nmea_msgs/nmea_msgs/msg/detail/gprmc__type_support.c
[1.062s] -- Up-to-date: /home/maria/ros2_coche/install/nmea_msgs/include/nmea_msgs/nmea_msgs/msg/detail/sentence__rosidl_typesupport_introspection_c.h
[1.062s] -- Up-to-date: /home/maria/ros2_coche/install/nmea_msgs/include/nmea_msgs/nmea_msgs/msg/detail/gpgsa__rosidl_typesupport_introspection_c.h
[1.062s] -- Up-to-date: /home/maria/ros2_coche/install/nmea_msgs/lib/libnmea_msgs__rosidl_typesupport_introspection_c.so
[1.062s] -- Up-to-date: /home/maria/ros2_coche/install/nmea_msgs/lib/libnmea_msgs__rosidl_typesupport_c.so
[1.062s] -- Up-to-date: /home/maria/ros2_coche/install/nmea_msgs/include/nmea_msgs/nmea_msgs
[1.062s] -- Up-to-date: /home/maria/ros2_coche/install/nmea_msgs/include/nmea_msgs/nmea_msgs/msg
[1.062s] -- Up-to-date: /home/maria/ros2_coche/install/nmea_msgs/include/nmea_msgs/nmea_msgs/msg/detail
[1.062s] -- Up-to-date: /home/maria/ros2_coche/install/nmea_msgs/include/nmea_msgs/nmea_msgs/msg/detail/sentence__type_support.cpp
[1.062s] -- Up-to-date: /home/maria/ros2_coche/install/nmea_msgs/include/nmea_msgs/nmea_msgs/msg/detail/gpgga__type_support.cpp
[1.062s] -- Up-to-date: /home/maria/ros2_coche/install/nmea_msgs/include/nmea_msgs/nmea_msgs/msg/detail/sentence__rosidl_typesupport_introspection_cpp.hpp
[1.063s] -- Up-to-date: /home/maria/ros2_coche/install/nmea_msgs/include/nmea_msgs/nmea_msgs/msg/detail/gpgsa__rosidl_typesupport_introspection_cpp.hpp
[1.063s] -- Up-to-date: /home/maria/ros2_coche/install/nmea_msgs/include/nmea_msgs/nmea_msgs/msg/detail/gpgsv_satellite__rosidl_typesupport_introspection_cpp.hpp
[1.063s] -- Up-to-date: /home/maria/ros2_coche/install/nmea_msgs/include/nmea_msgs/nmea_msgs/msg/detail/gpgst__type_support.cpp
[1.063s] -- Up-to-date: /home/maria/ros2_coche/install/nmea_msgs/include/nmea_msgs/nmea_msgs/msg/detail/gpgsa__type_support.cpp
[1.063s] -- Up-to-date: /home/maria/ros2_coche/install/nmea_msgs/include/nmea_msgs/nmea_msgs/msg/detail/gprmc__rosidl_typesupport_introspection_cpp.hpp
[1.063s] -- Up-to-date: /home/maria/ros2_coche/install/nmea_msgs/include/nmea_msgs/nmea_msgs/msg/detail/gpgsv__rosidl_typesupport_introspection_cpp.hpp
[1.063s] -- Up-to-date: /home/maria/ros2_coche/install/nmea_msgs/include/nmea_msgs/nmea_msgs/msg/detail/gprmc__type_support.cpp
[1.063s] -- Up-to-date: /home/maria/ros2_coche/install/nmea_msgs/include/nmea_msgs/nmea_msgs/msg/detail/gpgsv__type_support.cpp
[1.063s] -- Up-to-date: /home/maria/ros2_coche/install/nmea_msgs/include/nmea_msgs/nmea_msgs/msg/detail/gpgsv_satellite__type_support.cpp
[1.063s] -- Up-to-date: /home/maria/ros2_coche/install/nmea_msgs/include/nmea_msgs/nmea_msgs/msg/detail/gpgst__rosidl_typesupport_introspection_cpp.hpp
[1.064s] -- Up-to-date: /home/maria/ros2_coche/install/nmea_msgs/include/nmea_msgs/nmea_msgs/msg/detail/gpgga__rosidl_typesupport_introspection_cpp.hpp
[1.064s] -- Up-to-date: /home/maria/ros2_coche/install/nmea_msgs/lib/libnmea_msgs__rosidl_typesupport_introspection_cpp.so
[1.064s] -- Up-to-date: /home/maria/ros2_coche/install/nmea_msgs/lib/libnmea_msgs__rosidl_typesupport_cpp.so
[1.064s] -- Up-to-date: /home/maria/ros2_coche/install/nmea_msgs/share/nmea_msgs/environment/pythonpath.sh
[1.064s] -- Up-to-date: /home/maria/ros2_coche/install/nmea_msgs/share/nmea_msgs/environment/pythonpath.dsv
[1.064s] -- Up-to-date: /home/maria/ros2_coche/install/nmea_msgs/local/lib/python3.10/dist-packages/nmea_msgs-1.1.0-py3.10.egg-info
[1.064s] -- Installing: /home/maria/ros2_coche/install/nmea_msgs/local/lib/python3.10/dist-packages/nmea_msgs-1.1.0-py3.10.egg-info/PKG-INFO
[1.064s] -- Installing: /home/maria/ros2_coche/install/nmea_msgs/local/lib/python3.10/dist-packages/nmea_msgs-1.1.0-py3.10.egg-info/top_level.txt
[1.064s] -- Installing: /home/maria/ros2_coche/install/nmea_msgs/local/lib/python3.10/dist-packages/nmea_msgs-1.1.0-py3.10.egg-info/SOURCES.txt
[1.064s] -- Installing: /home/maria/ros2_coche/install/nmea_msgs/local/lib/python3.10/dist-packages/nmea_msgs-1.1.0-py3.10.egg-info/dependency_links.txt
[1.065s] -- Up-to-date: /home/maria/ros2_coche/install/nmea_msgs/local/lib/python3.10/dist-packages/nmea_msgs
[1.065s] -- Up-to-date: /home/maria/ros2_coche/install/nmea_msgs/local/lib/python3.10/dist-packages/nmea_msgs/msg
[1.065s] -- Up-to-date: /home/maria/ros2_coche/install/nmea_msgs/local/lib/python3.10/dist-packages/nmea_msgs/msg/_gpgga_s.c
[1.065s] -- Up-to-date: /home/maria/ros2_coche/install/nmea_msgs/local/lib/python3.10/dist-packages/nmea_msgs/msg/_gpgsv_satellite_s.c
[1.065s] -- Up-to-date: /home/maria/ros2_coche/install/nmea_msgs/local/lib/python3.10/dist-packages/nmea_msgs/msg/_gpgsv_s.c
[1.065s] -- Up-to-date: /home/maria/ros2_coche/install/nmea_msgs/local/lib/python3.10/dist-packages/nmea_msgs/msg/_gpgsa_s.c
[1.065s] -- Up-to-date: /home/maria/ros2_coche/install/nmea_msgs/local/lib/python3.10/dist-packages/nmea_msgs/msg/_gpgsv_satellite.py
[1.065s] -- Up-to-date: /home/maria/ros2_coche/install/nmea_msgs/local/lib/python3.10/dist-packages/nmea_msgs/msg/_gpgga.py
[1.065s] -- Up-to-date: /home/maria/ros2_coche/install/nmea_msgs/local/lib/python3.10/dist-packages/nmea_msgs/msg/_gpgsv.py
[1.065s] -- Up-to-date: /home/maria/ros2_coche/install/nmea_msgs/local/lib/python3.10/dist-packages/nmea_msgs/msg/_gpgst.py
[1.066s] -- Up-to-date: /home/maria/ros2_coche/install/nmea_msgs/local/lib/python3.10/dist-packages/nmea_msgs/msg/_sentence.py
[1.066s] -- Up-to-date: /home/maria/ros2_coche/install/nmea_msgs/local/lib/python3.10/dist-packages/nmea_msgs/msg/_gpgst_s.c
[1.066s] -- Up-to-date: /home/maria/ros2_coche/install/nmea_msgs/local/lib/python3.10/dist-packages/nmea_msgs/msg/_gprmc_s.c
[1.066s] -- Up-to-date: /home/maria/ros2_coche/install/nmea_msgs/local/lib/python3.10/dist-packages/nmea_msgs/msg/__init__.py
[1.066s] -- Up-to-date: /home/maria/ros2_coche/install/nmea_msgs/local/lib/python3.10/dist-packages/nmea_msgs/msg/_gprmc.py
[1.066s] -- Up-to-date: /home/maria/ros2_coche/install/nmea_msgs/local/lib/python3.10/dist-packages/nmea_msgs/msg/_gpgsa.py
[1.066s] -- Up-to-date: /home/maria/ros2_coche/install/nmea_msgs/local/lib/python3.10/dist-packages/nmea_msgs/msg/_sentence_s.c
[1.066s] -- Up-to-date: /home/maria/ros2_coche/install/nmea_msgs/local/lib/python3.10/dist-packages/nmea_msgs/_nmea_msgs_s.ep.rosidl_typesupport_introspection_c.c
[1.066s] -- Up-to-date: /home/maria/ros2_coche/install/nmea_msgs/local/lib/python3.10/dist-packages/nmea_msgs/_nmea_msgs_s.ep.rosidl_typesupport_fastrtps_c.c
[1.066s] -- Up-to-date: /home/maria/ros2_coche/install/nmea_msgs/local/lib/python3.10/dist-packages/nmea_msgs/libnmea_msgs__rosidl_generator_py.so
[1.067s] -- Up-to-date: /home/maria/ros2_coche/install/nmea_msgs/local/lib/python3.10/dist-packages/nmea_msgs/_nmea_msgs_s.ep.rosidl_typesupport_c.c
[1.067s] -- Up-to-date: /home/maria/ros2_coche/install/nmea_msgs/local/lib/python3.10/dist-packages/nmea_msgs/nmea_msgs_s__rosidl_typesupport_c.cpython-310-x86_64-linux-gnu.so
[1.067s] -- Up-to-date: /home/maria/ros2_coche/install/nmea_msgs/local/lib/python3.10/dist-packages/nmea_msgs/__init__.py
[1.067s] -- Up-to-date: /home/maria/ros2_coche/install/nmea_msgs/local/lib/python3.10/dist-packages/nmea_msgs/nmea_msgs_s__rosidl_typesupport_introspection_c.cpython-310-x86_64-linux-gnu.so
[1.067s] -- Up-to-date: /home/maria/ros2_coche/install/nmea_msgs/local/lib/python3.10/dist-packages/nmea_msgs/nmea_msgs_s__rosidl_typesupport_fastrtps_c.cpython-310-x86_64-linux-gnu.so
[1.102s] Listing '/home/maria/ros2_coche/install/nmea_msgs/local/lib/python3.10/dist-packages/nmea_msgs'...
[1.102s] Listing '/home/maria/ros2_coche/install/nmea_msgs/local/lib/python3.10/dist-packages/nmea_msgs/msg'...
[1.111s] -- Up-to-date: /home/maria/ros2_coche/install/nmea_msgs/local/lib/python3.10/dist-packages/nmea_msgs/nmea_msgs_s__rosidl_typesupport_fastrtps_c.cpython-310-x86_64-linux-gnu.so
[1.112s] -- Up-to-date: /home/maria/ros2_coche/install/nmea_msgs/local/lib/python3.10/dist-packages/nmea_msgs/nmea_msgs_s__rosidl_typesupport_introspection_c.cpython-310-x86_64-linux-gnu.so
[1.112s] -- Up-to-date: /home/maria/ros2_coche/install/nmea_msgs/local/lib/python3.10/dist-packages/nmea_msgs/nmea_msgs_s__rosidl_typesupport_c.cpython-310-x86_64-linux-gnu.so
[1.113s] -- Up-to-date: /home/maria/ros2_coche/install/nmea_msgs/lib/libnmea_msgs__rosidl_generator_py.so
[1.114s] -- Up-to-date: /home/maria/ros2_coche/install/nmea_msgs/share/nmea_msgs/msg/Gpgga.idl
[1.114s] -- Up-to-date: /home/maria/ros2_coche/install/nmea_msgs/share/nmea_msgs/msg/Gpgsa.idl
[1.114s] -- Up-to-date: /home/maria/ros2_coche/install/nmea_msgs/share/nmea_msgs/msg/Gpgsv.idl
[1.114s] -- Up-to-date: /home/maria/ros2_coche/install/nmea_msgs/share/nmea_msgs/msg/GpgsvSatellite.idl
[1.114s] -- Up-to-date: /home/maria/ros2_coche/install/nmea_msgs/share/nmea_msgs/msg/Gprmc.idl
[1.114s] -- Up-to-date: /home/maria/ros2_coche/install/nmea_msgs/share/nmea_msgs/msg/Gpgst.idl
[1.115s] -- Up-to-date: /home/maria/ros2_coche/install/nmea_msgs/share/nmea_msgs/msg/Sentence.idl
[1.115s] -- Up-to-date: /home/maria/ros2_coche/install/nmea_msgs/share/nmea_msgs/msg/Gpgga.msg
[1.115s] -- Up-to-date: /home/maria/ros2_coche/install/nmea_msgs/share/nmea_msgs/msg/Gpgsa.msg
[1.115s] -- Up-to-date: /home/maria/ros2_coche/install/nmea_msgs/share/nmea_msgs/msg/Gpgsv.msg
[1.115s] -- Up-to-date: /home/maria/ros2_coche/install/nmea_msgs/share/nmea_msgs/msg/GpgsvSatellite.msg
[1.115s] -- Up-to-date: /home/maria/ros2_coche/install/nmea_msgs/share/nmea_msgs/msg/Gprmc.msg
[1.115s] -- Up-to-date: /home/maria/ros2_coche/install/nmea_msgs/share/nmea_msgs/msg/Gpgst.msg
[1.116s] -- Up-to-date: /home/maria/ros2_coche/install/nmea_msgs/share/nmea_msgs/msg/Sentence.msg
[1.116s] -- Up-to-date: /home/maria/ros2_coche/install/nmea_msgs/share/nmea_msgs/msg
[1.116s] -- Up-to-date: /home/maria/ros2_coche/install/nmea_msgs/share/nmea_msgs/msg/Gpgsv.msg
[1.116s] -- Up-to-date: /home/maria/ros2_coche/install/nmea_msgs/share/nmea_msgs/msg/Gpgst.msg
[1.116s] -- Up-to-date: /home/maria/ros2_coche/install/nmea_msgs/share/nmea_msgs/msg/Gprmc.msg
[1.116s] -- Up-to-date: /home/maria/ros2_coche/install/nmea_msgs/share/nmea_msgs/msg/Gpgsa.msg
[1.116s] -- Up-to-date: /home/maria/ros2_coche/install/nmea_msgs/share/nmea_msgs/msg/Gpgga.msg
[1.116s] -- Up-to-date: /home/maria/ros2_coche/install/nmea_msgs/share/nmea_msgs/msg/Sentence.msg
[1.117s] -- Up-to-date: /home/maria/ros2_coche/install/nmea_msgs/share/nmea_msgs/msg/GpgsvSatellite.msg
[1.117s] -- Up-to-date: /home/maria/ros2_coche/install/nmea_msgs/share/ament_index/resource_index/package_run_dependencies/nmea_msgs
[1.117s] -- Up-to-date: /home/maria/ros2_coche/install/nmea_msgs/share/ament_index/resource_index/parent_prefix_path/nmea_msgs
[1.117s] -- Up-to-date: /home/maria/ros2_coche/install/nmea_msgs/share/nmea_msgs/environment/ament_prefix_path.sh
[1.117s] -- Up-to-date: /home/maria/ros2_coche/install/nmea_msgs/share/nmea_msgs/environment/ament_prefix_path.dsv
[1.117s] -- Up-to-date: /home/maria/ros2_coche/install/nmea_msgs/share/nmea_msgs/environment/path.sh
[1.117s] -- Up-to-date: /home/maria/ros2_coche/install/nmea_msgs/share/nmea_msgs/environment/path.dsv
[1.118s] -- Up-to-date: /home/maria/ros2_coche/install/nmea_msgs/share/nmea_msgs/local_setup.bash
[1.118s] -- Up-to-date: /home/maria/ros2_coche/install/nmea_msgs/share/nmea_msgs/local_setup.sh
[1.118s] -- Up-to-date: /home/maria/ros2_coche/install/nmea_msgs/share/nmea_msgs/local_setup.zsh
[1.118s] -- Up-to-date: /home/maria/ros2_coche/install/nmea_msgs/share/nmea_msgs/local_setup.dsv
[1.118s] -- Installing: /home/maria/ros2_coche/install/nmea_msgs/share/nmea_msgs/package.dsv
[1.118s] -- Up-to-date: /home/maria/ros2_coche/install/nmea_msgs/share/ament_index/resource_index/packages/nmea_msgs
[1.118s] -- Up-to-date: /home/maria/ros2_coche/install/nmea_msgs/share/nmea_msgs/cmake/export_nmea_msgs__rosidl_generator_cExport.cmake
[1.118s] -- Up-to-date: /home/maria/ros2_coche/install/nmea_msgs/share/nmea_msgs/cmake/export_nmea_msgs__rosidl_generator_cExport-noconfig.cmake
[1.118s] -- Up-to-date: /home/maria/ros2_coche/install/nmea_msgs/share/nmea_msgs/cmake/export_nmea_msgs__rosidl_typesupport_fastrtps_cExport.cmake
[1.119s] -- Up-to-date: /home/maria/ros2_coche/install/nmea_msgs/share/nmea_msgs/cmake/export_nmea_msgs__rosidl_typesupport_fastrtps_cExport-noconfig.cmake
[1.119s] -- Up-to-date: /home/maria/ros2_coche/install/nmea_msgs/share/nmea_msgs/cmake/export_nmea_msgs__rosidl_generator_cppExport.cmake
[1.119s] -- Up-to-date: /home/maria/ros2_coche/install/nmea_msgs/share/nmea_msgs/cmake/export_nmea_msgs__rosidl_typesupport_fastrtps_cppExport.cmake
[1.119s] -- Up-to-date: /home/maria/ros2_coche/install/nmea_msgs/share/nmea_msgs/cmake/export_nmea_msgs__rosidl_typesupport_fastrtps_cppExport-noconfig.cmake
[1.119s] -- Up-to-date: /home/maria/ros2_coche/install/nmea_msgs/share/nmea_msgs/cmake/nmea_msgs__rosidl_typesupport_introspection_cExport.cmake
[1.119s] -- Up-to-date: /home/maria/ros2_coche/install/nmea_msgs/share/nmea_msgs/cmake/nmea_msgs__rosidl_typesupport_introspection_cExport-noconfig.cmake
[1.119s] -- Up-to-date: /home/maria/ros2_coche/install/nmea_msgs/share/nmea_msgs/cmake/nmea_msgs__rosidl_typesupport_cExport.cmake
[1.119s] -- Up-to-date: /home/maria/ros2_coche/install/nmea_msgs/share/nmea_msgs/cmake/nmea_msgs__rosidl_typesupport_cExport-noconfig.cmake
[1.119s] -- Up-to-date: /home/maria/ros2_coche/install/nmea_msgs/share/nmea_msgs/cmake/nmea_msgs__rosidl_typesupport_introspection_cppExport.cmake
[1.119s] -- Up-to-date: /home/maria/ros2_coche/install/nmea_msgs/share/nmea_msgs/cmake/nmea_msgs__rosidl_typesupport_introspection_cppExport-noconfig.cmake
[1.120s] -- Up-to-date: /home/maria/ros2_coche/install/nmea_msgs/share/nmea_msgs/cmake/nmea_msgs__rosidl_typesupport_cppExport.cmake
[1.120s] -- Up-to-date: /home/maria/ros2_coche/install/nmea_msgs/share/nmea_msgs/cmake/nmea_msgs__rosidl_typesupport_cppExport-noconfig.cmake
[1.120s] -- Up-to-date: /home/maria/ros2_coche/install/nmea_msgs/share/nmea_msgs/cmake/export_nmea_msgs__rosidl_generator_pyExport.cmake
[1.122s] -- Up-to-date: /home/maria/ros2_coche/install/nmea_msgs/share/nmea_msgs/cmake/export_nmea_msgs__rosidl_generator_pyExport-noconfig.cmake
[1.123s] -- Up-to-date: /home/maria/ros2_coche/install/nmea_msgs/share/nmea_msgs/cmake/rosidl_cmake-extras.cmake
[1.123s] -- Up-to-date: /home/maria/ros2_coche/install/nmea_msgs/share/nmea_msgs/cmake/ament_cmake_export_dependencies-extras.cmake
[1.124s] -- Up-to-date: /home/maria/ros2_coche/install/nmea_msgs/share/nmea_msgs/cmake/ament_cmake_export_include_directories-extras.cmake
[1.126s] -- Up-to-date: /home/maria/ros2_coche/install/nmea_msgs/share/nmea_msgs/cmake/ament_cmake_export_libraries-extras.cmake
[1.127s] -- Up-to-date: /home/maria/ros2_coche/install/nmea_msgs/share/nmea_msgs/cmake/ament_cmake_export_targets-extras.cmake
[1.127s] -- Up-to-date: /home/maria/ros2_coche/install/nmea_msgs/share/nmea_msgs/cmake/rosidl_cmake_export_typesupport_targets-extras.cmake
[1.127s] -- Up-to-date: /home/maria/ros2_coche/install/nmea_msgs/share/nmea_msgs/cmake/rosidl_cmake_export_typesupport_libraries-extras.cmake
[1.129s] -- Up-to-date: /home/maria/ros2_coche/install/nmea_msgs/share/nmea_msgs/cmake/nmea_msgsConfig.cmake
[1.130s] -- Up-to-date: /home/maria/ros2_coche/install/nmea_msgs/share/nmea_msgs/cmake/nmea_msgsConfig-version.cmake
[1.130s] -- Up-to-date: /home/maria/ros2_coche/install/nmea_msgs/share/nmea_msgs/package.xml
[1.131s] Invoked command in '/home/maria/ros2_coche/build/nmea_msgs' returned '0': CMAKE_PREFIX_PATH=/opt/ros/humble:${CMAKE_PREFIX_PATH} /usr/bin/cmake --install /home/maria/ros2_coche/build/nmea_msgs
