[35m[1mConsolidate compiler generated dependencies of target t_gps[0m
[ 50%] [32mBuilding CXX object CMakeFiles/t_gps.dir/src/gps_reader.cpp.o[0m
[100%] [32m[1mLinking CXX executable t_gps[0m
[100%] Built target t_gps
-- Install configuration: ""
-- Installing: /home/maria/ros2_coche/install/c4_gps/lib/c4_gps/t_gps
-- Set runtime path of "/home/maria/ros2_coche/install/c4_gps/lib/c4_gps/t_gps" to ""
-- Up-to-date: /home/maria/ros2_coche/install/c4_gps/share/ament_index/resource_index/package_run_dependencies/c4_gps
-- Up-to-date: /home/maria/ros2_coche/install/c4_gps/share/ament_index/resource_index/parent_prefix_path/c4_gps
-- Up-to-date: /home/maria/ros2_coche/install/c4_gps/share/c4_gps/environment/ament_prefix_path.sh
-- Up-to-date: /home/maria/ros2_coche/install/c4_gps/share/c4_gps/environment/ament_prefix_path.dsv
-- Up-to-date: /home/maria/ros2_coche/install/c4_gps/share/c4_gps/environment/path.sh
-- Up-to-date: /home/maria/ros2_coche/install/c4_gps/share/c4_gps/environment/path.dsv
-- Up-to-date: /home/maria/ros2_coche/install/c4_gps/share/c4_gps/local_setup.bash
-- Up-to-date: /home/maria/ros2_coche/install/c4_gps/share/c4_gps/local_setup.sh
-- Up-to-date: /home/maria/ros2_coche/install/c4_gps/share/c4_gps/local_setup.zsh
-- Up-to-date: /home/maria/ros2_coche/install/c4_gps/share/c4_gps/local_setup.dsv
-- Installing: /home/maria/ros2_coche/install/c4_gps/share/c4_gps/package.dsv
-- Up-to-date: /home/maria/ros2_coche/install/c4_gps/share/ament_index/resource_index/packages/c4_gps
-- Up-to-date: /home/maria/ros2_coche/install/c4_gps/share/c4_gps/cmake/c4_gpsConfig.cmake
-- Up-to-date: /home/maria/ros2_coche/install/c4_gps/share/c4_gps/cmake/c4_gpsConfig-version.cmake
-- Up-to-date: /home/maria/ros2_coche/install/c4_gps/share/c4_gps/package.xml
