[0.019s] Invoking command in '/home/maria/ros2_coche/build/nmea_msgs': CMAKE_PREFIX_PATH=/opt/ros/humble /usr/bin/cmake /home/maria/ros2_coche/src/nmea_msgs -DCMAKE_INSTALL_PREFIX=/home/maria/ros2_coche/install/nmea_msgs
[0.170s] -- The C compiler identification is GNU 11.3.0
[0.390s] -- The CXX compiler identification is GNU 11.3.0
[0.424s] -- Detecting C compiler ABI info
[0.659s] -- Detecting C compiler ABI info - done
[0.689s] -- Check for working C compiler: /usr/bin/cc - skipped
[0.690s] -- Detecting C compile features
[0.692s] -- Detecting C compile features - done
[0.703s] -- Detecting CXX compiler ABI info
[0.966s] -- Detecting CXX compiler ABI info - done
[0.993s] -- Check for working CXX compiler: /usr/bin/c++ - skipped
[0.993s] -- Detecting CXX compile features
[0.995s] -- Detecting CXX compile features - done
[1.003s] -- Found ament_cmake: 1.3.3 (/opt/ros/humble/share/ament_cmake/cmake)
[1.565s] -- Found Python3: /usr/bin/python3.10 (found version "3.10.6") found components: Interpreter 
[1.798s] -- Found std_msgs: 4.2.3 (/opt/ros/humble/share/std_msgs/cmake)
[1.906s] -- Found rosidl_generator_c: 3.1.4 (/opt/ros/humble/share/rosidl_generator_c/cmake)
[1.920s] -- Found rosidl_adapter: 3.1.4 (/opt/ros/humble/share/rosidl_adapter/cmake)
[1.945s] -- Found rosidl_generator_cpp: 3.1.4 (/opt/ros/humble/share/rosidl_generator_cpp/cmake)
[1.984s] -- Using all available rosidl_typesupport_c: rosidl_typesupport_fastrtps_c;rosidl_typesupport_introspection_c
[2.031s] -- Using all available rosidl_typesupport_cpp: rosidl_typesupport_fastrtps_cpp;rosidl_typesupport_introspection_cpp
[2.130s] -- Found rosidl_default_generators: 1.2.0 (/opt/ros/humble/share/rosidl_default_generators/cmake)
[2.853s] -- Found ament_cmake_ros: 0.10.0 (/opt/ros/humble/share/ament_cmake_ros/cmake)
[3.948s] -- Using all available rosidl_typesupport_c: rosidl_typesupport_fastrtps_c;rosidl_typesupport_introspection_c
[4.362s] -- Using all available rosidl_typesupport_cpp: rosidl_typesupport_fastrtps_cpp;rosidl_typesupport_introspection_cpp
[4.426s] -- Found PythonInterp: /usr/bin/python3 (found suitable version "3.10.6", minimum required is "3.6") 
[4.430s] -- Found python_cmake_module: 0.10.0 (/opt/ros/humble/share/python_cmake_module/cmake)
[4.504s] -- Found PythonLibs: /usr/lib/x86_64-linux-gnu/libpython3.10.so (found suitable version "3.10.6", minimum required is "3.5") 
[4.504s] -- Using PYTHON_EXECUTABLE: /usr/bin/python3
[4.504s] -- Using PYTHON_INCLUDE_DIRS: /usr/include/python3.10
[4.504s] -- Using PYTHON_LIBRARIES: /usr/lib/x86_64-linux-gnu/libpython3.10.so
[4.569s] -- Found PythonExtra: .so  
[4.724s] -- Configuring done
[4.862s] -- Generating done
[4.871s] -- Build files have been written to: /home/maria/ros2_coche/build/nmea_msgs
[4.888s] Invoked command in '/home/maria/ros2_coche/build/nmea_msgs' returned '0': CMAKE_PREFIX_PATH=/opt/ros/humble /usr/bin/cmake /home/maria/ros2_coche/src/nmea_msgs -DCMAKE_INSTALL_PREFIX=/home/maria/ros2_coche/install/nmea_msgs
[4.892s] Invoking command in '/home/maria/ros2_coche/build/nmea_msgs': CMAKE_PREFIX_PATH=/opt/ros/humble /usr/bin/cmake --build /home/maria/ros2_coche/build/nmea_msgs -- -j12 -l12
[5.004s] [35m[1mConsolidate compiler generated dependencies of target nmea_msgs__rosidl_generator_c[0m
[5.031s] [  1%] Built target nmea_msgs__cpp
[5.037s] [  2%] [32mBuilding C object CMakeFiles/nmea_msgs__rosidl_generator_c.dir/rosidl_generator_c/nmea_msgs/msg/detail/gpgsa__functions.c.o[0m
[5.045s] [  3%] [32mBuilding C object CMakeFiles/nmea_msgs__rosidl_generator_c.dir/rosidl_generator_c/nmea_msgs/msg/detail/gpgsv__functions.c.o[0m
[5.047s] [  5%] [32mBuilding C object CMakeFiles/nmea_msgs__rosidl_generator_c.dir/rosidl_generator_c/nmea_msgs/msg/detail/gprmc__functions.c.o[0m
[5.047s] [  6%] [32mBuilding C object CMakeFiles/nmea_msgs__rosidl_generator_c.dir/rosidl_generator_c/nmea_msgs/msg/detail/gpgst__functions.c.o[0m
[5.048s] [  7%] [32mBuilding C object CMakeFiles/nmea_msgs__rosidl_generator_c.dir/rosidl_generator_c/nmea_msgs/msg/detail/sentence__functions.c.o[0m
[5.057s] [  7%] Built target ament_cmake_python_copy_nmea_msgs
[5.074s] [35m[1mConsolidate compiler generated dependencies of target nmea_msgs__rosidl_typesupport_cpp[0m
[5.074s] [35m[1mConsolidate compiler generated dependencies of target nmea_msgs__rosidl_typesupport_introspection_cpp[0m
[5.076s] [35m[1mConsolidate compiler generated dependencies of target nmea_msgs__rosidl_typesupport_fastrtps_cpp[0m
[5.106s] In file included from [01m[K/home/maria/ros2_coche/build/nmea_msgs/rosidl_generator_c/nmea_msgs/msg/detail/gpgsa__functions.h:19[m[K,
[5.108s]                  from [01m[K/home/maria/ros2_coche/build/nmea_msgs/rosidl_generator_c/nmea_msgs/msg/detail/gpgsa__functions.c:4[m[K:
[5.109s] [01m[K/home/maria/ros2_coche/build/nmea_msgs/rosidl_generator_c/nmea_msgs/msg/detail/gpgsa__struct.h:22:10:[m[K [01;31m[Kfatal error: [m[Knmea_msgs/msg/detail/header__struct.h: No such file or directory
[5.110s]    22 | #include [01;31m[K"nmea_msgs/msg/detail/header__struct.h"[m[K
[5.110s]       |          [01;31m[K^~~~~~~~~~~~~~~~~~~~~~~~~~~~~~~~~~~~~~~[m[K
[5.111s] compilation terminated.
[5.115s] In file included from [01m[K/home/maria/ros2_coche/build/nmea_msgs/rosidl_generator_c/nmea_msgs/msg/detail/sentence__functions.h:19[m[K,
[5.116s]                  from [01m[K/home/maria/ros2_coche/build/nmea_msgs/rosidl_generator_c/nmea_msgs/msg/detail/sentence__functions.c:4[m[K:
[5.116s] [01m[K/home/maria/ros2_coche/build/nmea_msgs/rosidl_generator_c/nmea_msgs/msg/detail/sentence__struct.h:22:10:[m[K [01;31m[Kfatal error: [m[Knmea_msgs/msg/detail/header__struct.h: No such file or directory
[5.116s]    22 | #include [01;31m[K"nmea_msgs/msg/detail/header__struct.h"[m[K
[5.117s]       |          [01;31m[K^~~~~~~~~~~~~~~~~~~~~~~~~~~~~~~~~~~~~~~[m[K
[5.117s] compilation terminated.
[5.118s] In file included from [01m[K/home/maria/ros2_coche/build/nmea_msgs/rosidl_generator_c/nmea_msgs/msg/detail/gpgsv__functions.h:19[m[K,
[5.118s]                  from [01m[K/home/maria/ros2_coche/build/nmea_msgs/rosidl_generator_c/nmea_msgs/msg/detail/gpgsv__functions.c:4[m[K:
[5.119s] [01m[K/home/maria/ros2_coche/build/nmea_msgs/rosidl_generator_c/nmea_msgs/msg/detail/gpgsv__struct.h:22:10:[m[K [01;31m[Kfatal error: [m[Knmea_msgs/msg/detail/header__struct.h: No such file or directory
[5.120s]    22 | #include [01;31m[K"nmea_msgs/msg/detail/header__struct.h"[m[K
[5.120s]       |          [01;31m[K^~~~~~~~~~~~~~~~~~~~~~~~~~~~~~~~~~~~~~~[m[K
[5.120s] compilation terminated.
[5.121s] gmake[2]: *** [CMakeFiles/nmea_msgs__rosidl_generator_c.dir/build.make:247: CMakeFiles/nmea_msgs__rosidl_generator_c.dir/rosidl_generator_c/nmea_msgs/msg/detail/gpgsa__functions.c.o] Error 1
[5.122s] gmake[2]: *** Waiting for unfinished jobs....
[5.123s] gmake[2]: *** [CMakeFiles/nmea_msgs__rosidl_generator_c.dir/build.make:317: CMakeFiles/nmea_msgs__rosidl_generator_c.dir/rosidl_generator_c/nmea_msgs/msg/detail/sentence__functions.c.o] Error 1
[5.124s] In file included from [01m[K/home/maria/ros2_coche/build/nmea_msgs/rosidl_generator_c/nmea_msgs/msg/detail/gpgst__functions.h:19[m[K,
[5.124s]                  from [01m[K/home/maria/ros2_coche/build/nmea_msgs/rosidl_generator_c/nmea_msgs/msg/detail/gpgst__functions.c:4[m[K:
[5.125s] [01m[K/home/maria/ros2_coche/build/nmea_msgs/rosidl_generator_c/nmea_msgs/msg/detail/gpgst__struct.h:22:10:[m[K [01;31m[Kfatal error: [m[Knmea_msgs/msg/detail/header__struct.h: No such file or directory
[5.125s]    22 | #include [01;31m[K"nmea_msgs/msg/detail/header__struct.h"[m[K
[5.125s]       |          [01;31m[K^~~~~~~~~~~~~~~~~~~~~~~~~~~~~~~~~~~~~~~[m[K
[5.126s] compilation terminated.
[5.126s] gmake[2]: *** [CMakeFiles/nmea_msgs__rosidl_generator_c.dir/build.make:261: CMakeFiles/nmea_msgs__rosidl_generator_c.dir/rosidl_generator_c/nmea_msgs/msg/detail/gpgsv__functions.c.o] Error 1
[5.127s] In file included from [01m[K/home/maria/ros2_coche/build/nmea_msgs/rosidl_generator_c/nmea_msgs/msg/detail/gprmc__functions.h:19[m[K,
[5.128s]                  from [01m[K/home/maria/ros2_coche/build/nmea_msgs/rosidl_generator_c/nmea_msgs/msg/detail/gprmc__functions.c:4[m[K:
[5.128s] [01m[K/home/maria/ros2_coche/build/nmea_msgs/rosidl_generator_c/nmea_msgs/msg/detail/gprmc__struct.h:22:10:[m[K [01;31m[Kfatal error: [m[Knmea_msgs/msg/detail/header__struct.h: No such file or directory
[5.129s]    22 | #include [01;31m[K"nmea_msgs/msg/detail/header__struct.h"[m[K
[5.129s]       |          [01;31m[K^~~~~~~~~~~~~~~~~~~~~~~~~~~~~~~~~~~~~~~[m[K
[5.130s] compilation terminated.
[5.130s] gmake[2]: *** [CMakeFiles/nmea_msgs__rosidl_generator_c.dir/build.make:303: CMakeFiles/nmea_msgs__rosidl_generator_c.dir/rosidl_generator_c/nmea_msgs/msg/detail/gpgst__functions.c.o] Error 1
[5.131s] gmake[2]: *** [CMakeFiles/nmea_msgs__rosidl_generator_c.dir/build.make:289: CMakeFiles/nmea_msgs__rosidl_generator_c.dir/rosidl_generator_c/nmea_msgs/msg/detail/gprmc__functions.c.o] Error 1
[5.131s] gmake[1]: *** [CMakeFiles/Makefile2:213: CMakeFiles/nmea_msgs__rosidl_generator_c.dir/all] Error 2
[5.131s] gmake[1]: *** Waiting for unfinished jobs....
[5.136s] [ 10%] [32mBuilding CXX object CMakeFiles/nmea_msgs__rosidl_typesupport_introspection_cpp.dir/rosidl_typesupport_introspection_cpp/nmea_msgs/msg/detail/gpgsa__type_support.cpp.o[0m
[5.136s] [ 10%] [32mBuilding CXX object CMakeFiles/nmea_msgs__rosidl_typesupport_introspection_cpp.dir/rosidl_typesupport_introspection_cpp/nmea_msgs/msg/detail/gpgsv__type_support.cpp.o[0m
[5.136s] [ 11%] [32mBuilding CXX object CMakeFiles/nmea_msgs__rosidl_typesupport_cpp.dir/rosidl_typesupport_cpp/nmea_msgs/msg/gpgsv__type_support.cpp.o[0m
[5.137s] [ 12%] [32mBuilding CXX object CMakeFiles/nmea_msgs__rosidl_typesupport_cpp.dir/rosidl_typesupport_cpp/nmea_msgs/msg/gpgsa__type_support.cpp.o[0m
[5.143s] [ 13%] [32mBuilding CXX object CMakeFiles/nmea_msgs__rosidl_typesupport_introspection_cpp.dir/rosidl_typesupport_introspection_cpp/nmea_msgs/msg/detail/gprmc__type_support.cpp.o[0m
[5.143s] [ 15%] [32mBuilding CXX object CMakeFiles/nmea_msgs__rosidl_typesupport_fastrtps_cpp.dir/rosidl_typesupport_fastrtps_cpp/nmea_msgs/msg/detail/dds_fastrtps/gpgsa__type_support.cpp.o[0m
[5.143s] [ 16%] [32mBuilding CXX object CMakeFiles/nmea_msgs__rosidl_typesupport_cpp.dir/rosidl_typesupport_cpp/nmea_msgs/msg/gprmc__type_support.cpp.o[0m
[5.151s] [ 17%] [32mBuilding CXX object CMakeFiles/nmea_msgs__rosidl_typesupport_cpp.dir/rosidl_typesupport_cpp/nmea_msgs/msg/gpgst__type_support.cpp.o[0m
[5.153s] [ 18%] [32mBuilding CXX object CMakeFiles/nmea_msgs__rosidl_typesupport_introspection_cpp.dir/rosidl_typesupport_introspection_cpp/nmea_msgs/msg/detail/gpgst__type_support.cpp.o[0m
[5.154s] [ 20%] [32mBuilding CXX object CMakeFiles/nmea_msgs__rosidl_typesupport_introspection_cpp.dir/rosidl_typesupport_introspection_cpp/nmea_msgs/msg/detail/sentence__type_support.cpp.o[0m
[5.158s] [ 21%] [32mBuilding CXX object CMakeFiles/nmea_msgs__rosidl_typesupport_fastrtps_cpp.dir/rosidl_typesupport_fastrtps_cpp/nmea_msgs/msg/detail/dds_fastrtps/gpgsv__type_support.cpp.o[0m
[5.321s] In file included from [01m[K/home/maria/ros2_coche/build/nmea_msgs/rosidl_typesupport_introspection_cpp/nmea_msgs/msg/detail/gpgsa__type_support.cpp:12[m[K:
[5.322s] [01m[K/home/maria/ros2_coche/build/nmea_msgs/rosidl_generator_cpp/nmea_msgs/msg/detail/gpgsa__struct.hpp:20:10:[m[K [01;31m[Kfatal error: [m[Knmea_msgs/msg/detail/header__struct.hpp: No such file or directory
[5.322s]    20 | #include [01;31m[K"nmea_msgs/msg/detail/header__struct.hpp"[m[K
[5.322s]       |          [01;31m[K^~~~~~~~~~~~~~~~~~~~~~~~~~~~~~~~~~~~~~~~~[m[K
[5.322s] compilation terminated.
[5.324s] In file included from [01m[K/home/maria/ros2_coche/build/nmea_msgs/rosidl_typesupport_fastrtps_cpp/nmea_msgs/msg/detail/gpgsa__rosidl_typesupport_fastrtps_cpp.hpp:11[m[K,
[5.324s]                  from [01m[K/home/maria/ros2_coche/build/nmea_msgs/rosidl_typesupport_fastrtps_cpp/nmea_msgs/msg/detail/dds_fastrtps/gpgsa__type_support.cpp:4[m[K:
[5.324s] [01m[K/home/maria/ros2_coche/build/nmea_msgs/rosidl_generator_cpp/nmea_msgs/msg/detail/gpgsa__struct.hpp:20:10:[m[K [01;31m[Kfatal error: [m[Knmea_msgs/msg/detail/header__struct.hpp: No such file or directory
[5.324s]    20 | #include [01;31m[K"nmea_msgs/msg/detail/header__struct.hpp"[m[K
[5.325s]       |          [01;31m[K^~~~~~~~~~~~~~~~~~~~~~~~~~~~~~~~~~~~~~~~~[m[K
[5.325s] compilation terminated.
[5.325s] In file included from [01m[K/home/maria/ros2_coche/build/nmea_msgs/rosidl_typesupport_introspection_cpp/nmea_msgs/msg/detail/gpgsv__type_support.cpp:12[m[K:
[5.325s] [01m[K/home/maria/ros2_coche/build/nmea_msgs/rosidl_generator_cpp/nmea_msgs/msg/detail/gpgsv__struct.hpp:20:10:[m[K [01;31m[Kfatal error: [m[Knmea_msgs/msg/detail/header__struct.hpp: No such file or directory
[5.325s]    20 | #include [01;31m[K"nmea_msgs/msg/detail/header__struct.hpp"[m[K
[5.326s]       |          [01;31m[K^~~~~~~~~~~~~~~~~~~~~~~~~~~~~~~~~~~~~~~~~[m[K
[5.326s] compilation terminated.
[5.326s] gmake[2]: *** [CMakeFiles/nmea_msgs__rosidl_typesupport_introspection_cpp.dir/build.make:179: CMakeFiles/nmea_msgs__rosidl_typesupport_introspection_cpp.dir/rosidl_typesupport_introspection_cpp/nmea_msgs/msg/detail/gpgsa__type_support.cpp.o] Error 1
[5.326s] gmake[2]: *** Waiting for unfinished jobs....
[5.327s] gmake[2]: *** [CMakeFiles/nmea_msgs__rosidl_typesupport_fastrtps_cpp.dir/build.make:179: CMakeFiles/nmea_msgs__rosidl_typesupport_fastrtps_cpp.dir/rosidl_typesupport_fastrtps_cpp/nmea_msgs/msg/detail/dds_fastrtps/gpgsa__type_support.cpp.o] Error 1
[5.327s] gmake[2]: *** Waiting for unfinished jobs....
[5.327s] gmake[2]: *** [CMakeFiles/nmea_msgs__rosidl_typesupport_introspection_cpp.dir/build.make:193: CMakeFiles/nmea_msgs__rosidl_typesupport_introspection_cpp.dir/rosidl_typesupport_introspection_cpp/nmea_msgs/msg/detail/gpgsv__type_support.cpp.o] Error 1
[5.329s] In file included from [01m[K/home/maria/ros2_coche/build/nmea_msgs/rosidl_typesupport_fastrtps_cpp/nmea_msgs/msg/detail/gpgsv__rosidl_typesupport_fastrtps_cpp.hpp:11[m[K,
[5.329s]                  from [01m[K/home/maria/ros2_coche/build/nmea_msgs/rosidl_typesupport_fastrtps_cpp/nmea_msgs/msg/detail/dds_fastrtps/gpgsv__type_support.cpp:4[m[K:
[5.330s] [01m[K/home/maria/ros2_coche/build/nmea_msgs/rosidl_generator_cpp/nmea_msgs/msg/detail/gpgsv__struct.hpp:20:10:[m[K [01;31m[Kfatal error: [m[Knmea_msgs/msg/detail/header__struct.hpp: No such file or directory
[5.330s]    20 | #include [01;31m[K"nmea_msgs/msg/detail/header__struct.hpp"[m[K
[5.330s]       |          [01;31m[K^~~~~~~~~~~~~~~~~~~~~~~~~~~~~~~~~~~~~~~~~[m[K
[5.330s] compilation terminated.
[5.333s] gmake[2]: *** [CMakeFiles/nmea_msgs__rosidl_typesupport_fastrtps_cpp.dir/build.make:193: CMakeFiles/nmea_msgs__rosidl_typesupport_fastrtps_cpp.dir/rosidl_typesupport_fastrtps_cpp/nmea_msgs/msg/detail/dds_fastrtps/gpgsv__type_support.cpp.o] Error 1
[5.344s] In file included from [01m[K/home/maria/ros2_coche/build/nmea_msgs/rosidl_typesupport_cpp/nmea_msgs/msg/gpgsv__type_support.cpp:7[m[K:
[5.344s] [01m[K/home/maria/ros2_coche/build/nmea_msgs/rosidl_generator_cpp/nmea_msgs/msg/detail/gpgsv__struct.hpp:20:10:[m[K [01;31m[Kfatal error: [m[Knmea_msgs/msg/detail/header__struct.hpp: No such file or directory
[5.345s]    20 | #include [01;31m[K"nmea_msgs/msg/detail/header__struct.hpp"[m[K
[5.345s]       |          [01;31m[K^~~~~~~~~~~~~~~~~~~~~~~~~~~~~~~~~~~~~~~~~[m[K
[5.345s] compilation terminated.
[5.345s] [ 22%] [32mBuilding CXX object CMakeFiles/nmea_msgs__rosidl_typesupport_cpp.dir/rosidl_typesupport_cpp/nmea_msgs/msg/sentence__type_support.cpp.o[0m
[5.347s] gmake[2]: *** [CMakeFiles/nmea_msgs__rosidl_typesupport_cpp.dir/build.make:170: CMakeFiles/nmea_msgs__rosidl_typesupport_cpp.dir/rosidl_typesupport_cpp/nmea_msgs/msg/gpgsv__type_support.cpp.o] Error 1
[5.347s] gmake[2]: *** Waiting for unfinished jobs....
[5.348s] In file included from [01m[K/home/maria/ros2_coche/build/nmea_msgs/rosidl_typesupport_introspection_cpp/nmea_msgs/msg/detail/gpgst__type_support.cpp:12[m[K:
[5.348s] [01m[K/home/maria/ros2_coche/build/nmea_msgs/rosidl_generator_cpp/nmea_msgs/msg/detail/gpgst__struct.hpp:20:10:[m[K [01;31m[Kfatal error: [m[Knmea_msgs/msg/detail/header__struct.hpp: No such file or directory
[5.349s]    20 | #include [01;31m[K"nmea_msgs/msg/detail/header__struct.hpp"[m[K
[5.349s]       |          [01;31m[K^~~~~~~~~~~~~~~~~~~~~~~~~~~~~~~~~~~~~~~~~[m[K
[5.349s] compilation terminated.
[5.350s] gmake[2]: *** [CMakeFiles/nmea_msgs__rosidl_typesupport_introspection_cpp.dir/build.make:235: CMakeFiles/nmea_msgs__rosidl_typesupport_introspection_cpp.dir/rosidl_typesupport_introspection_cpp/nmea_msgs/msg/detail/gpgst__type_support.cpp.o] Error 1
[5.354s] In file included from [01m[K/home/maria/ros2_coche/build/nmea_msgs/rosidl_typesupport_cpp/nmea_msgs/msg/gpgst__type_support.cpp:7[m[K:
[5.355s] [01m[K/home/maria/ros2_coche/build/nmea_msgs/rosidl_generator_cpp/nmea_msgs/msg/detail/gpgst__struct.hpp:20:10:[m[K [01;31m[Kfatal error: [m[Knmea_msgs/msg/detail/header__struct.hpp: No such file or directory
[5.355s]    20 | #include [01;31m[K"nmea_msgs/msg/detail/header__struct.hpp"[m[K
[5.355s]       |          [01;31m[K^~~~~~~~~~~~~~~~~~~~~~~~~~~~~~~~~~~~~~~~~[m[K
[5.355s] compilation terminated.
[5.356s] In file included from [01m[K/home/maria/ros2_coche/build/nmea_msgs/rosidl_typesupport_introspection_cpp/nmea_msgs/msg/detail/gprmc__type_support.cpp:12[m[K:
[5.356s] [01m[K/home/maria/ros2_coche/build/nmea_msgs/rosidl_generator_cpp/nmea_msgs/msg/detail/gprmc__struct.hpp:20:10:[m[K [01;31m[Kfatal error: [m[Knmea_msgs/msg/detail/header__struct.hpp: No such file or directory
[5.356s]    20 | #include [01;31m[K"nmea_msgs/msg/detail/header__struct.hpp"[m[K
[5.357s]       |          [01;31m[K^~~~~~~~~~~~~~~~~~~~~~~~~~~~~~~~~~~~~~~~~[m[K
[5.357s] compilation terminated.
[5.357s] gmake[2]: *** [CMakeFiles/nmea_msgs__rosidl_typesupport_cpp.dir/build.make:212: CMakeFiles/nmea_msgs__rosidl_typesupport_cpp.dir/rosidl_typesupport_cpp/nmea_msgs/msg/gpgst__type_support.cpp.o] Error 1
[5.358s] [ 24%] [32mBuilding CXX object CMakeFiles/nmea_msgs__rosidl_typesupport_fastrtps_cpp.dir/rosidl_typesupport_fastrtps_cpp/nmea_msgs/msg/detail/dds_fastrtps/gprmc__type_support.cpp.o[0m
[5.359s] gmake[2]: *** [CMakeFiles/nmea_msgs__rosidl_typesupport_introspection_cpp.dir/build.make:221: CMakeFiles/nmea_msgs__rosidl_typesupport_introspection_cpp.dir/rosidl_typesupport_introspection_cpp/nmea_msgs/msg/detail/gprmc__type_support.cpp.o] Error 1
[5.360s] In file included from [01m[K/home/maria/ros2_coche/build/nmea_msgs/rosidl_typesupport_introspection_cpp/nmea_msgs/msg/detail/sentence__type_support.cpp:12[m[K:
[5.361s] [01m[K/home/maria/ros2_coche/build/nmea_msgs/rosidl_generator_cpp/nmea_msgs/msg/detail/sentence__struct.hpp:20:10:[m[K [01;31m[Kfatal error: [m[Knmea_msgs/msg/detail/header__struct.hpp: No such file or directory
[5.361s]    20 | #include [01;31m[K"nmea_msgs/msg/detail/header__struct.hpp"[m[K
[5.361s]       |          [01;31m[K^~~~~~~~~~~~~~~~~~~~~~~~~~~~~~~~~~~~~~~~~[m[K
[5.361s] compilation terminated.
[5.363s] gmake[2]: *** [CMakeFiles/nmea_msgs__rosidl_typesupport_introspection_cpp.dir/build.make:249: CMakeFiles/nmea_msgs__rosidl_typesupport_introspection_cpp.dir/rosidl_typesupport_introspection_cpp/nmea_msgs/msg/detail/sentence__type_support.cpp.o] Error 1
[5.363s] gmake[1]: *** [CMakeFiles/Makefile2:369: CMakeFiles/nmea_msgs__rosidl_typesupport_introspection_cpp.dir/all] Error 2
[5.382s] In file included from [01m[K/home/maria/ros2_coche/build/nmea_msgs/rosidl_typesupport_cpp/nmea_msgs/msg/gprmc__type_support.cpp:7[m[K:
[5.382s] [01m[K/home/maria/ros2_coche/build/nmea_msgs/rosidl_generator_cpp/nmea_msgs/msg/detail/gprmc__struct.hpp:20:10:[m[K [01;31m[Kfatal error: [m[Knmea_msgs/msg/detail/header__struct.hpp: No such file or directory
[5.382s]    20 | #include [01;31m[K"nmea_msgs/msg/detail/header__struct.hpp"[m[K
[5.382s]       |          [01;31m[K^~~~~~~~~~~~~~~~~~~~~~~~~~~~~~~~~~~~~~~~~[m[K
[5.382s] compilation terminated.
[5.383s] gmake[2]: *** [CMakeFiles/nmea_msgs__rosidl_typesupport_cpp.dir/build.make:198: CMakeFiles/nmea_msgs__rosidl_typesupport_cpp.dir/rosidl_typesupport_cpp/nmea_msgs/msg/gprmc__type_support.cpp.o] Error 1
[5.393s] In file included from [01m[K/home/maria/ros2_coche/build/nmea_msgs/rosidl_typesupport_cpp/nmea_msgs/msg/gpgsa__type_support.cpp:7[m[K:
[5.393s] [01m[K/home/maria/ros2_coche/build/nmea_msgs/rosidl_generator_cpp/nmea_msgs/msg/detail/gpgsa__struct.hpp:20:10:[m[K [01;31m[Kfatal error: [m[Knmea_msgs/msg/detail/header__struct.hpp: No such file or directory
[5.393s]    20 | #include [01;31m[K"nmea_msgs/msg/detail/header__struct.hpp"[m[K
[5.393s]       |          [01;31m[K^~~~~~~~~~~~~~~~~~~~~~~~~~~~~~~~~~~~~~~~~[m[K
[5.394s] compilation terminated.
[5.395s] gmake[2]: *** [CMakeFiles/nmea_msgs__rosidl_typesupport_cpp.dir/build.make:156: CMakeFiles/nmea_msgs__rosidl_typesupport_cpp.dir/rosidl_typesupport_cpp/nmea_msgs/msg/gpgsa__type_support.cpp.o] Error 1
[5.454s] In file included from [01m[K/home/maria/ros2_coche/build/nmea_msgs/rosidl_typesupport_cpp/nmea_msgs/msg/sentence__type_support.cpp:7[m[K:
[5.454s] [01m[K/home/maria/ros2_coche/build/nmea_msgs/rosidl_generator_cpp/nmea_msgs/msg/detail/sentence__struct.hpp:20:10:[m[K [01;31m[Kfatal error: [m[Knmea_msgs/msg/detail/header__struct.hpp: No such file or directory
[5.454s]    20 | #include [01;31m[K"nmea_msgs/msg/detail/header__struct.hpp"[m[K
[5.454s]       |          [01;31m[K^~~~~~~~~~~~~~~~~~~~~~~~~~~~~~~~~~~~~~~~~[m[K
[5.454s] compilation terminated.
[5.456s] gmake[2]: *** [CMakeFiles/nmea_msgs__rosidl_typesupport_cpp.dir/build.make:226: CMakeFiles/nmea_msgs__rosidl_typesupport_cpp.dir/rosidl_typesupport_cpp/nmea_msgs/msg/sentence__type_support.cpp.o] Error 1
[5.456s] gmake[1]: *** [CMakeFiles/Makefile2:395: CMakeFiles/nmea_msgs__rosidl_typesupport_cpp.dir/all] Error 2
[5.468s] In file included from [01m[K/home/maria/ros2_coche/build/nmea_msgs/rosidl_typesupport_fastrtps_cpp/nmea_msgs/msg/detail/gprmc__rosidl_typesupport_fastrtps_cpp.hpp:11[m[K,
[5.469s]                  from [01m[K/home/maria/ros2_coche/build/nmea_msgs/rosidl_typesupport_fastrtps_cpp/nmea_msgs/msg/detail/dds_fastrtps/gprmc__type_support.cpp:4[m[K:
[5.469s] [01m[K/home/maria/ros2_coche/build/nmea_msgs/rosidl_generator_cpp/nmea_msgs/msg/detail/gprmc__struct.hpp:20:10:[m[K [01;31m[Kfatal error: [m[Knmea_msgs/msg/detail/header__struct.hpp: No such file or directory
[5.469s]    20 | #include [01;31m[K"nmea_msgs/msg/detail/header__struct.hpp"[m[K
[5.469s]       |          [01;31m[K^~~~~~~~~~~~~~~~~~~~~~~~~~~~~~~~~~~~~~~~~[m[K
[5.469s] compilation terminated.
[5.470s] gmake[2]: *** [CMakeFiles/nmea_msgs__rosidl_typesupport_fastrtps_cpp.dir/build.make:221: CMakeFiles/nmea_msgs__rosidl_typesupport_fastrtps_cpp.dir/rosidl_typesupport_fastrtps_cpp/nmea_msgs/msg/detail/dds_fastrtps/gprmc__type_support.cpp.o] Error 1
[5.470s] gmake[1]: *** [CMakeFiles/Makefile2:291: CMakeFiles/nmea_msgs__rosidl_typesupport_fastrtps_cpp.dir/all] Error 2
[5.597s] running egg_info
[5.598s] writing nmea_msgs.egg-info/PKG-INFO
[5.599s] writing dependency_links to nmea_msgs.egg-info/dependency_links.txt
[5.599s] writing top-level names to nmea_msgs.egg-info/top_level.txt
[5.602s] reading manifest file 'nmea_msgs.egg-info/SOURCES.txt'
[5.602s] writing manifest file 'nmea_msgs.egg-info/SOURCES.txt'
[5.645s] [ 24%] Built target ament_cmake_python_build_nmea_msgs_egg
[5.647s] gmake: *** [Makefile:146: all] Error 2
[5.650s] Invoked command in '/home/maria/ros2_coche/build/nmea_msgs' returned '2': CMAKE_PREFIX_PATH=/opt/ros/humble /usr/bin/cmake --build /home/maria/ros2_coche/build/nmea_msgs -- -j12 -l12
