[0.019s] Invoking command in '/home/maria/ros2_coche/build/c4_gps': CMAKE_PREFIX_PATH=/opt/ros/humble:${CMAKE_PREFIX_PATH} /usr/bin/cmake --build /home/maria/ros2_coche/build/c4_gps -- -j12 -l12
[0.055s] -- Found ament_cmake: 1.3.3 (/opt/ros/humble/share/ament_cmake/cmake)
[0.277s] -- Found rclcpp: 16.0.3 (/opt/ros/humble/share/rclcpp/cmake)
[0.326s] -- Found rosidl_generator_c: 3.1.4 (/opt/ros/humble/share/rosidl_generator_c/cmake)
[0.330s] -- Found rosidl_adapter: 3.1.4 (/opt/ros/humble/share/rosidl_adapter/cmake)
[0.340s] -- Found rosidl_generator_cpp: 3.1.4 (/opt/ros/humble/share/rosidl_generator_cpp/cmake)
[0.358s] -- Using all available rosidl_typesupport_c: rosidl_typesupport_fastrtps_c;rosidl_typesupport_introspection_c
[0.384s] -- Using all available rosidl_typesupport_cpp: rosidl_typesupport_fastrtps_cpp;rosidl_typesupport_introspection_cpp
[0.485s] -- Found rmw_implementation_cmake: 6.1.1 (/opt/ros/humble/share/rmw_implementation_cmake/cmake)
[0.488s] -- Found rmw_fastrtps_cpp: 6.2.2 (/opt/ros/humble/share/rmw_fastrtps_cpp/cmake)
[0.684s] -- Using RMW implementation 'rmw_fastrtps_cpp' as default
[0.973s] -- Found nmea_msgs: 1.1.0 (/home/maria/ros2_coche/install/nmea_msgs/share/nmea_msgs/cmake)
[1.051s] -- Found ament_lint_auto: 0.12.5 (/opt/ros/humble/share/ament_lint_auto/cmake)
[1.159s] -- Added test 'cppcheck' to perform static code analysis on C / C++ code
[1.159s] -- Configured cppcheck include dirs: 
[1.159s] -- Configured cppcheck exclude dirs and/or files: 
[1.160s] -- Added test 'lint_cmake' to check CMake code style
[1.162s] -- Added test 'uncrustify' to check C / C++ code style
[1.162s] -- Configured uncrustify additional arguments: 
[1.163s] -- Added test 'xmllint' to check XML markup files
[1.164s] -- Configuring done
[1.185s] -- Generating done
[1.189s] -- Build files have been written to: /home/maria/ros2_coche/build/c4_gps
[1.229s] [35m[1mConsolidate compiler generated dependencies of target talker[0m
[1.257s] [ 50%] [32mBuilding CXX object CMakeFiles/talker.dir/src/trimble_gps.cpp.o[0m
[1.681s] [01m[K/home/maria/ros2_coche/src/c4_gps/src/trimble_gps.cpp:22:10:[m[K [01;31m[Kfatal error: [m[Knmea_msgs/msg/gpgga.msg: No such file or directory
[1.682s]    22 | #include [01;31m[K"nmea_msgs/msg/gpgga.msg"[m[K
[1.682s]       |          [01;31m[K^~~~~~~~~~~~~~~~~~~~~~~~~[m[K
[1.682s] compilation terminated.
[1.711s] gmake[2]: *** [CMakeFiles/talker.dir/build.make:76: CMakeFiles/talker.dir/src/trimble_gps.cpp.o] Error 1
[1.712s] gmake[1]: *** [CMakeFiles/Makefile2:137: CMakeFiles/talker.dir/all] Error 2
[1.712s] gmake: *** [Makefile:146: all] Error 2
[1.715s] Invoked command in '/home/maria/ros2_coche/build/c4_gps' returned '2': CMAKE_PREFIX_PATH=/opt/ros/humble:${CMAKE_PREFIX_PATH} /usr/bin/cmake --build /home/maria/ros2_coche/build/c4_gps -- -j12 -l12
