[0.516s] DEBUG:colcon:Command line arguments: ['/usr/bin/colcon', 'build']
[0.516s] DEBUG:colcon:Parsed command line arguments: Namespace(log_base=None, log_level=None, verb_name='build', build_base='build', install_base='install', merge_install=False, symlink_install=False, test_result_base=None, continue_on_error=False, executor='parallel', parallel_workers=12, event_handlers=None, ignore_user_meta=False, metas=['./colcon.meta'], base_paths=['.'], packages_ignore=None, packages_ignore_regex=None, paths=None, packages_up_to=None, packages_up_to_regex=None, packages_above=None, packages_above_and_dependencies=None, packages_above_depth=None, packages_select_by_dep=None, packages_skip_by_dep=None, packages_skip_up_to=None, packages_select_build_failed=False, packages_skip_build_finished=False, packages_select_test_failures=False, packages_skip_test_passed=False, packages_select=None, packages_skip=None, packages_select_regex=None, packages_skip_regex=None, packages_start=None, packages_end=None, allow_overriding=[], cmake_args=None, cmake_target=None, cmake_target_skip_unavailable=False, cmake_clean_cache=False, cmake_clean_first=False, cmake_force_configure=False, ament_cmake_args=None, catkin_cmake_args=None, catkin_skip_building_tests=False, verb_parser=<colcon_defaults.argument_parser.defaults.DefaultArgumentsDecorator object at 0x7fb7248aae60>, verb_extension=<colcon_core.verb.build.BuildVerb object at 0x7fb7250ab0d0>, main=<bound method BuildVerb.main of <colcon_core.verb.build.BuildVerb object at 0x7fb7250ab0d0>>)
[0.561s] Level 1:colcon.colcon_core.package_discovery:discover_packages(colcon_meta) check parameters
[0.562s] Level 1:colcon.colcon_core.package_discovery:discover_packages(recursive) check parameters
[0.562s] Level 1:colcon.colcon_core.package_discovery:discover_packages(ignore) check parameters
[0.562s] Level 1:colcon.colcon_core.package_discovery:discover_packages(path) check parameters
[0.562s] Level 1:colcon.colcon_core.package_discovery:discover_packages(colcon_meta) discover
[0.562s] Level 1:colcon.colcon_core.package_discovery:discover_packages(recursive) discover
[0.562s] INFO:colcon.colcon_core.package_discovery:Crawling recursively for packages in '/home/maria/ros2_coche'
[0.562s] Level 1:colcon.colcon_core.package_identification:_identify(.) by extensions ['ignore', 'ignore_ament_install']
[0.562s] Level 1:colcon.colcon_core.package_identification:_identify(.) by extension 'ignore'
[0.562s] Level 1:colcon.colcon_core.package_identification:_identify(.) by extension 'ignore_ament_install'
[0.562s] Level 1:colcon.colcon_core.package_identification:_identify(.) by extensions ['colcon_pkg']
[0.562s] Level 1:colcon.colcon_core.package_identification:_identify(.) by extension 'colcon_pkg'
[0.563s] Level 1:colcon.colcon_core.package_identification:_identify(.) by extensions ['colcon_meta']
[0.563s] Level 1:colcon.colcon_core.package_identification:_identify(.) by extension 'colcon_meta'
[0.563s] Level 1:colcon.colcon_core.package_identification:_identify(.) by extensions ['ros']
[0.563s] Level 1:colcon.colcon_core.package_identification:_identify(.) by extension 'ros'
[0.580s] Level 1:colcon.colcon_core.package_identification:_identify(.) by extensions ['cmake', 'python']
[0.580s] Level 1:colcon.colcon_core.package_identification:_identify(.) by extension 'cmake'
[0.580s] Level 1:colcon.colcon_core.package_identification:_identify(.) by extension 'python'
[0.580s] Level 1:colcon.colcon_core.package_identification:_identify(.) by extensions ['python_setup_py']
[0.580s] Level 1:colcon.colcon_core.package_identification:_identify(.) by extension 'python_setup_py'
[0.580s] Level 1:colcon.colcon_core.package_identification:_identify(build) by extensions ['ignore', 'ignore_ament_install']
[0.581s] Level 1:colcon.colcon_core.package_identification:_identify(build) by extension 'ignore'
[0.581s] Level 1:colcon.colcon_core.package_identification:_identify(build) ignored
[0.581s] Level 1:colcon.colcon_core.package_identification:_identify(install) by extensions ['ignore', 'ignore_ament_install']
[0.581s] Level 1:colcon.colcon_core.package_identification:_identify(install) by extension 'ignore'
[0.581s] Level 1:colcon.colcon_core.package_identification:_identify(install) ignored
[0.581s] Level 1:colcon.colcon_core.package_identification:_identify(log) by extensions ['ignore', 'ignore_ament_install']
[0.581s] Level 1:colcon.colcon_core.package_identification:_identify(log) by extension 'ignore'
[0.581s] Level 1:colcon.colcon_core.package_identification:_identify(log) ignored
[0.581s] Level 1:colcon.colcon_core.package_identification:_identify(src) by extensions ['ignore', 'ignore_ament_install']
[0.582s] Level 1:colcon.colcon_core.package_identification:_identify(src) by extension 'ignore'
[0.582s] Level 1:colcon.colcon_core.package_identification:_identify(src) by extension 'ignore_ament_install'
[0.582s] Level 1:colcon.colcon_core.package_identification:_identify(src) by extensions ['colcon_pkg']
[0.582s] Level 1:colcon.colcon_core.package_identification:_identify(src) by extension 'colcon_pkg'
[0.582s] Level 1:colcon.colcon_core.package_identification:_identify(src) by extensions ['colcon_meta']
[0.582s] Level 1:colcon.colcon_core.package_identification:_identify(src) by extension 'colcon_meta'
[0.582s] Level 1:colcon.colcon_core.package_identification:_identify(src) by extensions ['ros']
[0.582s] Level 1:colcon.colcon_core.package_identification:_identify(src) by extension 'ros'
[0.582s] Level 1:colcon.colcon_core.package_identification:_identify(src) by extensions ['cmake', 'python']
[0.582s] Level 1:colcon.colcon_core.package_identification:_identify(src) by extension 'cmake'
[0.582s] Level 1:colcon.colcon_core.package_identification:_identify(src) by extension 'python'
[0.582s] Level 1:colcon.colcon_core.package_identification:_identify(src) by extensions ['python_setup_py']
[0.582s] Level 1:colcon.colcon_core.package_identification:_identify(src) by extension 'python_setup_py'
[0.583s] Level 1:colcon.colcon_core.package_identification:_identify(src/c4_gps) by extensions ['ignore', 'ignore_ament_install']
[0.583s] Level 1:colcon.colcon_core.package_identification:_identify(src/c4_gps) by extension 'ignore'
[0.583s] Level 1:colcon.colcon_core.package_identification:_identify(src/c4_gps) by extension 'ignore_ament_install'
[0.583s] Level 1:colcon.colcon_core.package_identification:_identify(src/c4_gps) by extensions ['colcon_pkg']
[0.583s] Level 1:colcon.colcon_core.package_identification:_identify(src/c4_gps) by extension 'colcon_pkg'
[0.583s] Level 1:colcon.colcon_core.package_identification:_identify(src/c4_gps) by extensions ['colcon_meta']
[0.583s] Level 1:colcon.colcon_core.package_identification:_identify(src/c4_gps) by extension 'colcon_meta'
[0.583s] Level 1:colcon.colcon_core.package_identification:_identify(src/c4_gps) by extensions ['ros']
[0.583s] Level 1:colcon.colcon_core.package_identification:_identify(src/c4_gps) by extension 'ros'
[0.587s] DEBUG:colcon.colcon_core.package_identification:Package 'src/c4_gps' with type 'ros.ament_cmake' and name 'c4_gps'
[0.587s] Level 1:colcon.colcon_core.package_discovery:discover_packages(recursive) using defaults
[0.587s] Level 1:colcon.colcon_core.package_discovery:discover_packages(ignore) discover
[0.587s] Level 1:colcon.colcon_core.package_discovery:discover_packages(ignore) using defaults
[0.587s] Level 1:colcon.colcon_core.package_discovery:discover_packages(path) discover
[0.587s] Level 1:colcon.colcon_core.package_discovery:discover_packages(path) using defaults
[0.621s] Level 1:colcon.colcon_core.package_discovery:discover_packages(prefix_path) check parameters
[0.621s] Level 1:colcon.colcon_core.package_discovery:discover_packages(prefix_path) discover
[0.626s] DEBUG:colcon.colcon_installed_package_information.package_discovery:Found 284 installed packages in /opt/ros/humble
[0.629s] Level 1:colcon.colcon_core.package_discovery:discover_packages(prefix_path) using defaults
[0.728s] Level 5:colcon.colcon_core.verb:set package 'c4_gps' build argument 'cmake_args' from command line to 'None'
[0.728s] Level 5:colcon.colcon_core.verb:set package 'c4_gps' build argument 'cmake_target' from command line to 'None'
[0.728s] Level 5:colcon.colcon_core.verb:set package 'c4_gps' build argument 'cmake_target_skip_unavailable' from command line to 'False'
[0.729s] Level 5:colcon.colcon_core.verb:set package 'c4_gps' build argument 'cmake_clean_cache' from command line to 'False'
[0.729s] Level 5:colcon.colcon_core.verb:set package 'c4_gps' build argument 'cmake_clean_first' from command line to 'False'
[0.729s] Level 5:colcon.colcon_core.verb:set package 'c4_gps' build argument 'cmake_force_configure' from command line to 'False'
[0.729s] Level 5:colcon.colcon_core.verb:set package 'c4_gps' build argument 'ament_cmake_args' from command line to 'None'
[0.729s] Level 5:colcon.colcon_core.verb:set package 'c4_gps' build argument 'catkin_cmake_args' from command line to 'None'
[0.729s] Level 5:colcon.colcon_core.verb:set package 'c4_gps' build argument 'catkin_skip_building_tests' from command line to 'False'
[0.729s] DEBUG:colcon.colcon_core.verb:Building package 'c4_gps' with the following arguments: {'ament_cmake_args': None, 'build_base': '/home/maria/ros2_coche/build/c4_gps', 'catkin_cmake_args': None, 'catkin_skip_building_tests': False, 'cmake_args': None, 'cmake_clean_cache': False, 'cmake_clean_first': False, 'cmake_force_configure': False, 'cmake_target': None, 'cmake_target_skip_unavailable': False, 'install_base': '/home/maria/ros2_coche/install/c4_gps', 'merge_install': False, 'path': '/home/maria/ros2_coche/src/c4_gps', 'symlink_install': False, 'test_result_base': None}
[0.730s] INFO:colcon.colcon_core.executor:Executing jobs using 'parallel' executor
[0.734s] DEBUG:colcon.colcon_parallel_executor.executor.parallel:run_until_complete
[0.735s] INFO:colcon.colcon_ros.task.ament_cmake.build:Building ROS package in '/home/maria/ros2_coche/src/c4_gps' with build type 'ament_cmake'
[0.735s] INFO:colcon.colcon_cmake.task.cmake.build:Building CMake package in '/home/maria/ros2_coche/src/c4_gps'
[0.742s] INFO:colcon.colcon_core.plugin_system:Skipping extension 'colcon_core.shell.bat': Not used on non-Windows systems
[0.742s] INFO:colcon.colcon_core.shell:Skip shell extension 'powershell' for command environment: Not usable outside of PowerShell
[0.742s] DEBUG:colcon.colcon_core.shell:Skip shell extension 'dsv' for command environment
[0.762s] DEBUG:colcon.colcon_core.event_handler.log_command:Invoking command in '/home/maria/ros2_coche/build/c4_gps': CMAKE_PREFIX_PATH=/opt/ros/humble /usr/bin/cmake --build /home/maria/ros2_coche/build/c4_gps -- -j12 -l12
[6.004s] DEBUG:colcon.colcon_core.event_handler.log_command:Invoked command in '/home/maria/ros2_coche/build/c4_gps' returned '2': CMAKE_PREFIX_PATH=/opt/ros/humble /usr/bin/cmake --build /home/maria/ros2_coche/build/c4_gps -- -j12 -l12
[6.039s] Level 1:colcon.colcon_core.environment:create_environment_scripts_only(c4_gps)
[6.047s] Level 1:colcon.colcon_core.environment:checking '/home/maria/ros2_coche/install/c4_gps' for CMake module files
[6.048s] Level 1:colcon.colcon_core.environment:checking '/home/maria/ros2_coche/install/c4_gps' for CMake config files
[6.049s] Level 1:colcon.colcon_core.shell:create_environment_hook('c4_gps', 'cmake_prefix_path')
[6.052s] INFO:colcon.colcon_core.shell:Creating environment hook '/home/maria/ros2_coche/install/c4_gps/share/c4_gps/hook/cmake_prefix_path.ps1'
[6.053s] INFO:colcon.colcon_core.shell:Creating environment descriptor '/home/maria/ros2_coche/install/c4_gps/share/c4_gps/hook/cmake_prefix_path.dsv'
[6.054s] INFO:colcon.colcon_core.shell:Creating environment hook '/home/maria/ros2_coche/install/c4_gps/share/c4_gps/hook/cmake_prefix_path.sh'
[6.056s] Level 1:colcon.colcon_core.environment:checking '/home/maria/ros2_coche/install/c4_gps/lib'
[6.057s] Level 1:colcon.colcon_core.environment:checking '/home/maria/ros2_coche/install/c4_gps/bin'
[6.057s] Level 1:colcon.colcon_core.environment:checking '/home/maria/ros2_coche/install/c4_gps/lib/pkgconfig/c4_gps.pc'
[6.058s] Level 1:colcon.colcon_core.environment:checking '/home/maria/ros2_coche/install/c4_gps/lib/python3.10/site-packages'
[6.058s] Level 1:colcon.colcon_core.environment:checking '/home/maria/ros2_coche/install/c4_gps/bin'
[6.063s] INFO:colcon.colcon_core.shell:Creating package script '/home/maria/ros2_coche/install/c4_gps/share/c4_gps/package.ps1'
[6.067s] INFO:colcon.colcon_core.shell:Creating package descriptor '/home/maria/ros2_coche/install/c4_gps/share/c4_gps/package.dsv'
[6.069s] INFO:colcon.colcon_core.shell:Creating package script '/home/maria/ros2_coche/install/c4_gps/share/c4_gps/package.sh'
[6.071s] INFO:colcon.colcon_core.shell:Creating package script '/home/maria/ros2_coche/install/c4_gps/share/c4_gps/package.bash'
[6.073s] INFO:colcon.colcon_core.shell:Creating package script '/home/maria/ros2_coche/install/c4_gps/share/c4_gps/package.zsh'
[6.075s] Level 1:colcon.colcon_core.environment:create_file_with_runtime_dependencies(/home/maria/ros2_coche/install/c4_gps/share/colcon-core/packages/c4_gps)
[6.077s] DEBUG:colcon.colcon_parallel_executor.executor.parallel:closing loop
[6.078s] DEBUG:colcon.colcon_parallel_executor.executor.parallel:loop closed
[6.078s] DEBUG:colcon.colcon_parallel_executor.executor.parallel:run_until_complete finished with '2'
[6.079s] DEBUG:colcon.colcon_core.event_reactor:joining thread
[6.100s] INFO:colcon.colcon_core.plugin_system:Skipping extension 'colcon_notification.desktop_notification.notify_send': Could not find 'notify-send'
[6.100s] INFO:colcon.colcon_core.plugin_system:Skipping extension 'colcon_notification.desktop_notification.terminal_notifier': Not used on non-Darwin systems
[6.101s] INFO:colcon.colcon_core.plugin_system:Skipping extension 'colcon_notification.desktop_notification.win32': Not used on non-Windows systems
[6.101s] INFO:colcon.colcon_notification.desktop_notification:Sending desktop notification using 'notify2'
[6.196s] DEBUG:colcon.colcon_core.event_reactor:joined thread
[6.202s] INFO:colcon.colcon_core.shell:Creating prefix script '/home/maria/ros2_coche/install/local_setup.ps1'
[6.206s] INFO:colcon.colcon_core.shell:Creating prefix util module '/home/maria/ros2_coche/install/_local_setup_util_ps1.py'
[6.211s] INFO:colcon.colcon_core.shell:Creating prefix chain script '/home/maria/ros2_coche/install/setup.ps1'
[6.216s] INFO:colcon.colcon_core.shell:Creating prefix script '/home/maria/ros2_coche/install/local_setup.sh'
[6.218s] INFO:colcon.colcon_core.shell:Creating prefix util module '/home/maria/ros2_coche/install/_local_setup_util_sh.py'
[6.220s] INFO:colcon.colcon_core.shell:Creating prefix chain script '/home/maria/ros2_coche/install/setup.sh'
[6.225s] INFO:colcon.colcon_core.shell:Creating prefix script '/home/maria/ros2_coche/install/local_setup.bash'
[6.227s] INFO:colcon.colcon_core.shell:Creating prefix chain script '/home/maria/ros2_coche/install/setup.bash'
[6.233s] INFO:colcon.colcon_core.shell:Creating prefix script '/home/maria/ros2_coche/install/local_setup.zsh'
[6.236s] INFO:colcon.colcon_core.shell:Creating prefix chain script '/home/maria/ros2_coche/install/setup.zsh'
