[0.094s] Invoking command in '/home/maria/ros2_coche/build/c4_gps': AMENT_PREFIX_PATH=/home/maria/ros2_coche/install/nmea_msgs:${AMENT_PREFIX_PATH} CMAKE_PREFIX_PATH=/opt/ros/humble:/home/maria/ros2_coche/install/nmea_msgs LD_LIBRARY_PATH=/home/maria/ros2_coche/install/nmea_msgs/lib:${LD_LIBRARY_PATH} PYTHONPATH=/home/maria/ros2_coche/install/nmea_msgs/local/lib/python3.10/dist-packages:${PYTHONPATH} /usr/bin/cmake --build /home/maria/ros2_coche/build/c4_gps -- -j12 -l12
[0.166s] [35m[1mConsolidate compiler generated dependencies of target t_gps[0m
[0.237s] [ 50%] [32mBuilding CXX object CMakeFiles/t_gps.dir/src/gps_reader.cpp.o[0m
[4.221s] [01m[K/home/maria/ros2_coche/src/c4_gps/src/gps_reader.cpp:[m[K In member function ‘[01m[Kvoid GpsReader::gpgga_callback()[m[K’:
[4.221s] [01m[K/home/maria/ros2_coche/src/c4_gps/src/gps_reader.cpp:54:33:[m[K [01;31m[Kerror: [m[Kcannot call member function ‘[01m[Kvoid rclcpp::Executor::cancel()[m[K’ without object
[4.221s]    54 |         [01;31m[Krclcpp::Executor::cancel()[m[K
[4.221s]       |         [01;31m[K~~~~~~~~~~~~~~~~~~~~~~~~^~[m[K
[4.222s] [01m[K/home/maria/ros2_coche/src/c4_gps/src/gps_reader.cpp:86:97:[m[K [01;31m[Kerror: [m[Krequest for member ‘[01m[Kc_str[m[K’ in ‘[01m[Kmessage.nmea_msgs::msg::Gpgga_<std::allocator<void> >::header.std_msgs::msg::Header_<std::allocator<void> >::stamp.builtin_interfaces::msg::Time_<std::allocator<void> >::sec[m[K’, which is of non-class type ‘[01m[Kbuiltin_interfaces::msg::Time_<std::allocator<void> >::_sec_type[m[K’ {aka ‘[01m[Kint[m[K’}
[4.222s]    86 |      snprintf(message_struct, 200, "Timestamp: %s, Latitude: %s", message.header.stamp.sec.[01;31m[Kc_str[m[K(), message.lat.c_str());
[4.222s]       |                                                                                            [01;31m[K^~~~~[m[K
[4.222s] 
[4.222s] [01m[K/home/maria/ros2_coche/src/c4_gps/src/gps_reader.cpp:86:118:[m[K [01;31m[Kerror: [m[Krequest for member ‘[01m[Kc_str[m[K’ in ‘[01m[Kmessage.nmea_msgs::msg::Gpgga_<std::allocator<void> >::lat[m[K’, which is of non-class type ‘[01m[Knmea_msgs::msg::Gpgga_<std::allocator<void> >::_lat_type[m[K’ {aka ‘[01m[Kdouble[m[K’}
[4.222s]    86 | ge_struct, 200, "Timestamp: %s, Latitude: %s", message.header.stamp.sec.c_str(), message.lat.[01;31m[Kc_str[m[K());
[4.222s]       |                                                                                              [01;31m[K^~~~~[m[K
[4.222s] 
[4.223s] [01m[K/home/maria/ros2_coche/src/c4_gps/src/gps_reader.cpp:90:24:[m[K [01;31m[Kerror: [m[Kinvalid array assignment
[4.223s]    90 |             [01;31m[Kmessagegps = message_struct[m[K;
[4.223s]       |             [01;31m[K~~~~~~~~~~~^~~~~~~~~~~~~~~~[m[K
[5.432s] gmake[2]: *** [CMakeFiles/t_gps.dir/build.make:76: CMakeFiles/t_gps.dir/src/gps_reader.cpp.o] Error 1
[5.433s] gmake[1]: *** [CMakeFiles/Makefile2:137: CMakeFiles/t_gps.dir/all] Error 2
[5.433s] gmake: *** [Makefile:146: all] Error 2
[5.437s] Invoked command in '/home/maria/ros2_coche/build/c4_gps' returned '2': AMENT_PREFIX_PATH=/home/maria/ros2_coche/install/nmea_msgs:${AMENT_PREFIX_PATH} CMAKE_PREFIX_PATH=/opt/ros/humble:/home/maria/ros2_coche/install/nmea_msgs LD_LIBRARY_PATH=/home/maria/ros2_coche/install/nmea_msgs/lib:${LD_LIBRARY_PATH} PYTHONPATH=/home/maria/ros2_coche/install/nmea_msgs/local/lib/python3.10/dist-packages:${PYTHONPATH} /usr/bin/cmake --build /home/maria/ros2_coche/build/c4_gps -- -j12 -l12
