[0.095s] Invoking command in '/home/maria/ros2_coche/build/c4_gps': AMENT_PREFIX_PATH=/home/maria/ros2_coche/install/nmea_msgs:${AMENT_PREFIX_PATH} CMAKE_PREFIX_PATH=/opt/ros/humble:/home/maria/ros2_coche/install/nmea_msgs LD_LIBRARY_PATH=/home/maria/ros2_coche/install/nmea_msgs/lib:${LD_LIBRARY_PATH} PYTHONPATH=/home/maria/ros2_coche/install/nmea_msgs/local/lib/python3.10/dist-packages:${PYTHONPATH} /usr/bin/cmake --build /home/maria/ros2_coche/build/c4_gps -- -j12 -l12
[0.181s] [35m[1mConsolidate compiler generated dependencies of target t_gps[0m
[0.250s] [ 50%] [32mBuilding CXX object CMakeFiles/t_gps.dir/src/gps_reader.cpp.o[0m
[4.250s] [01m[K/home/maria/ros2_coche/src/c4_gps/src/gps_reader.cpp:[m[K In member function ‘[01m[Kvoid GpsReader::gpgga_callback()[m[K’:
[4.250s] [01m[K/home/maria/ros2_coche/src/c4_gps/src/gps_reader.cpp:54:17:[m[K [01;31m[Kerror: [m[K‘[01m[Kcancel[m[K’ is not a member of ‘[01m[Krclcpp[m[K’
[4.251s]    54 |         rclcpp::[01;31m[Kcancel[m[K()
[4.251s]       |                 [01;31m[K^~~~~~[m[K
[4.252s] [01m[K/home/maria/ros2_coche/src/c4_gps/src/gps_reader.cpp:87:26:[m[K [01;31m[Kerror: [m[Kno match for ‘[01m[Koperator<<[m[K’ (operand types are ‘[01m[Kstd::string[m[K’ {aka ‘[01m[Kstd::__cxx11::basic_string<char>[m[K’} and ‘[01m[Kconst char [12][m[K’)
[4.252s]    87 |           [32m[Kmessage_struct[m[K [01;31m[K<<[m[K [34m[K"Timestamp: "[m[K << message.header.stamp.sec << ", Latitude: " << message.lat;
[4.252s]       |           [32m[K~~~~~~~~~~~~~~[m[K [01;31m[K^~[m[K [34m[K~~~~~~~~~~~~~[m[K
[4.252s]       |           [32m[K|[m[K                 [34m[K|[m[K
[4.253s]       |           [32m[K|[m[K                 [34m[Kconst char [12][m[K
[4.253s]       |           [32m[Kstd::string {aka std::__cxx11::basic_string<char>}[m[K
[4.254s] In file included from [01m[K/usr/include/c++/11/memory:77[m[K,
[4.255s]                  from [01m[K/home/maria/ros2_coche/src/c4_gps/src/gps_reader.cpp:2[m[K:
[4.256s] [01m[K/usr/include/c++/11/bits/shared_ptr.h:70:5:[m[K [01;36m[Knote: [m[Kcandidate: ‘[01m[Ktemplate<class _Ch, class _Tr, class _Tp, __gnu_cxx::_Lock_policy _Lp> std::basic_ostream<_Ch, _Tr>& std::operator<<(std::basic_ostream<_Ch, _Tr>&, const std::__shared_ptr<_Tp, _Lp>&)[m[K’
[4.256s]    70 |     [01;36m[Koperator[m[K<<(std::basic_ostream<_Ch, _Tr>& __os,
[4.257s]       |     [01;36m[K^~~~~~~~[m[K
[4.257s] [01m[K/usr/include/c++/11/bits/shared_ptr.h:70:5:[m[K [01;36m[Knote: [m[K  template argument deduction/substitution failed:
[4.257s] [01m[K/home/maria/ros2_coche/src/c4_gps/src/gps_reader.cpp:87:29:[m[K [01;36m[Knote: [m[K  ‘[01m[Kstd::string[m[K’ {aka ‘[01m[Kstd::__cxx11::basic_string<char>[m[K’} is not derived from ‘[01m[Kstd::basic_ostream<_Ch, _Tr>[m[K’
[4.257s]    87 |           message_struct << [01;36m[K"Timestamp: "[m[K << message.header.stamp.sec << ", Latitude: " << message.lat;
[4.257s]       |                             [01;36m[K^~~~~~~~~~~~~[m[K
[4.258s] In file included from [01m[K/usr/include/c++/11/bits/basic_string.h:48[m[K,
[4.258s]                  from [01m[K/usr/include/c++/11/string:55[m[K,
[4.258s]                  from [01m[K/home/maria/ros2_coche/src/c4_gps/src/gps_reader.cpp:3[m[K:
[4.258s] [01m[K/usr/include/c++/11/string_view:667:5:[m[K [01;36m[Knote: [m[Kcandidate: ‘[01m[Ktemplate<class _CharT, class _Traits> std::basic_ostream<_Ch, _Tr>& std::operator<<(std::basic_ostream<_Ch, _Tr>&, std::basic_string_view<_CharT, _Traits>)[m[K’
[4.258s]   667 |     [01;36m[Koperator[m[K<<(basic_ostream<_CharT, _Traits>& __os,
[4.259s]       |     [01;36m[K^~~~~~~~[m[K
[4.259s] [01m[K/usr/include/c++/11/string_view:667:5:[m[K [01;36m[Knote: [m[K  template argument deduction/substitution failed:
[4.259s] [01m[K/home/maria/ros2_coche/src/c4_gps/src/gps_reader.cpp:87:29:[m[K [01;36m[Knote: [m[K  ‘[01m[Kstd::string[m[K’ {aka ‘[01m[Kstd::__cxx11::basic_string<char>[m[K’} is not derived from ‘[01m[Kstd::basic_ostream<_Ch, _Tr>[m[K’
[4.259s]    87 |           message_struct << [01;36m[K"Timestamp: "[m[K << message.header.stamp.sec << ", Latitude: " << message.lat;
[4.259s]       |                             [01;36m[K^~~~~~~~~~~~~[m[K
[4.259s] In file included from [01m[K/usr/include/c++/11/string:55[m[K,
[4.260s]                  from [01m[K/home/maria/ros2_coche/src/c4_gps/src/gps_reader.cpp:3[m[K:
[4.260s] [01m[K/usr/include/c++/11/bits/basic_string.h:6531:5:[m[K [01;36m[Knote: [m[Kcandidate: ‘[01m[Ktemplate<class _CharT, class _Traits, class _Alloc> std::basic_ostream<_Ch, _Tr>& std::operator<<(std::basic_ostream<_Ch, _Tr>&, const std::__cxx11::basic_string<_CharT, _Traits, _Allocator>&)[m[K’
[4.260s]  6531 |     [01;36m[Koperator[m[K<<(basic_ostream<_CharT, _Traits>& __os,
[4.260s]       |     [01;36m[K^~~~~~~~[m[K
[4.260s] [01m[K/usr/include/c++/11/bits/basic_string.h:6531:5:[m[K [01;36m[Knote: [m[K  template argument deduction/substitution failed:
[4.261s] [01m[K/home/maria/ros2_coche/src/c4_gps/src/gps_reader.cpp:87:29:[m[K [01;36m[Knote: [m[K  ‘[01m[Kstd::string[m[K’ {aka ‘[01m[Kstd::__cxx11::basic_string<char>[m[K’} is not derived from ‘[01m[Kstd::basic_ostream<_Ch, _Tr>[m[K’
[4.261s]    87 |           message_struct << [01;36m[K"Timestamp: "[m[K << message.header.stamp.sec << ", Latitude: " << message.lat;
[4.261s]       |                             [01;36m[K^~~~~~~~~~~~~[m[K
[4.261s] In file included from [01m[K/usr/include/c++/11/bits/ios_base.h:46[m[K,
[4.261s]                  from [01m[K/usr/include/c++/11/ios:42[m[K,
[4.262s]                  from [01m[K/usr/include/c++/11/ostream:38[m[K,
[4.262s]                  from [01m[K/usr/include/c++/11/iostream:39[m[K,
[4.262s]                  from [01m[K/home/maria/ros2_coche/src/c4_gps/src/gps_reader.cpp:4[m[K:
[4.262s] [01m[K/usr/include/c++/11/system_error:279:5:[m[K [01;36m[Knote: [m[Kcandidate: ‘[01m[Ktemplate<class _CharT, class _Traits> std::basic_ostream<_Ch, _Tr>& std::operator<<(std::basic_ostream<_Ch, _Tr>&, const std::error_code&)[m[K’
[4.262s]   279 |     [01;36m[Koperator[m[K<<(basic_ostream<_CharT, _Traits>& __os, const error_code& __e)
[4.263s]       |     [01;36m[K^~~~~~~~[m[K
[4.263s] [01m[K/usr/include/c++/11/system_error:279:5:[m[K [01;36m[Knote: [m[K  template argument deduction/substitution failed:
[4.263s] [01m[K/home/maria/ros2_coche/src/c4_gps/src/gps_reader.cpp:87:29:[m[K [01;36m[Knote: [m[K  ‘[01m[Kstd::string[m[K’ {aka ‘[01m[Kstd::__cxx11::basic_string<char>[m[K’} is not derived from ‘[01m[Kstd::basic_ostream<_Ch, _Tr>[m[K’
[4.263s]    87 |           message_struct << [01;36m[K"Timestamp: "[m[K << message.header.stamp.sec << ", Latitude: " << message.lat;
[4.264s]       |                             [01;36m[K^~~~~~~~~~~~~[m[K
[4.264s] In file included from [01m[K/usr/include/c++/11/iostream:39[m[K,
[4.264s]                  from [01m[K/home/maria/ros2_coche/src/c4_gps/src/gps_reader.cpp:4[m[K:
[4.264s] [01m[K/usr/include/c++/11/ostream:513:5:[m[K [01;36m[Knote: [m[Kcandidate: ‘[01m[Ktemplate<class _CharT, class _Traits> std::basic_ostream<_Ch, _Tr>& std::operator<<(std::basic_ostream<_Ch, _Tr>&, _CharT)[m[K’
[4.264s]   513 |     [01;36m[Koperator[m[K<<(basic_ostream<_CharT, _Traits>& __out, _CharT __c)
[4.265s]       |     [01;36m[K^~~~~~~~[m[K
[4.265s] [01m[K/usr/include/c++/11/ostream:513:5:[m[K [01;36m[Knote: [m[K  template argument deduction/substitution failed:
[4.265s] [01m[K/home/maria/ros2_coche/src/c4_gps/src/gps_reader.cpp:87:29:[m[K [01;36m[Knote: [m[K  ‘[01m[Kstd::string[m[K’ {aka ‘[01m[Kstd::__cxx11::basic_string<char>[m[K’} is not derived from ‘[01m[Kstd::basic_ostream<_Ch, _Tr>[m[K’
[4.265s]    87 |           message_struct << [01;36m[K"Timestamp: "[m[K << message.header.stamp.sec << ", Latitude: " << message.lat;
[4.265s]       |                             [01;36m[K^~~~~~~~~~~~~[m[K
[4.266s] In file included from [01m[K/usr/include/c++/11/iostream:39[m[K,
[4.266s]                  from [01m[K/home/maria/ros2_coche/src/c4_gps/src/gps_reader.cpp:4[m[K:
[4.266s] [01m[K/usr/include/c++/11/ostream:518:5:[m[K [01;36m[Knote: [m[Kcandidate: ‘[01m[Ktemplate<class _CharT, class _Traits> std::basic_ostream<_Ch, _Tr>& std::operator<<(std::basic_ostream<_Ch, _Tr>&, char)[m[K’
[4.266s]   518 |     [01;36m[Koperator[m[K<<(basic_ostream<_CharT, _Traits>& __out, char __c)
[4.266s]       |     [01;36m[K^~~~~~~~[m[K
[4.267s] [01m[K/usr/include/c++/11/ostream:518:5:[m[K [01;36m[Knote: [m[K  template argument deduction/substitution failed:
[4.267s] [01m[K/home/maria/ros2_coche/src/c4_gps/src/gps_reader.cpp:87:29:[m[K [01;36m[Knote: [m[K  ‘[01m[Kstd::string[m[K’ {aka ‘[01m[Kstd::__cxx11::basic_string<char>[m[K’} is not derived from ‘[01m[Kstd::basic_ostream<_Ch, _Tr>[m[K’
[4.267s]    87 |           message_struct << [01;36m[K"Timestamp: "[m[K << message.header.stamp.sec << ", Latitude: " << message.lat;
[4.267s]       |                             [01;36m[K^~~~~~~~~~~~~[m[K
[4.267s] In file included from [01m[K/usr/include/c++/11/iostream:39[m[K,
[4.267s]                  from [01m[K/home/maria/ros2_coche/src/c4_gps/src/gps_reader.cpp:4[m[K:
[4.268s] [01m[K/usr/include/c++/11/ostream:524:5:[m[K [01;36m[Knote: [m[Kcandidate: ‘[01m[Ktemplate<class _Traits> std::basic_ostream<char, _Traits>& std::operator<<(std::basic_ostream<char, _Traits>&, char)[m[K’
[4.268s]   524 |     [01;36m[Koperator[m[K<<(basic_ostream<char, _Traits>& __out, char __c)
[4.268s]       |     [01;36m[K^~~~~~~~[m[K
[4.268s] [01m[K/usr/include/c++/11/ostream:524:5:[m[K [01;36m[Knote: [m[K  template argument deduction/substitution failed:
[4.268s] [01m[K/home/maria/ros2_coche/src/c4_gps/src/gps_reader.cpp:87:29:[m[K [01;36m[Knote: [m[K  ‘[01m[Kstd::string[m[K’ {aka ‘[01m[Kstd::__cxx11::basic_string<char>[m[K’} is not derived from ‘[01m[Kstd::basic_ostream<char, _Traits>[m[K’
[4.269s]    87 |           message_struct << [01;36m[K"Timestamp: "[m[K << message.header.stamp.sec << ", Latitude: " << message.lat;
[4.269s]       |                             [01;36m[K^~~~~~~~~~~~~[m[K
[4.269s] In file included from [01m[K/usr/include/c++/11/iostream:39[m[K,
[4.269s]                  from [01m[K/home/maria/ros2_coche/src/c4_gps/src/gps_reader.cpp:4[m[K:
[4.269s] [01m[K/usr/include/c++/11/ostream:530:5:[m[K [01;36m[Knote: [m[Kcandidate: ‘[01m[Ktemplate<class _Traits> std::basic_ostream<char, _Traits>& std::operator<<(std::basic_ostream<char, _Traits>&, signed char)[m[K’
[4.270s]   530 |     [01;36m[Koperator[m[K<<(basic_ostream<char, _Traits>& __out, signed char __c)
[4.270s]       |     [01;36m[K^~~~~~~~[m[K
[4.270s] [01m[K/usr/include/c++/11/ostream:530:5:[m[K [01;36m[Knote: [m[K  template argument deduction/substitution failed:
[4.270s] [01m[K/home/maria/ros2_coche/src/c4_gps/src/gps_reader.cpp:87:29:[m[K [01;36m[Knote: [m[K  ‘[01m[Kstd::string[m[K’ {aka ‘[01m[Kstd::__cxx11::basic_string<char>[m[K’} is not derived from ‘[01m[Kstd::basic_ostream<char, _Traits>[m[K’
[4.271s]    87 |           message_struct << [01;36m[K"Timestamp: "[m[K << message.header.stamp.sec << ", Latitude: " << message.lat;
[4.271s]       |                             [01;36m[K^~~~~~~~~~~~~[m[K
[4.271s] In file included from [01m[K/usr/include/c++/11/iostream:39[m[K,
[4.271s]                  from [01m[K/home/maria/ros2_coche/src/c4_gps/src/gps_reader.cpp:4[m[K:
[4.271s] [01m[K/usr/include/c++/11/ostream:535:5:[m[K [01;36m[Knote: [m[Kcandidate: ‘[01m[Ktemplate<class _Traits> std::basic_ostream<char, _Traits>& std::operator<<(std::basic_ostream<char, _Traits>&, unsigned char)[m[K’
[4.272s]   535 |     [01;36m[Koperator[m[K<<(basic_ostream<char, _Traits>& __out, unsigned char __c)
[4.272s]       |     [01;36m[K^~~~~~~~[m[K
[4.272s] [01m[K/usr/include/c++/11/ostream:535:5:[m[K [01;36m[Knote: [m[K  template argument deduction/substitution failed:
[4.272s] [01m[K/home/maria/ros2_coche/src/c4_gps/src/gps_reader.cpp:87:29:[m[K [01;36m[Knote: [m[K  ‘[01m[Kstd::string[m[K’ {aka ‘[01m[Kstd::__cxx11::basic_string<char>[m[K’} is not derived from ‘[01m[Kstd::basic_ostream<char, _Traits>[m[K’
[4.272s]    87 |           message_struct << [01;36m[K"Timestamp: "[m[K << message.header.stamp.sec << ", Latitude: " << message.lat;
[4.273s]       |                             [01;36m[K^~~~~~~~~~~~~[m[K
[4.273s] In file included from [01m[K/usr/include/c++/11/iostream:39[m[K,
[4.273s]                  from [01m[K/home/maria/ros2_coche/src/c4_gps/src/gps_reader.cpp:4[m[K:
[4.273s] [01m[K/usr/include/c++/11/ostream:594:5:[m[K [01;36m[Knote: [m[Kcandidate: ‘[01m[Ktemplate<class _CharT, class _Traits> std::basic_ostream<_Ch, _Tr>& std::operator<<(std::basic_ostream<_Ch, _Tr>&, const _CharT*)[m[K’
[4.273s]   594 |     [01;36m[Koperator[m[K<<(basic_ostream<_CharT, _Traits>& __out, const _CharT* __s)
[4.274s]       |     [01;36m[K^~~~~~~~[m[K
[4.274s] [01m[K/usr/include/c++/11/ostream:594:5:[m[K [01;36m[Knote: [m[K  template argument deduction/substitution failed:
[4.274s] [01m[K/home/maria/ros2_coche/src/c4_gps/src/gps_reader.cpp:87:29:[m[K [01;36m[Knote: [m[K  ‘[01m[Kstd::string[m[K’ {aka ‘[01m[Kstd::__cxx11::basic_string<char>[m[K’} is not derived from ‘[01m[Kstd::basic_ostream<_Ch, _Tr>[m[K’
[4.274s]    87 |           message_struct << [01;36m[K"Timestamp: "[m[K << message.header.stamp.sec << ", Latitude: " << message.lat;
[4.274s]       |                             [01;36m[K^~~~~~~~~~~~~[m[K
[4.275s] In file included from [01m[K/usr/include/c++/11/ostream:829[m[K,
[4.275s]                  from [01m[K/usr/include/c++/11/iostream:39[m[K,
[4.275s]                  from [01m[K/home/maria/ros2_coche/src/c4_gps/src/gps_reader.cpp:4[m[K:
[4.275s] [01m[K/usr/include/c++/11/bits/ostream.tcc:321:5:[m[K [01;36m[Knote: [m[Kcandidate: ‘[01m[Ktemplate<class _CharT, class _Traits> std::basic_ostream<_Ch, _Tr>& std::operator<<(std::basic_ostream<_Ch, _Tr>&, const char*)[m[K’
[4.275s]   321 |     [01;36m[Koperator[m[K<<(basic_ostream<_CharT, _Traits>& __out, const char* __s)
[4.276s]       |     [01;36m[K^~~~~~~~[m[K
[4.276s] [01m[K/usr/include/c++/11/bits/ostream.tcc:321:5:[m[K [01;36m[Knote: [m[K  template argument deduction/substitution failed:
[4.276s] [01m[K/home/maria/ros2_coche/src/c4_gps/src/gps_reader.cpp:87:29:[m[K [01;36m[Knote: [m[K  ‘[01m[Kstd::string[m[K’ {aka ‘[01m[Kstd::__cxx11::basic_string<char>[m[K’} is not derived from ‘[01m[Kstd::basic_ostream<_Ch, _Tr>[m[K’
[4.276s]    87 |           message_struct << [01;36m[K"Timestamp: "[m[K << message.header.stamp.sec << ", Latitude: " << message.lat;
[4.276s]       |                             [01;36m[K^~~~~~~~~~~~~[m[K
[4.277s] In file included from [01m[K/usr/include/c++/11/iostream:39[m[K,
[4.277s]                  from [01m[K/home/maria/ros2_coche/src/c4_gps/src/gps_reader.cpp:4[m[K:
[4.277s] [01m[K/usr/include/c++/11/ostream:611:5:[m[K [01;36m[Knote: [m[Kcandidate: ‘[01m[Ktemplate<class _Traits> std::basic_ostream<char, _Traits>& std::operator<<(std::basic_ostream<char, _Traits>&, const char*)[m[K’
[4.277s]   611 |     [01;36m[Koperator[m[K<<(basic_ostream<char, _Traits>& __out, const char* __s)
[4.277s]       |     [01;36m[K^~~~~~~~[m[K
[4.278s] [01m[K/usr/include/c++/11/ostream:611:5:[m[K [01;36m[Knote: [m[K  template argument deduction/substitution failed:
[4.278s] [01m[K/home/maria/ros2_coche/src/c4_gps/src/gps_reader.cpp:87:29:[m[K [01;36m[Knote: [m[K  ‘[01m[Kstd::string[m[K’ {aka ‘[01m[Kstd::__cxx11::basic_string<char>[m[K’} is not derived from ‘[01m[Kstd::basic_ostream<char, _Traits>[m[K’
[4.278s]    87 |           message_struct << [01;36m[K"Timestamp: "[m[K << message.header.stamp.sec << ", Latitude: " << message.lat;
[4.278s]       |                             [01;36m[K^~~~~~~~~~~~~[m[K
[4.278s] In file included from [01m[K/usr/include/c++/11/iostream:39[m[K,
[4.279s]                  from [01m[K/home/maria/ros2_coche/src/c4_gps/src/gps_reader.cpp:4[m[K:
[4.279s] [01m[K/usr/include/c++/11/ostream:624:5:[m[K [01;36m[Knote: [m[Kcandidate: ‘[01m[Ktemplate<class _Traits> std::basic_ostream<char, _Traits>& std::operator<<(std::basic_ostream<char, _Traits>&, const signed char*)[m[K’
[4.279s]   624 |     [01;36m[Koperator[m[K<<(basic_ostream<char, _Traits>& __out, const signed char* __s)
[4.279s]       |     [01;36m[K^~~~~~~~[m[K
[4.279s] [01m[K/usr/include/c++/11/ostream:624:5:[m[K [01;36m[Knote: [m[K  template argument deduction/substitution failed:
[4.280s] [01m[K/home/maria/ros2_coche/src/c4_gps/src/gps_reader.cpp:87:29:[m[K [01;36m[Knote: [m[K  ‘[01m[Kstd::string[m[K’ {aka ‘[01m[Kstd::__cxx11::basic_string<char>[m[K’} is not derived from ‘[01m[Kstd::basic_ostream<char, _Traits>[m[K’
[4.280s]    87 |           message_struct << [01;36m[K"Timestamp: "[m[K << message.header.stamp.sec << ", Latitude: " << message.lat;
[4.280s]       |                             [01;36m[K^~~~~~~~~~~~~[m[K
[4.280s] In file included from [01m[K/usr/include/c++/11/iostream:39[m[K,
[4.280s]                  from [01m[K/home/maria/ros2_coche/src/c4_gps/src/gps_reader.cpp:4[m[K:
[4.281s] [01m[K/usr/include/c++/11/ostream:629:5:[m[K [01;36m[Knote: [m[Kcandidate: ‘[01m[Ktemplate<class _Traits> std::basic_ostream<char, _Traits>& std::operator<<(std::basic_ostream<char, _Traits>&, const unsigned char*)[m[K’
[4.281s]   629 |     [01;36m[Koperator[m[K<<(basic_ostream<char, _Traits>& __out, const unsigned char* __s)
[4.281s]       |     [01;36m[K^~~~~~~~[m[K
[4.281s] [01m[K/usr/include/c++/11/ostream:629:5:[m[K [01;36m[Knote: [m[K  template argument deduction/substitution failed:
[4.281s] [01m[K/home/maria/ros2_coche/src/c4_gps/src/gps_reader.cpp:87:29:[m[K [01;36m[Knote: [m[K  ‘[01m[Kstd::string[m[K’ {aka ‘[01m[Kstd::__cxx11::basic_string<char>[m[K’} is not derived from ‘[01m[Kstd::basic_ostream<char, _Traits>[m[K’
[4.282s]    87 |           message_struct << [01;36m[K"Timestamp: "[m[K << message.header.stamp.sec << ", Latitude: " << message.lat;
[4.282s]       |                             [01;36m[K^~~~~~~~~~~~~[m[K
[4.282s] In file included from [01m[K/usr/include/c++/11/iostream:39[m[K,
[4.282s]                  from [01m[K/home/maria/ros2_coche/src/c4_gps/src/gps_reader.cpp:4[m[K:
[4.282s] [01m[K/usr/include/c++/11/ostream:750:5:[m[K [01;36m[Knote: [m[Kcandidate: ‘[01m[Ktemplate<class _Ostream, class _Tp> _Ostream&& std::operator<<(_Ostream&&, const _Tp&)[m[K’
[4.283s]   750 |     [01;36m[Koperator[m[K<<(_Ostream&& __os, const _Tp& __x)
[4.283s]       |     [01;36m[K^~~~~~~~[m[K
[4.283s] [01m[K/usr/include/c++/11/ostream:750:5:[m[K [01;36m[Knote: [m[K  template argument deduction/substitution failed:
[4.283s] /usr/include/c++/11/ostream: In substitution of ‘[01m[Ktemplate<class _Ostream, class _Tp> _Ostream&& std::operator<<(_Ostream&&, const _Tp&) [with _Ostream = std::__cxx11::basic_string<char>&; _Tp = char [12]][m[K’:
[4.283s] [01m[K/home/maria/ros2_coche/src/c4_gps/src/gps_reader.cpp:87:29:[m[K   required from here
[4.284s] [01m[K/usr/include/c++/11/ostream:750:5:[m[K [01;31m[Kerror: [m[Kno type named ‘[01m[Ktype[m[K’ in ‘[01m[Kstruct std::enable_if<false, void>[m[K’
[4.284s] In file included from [01m[K/opt/ros/humble/include/rclcpp/rclcpp/executors/multi_threaded_executor.hpp:22[m[K,
[4.284s]                  from [01m[K/opt/ros/humble/include/rclcpp/rclcpp/executors.hpp:21[m[K,
[4.284s]                  from [01m[K/opt/ros/humble/include/rclcpp/rclcpp/rclcpp.hpp:155[m[K,
[4.284s]                  from [01m[K/home/maria/ros2_coche/src/c4_gps/src/gps_reader.cpp:20[m[K:
[4.285s] [01m[K/usr/include/c++/11/thread:92:5:[m[K [01;36m[Knote: [m[Kcandidate: ‘[01m[Ktemplate<class _CharT, class _Traits> std::basic_ostream<_Ch, _Tr>& std::operator<<(std::basic_ostream<_Ch, _Tr>&, std::thread::id)[m[K’
[4.285s]    92 |     [01;36m[Koperator[m[K<<(basic_ostream<_CharT, _Traits>& __out, thread::id __id)
[4.285s]       |     [01;36m[K^~~~~~~~[m[K
[4.285s] [01m[K/usr/include/c++/11/thread:92:5:[m[K [01;36m[Knote: [m[K  template argument deduction/substitution failed:
[4.285s] [01m[K/home/maria/ros2_coche/src/c4_gps/src/gps_reader.cpp:87:29:[m[K [01;36m[Knote: [m[K  ‘[01m[Kstd::string[m[K’ {aka ‘[01m[Kstd::__cxx11::basic_string<char>[m[K’} is not derived from ‘[01m[Kstd::basic_ostream<_Ch, _Tr>[m[K’
[4.286s]    87 |           message_struct << [01;36m[K"Timestamp: "[m[K << message.header.stamp.sec << ", Latitude: " << message.lat;
[4.286s]       |                             [01;36m[K^~~~~~~~~~~~~[m[K
[4.286s] In file included from [01m[K/opt/ros/humble/include/rosidl_runtime_cpp/rosidl_runtime_cpp/traits.hpp:19[m[K,
[4.286s]                  from [01m[K/opt/ros/humble/include/builtin_interfaces/builtin_interfaces/msg/detail/duration__traits.hpp:15[m[K,
[4.286s]                  from [01m[K/opt/ros/humble/include/builtin_interfaces/builtin_interfaces/msg/duration.hpp:9[m[K,
[4.287s]                  from [01m[K/opt/ros/humble/include/rclcpp/rclcpp/duration.hpp:20[m[K,
[4.287s]                  from [01m[K/opt/ros/humble/include/rclcpp/rclcpp/qos.hpp:20[m[K,
[4.287s]                  from [01m[K/opt/ros/humble/include/rclcpp/rclcpp/node_interfaces/node_graph_interface.hpp:32[m[K,
[4.287s]                  from [01m[K/opt/ros/humble/include/rclcpp/rclcpp/client.hpp:42[m[K,
[4.287s]                  from [01m[K/opt/ros/humble/include/rclcpp/rclcpp/callback_group.hpp:24[m[K,
[4.288s]                  from [01m[K/opt/ros/humble/include/rclcpp/rclcpp/any_executable.hpp:20[m[K,
[4.288s]                  from [01m[K/opt/ros/humble/include/rclcpp/rclcpp/memory_strategy.hpp:25[m[K,
[4.288s]                  from [01m[K/opt/ros/humble/include/rclcpp/rclcpp/memory_strategies.hpp:18[m[K,
[4.288s]                  from [01m[K/opt/ros/humble/include/rclcpp/rclcpp/executor_options.hpp:20[m[K,
[4.288s]                  from [01m[K/opt/ros/humble/include/rclcpp/rclcpp/executor.hpp:37[m[K,
[4.289s]                  from [01m[K/opt/ros/humble/include/rclcpp/rclcpp/executors/multi_threaded_executor.hpp:25[m[K,
[4.289s]                  from [01m[K/opt/ros/humble/include/rclcpp/rclcpp/executors.hpp:21[m[K,
[4.289s]                  from [01m[K/opt/ros/humble/include/rclcpp/rclcpp/rclcpp.hpp:155[m[K,
[4.289s]                  from [01m[K/home/maria/ros2_coche/src/c4_gps/src/gps_reader.cpp:20[m[K:
[4.290s] [01m[K/usr/include/c++/11/iomanip:79:5:[m[K [01;36m[Knote: [m[Kcandidate: ‘[01m[Ktemplate<class _CharT, class _Traits> std::basic_ostream<_Ch, _Tr>& std::operator<<(std::basic_ostream<_Ch, _Tr>&, std::_Resetiosflags)[m[K’
[4.290s]    79 |     [01;36m[Koperator[m[K<<(basic_ostream<_CharT, _Traits>& __os, _Resetiosflags __f)
[4.290s]       |     [01;36m[K^~~~~~~~[m[K
[4.290s] [01m[K/usr/include/c++/11/iomanip:79:5:[m[K [01;36m[Knote: [m[K  template argument deduction/substitution failed:
[4.290s] [01m[K/home/maria/ros2_coche/src/c4_gps/src/gps_reader.cpp:87:29:[m[K [01;36m[Knote: [m[K  ‘[01m[Kstd::string[m[K’ {aka ‘[01m[Kstd::__cxx11::basic_string<char>[m[K’} is not derived from ‘[01m[Kstd::basic_ostream<_Ch, _Tr>[m[K’
[4.291s]    87 |           message_struct << [01;36m[K"Timestamp: "[m[K << message.header.stamp.sec << ", Latitude: " << message.lat;
[4.291s]       |                             [01;36m[K^~~~~~~~~~~~~[m[K
[4.291s] In file included from [01m[K/opt/ros/humble/include/rosidl_runtime_cpp/rosidl_runtime_cpp/traits.hpp:19[m[K,
[4.291s]                  from [01m[K/opt/ros/humble/include/builtin_interfaces/builtin_interfaces/msg/detail/duration__traits.hpp:15[m[K,
[4.291s]                  from [01m[K/opt/ros/humble/include/builtin_interfaces/builtin_interfaces/msg/duration.hpp:9[m[K,
[4.292s]                  from [01m[K/opt/ros/humble/include/rclcpp/rclcpp/duration.hpp:20[m[K,
[4.292s]                  from [01m[K/opt/ros/humble/include/rclcpp/rclcpp/qos.hpp:20[m[K,
[4.292s]                  from [01m[K/opt/ros/humble/include/rclcpp/rclcpp/node_interfaces/node_graph_interface.hpp:32[m[K,
[4.292s]                  from [01m[K/opt/ros/humble/include/rclcpp/rclcpp/client.hpp:42[m[K,
[4.292s]                  from [01m[K/opt/ros/humble/include/rclcpp/rclcpp/callback_group.hpp:24[m[K,
[4.293s]                  from [01m[K/opt/ros/humble/include/rclcpp/rclcpp/any_executable.hpp:20[m[K,
[4.293s]                  from [01m[K/opt/ros/humble/include/rclcpp/rclcpp/memory_strategy.hpp:25[m[K,
[4.293s]                  from [01m[K/opt/ros/humble/include/rclcpp/rclcpp/memory_strategies.hpp:18[m[K,
[4.293s]                  from [01m[K/opt/ros/humble/include/rclcpp/rclcpp/executor_options.hpp:20[m[K,
[4.293s]                  from [01m[K/opt/ros/humble/include/rclcpp/rclcpp/executor.hpp:37[m[K,
[4.294s]                  from [01m[K/opt/ros/humble/include/rclcpp/rclcpp/executors/multi_threaded_executor.hpp:25[m[K,
[4.294s]                  from [01m[K/opt/ros/humble/include/rclcpp/rclcpp/executors.hpp:21[m[K,
[4.294s]                  from [01m[K/opt/ros/humble/include/rclcpp/rclcpp/rclcpp.hpp:155[m[K,
[4.294s]                  from [01m[K/home/maria/ros2_coche/src/c4_gps/src/gps_reader.cpp:20[m[K:
[4.294s] [01m[K/usr/include/c++/11/iomanip:109:5:[m[K [01;36m[Knote: [m[Kcandidate: ‘[01m[Ktemplate<class _CharT, class _Traits> std::basic_ostream<_Ch, _Tr>& std::operator<<(std::basic_ostream<_Ch, _Tr>&, std::_Setiosflags)[m[K’
[4.295s]   109 |     [01;36m[Koperator[m[K<<(basic_ostream<_CharT, _Traits>& __os, _Setiosflags __f)
[4.295s]       |     [01;36m[K^~~~~~~~[m[K
[4.295s] [01m[K/usr/include/c++/11/iomanip:109:5:[m[K [01;36m[Knote: [m[K  template argument deduction/substitution failed:
[4.295s] [01m[K/home/maria/ros2_coche/src/c4_gps/src/gps_reader.cpp:87:29:[m[K [01;36m[Knote: [m[K  ‘[01m[Kstd::string[m[K’ {aka ‘[01m[Kstd::__cxx11::basic_string<char>[m[K’} is not derived from ‘[01m[Kstd::basic_ostream<_Ch, _Tr>[m[K’
[4.295s]    87 |           message_struct << [01;36m[K"Timestamp: "[m[K << message.header.stamp.sec << ", Latitude: " << message.lat;
[4.296s]       |                             [01;36m[K^~~~~~~~~~~~~[m[K
[4.296s] In file included from [01m[K/opt/ros/humble/include/rosidl_runtime_cpp/rosidl_runtime_cpp/traits.hpp:19[m[K,
[4.296s]                  from [01m[K/opt/ros/humble/include/builtin_interfaces/builtin_interfaces/msg/detail/duration__traits.hpp:15[m[K,
[4.296s]                  from [01m[K/opt/ros/humble/include/builtin_interfaces/builtin_interfaces/msg/duration.hpp:9[m[K,
[4.296s]                  from [01m[K/opt/ros/humble/include/rclcpp/rclcpp/duration.hpp:20[m[K,
[4.297s]                  from [01m[K/opt/ros/humble/include/rclcpp/rclcpp/qos.hpp:20[m[K,
[4.297s]                  from [01m[K/opt/ros/humble/include/rclcpp/rclcpp/node_interfaces/node_graph_interface.hpp:32[m[K,
[4.297s]                  from [01m[K/opt/ros/humble/include/rclcpp/rclcpp/client.hpp:42[m[K,
[4.297s]                  from [01m[K/opt/ros/humble/include/rclcpp/rclcpp/callback_group.hpp:24[m[K,
[4.298s]                  from [01m[K/opt/ros/humble/include/rclcpp/rclcpp/any_executable.hpp:20[m[K,
[4.298s]                  from [01m[K/opt/ros/humble/include/rclcpp/rclcpp/memory_strategy.hpp:25[m[K,
[4.298s]                  from [01m[K/opt/ros/humble/include/rclcpp/rclcpp/memory_strategies.hpp:18[m[K,
[4.298s]                  from [01m[K/opt/ros/humble/include/rclcpp/rclcpp/executor_options.hpp:20[m[K,
[4.298s]                  from [01m[K/opt/ros/humble/include/rclcpp/rclcpp/executor.hpp:37[m[K,
[4.299s]                  from [01m[K/opt/ros/humble/include/rclcpp/rclcpp/executors/multi_threaded_executor.hpp:25[m[K,
[4.299s]                  from [01m[K/opt/ros/humble/include/rclcpp/rclcpp/executors.hpp:21[m[K,
[4.299s]                  from [01m[K/opt/ros/humble/include/rclcpp/rclcpp/rclcpp.hpp:155[m[K,
[4.299s]                  from [01m[K/home/maria/ros2_coche/src/c4_gps/src/gps_reader.cpp:20[m[K:
[4.299s] [01m[K/usr/include/c++/11/iomanip:143:5:[m[K [01;36m[Knote: [m[Kcandidate: ‘[01m[Ktemplate<class _CharT, class _Traits> std::basic_ostream<_Ch, _Tr>& std::operator<<(std::basic_ostream<_Ch, _Tr>&, std::_Setbase)[m[K’
[4.300s]   143 |     [01;36m[Koperator[m[K<<(basic_ostream<_CharT, _Traits>& __os, _Setbase __f)
[4.300s]       |     [01;36m[K^~~~~~~~[m[K
[4.300s] [01m[K/usr/include/c++/11/iomanip:143:5:[m[K [01;36m[Knote: [m[K  template argument deduction/substitution failed:
[4.300s] [01m[K/home/maria/ros2_coche/src/c4_gps/src/gps_reader.cpp:87:29:[m[K [01;36m[Knote: [m[K  ‘[01m[Kstd::string[m[K’ {aka ‘[01m[Kstd::__cxx11::basic_string<char>[m[K’} is not derived from ‘[01m[Kstd::basic_ostream<_Ch, _Tr>[m[K’
[4.300s]    87 |           message_struct << [01;36m[K"Timestamp: "[m[K << message.header.stamp.sec << ", Latitude: " << message.lat;
[4.301s]       |                             [01;36m[K^~~~~~~~~~~~~[m[K
[4.301s] In file included from [01m[K/opt/ros/humble/include/rosidl_runtime_cpp/rosidl_runtime_cpp/traits.hpp:19[m[K,
[4.301s]                  from [01m[K/opt/ros/humble/include/builtin_interfaces/builtin_interfaces/msg/detail/duration__traits.hpp:15[m[K,
[4.301s]                  from [01m[K/opt/ros/humble/include/builtin_interfaces/builtin_interfaces/msg/duration.hpp:9[m[K,
[4.301s]                  from [01m[K/opt/ros/humble/include/rclcpp/rclcpp/duration.hpp:20[m[K,
[4.302s]                  from [01m[K/opt/ros/humble/include/rclcpp/rclcpp/qos.hpp:20[m[K,
[4.302s]                  from [01m[K/opt/ros/humble/include/rclcpp/rclcpp/node_interfaces/node_graph_interface.hpp:32[m[K,
[4.302s]                  from [01m[K/opt/ros/humble/include/rclcpp/rclcpp/client.hpp:42[m[K,
[4.302s]                  from [01m[K/opt/ros/humble/include/rclcpp/rclcpp/callback_group.hpp:24[m[K,
[4.302s]                  from [01m[K/opt/ros/humble/include/rclcpp/rclcpp/any_executable.hpp:20[m[K,
[4.303s]                  from [01m[K/opt/ros/humble/include/rclcpp/rclcpp/memory_strategy.hpp:25[m[K,
[4.303s]                  from [01m[K/opt/ros/humble/include/rclcpp/rclcpp/memory_strategies.hpp:18[m[K,
[4.303s]                  from [01m[K/opt/ros/humble/include/rclcpp/rclcpp/executor_options.hpp:20[m[K,
[4.303s]                  from [01m[K/opt/ros/humble/include/rclcpp/rclcpp/executor.hpp:37[m[K,
[4.303s]                  from [01m[K/opt/ros/humble/include/rclcpp/rclcpp/executors/multi_threaded_executor.hpp:25[m[K,
[4.304s]                  from [01m[K/opt/ros/humble/include/rclcpp/rclcpp/executors.hpp:21[m[K,
[4.304s]                  from [01m[K/opt/ros/humble/include/rclcpp/rclcpp/rclcpp.hpp:155[m[K,
[4.304s]                  from [01m[K/home/maria/ros2_coche/src/c4_gps/src/gps_reader.cpp:20[m[K:
[4.304s] [01m[K/usr/include/c++/11/iomanip:178:5:[m[K [01;36m[Knote: [m[Kcandidate: ‘[01m[Ktemplate<class _CharT, class _Traits> std::basic_ostream<_Ch, _Tr>& std::operator<<(std::basic_ostream<_Ch, _Tr>&, std::_Setfill<_CharT>)[m[K’
[4.304s]   178 |     [01;36m[Koperator[m[K<<(basic_ostream<_CharT, _Traits>& __os, _Setfill<_CharT> __f)
[4.305s]       |     [01;36m[K^~~~~~~~[m[K
[4.305s] [01m[K/usr/include/c++/11/iomanip:178:5:[m[K [01;36m[Knote: [m[K  template argument deduction/substitution failed:
[4.305s] [01m[K/home/maria/ros2_coche/src/c4_gps/src/gps_reader.cpp:87:29:[m[K [01;36m[Knote: [m[K  ‘[01m[Kstd::string[m[K’ {aka ‘[01m[Kstd::__cxx11::basic_string<char>[m[K’} is not derived from ‘[01m[Kstd::basic_ostream<_Ch, _Tr>[m[K’
[4.305s]    87 |           message_struct << [01;36m[K"Timestamp: "[m[K << message.header.stamp.sec << ", Latitude: " << message.lat;
[4.305s]       |                             [01;36m[K^~~~~~~~~~~~~[m[K
[4.306s] In file included from [01m[K/opt/ros/humble/include/rosidl_runtime_cpp/rosidl_runtime_cpp/traits.hpp:19[m[K,
[4.306s]                  from [01m[K/opt/ros/humble/include/builtin_interfaces/builtin_interfaces/msg/detail/duration__traits.hpp:15[m[K,
[4.306s]                  from [01m[K/opt/ros/humble/include/builtin_interfaces/builtin_interfaces/msg/duration.hpp:9[m[K,
[4.306s]                  from [01m[K/opt/ros/humble/include/rclcpp/rclcpp/duration.hpp:20[m[K,
[4.306s]                  from [01m[K/opt/ros/humble/include/rclcpp/rclcpp/qos.hpp:20[m[K,
[4.307s]                  from [01m[K/opt/ros/humble/include/rclcpp/rclcpp/node_interfaces/node_graph_interface.hpp:32[m[K,
[4.307s]                  from [01m[K/opt/ros/humble/include/rclcpp/rclcpp/client.hpp:42[m[K,
[4.307s]                  from [01m[K/opt/ros/humble/include/rclcpp/rclcpp/callback_group.hpp:24[m[K,
[4.307s]                  from [01m[K/opt/ros/humble/include/rclcpp/rclcpp/any_executable.hpp:20[m[K,
[4.307s]                  from [01m[K/opt/ros/humble/include/rclcpp/rclcpp/memory_strategy.hpp:25[m[K,
[4.308s]                  from [01m[K/opt/ros/humble/include/rclcpp/rclcpp/memory_strategies.hpp:18[m[K,
[4.308s]                  from [01m[K/opt/ros/humble/include/rclcpp/rclcpp/executor_options.hpp:20[m[K,
[4.308s]                  from [01m[K/opt/ros/humble/include/rclcpp/rclcpp/executor.hpp:37[m[K,
[4.308s]                  from [01m[K/opt/ros/humble/include/rclcpp/rclcpp/executors/multi_threaded_executor.hpp:25[m[K,
[4.308s]                  from [01m[K/opt/ros/humble/include/rclcpp/rclcpp/executors.hpp:21[m[K,
[4.309s]                  from [01m[K/opt/ros/humble/include/rclcpp/rclcpp/rclcpp.hpp:155[m[K,
[4.309s]                  from [01m[K/home/maria/ros2_coche/src/c4_gps/src/gps_reader.cpp:20[m[K:
[4.309s] [01m[K/usr/include/c++/11/iomanip:208:5:[m[K [01;36m[Knote: [m[Kcandidate: ‘[01m[Ktemplate<class _CharT, class _Traits> std::basic_ostream<_Ch, _Tr>& std::operator<<(std::basic_ostream<_Ch, _Tr>&, std::_Setprecision)[m[K’
[4.309s]   208 |     [01;36m[Koperator[m[K<<(basic_ostream<_CharT, _Traits>& __os, _Setprecision __f)
[4.309s]       |     [01;36m[K^~~~~~~~[m[K
[4.310s] [01m[K/usr/include/c++/11/iomanip:208:5:[m[K [01;36m[Knote: [m[K  template argument deduction/substitution failed:
[4.310s] [01m[K/home/maria/ros2_coche/src/c4_gps/src/gps_reader.cpp:87:29:[m[K [01;36m[Knote: [m[K  ‘[01m[Kstd::string[m[K’ {aka ‘[01m[Kstd::__cxx11::basic_string<char>[m[K’} is not derived from ‘[01m[Kstd::basic_ostream<_Ch, _Tr>[m[K’
[4.310s]    87 |           message_struct << [01;36m[K"Timestamp: "[m[K << message.header.stamp.sec << ", Latitude: " << message.lat;
[4.310s]       |                             [01;36m[K^~~~~~~~~~~~~[m[K
[4.310s] In file included from [01m[K/opt/ros/humble/include/rosidl_runtime_cpp/rosidl_runtime_cpp/traits.hpp:19[m[K,
[4.311s]                  from [01m[K/opt/ros/humble/include/builtin_interfaces/builtin_interfaces/msg/detail/duration__traits.hpp:15[m[K,
[4.311s]                  from [01m[K/opt/ros/humble/include/builtin_interfaces/builtin_interfaces/msg/duration.hpp:9[m[K,
[4.311s]                  from [01m[K/opt/ros/humble/include/rclcpp/rclcpp/duration.hpp:20[m[K,
[4.311s]                  from [01m[K/opt/ros/humble/include/rclcpp/rclcpp/qos.hpp:20[m[K,
[4.311s]                  from [01m[K/opt/ros/humble/include/rclcpp/rclcpp/node_interfaces/node_graph_interface.hpp:32[m[K,
[4.312s]                  from [01m[K/opt/ros/humble/include/rclcpp/rclcpp/client.hpp:42[m[K,
[4.312s]                  from [01m[K/opt/ros/humble/include/rclcpp/rclcpp/callback_group.hpp:24[m[K,
[4.312s]                  from [01m[K/opt/ros/humble/include/rclcpp/rclcpp/any_executable.hpp:20[m[K,
[4.312s]                  from [01m[K/opt/ros/humble/include/rclcpp/rclcpp/memory_strategy.hpp:25[m[K,
[4.312s]                  from [01m[K/opt/ros/humble/include/rclcpp/rclcpp/memory_strategies.hpp:18[m[K,
[4.313s]                  from [01m[K/opt/ros/humble/include/rclcpp/rclcpp/executor_options.hpp:20[m[K,
[4.313s]                  from [01m[K/opt/ros/humble/include/rclcpp/rclcpp/executor.hpp:37[m[K,
[4.313s]                  from [01m[K/opt/ros/humble/include/rclcpp/rclcpp/executors/multi_threaded_executor.hpp:25[m[K,
[4.313s]                  from [01m[K/opt/ros/humble/include/rclcpp/rclcpp/executors.hpp:21[m[K,
[4.313s]                  from [01m[K/opt/ros/humble/include/rclcpp/rclcpp/rclcpp.hpp:155[m[K,
[4.314s]                  from [01m[K/home/maria/ros2_coche/src/c4_gps/src/gps_reader.cpp:20[m[K:
[4.314s] [01m[K/usr/include/c++/11/iomanip:238:5:[m[K [01;36m[Knote: [m[Kcandidate: ‘[01m[Ktemplate<class _CharT, class _Traits> std::basic_ostream<_Ch, _Tr>& std::operator<<(std::basic_ostream<_Ch, _Tr>&, std::_Setw)[m[K’
[4.314s]   238 |     [01;36m[Koperator[m[K<<(basic_ostream<_CharT, _Traits>& __os, _Setw __f)
[4.314s]       |     [01;36m[K^~~~~~~~[m[K
[4.314s] [01m[K/usr/include/c++/11/iomanip:238:5:[m[K [01;36m[Knote: [m[K  template argument deduction/substitution failed:
[4.315s] [01m[K/home/maria/ros2_coche/src/c4_gps/src/gps_reader.cpp:87:29:[m[K [01;36m[Knote: [m[K  ‘[01m[Kstd::string[m[K’ {aka ‘[01m[Kstd::__cxx11::basic_string<char>[m[K’} is not derived from ‘[01m[Kstd::basic_ostream<_Ch, _Tr>[m[K’
[4.315s]    87 |           message_struct << [01;36m[K"Timestamp: "[m[K << message.header.stamp.sec << ", Latitude: " << message.lat;
[4.315s]       |                             [01;36m[K^~~~~~~~~~~~~[m[K
[4.315s] In file included from [01m[K/opt/ros/humble/include/rosidl_runtime_cpp/rosidl_runtime_cpp/traits.hpp:19[m[K,
[4.316s]                  from [01m[K/opt/ros/humble/include/builtin_interfaces/builtin_interfaces/msg/detail/duration__traits.hpp:15[m[K,
[4.316s]                  from [01m[K/opt/ros/humble/include/builtin_interfaces/builtin_interfaces/msg/duration.hpp:9[m[K,
[4.316s]                  from [01m[K/opt/ros/humble/include/rclcpp/rclcpp/duration.hpp:20[m[K,
[4.316s]                  from [01m[K/opt/ros/humble/include/rclcpp/rclcpp/qos.hpp:20[m[K,
[4.316s]                  from [01m[K/opt/ros/humble/include/rclcpp/rclcpp/node_interfaces/node_graph_interface.hpp:32[m[K,
[4.317s]                  from [01m[K/opt/ros/humble/include/rclcpp/rclcpp/client.hpp:42[m[K,
[4.317s]                  from [01m[K/opt/ros/humble/include/rclcpp/rclcpp/callback_group.hpp:24[m[K,
[4.317s]                  from [01m[K/opt/ros/humble/include/rclcpp/rclcpp/any_executable.hpp:20[m[K,
[4.317s]                  from [01m[K/opt/ros/humble/include/rclcpp/rclcpp/memory_strategy.hpp:25[m[K,
[4.317s]                  from [01m[K/opt/ros/humble/include/rclcpp/rclcpp/memory_strategies.hpp:18[m[K,
[4.318s]                  from [01m[K/opt/ros/humble/include/rclcpp/rclcpp/executor_options.hpp:20[m[K,
[4.318s]                  from [01m[K/opt/ros/humble/include/rclcpp/rclcpp/executor.hpp:37[m[K,
[4.318s]                  from [01m[K/opt/ros/humble/include/rclcpp/rclcpp/executors/multi_threaded_executor.hpp:25[m[K,
[4.318s]                  from [01m[K/opt/ros/humble/include/rclcpp/rclcpp/executors.hpp:21[m[K,
[4.318s]                  from [01m[K/opt/ros/humble/include/rclcpp/rclcpp/rclcpp.hpp:155[m[K,
[4.319s]                  from [01m[K/home/maria/ros2_coche/src/c4_gps/src/gps_reader.cpp:20[m[K:
[4.319s] [01m[K/usr/include/c++/11/iomanip:311:5:[m[K [01;36m[Knote: [m[Kcandidate: ‘[01m[Ktemplate<class _CharT, class _Traits, class _MoneyT> std::basic_ostream<_Ch, _Tr>& std::operator<<(std::basic_ostream<_Ch, _Tr>&, std::_Put_money<_MoneyT>)[m[K’
[4.319s]   311 |     [01;36m[Koperator[m[K<<(basic_ostream<_CharT, _Traits>& __os, _Put_money<_MoneyT> __f)
[4.319s]       |     [01;36m[K^~~~~~~~[m[K
[4.319s] [01m[K/usr/include/c++/11/iomanip:311:5:[m[K [01;36m[Knote: [m[K  template argument deduction/substitution failed:
[4.320s] [01m[K/home/maria/ros2_coche/src/c4_gps/src/gps_reader.cpp:87:29:[m[K [01;36m[Knote: [m[K  ‘[01m[Kstd::string[m[K’ {aka ‘[01m[Kstd::__cxx11::basic_string<char>[m[K’} is not derived from ‘[01m[Kstd::basic_ostream<_Ch, _Tr>[m[K’
[4.320s]    87 |           message_struct << [01;36m[K"Timestamp: "[m[K << message.header.stamp.sec << ", Latitude: " << message.lat;
[4.320s]       |                             [01;36m[K^~~~~~~~~~~~~[m[K
[4.320s] In file included from [01m[K/opt/ros/humble/include/rosidl_runtime_cpp/rosidl_runtime_cpp/traits.hpp:19[m[K,
[4.321s]                  from [01m[K/opt/ros/humble/include/builtin_interfaces/builtin_interfaces/msg/detail/duration__traits.hpp:15[m[K,
[4.321s]                  from [01m[K/opt/ros/humble/include/builtin_interfaces/builtin_interfaces/msg/duration.hpp:9[m[K,
[4.321s]                  from [01m[K/opt/ros/humble/include/rclcpp/rclcpp/duration.hpp:20[m[K,
[4.321s]                  from [01m[K/opt/ros/humble/include/rclcpp/rclcpp/qos.hpp:20[m[K,
[4.321s]                  from [01m[K/opt/ros/humble/include/rclcpp/rclcpp/node_interfaces/node_graph_interface.hpp:32[m[K,
[4.322s]                  from [01m[K/opt/ros/humble/include/rclcpp/rclcpp/client.hpp:42[m[K,
[4.322s]                  from [01m[K/opt/ros/humble/include/rclcpp/rclcpp/callback_group.hpp:24[m[K,
[4.322s]                  from [01m[K/opt/ros/humble/include/rclcpp/rclcpp/any_executable.hpp:20[m[K,
[4.322s]                  from [01m[K/opt/ros/humble/include/rclcpp/rclcpp/memory_strategy.hpp:25[m[K,
[4.322s]                  from [01m[K/opt/ros/humble/include/rclcpp/rclcpp/memory_strategies.hpp:18[m[K,
[4.323s]                  from [01m[K/opt/ros/humble/include/rclcpp/rclcpp/executor_options.hpp:20[m[K,
[4.323s]                  from [01m[K/opt/ros/humble/include/rclcpp/rclcpp/executor.hpp:37[m[K,
[4.323s]                  from [01m[K/opt/ros/humble/include/rclcpp/rclcpp/executors/multi_threaded_executor.hpp:25[m[K,
[4.323s]                  from [01m[K/opt/ros/humble/include/rclcpp/rclcpp/executors.hpp:21[m[K,
[4.323s]                  from [01m[K/opt/ros/humble/include/rclcpp/rclcpp/rclcpp.hpp:155[m[K,
[4.323s]                  from [01m[K/home/maria/ros2_coche/src/c4_gps/src/gps_reader.cpp:20[m[K:
[4.324s] [01m[K/usr/include/c++/11/iomanip:363:5:[m[K [01;36m[Knote: [m[Kcandidate: ‘[01m[Ktemplate<class _CharT, class _Traits> std::basic_ostream<_Ch, _Tr>& std::operator<<(std::basic_ostream<_Ch, _Tr>&, std::_Put_time<_CharT>)[m[K’
[4.324s]   363 |     [01;36m[Koperator[m[K<<(basic_ostream<_CharT, _Traits>& __os, _Put_time<_CharT> __f)
[4.324s]       |     [01;36m[K^~~~~~~~[m[K
[4.324s] [01m[K/usr/include/c++/11/iomanip:363:5:[m[K [01;36m[Knote: [m[K  template argument deduction/substitution failed:
[4.324s] [01m[K/home/maria/ros2_coche/src/c4_gps/src/gps_reader.cpp:87:29:[m[K [01;36m[Knote: [m[K  ‘[01m[Kstd::string[m[K’ {aka ‘[01m[Kstd::__cxx11::basic_string<char>[m[K’} is not derived from ‘[01m[Kstd::basic_ostream<_Ch, _Tr>[m[K’
[4.325s]    87 |           message_struct << [01;36m[K"Timestamp: "[m[K << message.header.stamp.sec << ", Latitude: " << message.lat;
[4.325s]       |                             [01;36m[K^~~~~~~~~~~~~[m[K
[4.325s] [01m[K/home/maria/ros2_coche/src/c4_gps/src/gps_reader.cpp:90:22:[m[K [01;35m[Kwarning: [m[Kformat ‘[01m[K%s[m[K’ expects argument of type ‘[01m[Kchar*[m[K’, but argument 2 has type ‘[01m[Kstd::string[m[K’ {aka ‘[01m[Kstd::__cxx11::basic_string<char>[m[K’} [[01;35m[K]8;;https://gcc.gnu.org/onlinedocs/gcc/Warning-Options.html#index-Wformat=-Wformat=]8;;[m[K]
[4.325s]    90 |             printf("[01;35m[K%s[m[K\n", message_struct);
[4.326s]       |                     [01;35m[K~^[m[K
[4.326s]       |                      [01;35m[K|[m[K
[4.326s]       |                      [01;35m[Kchar*[m[K
[4.326s] [01m[K/home/maria/ros2_coche/src/c4_gps/src/gps_reader.cpp:91:24:[m[K [01;31m[Kerror: [m[Kincompatible types in assignment of ‘[01m[Kstd::string[m[K’ {aka ‘[01m[Kstd::__cxx11::basic_string<char>[m[K’} to ‘[01m[Kchar [100][m[K’
[4.326s]    91 |             [01;31m[Kmessagegps = message_struct[m[K;
[4.327s]       |             [01;31m[K~~~~~~~~~~~^~~~~~~~~~~~~~~~[m[K
[5.499s] gmake[2]: *** [CMakeFiles/t_gps.dir/build.make:76: CMakeFiles/t_gps.dir/src/gps_reader.cpp.o] Error 1
[5.500s] gmake[1]: *** [CMakeFiles/Makefile2:137: CMakeFiles/t_gps.dir/all] Error 2
[5.500s] gmake: *** [Makefile:146: all] Error 2
[5.503s] Invoked command in '/home/maria/ros2_coche/build/c4_gps' returned '2': AMENT_PREFIX_PATH=/home/maria/ros2_coche/install/nmea_msgs:${AMENT_PREFIX_PATH} CMAKE_PREFIX_PATH=/opt/ros/humble:/home/maria/ros2_coche/install/nmea_msgs LD_LIBRARY_PATH=/home/maria/ros2_coche/install/nmea_msgs/lib:${LD_LIBRARY_PATH} PYTHONPATH=/home/maria/ros2_coche/install/nmea_msgs/local/lib/python3.10/dist-packages:${PYTHONPATH} /usr/bin/cmake --build /home/maria/ros2_coche/build/c4_gps -- -j12 -l12
