[0.019s] Invoking command in '/home/maria/ros2_coche/build/nmea_msgs': CMAKE_PREFIX_PATH=/opt/ros/humble /usr/bin/cmake --build /home/maria/ros2_coche/build/nmea_msgs -- -j12 -l12
[0.059s] -- Found ament_cmake: 1.3.3 (/opt/ros/humble/share/ament_cmake/cmake)
[0.579s] -- Found std_msgs: 4.2.3 (/opt/ros/humble/share/std_msgs/cmake)
[0.659s] -- Found rosidl_generator_c: 3.1.4 (/opt/ros/humble/share/rosidl_generator_c/cmake)
[0.668s] -- Found rosidl_adapter: 3.1.4 (/opt/ros/humble/share/rosidl_adapter/cmake)
[0.690s] -- Found rosidl_generator_cpp: 3.1.4 (/opt/ros/humble/share/rosidl_generator_cpp/cmake)
[0.740s] -- Using all available rosidl_typesupport_c: rosidl_typesupport_fastrtps_c;rosidl_typesupport_introspection_c
[0.795s] -- Using all available rosidl_typesupport_cpp: rosidl_typesupport_fastrtps_cpp;rosidl_typesupport_introspection_cpp
[0.901s] -- Found rosidl_default_generators: 1.2.0 (/opt/ros/humble/share/rosidl_default_generators/cmake)
[1.986s] -- Found ament_cmake_ros: 0.10.0 (/opt/ros/humble/share/ament_cmake_ros/cmake)
[3.098s] -- Using all available rosidl_typesupport_c: rosidl_typesupport_fastrtps_c;rosidl_typesupport_introspection_c
[3.553s] -- Using all available rosidl_typesupport_cpp: rosidl_typesupport_fastrtps_cpp;rosidl_typesupport_introspection_cpp
[3.621s] -- Found python_cmake_module: 0.10.0 (/opt/ros/humble/share/python_cmake_module/cmake)
[3.690s] -- Using PYTHON_EXECUTABLE: /usr/bin/python3
[3.690s] -- Using PYTHON_INCLUDE_DIRS: /usr/include/python3.10
[3.690s] -- Using PYTHON_LIBRARIES: /usr/lib/x86_64-linux-gnu/libpython3.10.so
[3.794s] -- Configuring done
[3.945s] -- Generating done
[3.955s] -- Build files have been written to: /home/maria/ros2_coche/build/nmea_msgs
[4.021s] [  1%] [34m[1mGenerating C code for ROS interfaces[0m
[4.048s] [  2%] [34m[1mGenerating C++ code for ROS interfaces[0m
[4.068s] [  2%] Built target ament_cmake_python_copy_nmea_msgs
[4.579s] running egg_info
[4.580s] writing nmea_msgs.egg-info/PKG-INFO
[4.581s] writing dependency_links to nmea_msgs.egg-info/dependency_links.txt
[4.581s] writing top-level names to nmea_msgs.egg-info/top_level.txt
[4.584s] reading manifest file 'nmea_msgs.egg-info/SOURCES.txt'
[4.584s] writing manifest file 'nmea_msgs.egg-info/SOURCES.txt'
[4.620s] [  2%] Built target ament_cmake_python_build_nmea_msgs_egg
[5.460s] [  2%] Built target nmea_msgs__cpp
[5.478s] [  3%] [34m[1mGenerating C++ type support dispatch for ROS interfaces[0m
[5.479s] [  5%] [34m[1mGenerating C++ type support for eProsima Fast-RTPS[0m
[5.484s] [  6%] [34m[1mGenerating C++ introspection for ROS interfaces[0m
[5.489s] [35m[1mConsolidate compiler generated dependencies of target nmea_msgs__rosidl_generator_c[0m
[5.508s] [  7%] [32mBuilding C object CMakeFiles/nmea_msgs__rosidl_generator_c.dir/rosidl_generator_c/nmea_msgs/msg/detail/gpgsv_satellite__functions.c.o[0m
[5.510s] [  8%] [32mBuilding C object CMakeFiles/nmea_msgs__rosidl_generator_c.dir/rosidl_generator_c/nmea_msgs/msg/detail/gpgga__functions.c.o[0m
[5.510s] [ 10%] [32mBuilding C object CMakeFiles/nmea_msgs__rosidl_generator_c.dir/rosidl_generator_c/nmea_msgs/msg/detail/gpgsa__functions.c.o[0m
[5.511s] [ 11%] [32mBuilding C object CMakeFiles/nmea_msgs__rosidl_generator_c.dir/rosidl_generator_c/nmea_msgs/msg/detail/gprmc__functions.c.o[0m
[5.512s] [ 13%] [32mBuilding C object CMakeFiles/nmea_msgs__rosidl_generator_c.dir/rosidl_generator_c/nmea_msgs/msg/detail/gpgst__functions.c.o[0m
[5.512s] [ 13%] [32mBuilding C object CMakeFiles/nmea_msgs__rosidl_generator_c.dir/rosidl_generator_c/nmea_msgs/msg/detail/sentence__functions.c.o[0m
[5.514s] [ 15%] [32mBuilding C object CMakeFiles/nmea_msgs__rosidl_generator_c.dir/rosidl_generator_c/nmea_msgs/msg/detail/gpgsv__functions.c.o[0m
[5.549s] In file included from [01m[K/home/maria/ros2_coche/build/nmea_msgs/rosidl_generator_c/nmea_msgs/msg/detail/gpgsa__functions.h:19[m[K,
[5.549s]                  from [01m[K/home/maria/ros2_coche/build/nmea_msgs/rosidl_generator_c/nmea_msgs/msg/detail/gpgsa__functions.c:4[m[K:
[5.549s] [01m[K/home/maria/ros2_coche/build/nmea_msgs/rosidl_generator_c/nmea_msgs/msg/detail/gpgsa__struct.h:22:10:[m[K [01;31m[Kfatal error: [m[Knmea_msgs/msg/detail/header__struct.h: No such file or directory
[5.550s]    22 | #include [01;31m[K"nmea_msgs/msg/detail/header__struct.h"[m[K
[5.550s]       |          [01;31m[K^~~~~~~~~~~~~~~~~~~~~~~~~~~~~~~~~~~~~~~[m[K
[5.550s] compilation terminated.
[5.550s] In file included from [01m[K/home/maria/ros2_coche/build/nmea_msgs/rosidl_generator_c/nmea_msgs/msg/detail/gprmc__functions.h:19[m[K,
[5.551s]                  from [01m[K/home/maria/ros2_coche/build/nmea_msgs/rosidl_generator_c/nmea_msgs/msg/detail/gprmc__functions.c:4[m[K:
[5.551s] [01m[K/home/maria/ros2_coche/build/nmea_msgs/rosidl_generator_c/nmea_msgs/msg/detail/gprmc__struct.h:22:10:[m[K [01;31m[Kfatal error: [m[Knmea_msgs/msg/detail/header__struct.h: No such file or directory
[5.551s]    22 | #include [01;31m[K"nmea_msgs/msg/detail/header__struct.h"[m[K
[5.552s]       |          [01;31m[K^~~~~~~~~~~~~~~~~~~~~~~~~~~~~~~~~~~~~~~[m[K
[5.552s] compilation terminated.
[5.552s] In file included from [01m[K/home/maria/ros2_coche/build/nmea_msgs/rosidl_generator_c/nmea_msgs/msg/detail/gpgsv__functions.h:19[m[K,
[5.553s]                  from [01m[K/home/maria/ros2_coche/build/nmea_msgs/rosidl_generator_c/nmea_msgs/msg/detail/gpgsv__functions.c:4[m[K:
[5.553s] [01m[K/home/maria/ros2_coche/build/nmea_msgs/rosidl_generator_c/nmea_msgs/msg/detail/gpgsv__struct.h:22:10:[m[K [01;31m[Kfatal error: [m[Knmea_msgs/msg/detail/header__struct.h: No such file or directory
[5.553s]    22 | #include [01;31m[K"nmea_msgs/msg/detail/header__struct.h"[m[K
[5.553s]       |          [01;31m[K^~~~~~~~~~~~~~~~~~~~~~~~~~~~~~~~~~~~~~~[m[K
[5.553s] compilation terminated.
[5.554s] gmake[2]: *** [CMakeFiles/nmea_msgs__rosidl_generator_c.dir/build.make:247: CMakeFiles/nmea_msgs__rosidl_generator_c.dir/rosidl_generator_c/nmea_msgs/msg/detail/gpgsa__functions.c.o] Error 1
[5.554s] gmake[2]: *** Waiting for unfinished jobs....
[5.554s] gmake[2]: *** [CMakeFiles/nmea_msgs__rosidl_generator_c.dir/build.make:289: CMakeFiles/nmea_msgs__rosidl_generator_c.dir/rosidl_generator_c/nmea_msgs/msg/detail/gprmc__functions.c.o] Error 1
[5.554s] In file included from [01m[K/home/maria/ros2_coche/build/nmea_msgs/rosidl_generator_c/nmea_msgs/msg/detail/gpgst__functions.h:19[m[K,
[5.554s]                  from [01m[K/home/maria/ros2_coche/build/nmea_msgs/rosidl_generator_c/nmea_msgs/msg/detail/gpgst__functions.c:4[m[K:
[5.554s] [01m[K/home/maria/ros2_coche/build/nmea_msgs/rosidl_generator_c/nmea_msgs/msg/detail/gpgst__struct.h:22:10:[m[K [01;31m[Kfatal error: [m[Knmea_msgs/msg/detail/header__struct.h: No such file or directory
[5.554s]    22 | #include [01;31m[K"nmea_msgs/msg/detail/header__struct.h"[m[K
[5.555s]       |          [01;31m[K^~~~~~~~~~~~~~~~~~~~~~~~~~~~~~~~~~~~~~~[m[K
[5.555s] compilation terminated.
[5.555s] gmake[2]: *** [CMakeFiles/nmea_msgs__rosidl_generator_c.dir/build.make:261: CMakeFiles/nmea_msgs__rosidl_generator_c.dir/rosidl_generator_c/nmea_msgs/msg/detail/gpgsv__functions.c.o] Error 1
[5.555s] gmake[2]: *** [CMakeFiles/nmea_msgs__rosidl_generator_c.dir/build.make:303: CMakeFiles/nmea_msgs__rosidl_generator_c.dir/rosidl_generator_c/nmea_msgs/msg/detail/gpgst__functions.c.o] Error 1
[5.555s] In file included from [01m[K/home/maria/ros2_coche/build/nmea_msgs/rosidl_generator_c/nmea_msgs/msg/detail/sentence__functions.h:19[m[K,
[5.555s]                  from [01m[K/home/maria/ros2_coche/build/nmea_msgs/rosidl_generator_c/nmea_msgs/msg/detail/sentence__functions.c:4[m[K:
[5.555s] [01m[K/home/maria/ros2_coche/build/nmea_msgs/rosidl_generator_c/nmea_msgs/msg/detail/sentence__struct.h:22:10:[m[K [01;31m[Kfatal error: [m[Knmea_msgs/msg/detail/header__struct.h: No such file or directory
[5.555s]    22 | #include [01;31m[K"nmea_msgs/msg/detail/header__struct.h"[m[K
[5.555s]       |          [01;31m[K^~~~~~~~~~~~~~~~~~~~~~~~~~~~~~~~~~~~~~~[m[K
[5.556s] compilation terminated.
[5.556s] gmake[2]: *** [CMakeFiles/nmea_msgs__rosidl_generator_c.dir/build.make:317: CMakeFiles/nmea_msgs__rosidl_generator_c.dir/rosidl_generator_c/nmea_msgs/msg/detail/sentence__functions.c.o] Error 1
[5.620s] gmake[1]: *** [CMakeFiles/Makefile2:213: CMakeFiles/nmea_msgs__rosidl_generator_c.dir/all] Error 2
[5.620s] gmake[1]: *** Waiting for unfinished jobs....
[6.439s] [35m[1mConsolidate compiler generated dependencies of target nmea_msgs__rosidl_typesupport_cpp[0m
[6.461s] [ 17%] [32mBuilding CXX object CMakeFiles/nmea_msgs__rosidl_typesupport_cpp.dir/rosidl_typesupport_cpp/nmea_msgs/msg/gpgsa__type_support.cpp.o[0m
[6.462s] [ 17%] [32mBuilding CXX object CMakeFiles/nmea_msgs__rosidl_typesupport_cpp.dir/rosidl_typesupport_cpp/nmea_msgs/msg/gpgga__type_support.cpp.o[0m
[6.463s] [ 18%] [32mBuilding CXX object CMakeFiles/nmea_msgs__rosidl_typesupport_cpp.dir/rosidl_typesupport_cpp/nmea_msgs/msg/gpgsv__type_support.cpp.o[0m
[6.464s] [ 20%] [32mBuilding CXX object CMakeFiles/nmea_msgs__rosidl_typesupport_cpp.dir/rosidl_typesupport_cpp/nmea_msgs/msg/gpgsv_satellite__type_support.cpp.o[0m
[6.464s] [ 21%] [32mBuilding CXX object CMakeFiles/nmea_msgs__rosidl_typesupport_cpp.dir/rosidl_typesupport_cpp/nmea_msgs/msg/gprmc__type_support.cpp.o[0m
[6.465s] [ 22%] [32mBuilding CXX object CMakeFiles/nmea_msgs__rosidl_typesupport_cpp.dir/rosidl_typesupport_cpp/nmea_msgs/msg/sentence__type_support.cpp.o[0m
[6.465s] [ 24%] [32mBuilding CXX object CMakeFiles/nmea_msgs__rosidl_typesupport_cpp.dir/rosidl_typesupport_cpp/nmea_msgs/msg/gpgst__type_support.cpp.o[0m
[6.595s] In file included from [01m[K/home/maria/ros2_coche/build/nmea_msgs/rosidl_typesupport_cpp/nmea_msgs/msg/gprmc__type_support.cpp:7[m[K:
[6.595s] [01m[K/home/maria/ros2_coche/build/nmea_msgs/rosidl_generator_cpp/nmea_msgs/msg/detail/gprmc__struct.hpp:20:10:[m[K [01;31m[Kfatal error: [m[Knmea_msgs/msg/detail/header__struct.hpp: No such file or directory
[6.595s]    20 | #include [01;31m[K"nmea_msgs/msg/detail/header__struct.hpp"[m[K
[6.596s]       |          [01;31m[K^~~~~~~~~~~~~~~~~~~~~~~~~~~~~~~~~~~~~~~~~[m[K
[6.596s] compilation terminated.
[6.597s] gmake[2]: *** [CMakeFiles/nmea_msgs__rosidl_typesupport_cpp.dir/build.make:198: CMakeFiles/nmea_msgs__rosidl_typesupport_cpp.dir/rosidl_typesupport_cpp/nmea_msgs/msg/gprmc__type_support.cpp.o] Error 1
[6.597s] gmake[2]: *** Waiting for unfinished jobs....
[6.613s] In file included from [01m[K/home/maria/ros2_coche/build/nmea_msgs/rosidl_typesupport_cpp/nmea_msgs/msg/gpgst__type_support.cpp:7[m[K:
[6.613s] [01m[K/home/maria/ros2_coche/build/nmea_msgs/rosidl_generator_cpp/nmea_msgs/msg/detail/gpgst__struct.hpp:20:10:[m[K [01;31m[Kfatal error: [m[Knmea_msgs/msg/detail/header__struct.hpp: No such file or directory
[6.613s]    20 | #include [01;31m[K"nmea_msgs/msg/detail/header__struct.hpp"[m[K
[6.613s]       |          [01;31m[K^~~~~~~~~~~~~~~~~~~~~~~~~~~~~~~~~~~~~~~~~[m[K
[6.613s] compilation terminated.
[6.615s] gmake[2]: *** [CMakeFiles/nmea_msgs__rosidl_typesupport_cpp.dir/build.make:212: CMakeFiles/nmea_msgs__rosidl_typesupport_cpp.dir/rosidl_typesupport_cpp/nmea_msgs/msg/gpgst__type_support.cpp.o] Error 1
[6.622s] In file included from [01m[K/home/maria/ros2_coche/build/nmea_msgs/rosidl_typesupport_cpp/nmea_msgs/msg/gpgsa__type_support.cpp:7[m[K:
[6.622s] [01m[K/home/maria/ros2_coche/build/nmea_msgs/rosidl_generator_cpp/nmea_msgs/msg/detail/gpgsa__struct.hpp:20:10:[m[K [01;31m[Kfatal error: [m[Knmea_msgs/msg/detail/header__struct.hpp: No such file or directory
[6.622s]    20 | #include [01;31m[K"nmea_msgs/msg/detail/header__struct.hpp"[m[K
[6.623s]       |          [01;31m[K^~~~~~~~~~~~~~~~~~~~~~~~~~~~~~~~~~~~~~~~~[m[K
[6.623s] compilation terminated.
[6.623s] In file included from [01m[K/home/maria/ros2_coche/build/nmea_msgs/rosidl_typesupport_cpp/nmea_msgs/msg/gpgsv__type_support.cpp:7[m[K:
[6.623s] [01m[K/home/maria/ros2_coche/build/nmea_msgs/rosidl_generator_cpp/nmea_msgs/msg/detail/gpgsv__struct.hpp:20:10:[m[K [01;31m[Kfatal error: [m[Knmea_msgs/msg/detail/header__struct.hpp: No such file or directory
[6.624s]    20 | #include [01;31m[K"nmea_msgs/msg/detail/header__struct.hpp"[m[K
[6.624s]       |          [01;31m[K^~~~~~~~~~~~~~~~~~~~~~~~~~~~~~~~~~~~~~~~~[m[K
[6.624s] compilation terminated.
[6.624s] In file included from [01m[K/home/maria/ros2_coche/build/nmea_msgs/rosidl_typesupport_cpp/nmea_msgs/msg/sentence__type_support.cpp:7[m[K:
[6.625s] [01m[K/home/maria/ros2_coche/build/nmea_msgs/rosidl_generator_cpp/nmea_msgs/msg/detail/sentence__struct.hpp:20:10:[m[K [01;31m[Kfatal error: [m[Knmea_msgs/msg/detail/header__struct.hpp: No such file or directory
[6.625s]    20 | #include [01;31m[K"nmea_msgs/msg/detail/header__struct.hpp"[m[K
[6.625s]       |          [01;31m[K^~~~~~~~~~~~~~~~~~~~~~~~~~~~~~~~~~~~~~~~~[m[K
[6.625s] compilation terminated.
[6.626s] gmake[2]: *** [CMakeFiles/nmea_msgs__rosidl_typesupport_cpp.dir/build.make:156: CMakeFiles/nmea_msgs__rosidl_typesupport_cpp.dir/rosidl_typesupport_cpp/nmea_msgs/msg/gpgsa__type_support.cpp.o] Error 1
[6.626s] gmake[2]: *** [CMakeFiles/nmea_msgs__rosidl_typesupport_cpp.dir/build.make:170: CMakeFiles/nmea_msgs__rosidl_typesupport_cpp.dir/rosidl_typesupport_cpp/nmea_msgs/msg/gpgsv__type_support.cpp.o] Error 1
[6.627s] gmake[2]: *** [CMakeFiles/nmea_msgs__rosidl_typesupport_cpp.dir/build.make:226: CMakeFiles/nmea_msgs__rosidl_typesupport_cpp.dir/rosidl_typesupport_cpp/nmea_msgs/msg/sentence__type_support.cpp.o] Error 1
[6.656s] [35m[1mConsolidate compiler generated dependencies of target nmea_msgs__rosidl_typesupport_introspection_cpp[0m
[6.677s] [ 25%] [32mBuilding CXX object CMakeFiles/nmea_msgs__rosidl_typesupport_introspection_cpp.dir/rosidl_typesupport_introspection_cpp/nmea_msgs/msg/detail/gpgsv_satellite__type_support.cpp.o[0m
[6.678s] [ 29%] [32mBuilding CXX object CMakeFiles/nmea_msgs__rosidl_typesupport_introspection_cpp.dir/rosidl_typesupport_introspection_cpp/nmea_msgs/msg/detail/gpgsa__type_support.cpp.o[0m
[6.678s] [ 29%] [32mBuilding CXX object CMakeFiles/nmea_msgs__rosidl_typesupport_introspection_cpp.dir/rosidl_typesupport_introspection_cpp/nmea_msgs/msg/detail/gpgga__type_support.cpp.o[0m
[6.678s] [ 29%] [32mBuilding CXX object CMakeFiles/nmea_msgs__rosidl_typesupport_introspection_cpp.dir/rosidl_typesupport_introspection_cpp/nmea_msgs/msg/detail/gpgsv__type_support.cpp.o[0m
[6.681s] [ 30%] [32mBuilding CXX object CMakeFiles/nmea_msgs__rosidl_typesupport_introspection_cpp.dir/rosidl_typesupport_introspection_cpp/nmea_msgs/msg/detail/gpgst__type_support.cpp.o[0m
[6.682s] [ 31%] [32mBuilding CXX object CMakeFiles/nmea_msgs__rosidl_typesupport_introspection_cpp.dir/rosidl_typesupport_introspection_cpp/nmea_msgs/msg/detail/gprmc__type_support.cpp.o[0m
[6.682s] [ 32%] [32mBuilding CXX object CMakeFiles/nmea_msgs__rosidl_typesupport_introspection_cpp.dir/rosidl_typesupport_introspection_cpp/nmea_msgs/msg/detail/sentence__type_support.cpp.o[0m
[6.818s] [35m[1mConsolidate compiler generated dependencies of target nmea_msgs__rosidl_typesupport_fastrtps_cpp[0m
[6.849s] In file included from [01m[K/home/maria/ros2_coche/build/nmea_msgs/rosidl_typesupport_introspection_cpp/nmea_msgs/msg/detail/gpgst__type_support.cpp:12[m[K:
[6.850s] [01m[K/home/maria/ros2_coche/build/nmea_msgs/rosidl_generator_cpp/nmea_msgs/msg/detail/gpgst__struct.hpp:20:10:[m[K [01;31m[Kfatal error: [m[Knmea_msgs/msg/detail/header__struct.hpp: No such file or directory
[6.852s]    20 | #include [01;31m[K"nmea_msgs/msg/detail/header__struct.hpp"[m[K
[6.853s]       |          [01;31m[K^~~~~~~~~~~~~~~~~~~~~~~~~~~~~~~~~~~~~~~~~[m[K
[6.854s] compilation terminated.
[6.856s] In file included from [01m[K/home/maria/ros2_coche/build/nmea_msgs/rosidl_typesupport_introspection_cpp/nmea_msgs/msg/detail/sentence__type_support.cpp:12[m[K:
[6.857s] [01m[K/home/maria/ros2_coche/build/nmea_msgs/rosidl_generator_cpp/nmea_msgs/msg/detail/sentence__struct.hpp:20:10:[m[K [01;31m[Kfatal error: [m[Knmea_msgs/msg/detail/header__struct.hpp: No such file or directory
[6.859s]    20 | #include [01;31m[K"nmea_msgs/msg/detail/header__struct.hpp"[m[K
[6.860s]       |          [01;31m[K^~~~~~~~~~~~~~~~~~~~~~~~~~~~~~~~~~~~~~~~~[m[K
[6.860s] compilation terminated.
[6.860s] In file included from [01m[K/home/maria/ros2_coche/build/nmea_msgs/rosidl_typesupport_introspection_cpp/nmea_msgs/msg/detail/gprmc__type_support.cpp:12[m[K:
[6.860s] [01m[K/home/maria/ros2_coche/build/nmea_msgs/rosidl_generator_cpp/nmea_msgs/msg/detail/gprmc__struct.hpp:20:10:[m[K [01;31m[Kfatal error: [m[Knmea_msgs/msg/detail/header__struct.hpp: No such file or directory
[6.861s]    20 | #include [01;31m[K"nmea_msgs/msg/detail/header__struct.hpp"[m[K
[6.861s]       |          [01;31m[K^~~~~~~~~~~~~~~~~~~~~~~~~~~~~~~~~~~~~~~~~[m[K
[6.861s] compilation terminated.
[6.861s] gmake[2]: *** [CMakeFiles/nmea_msgs__rosidl_typesupport_introspection_cpp.dir/build.make:249: CMakeFiles/nmea_msgs__rosidl_typesupport_introspection_cpp.dir/rosidl_typesupport_introspection_cpp/nmea_msgs/msg/detail/sentence__type_support.cpp.o] Error 1
[6.861s] gmake[2]: *** Waiting for unfinished jobs....
[6.862s] gmake[2]: *** [CMakeFiles/nmea_msgs__rosidl_typesupport_introspection_cpp.dir/build.make:235: CMakeFiles/nmea_msgs__rosidl_typesupport_introspection_cpp.dir/rosidl_typesupport_introspection_cpp/nmea_msgs/msg/detail/gpgst__type_support.cpp.o] Error 1
[6.862s] gmake[2]: *** [CMakeFiles/nmea_msgs__rosidl_typesupport_introspection_cpp.dir/build.make:221: CMakeFiles/nmea_msgs__rosidl_typesupport_introspection_cpp.dir/rosidl_typesupport_introspection_cpp/nmea_msgs/msg/detail/gprmc__type_support.cpp.o] Error 1
[6.862s] [ 34%] [32mBuilding CXX object CMakeFiles/nmea_msgs__rosidl_typesupport_fastrtps_cpp.dir/rosidl_typesupport_fastrtps_cpp/nmea_msgs/msg/detail/dds_fastrtps/gpgsv__type_support.cpp.o[0m
[6.862s] [ 35%] [32mBuilding CXX object CMakeFiles/nmea_msgs__rosidl_typesupport_fastrtps_cpp.dir/rosidl_typesupport_fastrtps_cpp/nmea_msgs/msg/detail/dds_fastrtps/gpgsa__type_support.cpp.o[0m
[6.863s] In file included from [01m[K/home/maria/ros2_coche/build/nmea_msgs/rosidl_typesupport_introspection_cpp/nmea_msgs/msg/detail/gpgsa__type_support.cpp:12[m[K:
[6.863s] [01m[K/home/maria/ros2_coche/build/nmea_msgs/rosidl_generator_cpp/nmea_msgs/msg/detail/gpgsa__struct.hpp:20:10:[m[K [01;31m[Kfatal error: [m[Knmea_msgs/msg/detail/header__struct.hpp: No such file or directory
[6.863s]    20 | #include [01;31m[K"nmea_msgs/msg/detail/header__struct.hpp"[m[K
[6.863s]       |          [01;31m[K^~~~~~~~~~~~~~~~~~~~~~~~~~~~~~~~~~~~~~~~~[m[K
[6.863s] compilation terminated.
[6.867s] gmake[2]: *** [CMakeFiles/nmea_msgs__rosidl_typesupport_introspection_cpp.dir/build.make:179: CMakeFiles/nmea_msgs__rosidl_typesupport_introspection_cpp.dir/rosidl_typesupport_introspection_cpp/nmea_msgs/msg/detail/gpgsa__type_support.cpp.o] Error 1
[6.867s] In file included from [01m[K/home/maria/ros2_coche/build/nmea_msgs/rosidl_typesupport_introspection_cpp/nmea_msgs/msg/detail/gpgsv__type_support.cpp:12[m[K:
[6.867s] [01m[K/home/maria/ros2_coche/build/nmea_msgs/rosidl_generator_cpp/nmea_msgs/msg/detail/gpgsv__struct.hpp:20:10:[m[K [01;31m[Kfatal error: [m[Knmea_msgs/msg/detail/header__struct.hpp: No such file or directory
[6.868s]    20 | #include [01;31m[K"nmea_msgs/msg/detail/header__struct.hpp"[m[K
[6.868s]       |          [01;31m[K^~~~~~~~~~~~~~~~~~~~~~~~~~~~~~~~~~~~~~~~~[m[K
[6.868s] compilation terminated.
[6.871s] gmake[2]: *** [CMakeFiles/nmea_msgs__rosidl_typesupport_introspection_cpp.dir/build.make:193: CMakeFiles/nmea_msgs__rosidl_typesupport_introspection_cpp.dir/rosidl_typesupport_introspection_cpp/nmea_msgs/msg/detail/gpgsv__type_support.cpp.o] Error 1
[6.874s] [ 36%] [32mBuilding CXX object CMakeFiles/nmea_msgs__rosidl_typesupport_fastrtps_cpp.dir/rosidl_typesupport_fastrtps_cpp/nmea_msgs/msg/detail/dds_fastrtps/gpgga__type_support.cpp.o[0m
[6.875s] [ 37%] [32mBuilding CXX object CMakeFiles/nmea_msgs__rosidl_typesupport_fastrtps_cpp.dir/rosidl_typesupport_fastrtps_cpp/nmea_msgs/msg/detail/dds_fastrtps/gpgsv_satellite__type_support.cpp.o[0m
[6.881s] [ 39%] [32mBuilding CXX object CMakeFiles/nmea_msgs__rosidl_typesupport_fastrtps_cpp.dir/rosidl_typesupport_fastrtps_cpp/nmea_msgs/msg/detail/dds_fastrtps/gpgst__type_support.cpp.o[0m
[6.889s] [ 40%] [32mBuilding CXX object CMakeFiles/nmea_msgs__rosidl_typesupport_fastrtps_cpp.dir/rosidl_typesupport_fastrtps_cpp/nmea_msgs/msg/detail/dds_fastrtps/gprmc__type_support.cpp.o[0m
[6.897s] [ 41%] [32mBuilding CXX object CMakeFiles/nmea_msgs__rosidl_typesupport_fastrtps_cpp.dir/rosidl_typesupport_fastrtps_cpp/nmea_msgs/msg/detail/dds_fastrtps/sentence__type_support.cpp.o[0m
[7.031s] In file included from [01m[K/home/maria/ros2_coche/build/nmea_msgs/rosidl_typesupport_fastrtps_cpp/nmea_msgs/msg/detail/gpgsa__rosidl_typesupport_fastrtps_cpp.hpp:11[m[K,
[7.031s]                  from [01m[K/home/maria/ros2_coche/build/nmea_msgs/rosidl_typesupport_fastrtps_cpp/nmea_msgs/msg/detail/dds_fastrtps/gpgsa__type_support.cpp:4[m[K:
[7.031s] [01m[K/home/maria/ros2_coche/build/nmea_msgs/rosidl_generator_cpp/nmea_msgs/msg/detail/gpgsa__struct.hpp:20:10:[m[K [01;31m[Kfatal error: [m[Knmea_msgs/msg/detail/header__struct.hpp: No such file or directory
[7.031s]    20 | #include [01;31m[K"nmea_msgs/msg/detail/header__struct.hpp"[m[K
[7.032s]       |          [01;31m[K^~~~~~~~~~~~~~~~~~~~~~~~~~~~~~~~~~~~~~~~~[m[K
[7.032s] compilation terminated.
[7.037s] gmake[2]: *** [CMakeFiles/nmea_msgs__rosidl_typesupport_fastrtps_cpp.dir/build.make:179: CMakeFiles/nmea_msgs__rosidl_typesupport_fastrtps_cpp.dir/rosidl_typesupport_fastrtps_cpp/nmea_msgs/msg/detail/dds_fastrtps/gpgsa__type_support.cpp.o] Error 1
[7.038s] gmake[2]: *** Waiting for unfinished jobs....
[7.055s] In file included from [01m[K/home/maria/ros2_coche/build/nmea_msgs/rosidl_typesupport_fastrtps_cpp/nmea_msgs/msg/detail/gpgst__rosidl_typesupport_fastrtps_cpp.hpp:11[m[K,
[7.058s]                  from [01m[K/home/maria/ros2_coche/build/nmea_msgs/rosidl_typesupport_fastrtps_cpp/nmea_msgs/msg/detail/dds_fastrtps/gpgst__type_support.cpp:4[m[K:
[7.059s] [01m[K/home/maria/ros2_coche/build/nmea_msgs/rosidl_generator_cpp/nmea_msgs/msg/detail/gpgst__struct.hpp:20:10:[m[K [01;31m[Kfatal error: [m[Knmea_msgs/msg/detail/header__struct.hpp: No such file or directory
[7.059s]    20 | #include [01;31m[K"nmea_msgs/msg/detail/header__struct.hpp"[m[K
[7.059s]       |          [01;31m[K^~~~~~~~~~~~~~~~~~~~~~~~~~~~~~~~~~~~~~~~~[m[K
[7.059s] compilation terminated.
[7.059s] In file included from [01m[K/home/maria/ros2_coche/build/nmea_msgs/rosidl_typesupport_fastrtps_cpp/nmea_msgs/msg/detail/gpgsv__rosidl_typesupport_fastrtps_cpp.hpp:11[m[K,
[7.066s]                  from [01m[K/home/maria/ros2_coche/build/nmea_msgs/rosidl_typesupport_fastrtps_cpp/nmea_msgs/msg/detail/dds_fastrtps/gpgsv__type_support.cpp:4[m[K:
[7.067s] [01m[K/home/maria/ros2_coche/build/nmea_msgs/rosidl_generator_cpp/nmea_msgs/msg/detail/gpgsv__struct.hpp:20:10:[m[K [01;31m[Kfatal error: [m[Knmea_msgs/msg/detail/header__struct.hpp: No such file or directory
[7.067s]    20 | #include [01;31m[K"nmea_msgs/msg/detail/header__struct.hpp"[m[K
[7.068s]       |          [01;31m[K^~~~~~~~~~~~~~~~~~~~~~~~~~~~~~~~~~~~~~~~~[m[K
[7.068s] compilation terminated.
[7.068s] gmake[2]: *** [CMakeFiles/nmea_msgs__rosidl_typesupport_fastrtps_cpp.dir/build.make:235: CMakeFiles/nmea_msgs__rosidl_typesupport_fastrtps_cpp.dir/rosidl_typesupport_fastrtps_cpp/nmea_msgs/msg/detail/dds_fastrtps/gpgst__type_support.cpp.o] Error 1
[7.068s] gmake[2]: *** [CMakeFiles/nmea_msgs__rosidl_typesupport_fastrtps_cpp.dir/build.make:193: CMakeFiles/nmea_msgs__rosidl_typesupport_fastrtps_cpp.dir/rosidl_typesupport_fastrtps_cpp/nmea_msgs/msg/detail/dds_fastrtps/gpgsv__type_support.cpp.o] Error 1
[7.068s] In file included from [01m[K/home/maria/ros2_coche/build/nmea_msgs/rosidl_typesupport_fastrtps_cpp/nmea_msgs/msg/detail/gprmc__rosidl_typesupport_fastrtps_cpp.hpp:11[m[K,
[7.069s]                  from [01m[K/home/maria/ros2_coche/build/nmea_msgs/rosidl_typesupport_fastrtps_cpp/nmea_msgs/msg/detail/dds_fastrtps/gprmc__type_support.cpp:4[m[K:
[7.069s] [01m[K/home/maria/ros2_coche/build/nmea_msgs/rosidl_generator_cpp/nmea_msgs/msg/detail/gprmc__struct.hpp:20:10:[m[K [01;31m[Kfatal error: [m[Knmea_msgs/msg/detail/header__struct.hpp: No such file or directory
[7.069s]    20 | #include [01;31m[K"nmea_msgs/msg/detail/header__struct.hpp"[m[K
[7.069s]       |          [01;31m[K^~~~~~~~~~~~~~~~~~~~~~~~~~~~~~~~~~~~~~~~~[m[K
[7.069s] compilation terminated.
[7.070s] gmake[2]: *** [CMakeFiles/nmea_msgs__rosidl_typesupport_fastrtps_cpp.dir/build.make:221: CMakeFiles/nmea_msgs__rosidl_typesupport_fastrtps_cpp.dir/rosidl_typesupport_fastrtps_cpp/nmea_msgs/msg/detail/dds_fastrtps/gprmc__type_support.cpp.o] Error 1
[7.070s] In file included from [01m[K/home/maria/ros2_coche/build/nmea_msgs/rosidl_typesupport_fastrtps_cpp/nmea_msgs/msg/detail/sentence__rosidl_typesupport_fastrtps_cpp.hpp:11[m[K,
[7.070s]                  from [01m[K/home/maria/ros2_coche/build/nmea_msgs/rosidl_typesupport_fastrtps_cpp/nmea_msgs/msg/detail/dds_fastrtps/sentence__type_support.cpp:4[m[K:
[7.070s] [01m[K/home/maria/ros2_coche/build/nmea_msgs/rosidl_generator_cpp/nmea_msgs/msg/detail/sentence__struct.hpp:20:10:[m[K [01;31m[Kfatal error: [m[Knmea_msgs/msg/detail/header__struct.hpp: No such file or directory
[7.070s]    20 | #include [01;31m[K"nmea_msgs/msg/detail/header__struct.hpp"[m[K
[7.071s]       |          [01;31m[K^~~~~~~~~~~~~~~~~~~~~~~~~~~~~~~~~~~~~~~~~[m[K
[7.071s] compilation terminated.
[7.071s] gmake[2]: *** [CMakeFiles/nmea_msgs__rosidl_typesupport_fastrtps_cpp.dir/build.make:249: CMakeFiles/nmea_msgs__rosidl_typesupport_fastrtps_cpp.dir/rosidl_typesupport_fastrtps_cpp/nmea_msgs/msg/detail/dds_fastrtps/sentence__type_support.cpp.o] Error 1
[7.117s] gmake[1]: *** [CMakeFiles/Makefile2:395: CMakeFiles/nmea_msgs__rosidl_typesupport_cpp.dir/all] Error 2
[7.459s] gmake[1]: *** [CMakeFiles/Makefile2:369: CMakeFiles/nmea_msgs__rosidl_typesupport_introspection_cpp.dir/all] Error 2
[7.595s] gmake[1]: *** [CMakeFiles/Makefile2:291: CMakeFiles/nmea_msgs__rosidl_typesupport_fastrtps_cpp.dir/all] Error 2
[7.595s] gmake: *** [Makefile:146: all] Error 2
[7.598s] Invoked command in '/home/maria/ros2_coche/build/nmea_msgs' returned '2': CMAKE_PREFIX_PATH=/opt/ros/humble /usr/bin/cmake --build /home/maria/ros2_coche/build/nmea_msgs -- -j12 -l12
