[0.093s] Invoking command in '/home/maria/ros2_coche/build/c4_gps': AMENT_PREFIX_PATH=/home/maria/ros2_coche/install/nmea_msgs:${AMENT_PREFIX_PATH} CMAKE_PREFIX_PATH=/opt/ros/humble:/home/maria/ros2_coche/install/nmea_msgs LD_LIBRARY_PATH=/home/maria/ros2_coche/install/nmea_msgs/lib:${LD_LIBRARY_PATH} PYTHONPATH=/home/maria/ros2_coche/install/nmea_msgs/local/lib/python3.10/dist-packages:${PYTHONPATH} /usr/bin/cmake --build /home/maria/ros2_coche/build/c4_gps -- -j12 -l12
[0.181s] [35m[1mConsolidate compiler generated dependencies of target t_gps[0m
[0.249s] [ 50%] [32mBuilding CXX object CMakeFiles/t_gps.dir/src/gps_reader.cpp.o[0m
[4.132s] [01m[K/home/maria/ros2_coche/src/c4_gps/src/gps_reader.cpp:[m[K In member function ‘[01m[Kvoid GpsReader::gpgga_callback()[m[K’:
[4.133s] [01m[K/home/maria/ros2_coche/src/c4_gps/src/gps_reader.cpp:45:12:[m[K [01;35m[Kwarning: [m[Kvariable ‘[01m[KisGPSOpen[m[K’ set but not used [[01;35m[K]8;;https://gcc.gnu.org/onlinedocs/gcc/Warning-Options.html#index-Wunused-but-set-variable-Wunused-but-set-variable]8;;[m[K]
[4.133s]    45 |       bool [01;35m[KisGPSOpen[m[K = false;
[4.133s]       |            [01;35m[K^~~~~~~~~[m[K
[7.150s] [100%] [32m[1mLinking CXX executable t_gps[0m
[7.718s] [100%] Built target t_gps
[7.747s] Invoked command in '/home/maria/ros2_coche/build/c4_gps' returned '0': AMENT_PREFIX_PATH=/home/maria/ros2_coche/install/nmea_msgs:${AMENT_PREFIX_PATH} CMAKE_PREFIX_PATH=/opt/ros/humble:/home/maria/ros2_coche/install/nmea_msgs LD_LIBRARY_PATH=/home/maria/ros2_coche/install/nmea_msgs/lib:${LD_LIBRARY_PATH} PYTHONPATH=/home/maria/ros2_coche/install/nmea_msgs/local/lib/python3.10/dist-packages:${PYTHONPATH} /usr/bin/cmake --build /home/maria/ros2_coche/build/c4_gps -- -j12 -l12
[7.851s] Invoking command in '/home/maria/ros2_coche/build/c4_gps': AMENT_PREFIX_PATH=/home/maria/ros2_coche/install/nmea_msgs:${AMENT_PREFIX_PATH} CMAKE_PREFIX_PATH=/opt/ros/humble:/home/maria/ros2_coche/install/nmea_msgs LD_LIBRARY_PATH=/home/maria/ros2_coche/install/nmea_msgs/lib:${LD_LIBRARY_PATH} PYTHONPATH=/home/maria/ros2_coche/install/nmea_msgs/local/lib/python3.10/dist-packages:${PYTHONPATH} /usr/bin/cmake --install /home/maria/ros2_coche/build/c4_gps
[7.873s] -- Install configuration: ""
[7.874s] -- Installing: /home/maria/ros2_coche/install/c4_gps/lib/c4_gps/t_gps
[7.880s] -- Set runtime path of "/home/maria/ros2_coche/install/c4_gps/lib/c4_gps/t_gps" to ""
[7.881s] -- Installing: /home/maria/ros2_coche/install/c4_gps/share/ament_index/resource_index/package_run_dependencies/c4_gps
[7.882s] -- Installing: /home/maria/ros2_coche/install/c4_gps/share/ament_index/resource_index/parent_prefix_path/c4_gps
[7.883s] -- Installing: /home/maria/ros2_coche/install/c4_gps/share/c4_gps/environment/ament_prefix_path.sh
[7.883s] -- Installing: /home/maria/ros2_coche/install/c4_gps/share/c4_gps/environment/ament_prefix_path.dsv
[7.884s] -- Installing: /home/maria/ros2_coche/install/c4_gps/share/c4_gps/environment/path.sh
[7.884s] -- Installing: /home/maria/ros2_coche/install/c4_gps/share/c4_gps/environment/path.dsv
[7.885s] -- Installing: /home/maria/ros2_coche/install/c4_gps/share/c4_gps/local_setup.bash
[7.886s] -- Installing: /home/maria/ros2_coche/install/c4_gps/share/c4_gps/local_setup.sh
[7.887s] -- Installing: /home/maria/ros2_coche/install/c4_gps/share/c4_gps/local_setup.zsh
[7.888s] -- Installing: /home/maria/ros2_coche/install/c4_gps/share/c4_gps/local_setup.dsv
[7.888s] -- Installing: /home/maria/ros2_coche/install/c4_gps/share/c4_gps/package.dsv
[7.889s] -- Installing: /home/maria/ros2_coche/install/c4_gps/share/ament_index/resource_index/packages/c4_gps
[7.890s] -- Installing: /home/maria/ros2_coche/install/c4_gps/share/c4_gps/cmake/c4_gpsConfig.cmake
[7.890s] -- Installing: /home/maria/ros2_coche/install/c4_gps/share/c4_gps/cmake/c4_gpsConfig-version.cmake
[7.891s] -- Installing: /home/maria/ros2_coche/install/c4_gps/share/c4_gps/package.xml
[7.897s] Invoked command in '/home/maria/ros2_coche/build/c4_gps' returned '0': AMENT_PREFIX_PATH=/home/maria/ros2_coche/install/nmea_msgs:${AMENT_PREFIX_PATH} CMAKE_PREFIX_PATH=/opt/ros/humble:/home/maria/ros2_coche/install/nmea_msgs LD_LIBRARY_PATH=/home/maria/ros2_coche/install/nmea_msgs/lib:${LD_LIBRARY_PATH} PYTHONPATH=/home/maria/ros2_coche/install/nmea_msgs/local/lib/python3.10/dist-packages:${PYTHONPATH} /usr/bin/cmake --install /home/maria/ros2_coche/build/c4_gps
