[0.026s] Invoking command in '/home/maria/ros2_coche/build/c4_gps': CMAKE_PREFIX_PATH=/opt/ros/humble /usr/bin/cmake /home/maria/ros2_coche/src/c4_gps -DCMAKE_INSTALL_PREFIX=/home/maria/ros2_coche/install/c4_gps
[0.288s] -- The C compiler identification is GNU 11.3.0
[0.555s] -- The CXX compiler identification is GNU 11.3.0
[0.588s] -- Detecting C compiler ABI info
[0.836s] -- Detecting C compiler ABI info - done
[0.868s] -- Check for working C compiler: /usr/bin/cc - skipped
[0.870s] -- Detecting C compile features
[0.872s] -- Detecting C compile features - done
[0.884s] -- Detecting CXX compiler ABI info
[1.178s] -- Detecting CXX compiler ABI info - done
[1.220s] -- Check for working CXX compiler: /usr/bin/c++ - skipped
[1.221s] -- Detecting CXX compile features
[1.224s] -- Detecting CXX compile features - done
[1.238s] -- Found ament_cmake: 1.3.3 (/opt/ros/humble/share/ament_cmake/cmake)
[1.851s] -- Found Python3: /usr/bin/python3.10 (found version "3.10.6") found components: Interpreter 
[2.173s] -- Found rclcpp: 16.0.3 (/opt/ros/humble/share/rclcpp/cmake)
[2.330s] -- Found rosidl_generator_c: 3.1.4 (/opt/ros/humble/share/rosidl_generator_c/cmake)
[2.350s] -- Found rosidl_adapter: 3.1.4 (/opt/ros/humble/share/rosidl_adapter/cmake)
[2.380s] -- Found rosidl_generator_cpp: 3.1.4 (/opt/ros/humble/share/rosidl_generator_cpp/cmake)
[2.435s] -- Using all available rosidl_typesupport_c: rosidl_typesupport_fastrtps_c;rosidl_typesupport_introspection_c
[2.508s] -- Using all available rosidl_typesupport_cpp: rosidl_typesupport_fastrtps_cpp;rosidl_typesupport_introspection_cpp
[2.736s] -- Found rmw_implementation_cmake: 6.1.1 (/opt/ros/humble/share/rmw_implementation_cmake/cmake)
[2.741s] -- Found rmw_fastrtps_cpp: 6.2.2 (/opt/ros/humble/share/rmw_fastrtps_cpp/cmake)
[2.953s] -- Found OpenSSL: /usr/lib/x86_64-linux-gnu/libcrypto.so (found version "3.0.2")  
[3.051s] -- Found FastRTPS: /opt/ros/humble/include  
[3.205s] -- Using RMW implementation 'rmw_fastrtps_cpp' as default
[3.240s] -- Looking for pthread.h
[3.465s] -- Looking for pthread.h - found
[3.467s] -- Performing Test CMAKE_HAVE_LIBC_PTHREAD
[3.719s] -- Performing Test CMAKE_HAVE_LIBC_PTHREAD - Success
[3.725s] -- Found Threads: TRUE  
[4.149s] -- Found ament_lint_auto: 0.12.5 (/opt/ros/humble/share/ament_lint_auto/cmake)
[4.283s] -- Added test 'cppcheck' to perform static code analysis on C / C++ code
[4.283s] -- Configured cppcheck include dirs: 
[4.284s] -- Configured cppcheck exclude dirs and/or files: 
[4.285s] -- Added test 'lint_cmake' to check CMake code style
[4.286s] -- Added test 'uncrustify' to check C / C++ code style
[4.287s] -- Configured uncrustify additional arguments: 
[4.287s] -- Added test 'xmllint' to check XML markup files
[4.290s] -- Configuring done
[4.305s] -- Generating done
[4.309s] -- Build files have been written to: /home/maria/ros2_coche/build/c4_gps
[4.324s] Invoked command in '/home/maria/ros2_coche/build/c4_gps' returned '0': CMAKE_PREFIX_PATH=/opt/ros/humble /usr/bin/cmake /home/maria/ros2_coche/src/c4_gps -DCMAKE_INSTALL_PREFIX=/home/maria/ros2_coche/install/c4_gps
[4.329s] Invoking command in '/home/maria/ros2_coche/build/c4_gps': CMAKE_PREFIX_PATH=/opt/ros/humble /usr/bin/cmake --build /home/maria/ros2_coche/build/c4_gps -- -j12 -l12
[4.387s] [35m[1mConsolidate compiler generated dependencies of target talker[0m
[4.423s] [ 50%] [32mBuilding CXX object CMakeFiles/talker.dir/src/gps_publisher.cpp.o[0m
[8.689s] [01m[K/home/maria/ros2_coche/src/c4_gps/src/gps_publisher.cpp:[m[K In member function ‘[01m[Kvoid TrimbleGps::timer_callback()[m[K’:
[8.689s] [01m[K/home/maria/ros2_coche/src/c4_gps/src/gps_publisher.cpp:48:10:[m[K [01;35m[Kwarning: [m[Kvariable ‘[01m[KisGPSOpen[m[K’ set but not used [[01;35m[K]8;;https://gcc.gnu.org/onlinedocs/gcc/Warning-Options.html#index-Wunused-but-set-variable-Wunused-but-set-variable]8;;[m[K]
[8.689s]    48 |     bool [01;35m[KisGPSOpen[m[K = false;
[8.689s]       |          [01;35m[K^~~~~~~~~[m[K
[12.705s] [100%] [32m[1mLinking CXX executable talker[0m
[13.282s] [100%] Built target talker
[13.300s] Invoked command in '/home/maria/ros2_coche/build/c4_gps' returned '0': CMAKE_PREFIX_PATH=/opt/ros/humble /usr/bin/cmake --build /home/maria/ros2_coche/build/c4_gps -- -j12 -l12
[13.410s] Invoking command in '/home/maria/ros2_coche/build/c4_gps': CMAKE_PREFIX_PATH=/opt/ros/humble /usr/bin/cmake --install /home/maria/ros2_coche/build/c4_gps
[13.432s] -- Install configuration: ""
[13.434s] -- Installing: /home/maria/ros2_coche/install/c4_gps/lib/c4_gps/talker
[13.440s] -- Set runtime path of "/home/maria/ros2_coche/install/c4_gps/lib/c4_gps/talker" to ""
[13.441s] -- Up-to-date: /home/maria/ros2_coche/install/c4_gps/share/ament_index/resource_index/package_run_dependencies/c4_gps
[13.442s] -- Up-to-date: /home/maria/ros2_coche/install/c4_gps/share/ament_index/resource_index/parent_prefix_path/c4_gps
[13.442s] -- Up-to-date: /home/maria/ros2_coche/install/c4_gps/share/c4_gps/environment/ament_prefix_path.sh
[13.443s] -- Installing: /home/maria/ros2_coche/install/c4_gps/share/c4_gps/environment/ament_prefix_path.dsv
[13.444s] -- Up-to-date: /home/maria/ros2_coche/install/c4_gps/share/c4_gps/environment/path.sh
[13.445s] -- Installing: /home/maria/ros2_coche/install/c4_gps/share/c4_gps/environment/path.dsv
[13.445s] -- Up-to-date: /home/maria/ros2_coche/install/c4_gps/share/c4_gps/local_setup.bash
[13.446s] -- Up-to-date: /home/maria/ros2_coche/install/c4_gps/share/c4_gps/local_setup.sh
[13.446s] -- Up-to-date: /home/maria/ros2_coche/install/c4_gps/share/c4_gps/local_setup.zsh
[13.447s] -- Installing: /home/maria/ros2_coche/install/c4_gps/share/c4_gps/local_setup.dsv
[13.447s] -- Installing: /home/maria/ros2_coche/install/c4_gps/share/c4_gps/package.dsv
[13.448s] -- Up-to-date: /home/maria/ros2_coche/install/c4_gps/share/ament_index/resource_index/packages/c4_gps
[13.448s] -- Up-to-date: /home/maria/ros2_coche/install/c4_gps/share/c4_gps/cmake/c4_gpsConfig.cmake
[13.449s] -- Up-to-date: /home/maria/ros2_coche/install/c4_gps/share/c4_gps/cmake/c4_gpsConfig-version.cmake
[13.450s] -- Up-to-date: /home/maria/ros2_coche/install/c4_gps/share/c4_gps/package.xml
[13.454s] Invoked command in '/home/maria/ros2_coche/build/c4_gps' returned '0': CMAKE_PREFIX_PATH=/opt/ros/humble /usr/bin/cmake --install /home/maria/ros2_coche/build/c4_gps
